<?xml version="1.0" encoding="UTF-8"?>
<testsuite xmlns:xsi="http://www.w3.org/2001/XMLSchema-instance" xsi:noNamespaceSchemaLocation="https://maven.apache.org/surefire/maven-surefire-plugin/xsd/surefire-test-report-3.0.xsd" version="3.0" name="runners.TestRunner" time="19.57" tests="21" errors="0" skipped="0" failures="0">
  <properties>
    <property name="java.specification.version" value="21"/>
    <property name="sun.cpu.isalist" value="amd64"/>
    <property name="sun.jnu.encoding" value="Cp1252"/>
    <property name="java.class.path" value="C:\Users\calln\Downloads\social-network-test-main\social-network-test-main\target\test-classes;C:\Users\calln\Downloads\social-network-test-main\social-network-test-main\target\classes;C:\Users\calln\.m2\repository\io\cucumber\cucumber-java\6.10.4\cucumber-java-6.10.4.jar;C:\Users\calln\.m2\repository\io\cucumber\cucumber-core\6.10.4\cucumber-core-6.10.4.jar;C:\Users\calln\.m2\repository\io\cucumber\cucumber-gherkin\6.10.4\cucumber-gherkin-6.10.4.jar;C:\Users\calln\.m2\repository\io\cucumber\cucumber-gherkin-messages\6.10.4\cucumber-gherkin-messages-6.10.4.jar;C:\Users\calln\.m2\repository\io\cucumber\messages\15.0.0\messages-15.0.0.jar;C:\Users\calln\.m2\repository\io\cucumber\tag-expressions\3.0.1\tag-expressions-3.0.1.jar;C:\Users\calln\.m2\repository\io\cucumber\cucumber-expressions\10.3.0\cucumber-expressions-10.3.0.jar;C:\Users\calln\.m2\repository\io\cucumber\datatable\3.5.0\datatable-3.5.0.jar;C:\Users\calln\.m2\repository\io\cucumber\cucumber-plugin\6.10.4\cucumber-plugin-6.10.4.jar;C:\Users\calln\.m2\repository\io\cucumber\docstring\6.10.4\docstring-6.10.4.jar;C:\Users\calln\.m2\repository\io\cucumber\html-formatter\13.0.0\html-formatter-13.0.0.jar;C:\Users\calln\.m2\repository\io\cucumber\create-meta\4.0.0\create-meta-4.0.0.jar;C:\Users\calln\.m2\repository\org\apiguardian\apiguardian-api\1.1.1\apiguardian-api-1.1.1.jar;C:\Users\calln\.m2\repository\io\cucumber\cucumber-junit\6.10.4\cucumber-junit-6.10.4.jar;C:\Users\calln\.m2\repository\junit\junit\4.13.2\junit-4.13.2.jar;C:\Users\calln\.m2\repository\org\hamcrest\hamcrest-core\1.3\hamcrest-core-1.3.jar;C:\Users\calln\.m2\repository\io\rest-assured\rest-assured\5.4.0\rest-assured-5.4.0.jar;C:\Users\calln\.m2\repository\org\apache\groovy\groovy\4.0.16\groovy-4.0.16.jar;C:\Users\calln\.m2\repository\org\apache\groovy\groovy-xml\4.0.16\groovy-xml-4.0.16.jar;C:\Users\calln\.m2\repository\org\apache\httpcomponents\httpclient\4.5.13\httpclient-4.5.13.jar;C:\Users\calln\.m2\repository\org\apache\httpcomponents\httpcore\4.4.13\httpcore-4.4.13.jar;C:\Users\calln\.m2\repository\commons-logging\commons-logging\1.2\commons-logging-1.2.jar;C:\Users\calln\.m2\repository\commons-codec\commons-codec\1.11\commons-codec-1.11.jar;C:\Users\calln\.m2\repository\org\apache\httpcomponents\httpmime\4.5.13\httpmime-4.5.13.jar;C:\Users\calln\.m2\repository\org\hamcrest\hamcrest\2.2\hamcrest-2.2.jar;C:\Users\calln\.m2\repository\org\ccil\cowan\tagsoup\tagsoup\1.2.1\tagsoup-1.2.1.jar;C:\Users\calln\.m2\repository\io\rest-assured\json-path\5.4.0\json-path-5.4.0.jar;C:\Users\calln\.m2\repository\org\apache\groovy\groovy-json\4.0.16\groovy-json-4.0.16.jar;C:\Users\calln\.m2\repository\io\rest-assured\rest-assured-common\5.4.0\rest-assured-common-5.4.0.jar;C:\Users\calln\.m2\repository\io\rest-assured\xml-path\5.4.0\xml-path-5.4.0.jar;C:\Users\calln\.m2\repository\net\masterthought\cucumber-reporting\5.8.0\cucumber-reporting-5.8.0.jar;C:\Users\calln\.m2\repository\com\fasterxml\jackson\core\jackson-databind\2.16.1\jackson-databind-2.16.1.jar;C:\Users\calln\.m2\repository\com\fasterxml\jackson\core\jackson-annotations\2.16.1\jackson-annotations-2.16.1.jar;C:\Users\calln\.m2\repository\com\fasterxml\jackson\core\jackson-core\2.16.1\jackson-core-2.16.1.jar;C:\Users\calln\.m2\repository\com\fasterxml\jackson\datatype\jackson-datatype-jsr310\2.16.1\jackson-datatype-jsr310-2.16.1.jar;C:\Users\calln\.m2\repository\org\apache\velocity\velocity-engine-core\2.3\velocity-engine-core-2.3.jar;C:\Users\calln\.m2\repository\joda-time\joda-time\2.12.6\joda-time-2.12.6.jar;C:\Users\calln\.m2\repository\org\apache\commons\commons-configuration2\2.9.0\commons-configuration2-2.9.0.jar;C:\Users\calln\.m2\repository\org\apache\commons\commons-lang3\3.14.0\commons-lang3-3.14.0.jar;C:\Users\calln\.m2\repository\commons-io\commons-io\2.15.1\commons-io-2.15.1.jar;C:\Users\calln\.m2\repository\org\apache\commons\commons-text\1.11.0\commons-text-1.11.0.jar;C:\Users\calln\.m2\repository\org\jsoup\jsoup\1.17.2\jsoup-1.17.2.jar;C:\Users\calln\.m2\repository\com\googlecode\owasp-java-html-sanitizer\owasp-java-html-sanitizer\20220608.1\owasp-java-html-sanitizer-20220608.1.jar;C:\Users\calln\.m2\repository\com\google\guava\guava\33.0.0-jre\guava-33.0.0-jre.jar;C:\Users\calln\.m2\repository\com\google\guava\failureaccess\1.0.2\failureaccess-1.0.2.jar;C:\Users\calln\.m2\repository\com\google\guava\listenablefuture\9999.0-empty-to-avoid-conflict-with-guava\listenablefuture-9999.0-empty-to-avoid-conflict-with-guava.jar;C:\Users\calln\.m2\repository\com\google\code\findbugs\jsr305\3.0.2\jsr305-3.0.2.jar;C:\Users\calln\.m2\repository\org\checkerframework\checker-qual\3.41.0\checker-qual-3.41.0.jar;C:\Users\calln\.m2\repository\com\google\errorprone\error_prone_annotations\2.23.0\error_prone_annotations-2.23.0.jar;C:\Users\calln\.m2\repository\com\google\j2objc\j2objc-annotations\2.8\j2objc-annotations-2.8.jar;C:\Users\calln\.m2\repository\org\slf4j\jcl-over-slf4j\2.0.11\jcl-over-slf4j-2.0.11.jar;C:\Users\calln\.m2\repository\com\google\code\gson\gson\2.10.1\gson-2.10.1.jar;C:\Users\calln\.m2\repository\org\slf4j\slf4j-api\2.0.13\slf4j-api-2.0.13.jar;C:\Users\calln\.m2\repository\ch\qos\logback\logback-classic\1.5.3\logback-classic-1.5.3.jar;C:\Users\calln\.m2\repository\ch\qos\logback\logback-core\1.5.3\logback-core-1.5.3.jar;C:\Users\calln\.m2\repository\org\projectlombok\lombok\1.18.32\lombok-1.18.32.jar;C:\Users\calln\.m2\repository\com\vimalselvam\cucumber-extentsreport\3.1.1\cucumber-extentsreport-3.1.1.jar;C:\Users\calln\.m2\repository\io\cucumber\cucumber-picocontainer\7.16.1\cucumber-picocontainer-7.16.1.jar;C:\Users\calln\.m2\repository\org\picocontainer\picocontainer\2.15\picocontainer-2.15.jar;"/>
    <property name="java.vm.vendor" value="Oracle Corporation"/>
    <property name="sun.arch.data.model" value="64"/>
    <property name="user.variant" value=""/>
    <property name="java.vendor.url" value="https://java.oracle.com/"/>
    <property name="user.timezone" value="Asia/Calcutta"/>
    <property name="os.name" value="Windows 11"/>
    <property name="java.vm.specification.version" value="21"/>
    <property name="sun.java.launcher" value="SUN_STANDARD"/>
    <property name="user.country" value="US"/>
    <property name="sun.boot.library.path" value="C:\Program Files\Java\jdk-21\bin"/>
    <property name="sun.java.command" value="C:\Users\calln\AppData\Local\Temp\surefire10178263019167817159\surefirebooter-20240425190835079_3.jar C:\Users\calln\AppData\Local\Temp\surefire10178263019167817159 2024-04-25T19-08-34_175-jvmRun1 surefire-20240425190835079_1tmp surefire_0-20240425190835079_2tmp"/>
    <property name="jdk.debug" value="release"/>
    <property name="surefire.test.class.path" value="C:\Users\calln\Downloads\social-network-test-main\social-network-test-main\target\test-classes;C:\Users\calln\Downloads\social-network-test-main\social-network-test-main\target\classes;C:\Users\calln\.m2\repository\io\cucumber\cucumber-java\6.10.4\cucumber-java-6.10.4.jar;C:\Users\calln\.m2\repository\io\cucumber\cucumber-core\6.10.4\cucumber-core-6.10.4.jar;C:\Users\calln\.m2\repository\io\cucumber\cucumber-gherkin\6.10.4\cucumber-gherkin-6.10.4.jar;C:\Users\calln\.m2\repository\io\cucumber\cucumber-gherkin-messages\6.10.4\cucumber-gherkin-messages-6.10.4.jar;C:\Users\calln\.m2\repository\io\cucumber\messages\15.0.0\messages-15.0.0.jar;C:\Users\calln\.m2\repository\io\cucumber\tag-expressions\3.0.1\tag-expressions-3.0.1.jar;C:\Users\calln\.m2\repository\io\cucumber\cucumber-expressions\10.3.0\cucumber-expressions-10.3.0.jar;C:\Users\calln\.m2\repository\io\cucumber\datatable\3.5.0\datatable-3.5.0.jar;C:\Users\calln\.m2\repository\io\cucumber\cucumber-plugin\6.10.4\cucumber-plugin-6.10.4.jar;C:\Users\calln\.m2\repository\io\cucumber\docstring\6.10.4\docstring-6.10.4.jar;C:\Users\calln\.m2\repository\io\cucumber\html-formatter\13.0.0\html-formatter-13.0.0.jar;C:\Users\calln\.m2\repository\io\cucumber\create-meta\4.0.0\create-meta-4.0.0.jar;C:\Users\calln\.m2\repository\org\apiguardian\apiguardian-api\1.1.1\apiguardian-api-1.1.1.jar;C:\Users\calln\.m2\repository\io\cucumber\cucumber-junit\6.10.4\cucumber-junit-6.10.4.jar;C:\Users\calln\.m2\repository\junit\junit\4.13.2\junit-4.13.2.jar;C:\Users\calln\.m2\repository\org\hamcrest\hamcrest-core\1.3\hamcrest-core-1.3.jar;C:\Users\calln\.m2\repository\io\rest-assured\rest-assured\5.4.0\rest-assured-5.4.0.jar;C:\Users\calln\.m2\repository\org\apache\groovy\groovy\4.0.16\groovy-4.0.16.jar;C:\Users\calln\.m2\repository\org\apache\groovy\groovy-xml\4.0.16\groovy-xml-4.0.16.jar;C:\Users\calln\.m2\repository\org\apache\httpcomponents\httpclient\4.5.13\httpclient-4.5.13.jar;C:\Users\calln\.m2\repository\org\apache\httpcomponents\httpcore\4.4.13\httpcore-4.4.13.jar;C:\Users\calln\.m2\repository\commons-logging\commons-logging\1.2\commons-logging-1.2.jar;C:\Users\calln\.m2\repository\commons-codec\commons-codec\1.11\commons-codec-1.11.jar;C:\Users\calln\.m2\repository\org\apache\httpcomponents\httpmime\4.5.13\httpmime-4.5.13.jar;C:\Users\calln\.m2\repository\org\hamcrest\hamcrest\2.2\hamcrest-2.2.jar;C:\Users\calln\.m2\repository\org\ccil\cowan\tagsoup\tagsoup\1.2.1\tagsoup-1.2.1.jar;C:\Users\calln\.m2\repository\io\rest-assured\json-path\5.4.0\json-path-5.4.0.jar;C:\Users\calln\.m2\repository\org\apache\groovy\groovy-json\4.0.16\groovy-json-4.0.16.jar;C:\Users\calln\.m2\repository\io\rest-assured\rest-assured-common\5.4.0\rest-assured-common-5.4.0.jar;C:\Users\calln\.m2\repository\io\rest-assured\xml-path\5.4.0\xml-path-5.4.0.jar;C:\Users\calln\.m2\repository\net\masterthought\cucumber-reporting\5.8.0\cucumber-reporting-5.8.0.jar;C:\Users\calln\.m2\repository\com\fasterxml\jackson\core\jackson-databind\2.16.1\jackson-databind-2.16.1.jar;C:\Users\calln\.m2\repository\com\fasterxml\jackson\core\jackson-annotations\2.16.1\jackson-annotations-2.16.1.jar;C:\Users\calln\.m2\repository\com\fasterxml\jackson\core\jackson-core\2.16.1\jackson-core-2.16.1.jar;C:\Users\calln\.m2\repository\com\fasterxml\jackson\datatype\jackson-datatype-jsr310\2.16.1\jackson-datatype-jsr310-2.16.1.jar;C:\Users\calln\.m2\repository\org\apache\velocity\velocity-engine-core\2.3\velocity-engine-core-2.3.jar;C:\Users\calln\.m2\repository\joda-time\joda-time\2.12.6\joda-time-2.12.6.jar;C:\Users\calln\.m2\repository\org\apache\commons\commons-configuration2\2.9.0\commons-configuration2-2.9.0.jar;C:\Users\calln\.m2\repository\org\apache\commons\commons-lang3\3.14.0\commons-lang3-3.14.0.jar;C:\Users\calln\.m2\repository\commons-io\commons-io\2.15.1\commons-io-2.15.1.jar;C:\Users\calln\.m2\repository\org\apache\commons\commons-text\1.11.0\commons-text-1.11.0.jar;C:\Users\calln\.m2\repository\org\jsoup\jsoup\1.17.2\jsoup-1.17.2.jar;C:\Users\calln\.m2\repository\com\googlecode\owasp-java-html-sanitizer\owasp-java-html-sanitizer\20220608.1\owasp-java-html-sanitizer-20220608.1.jar;C:\Users\calln\.m2\repository\com\google\guava\guava\33.0.0-jre\guava-33.0.0-jre.jar;C:\Users\calln\.m2\repository\com\google\guava\failureaccess\1.0.2\failureaccess-1.0.2.jar;C:\Users\calln\.m2\repository\com\google\guava\listenablefuture\9999.0-empty-to-avoid-conflict-with-guava\listenablefuture-9999.0-empty-to-avoid-conflict-with-guava.jar;C:\Users\calln\.m2\repository\com\google\code\findbugs\jsr305\3.0.2\jsr305-3.0.2.jar;C:\Users\calln\.m2\repository\org\checkerframework\checker-qual\3.41.0\checker-qual-3.41.0.jar;C:\Users\calln\.m2\repository\com\google\errorprone\error_prone_annotations\2.23.0\error_prone_annotations-2.23.0.jar;C:\Users\calln\.m2\repository\com\google\j2objc\j2objc-annotations\2.8\j2objc-annotations-2.8.jar;C:\Users\calln\.m2\repository\org\slf4j\jcl-over-slf4j\2.0.11\jcl-over-slf4j-2.0.11.jar;C:\Users\calln\.m2\repository\com\google\code\gson\gson\2.10.1\gson-2.10.1.jar;C:\Users\calln\.m2\repository\org\slf4j\slf4j-api\2.0.13\slf4j-api-2.0.13.jar;C:\Users\calln\.m2\repository\ch\qos\logback\logback-classic\1.5.3\logback-classic-1.5.3.jar;C:\Users\calln\.m2\repository\ch\qos\logback\logback-core\1.5.3\logback-core-1.5.3.jar;C:\Users\calln\.m2\repository\org\projectlombok\lombok\1.18.32\lombok-1.18.32.jar;C:\Users\calln\.m2\repository\com\vimalselvam\cucumber-extentsreport\3.1.1\cucumber-extentsreport-3.1.1.jar;C:\Users\calln\.m2\repository\io\cucumber\cucumber-picocontainer\7.16.1\cucumber-picocontainer-7.16.1.jar;C:\Users\calln\.m2\repository\org\picocontainer\picocontainer\2.15\picocontainer-2.15.jar;"/>
    <property name="sun.cpu.endian" value="little"/>
    <property name="user.home" value="C:\Users\calln"/>
    <property name="user.language" value="en"/>
    <property name="java.specification.vendor" value="Oracle Corporation"/>
    <property name="java.version.date" value="2023-10-17"/>
    <property name="java.home" value="C:\Program Files\Java\jdk-21"/>
    <property name="file.separator" value="\"/>
    <property name="basedir" value="C:\Users\calln\Downloads\social-network-test-main\social-network-test-main"/>
    <property name="java.vm.compressedOopsMode" value="Zero based"/>
    <property name="line.separator" value="&#10;"/>
    <property name="java.vm.specification.vendor" value="Oracle Corporation"/>
    <property name="java.specification.name" value="Java Platform API Specification"/>
    <property name="surefire.real.class.path" value="C:\Users\calln\AppData\Local\Temp\surefire10178263019167817159\surefirebooter-20240425190835079_3.jar"/>
    <property name="user.script" value=""/>
    <property name="sun.management.compiler" value="HotSpot 64-Bit Tiered Compilers"/>
    <property name="java.runtime.version" value="21.0.1+12-LTS-29"/>
    <property name="user.name" value="calln"/>
    <property name="stdout.encoding" value="Cp1252"/>
    <property name="path.separator" value=";"/>
    <property name="os.version" value="10.0"/>
    <property name="java.runtime.name" value="Java(TM) SE Runtime Environment"/>
    <property name="file.encoding" value="UTF-8"/>
    <property name="java.vm.name" value="Java HotSpot(TM) 64-Bit Server VM"/>
    <property name="localRepository" value="C:\Users\calln\.m2\repository"/>
    <property name="java.vendor.url.bug" value="https://bugreport.java.com/bugreport/"/>
    <property name="java.io.tmpdir" value="C:\Users\calln\AppData\Local\Temp\"/>
    <property name="java.version" value="21.0.1"/>
    <property name="user.dir" value="C:\Users\calln\Downloads\social-network-test-main\social-network-test-main"/>
    <property name="os.arch" value="amd64"/>
    <property name="java.vm.specification.name" value="Java Virtual Machine Specification"/>
    <property name="sun.os.patch.level" value=""/>
    <property name="native.encoding" value="Cp1252"/>
    <property name="java.library.path" value="C:\Program Files\Java\jdk-21\bin;C:\Windows\Sun\Java\bin;C:\Windows\system32;C:\Windows;C:\Program Files\Common Files\Oracle\Java\javapath;C:\Windows\system32;C:\Windows;C:\Windows\System32\Wbem;C:\Windows\System32\WindowsPowerShell\v1.0\;C:\Windows\System32\OpenSSH\;C:\Program Files\Microsoft VS Code\bin;C:\Program Files\Git\cmd;C:\Users\calln\AppData\Local\Microsoft\WindowsApps;D:\Software\apache-maven-3.9.6-bin\apache-maven-3.9.6\bin;C:\Program Files\Java\jdk-21\bin;;."/>
    <property name="java.vm.info" value="mixed mode, sharing"/>
    <property name="stderr.encoding" value="Cp1252"/>
    <property name="java.vendor" value="Oracle Corporation"/>
    <property name="java.vm.version" value="21.0.1+12-LTS-29"/>
    <property name="sun.io.unicode.encoding" value="UnicodeLittle"/>
    <property name="java.class.version" value="65.0"/>
  </properties>
  <testcase name="User creates a post (happy path) #1" classname="Social Network - Posts and Comments" time="2.306">
    <system-out><![CDATA[
@RegressionTest
Scenario Outline: User creates a post (happy path)                                                   # src/test/resources/features/social-network-test.feature:14
2024-04-25 19:08:36 [main] INFO  stepDefinitions.utils.TestContext - TestContext initialized with base URL: http://jsonplaceholder.typicode.com
  Given a user is registered on the social network                                                   # stepDefinitions.posts.PostSteps.aUserIsRegisteredOnTheSocialNetwork()
2024-04-25 19:08:36 [main] DEBUG utils.HttpClient - Making POST request to /posts with body {"id":0,"userId":1,"title":"Test Title","body":"Test Body","comments":[]}
2024-04-25 19:08:37 [main] DEBUG o.a.h.i.c.BasicClientConnectionManager - Get connection for route {}->http://jsonplaceholder.typicode.com:80
2024-04-25 19:08:37 [main] DEBUG o.a.h.i.c.DefaultClientConnectionOperator - Connecting to jsonplaceholder.typicode.com:80
2024-04-25 19:08:37 [main] DEBUG o.a.h.c.protocol.RequestAddCookies - CookieSpec selected: ignoreCookies
2024-04-25 19:08:37 [main] DEBUG o.a.h.c.protocol.RequestAuthCache - Auth cache not set in the context
2024-04-25 19:08:37 [main] DEBUG o.a.h.c.p.RequestTargetAuthentication - Target auth state: UNCHALLENGED
2024-04-25 19:08:37 [main] DEBUG o.a.h.c.p.RequestProxyAuthentication - Proxy auth state: UNCHALLENGED
2024-04-25 19:08:37 [main] DEBUG o.a.h.impl.client.DefaultHttpClient - Attempt 1 to execute request
2024-04-25 19:08:37 [main] DEBUG o.a.h.i.conn.DefaultClientConnection - Sending request: POST /posts HTTP/1.1
2024-04-25 19:08:37 [main] DEBUG org.apache.http.wire -  >> "POST /posts HTTP/1.1[\r][\n]"
2024-04-25 19:08:37 [main] DEBUG org.apache.http.wire -  >> "Accept: */*[\r][\n]"
2024-04-25 19:08:37 [main] DEBUG org.apache.http.wire -  >> "Content-Type: application/json[\r][\n]"
2024-04-25 19:08:37 [main] DEBUG org.apache.http.wire -  >> "Content-Length: 73[\r][\n]"
2024-04-25 19:08:37 [main] DEBUG org.apache.http.wire -  >> "Host: jsonplaceholder.typicode.com[\r][\n]"
2024-04-25 19:08:37 [main] DEBUG org.apache.http.wire -  >> "Connection: Keep-Alive[\r][\n]"
2024-04-25 19:08:37 [main] DEBUG org.apache.http.wire -  >> "User-Agent: Apache-HttpClient/4.5.13 (Java/21.0.1)[\r][\n]"
2024-04-25 19:08:37 [main] DEBUG org.apache.http.wire -  >> "Accept-Encoding: gzip,deflate[\r][\n]"
2024-04-25 19:08:37 [main] DEBUG org.apache.http.wire -  >> "[\r][\n]"
2024-04-25 19:08:37 [main] DEBUG org.apache.http.headers - >> POST /posts HTTP/1.1
2024-04-25 19:08:37 [main] DEBUG org.apache.http.headers - >> Accept: */*
2024-04-25 19:08:37 [main] DEBUG org.apache.http.headers - >> Content-Type: application/json
2024-04-25 19:08:37 [main] DEBUG org.apache.http.headers - >> Content-Length: 73
2024-04-25 19:08:37 [main] DEBUG org.apache.http.headers - >> Host: jsonplaceholder.typicode.com
2024-04-25 19:08:37 [main] DEBUG org.apache.http.headers - >> Connection: Keep-Alive
2024-04-25 19:08:37 [main] DEBUG org.apache.http.headers - >> User-Agent: Apache-HttpClient/4.5.13 (Java/21.0.1)
2024-04-25 19:08:37 [main] DEBUG org.apache.http.headers - >> Accept-Encoding: gzip,deflate
2024-04-25 19:08:37 [main] DEBUG org.apache.http.wire -  >> "{"id":0,"userId":1,"title":"Test Title","body":"Test Body","comments":[]}"
2024-04-25 19:08:37 [main] DEBUG org.apache.http.wire -  << "HTTP/1.1 201 Created[\r][\n]"
2024-04-25 19:08:37 [main] DEBUG org.apache.http.wire -  << "Date: Thu, 25 Apr 2024 13:38:37 GMT[\r][\n]"
2024-04-25 19:08:37 [main] DEBUG org.apache.http.wire -  << "Content-Type: application/json; charset=utf-8[\r][\n]"
2024-04-25 19:08:37 [main] DEBUG org.apache.http.wire -  << "Content-Length: 96[\r][\n]"
2024-04-25 19:08:37 [main] DEBUG org.apache.http.wire -  << "Connection: keep-alive[\r][\n]"
2024-04-25 19:08:37 [main] DEBUG org.apache.http.wire -  << "Report-To: {"group":"heroku-nel","max_age":3600,"endpoints":[{"url":"https://nel.heroku.com/reports?ts=1714052317&sid=e11707d5-02a7-43ef-b45e-2cf4d2036f7d&s=YQbkaSFrF5maYstiQKysWznBKCNGEjQdAKnoH5Sxmas%3D"}]}[\r][\n]"
2024-04-25 19:08:37 [main] DEBUG org.apache.http.wire -  << "Reporting-Endpoints: heroku-nel=https://nel.heroku.com/reports?ts=1714052317&sid=e11707d5-02a7-43ef-b45e-2cf4d2036f7d&s=YQbkaSFrF5maYstiQKysWznBKCNGEjQdAKnoH5Sxmas%3D[\r][\n]"
2024-04-25 19:08:37 [main] DEBUG org.apache.http.wire -  << "Nel: {"report_to":"heroku-nel","max_age":3600,"success_fraction":0.005,"failure_fraction":0.05,"response_headers":["Via"]}[\r][\n]"
2024-04-25 19:08:37 [main] DEBUG org.apache.http.wire -  << "X-Powered-By: Express[\r][\n]"
2024-04-25 19:08:37 [main] DEBUG org.apache.http.wire -  << "X-Ratelimit-Limit: 1000[\r][\n]"
2024-04-25 19:08:37 [main] DEBUG org.apache.http.wire -  << "X-Ratelimit-Remaining: 999[\r][\n]"
2024-04-25 19:08:37 [main] DEBUG org.apache.http.wire -  << "X-Ratelimit-Reset: 1714052359[\r][\n]"
2024-04-25 19:08:37 [main] DEBUG org.apache.http.wire -  << "Vary: Origin, X-HTTP-Method-Override, Accept-Encoding[\r][\n]"
2024-04-25 19:08:37 [main] DEBUG org.apache.http.wire -  << "Access-Control-Allow-Credentials: true[\r][\n]"
2024-04-25 19:08:37 [main] DEBUG org.apache.http.wire -  << "Cache-Control: no-cache[\r][\n]"
2024-04-25 19:08:37 [main] DEBUG org.apache.http.wire -  << "Pragma: no-cache[\r][\n]"
2024-04-25 19:08:37 [main] DEBUG org.apache.http.wire -  << "Expires: -1[\r][\n]"
2024-04-25 19:08:37 [main] DEBUG org.apache.http.wire -  << "Access-Control-Expose-Headers: Location[\r][\n]"
2024-04-25 19:08:37 [main] DEBUG org.apache.http.wire -  << "Location: http://jsonplaceholder.typicode.com/posts/101[\r][\n]"
2024-04-25 19:08:37 [main] DEBUG org.apache.http.wire -  << "X-Content-Type-Options: nosniff[\r][\n]"
2024-04-25 19:08:37 [main] DEBUG org.apache.http.wire -  << "Etag: W/"60-9RnzJzTaYJcf4Ioa7v9sGC4yWhg"[\r][\n]"
2024-04-25 19:08:37 [main] DEBUG org.apache.http.wire -  << "Via: 1.1 vegur[\r][\n]"
2024-04-25 19:08:37 [main] DEBUG org.apache.http.wire -  << "CF-Cache-Status: DYNAMIC[\r][\n]"
2024-04-25 19:08:37 [main] DEBUG org.apache.http.wire -  << "Server: cloudflare[\r][\n]"
2024-04-25 19:08:37 [main] DEBUG org.apache.http.wire -  << "CF-RAY: 879ebc0569247f96-MAA[\r][\n]"
2024-04-25 19:08:37 [main] DEBUG org.apache.http.wire -  << "alt-svc: h3=":443"; ma=86400[\r][\n]"
2024-04-25 19:08:37 [main] DEBUG org.apache.http.wire -  << "[\r][\n]"
2024-04-25 19:08:37 [main] DEBUG o.a.h.i.conn.DefaultClientConnection - Receiving response: HTTP/1.1 201 Created
2024-04-25 19:08:37 [main] DEBUG org.apache.http.headers - << HTTP/1.1 201 Created
2024-04-25 19:08:37 [main] DEBUG org.apache.http.headers - << Date: Thu, 25 Apr 2024 13:38:37 GMT
2024-04-25 19:08:37 [main] DEBUG org.apache.http.headers - << Content-Type: application/json; charset=utf-8
2024-04-25 19:08:37 [main] DEBUG org.apache.http.headers - << Content-Length: 96
2024-04-25 19:08:37 [main] DEBUG org.apache.http.headers - << Connection: keep-alive
2024-04-25 19:08:37 [main] DEBUG org.apache.http.headers - << Report-To: {"group":"heroku-nel","max_age":3600,"endpoints":[{"url":"https://nel.heroku.com/reports?ts=1714052317&sid=e11707d5-02a7-43ef-b45e-2cf4d2036f7d&s=YQbkaSFrF5maYstiQKysWznBKCNGEjQdAKnoH5Sxmas%3D"}]}
2024-04-25 19:08:37 [main] DEBUG org.apache.http.headers - << Reporting-Endpoints: heroku-nel=https://nel.heroku.com/reports?ts=1714052317&sid=e11707d5-02a7-43ef-b45e-2cf4d2036f7d&s=YQbkaSFrF5maYstiQKysWznBKCNGEjQdAKnoH5Sxmas%3D
2024-04-25 19:08:37 [main] DEBUG org.apache.http.headers - << Nel: {"report_to":"heroku-nel","max_age":3600,"success_fraction":0.005,"failure_fraction":0.05,"response_headers":["Via"]}
2024-04-25 19:08:37 [main] DEBUG org.apache.http.headers - << X-Powered-By: Express
2024-04-25 19:08:37 [main] DEBUG org.apache.http.headers - << X-Ratelimit-Limit: 1000
2024-04-25 19:08:37 [main] DEBUG org.apache.http.headers - << X-Ratelimit-Remaining: 999
2024-04-25 19:08:37 [main] DEBUG org.apache.http.headers - << X-Ratelimit-Reset: 1714052359
2024-04-25 19:08:37 [main] DEBUG org.apache.http.headers - << Vary: Origin, X-HTTP-Method-Override, Accept-Encoding
2024-04-25 19:08:37 [main] DEBUG org.apache.http.headers - << Access-Control-Allow-Credentials: true
2024-04-25 19:08:37 [main] DEBUG org.apache.http.headers - << Cache-Control: no-cache
2024-04-25 19:08:37 [main] DEBUG org.apache.http.headers - << Pragma: no-cache
2024-04-25 19:08:37 [main] DEBUG org.apache.http.headers - << Expires: -1
2024-04-25 19:08:37 [main] DEBUG org.apache.http.headers - << Access-Control-Expose-Headers: Location
2024-04-25 19:08:37 [main] DEBUG org.apache.http.headers - << Location: http://jsonplaceholder.typicode.com/posts/101
2024-04-25 19:08:37 [main] DEBUG org.apache.http.headers - << X-Content-Type-Options: nosniff
2024-04-25 19:08:37 [main] DEBUG org.apache.http.headers - << Etag: W/"60-9RnzJzTaYJcf4Ioa7v9sGC4yWhg"
2024-04-25 19:08:37 [main] DEBUG org.apache.http.headers - << Via: 1.1 vegur
2024-04-25 19:08:37 [main] DEBUG org.apache.http.headers - << CF-Cache-Status: DYNAMIC
2024-04-25 19:08:37 [main] DEBUG org.apache.http.headers - << Server: cloudflare
2024-04-25 19:08:37 [main] DEBUG org.apache.http.headers - << CF-RAY: 879ebc0569247f96-MAA
2024-04-25 19:08:37 [main] DEBUG org.apache.http.headers - << alt-svc: h3=":443"; ma=86400
2024-04-25 19:08:37 [main] DEBUG o.a.h.impl.client.DefaultHttpClient - Connection can be kept alive indefinitely
2024-04-25 19:08:37 [main] DEBUG i.r.internal.RestAssuredHttpBuilder - Parsing response as: application/json; charset=utf-8
2024-04-25 19:08:37 [main] DEBUG i.r.internal.RestAssuredHttpBuilder - Parsed data to instance of: class org.apache.http.conn.EofSensorInputStream
2024-04-25 19:08:37 [main] DEBUG org.apache.http.wire -  << "{[\n]"
2024-04-25 19:08:37 [main] DEBUG org.apache.http.wire -  << "  "id": 101,[\n]"
2024-04-25 19:08:37 [main] DEBUG org.apache.http.wire -  << "  "userId": 1,[\n]"
2024-04-25 19:08:37 [main] DEBUG org.apache.http.wire -  << "  "title": "Test Title",[\n]"
2024-04-25 19:08:37 [main] DEBUG org.apache.http.wire -  << "  "body": "Test Body",[\n]"
2024-04-25 19:08:37 [main] DEBUG org.apache.http.wire -  << "  "comments": [][\n]"
2024-04-25 19:08:37 [main] DEBUG org.apache.http.wire -  << "}"
2024-04-25 19:08:37 [main] DEBUG o.a.h.i.c.BasicClientConnectionManager - Releasing connection org.apache.http.impl.conn.ManagedClientConnectionImpl@7069f076
2024-04-25 19:08:37 [main] DEBUG o.a.h.i.c.BasicClientConnectionManager - Connection can be kept alive indefinitely
2024-04-25 19:08:37 [main] DEBUG utils.HttpClient - Received response: {
  "id": 101,
  "userId": 1,
  "title": "Test Title",
  "body": "Test Body",
  "comments": []
}
  When the user creates a post with title "Test Title" and body "Test Body"                          # stepDefinitions.posts.PostSteps.theUserCreatesAPostWithTitleAndBody(java.lang.String,java.lang.String)
  Then the response should contain 201 status code                                                   # stepDefinitions.posts.PostSteps.the_post_should_successful(int)
  Then the response should contain the post information with title "Test Title" and body "Test Body" # stepDefinitions.posts.PostSteps.theResponseShouldContainThePostInformationWithTitleAndBody(java.lang.String,java.lang.String)
]]></system-out>
  </testcase>
  <testcase name="User creates a post (happy path) #2" classname="Social Network - Posts and Comments" time="0.65">
    <system-out><![CDATA[
@RegressionTest
Scenario Outline: User creates a post (happy path)                                                         # src/test/resources/features/social-network-test.feature:15
2024-04-25 19:08:38 [main] INFO  stepDefinitions.utils.TestContext - TestContext initialized with base URL: http://jsonplaceholder.typicode.com
  Given a user is registered on the social network                                                         # stepDefinitions.posts.PostSteps.aUserIsRegisteredOnTheSocialNetwork()
2024-04-25 19:08:38 [main] DEBUG utils.HttpClient - Making POST request to /posts with body {"id":0,"userId":1,"title":"Another Title","body":"Another Body","comments":[]}
2024-04-25 19:08:38 [main] DEBUG o.a.h.i.c.BasicClientConnectionManager - Get connection for route {}->http://jsonplaceholder.typicode.com:80
2024-04-25 19:08:38 [main] DEBUG o.a.h.i.c.DefaultClientConnectionOperator - Connecting to jsonplaceholder.typicode.com:80
2024-04-25 19:08:38 [main] DEBUG o.a.h.c.protocol.RequestAddCookies - CookieSpec selected: ignoreCookies
2024-04-25 19:08:38 [main] DEBUG o.a.h.c.protocol.RequestAuthCache - Auth cache not set in the context
2024-04-25 19:08:38 [main] DEBUG o.a.h.c.p.RequestTargetAuthentication - Target auth state: UNCHALLENGED
2024-04-25 19:08:38 [main] DEBUG o.a.h.c.p.RequestProxyAuthentication - Proxy auth state: UNCHALLENGED
2024-04-25 19:08:38 [main] DEBUG o.a.h.impl.client.DefaultHttpClient - Attempt 1 to execute request
2024-04-25 19:08:38 [main] DEBUG o.a.h.i.conn.DefaultClientConnection - Sending request: POST /posts HTTP/1.1
2024-04-25 19:08:38 [main] DEBUG org.apache.http.wire -  >> "POST /posts HTTP/1.1[\r][\n]"
2024-04-25 19:08:38 [main] DEBUG org.apache.http.wire -  >> "Accept: */*[\r][\n]"
2024-04-25 19:08:38 [main] DEBUG org.apache.http.wire -  >> "Content-Type: application/json[\r][\n]"
2024-04-25 19:08:38 [main] DEBUG org.apache.http.wire -  >> "Content-Length: 79[\r][\n]"
2024-04-25 19:08:38 [main] DEBUG org.apache.http.wire -  >> "Host: jsonplaceholder.typicode.com[\r][\n]"
2024-04-25 19:08:38 [main] DEBUG org.apache.http.wire -  >> "Connection: Keep-Alive[\r][\n]"
2024-04-25 19:08:38 [main] DEBUG org.apache.http.wire -  >> "User-Agent: Apache-HttpClient/4.5.13 (Java/21.0.1)[\r][\n]"
2024-04-25 19:08:38 [main] DEBUG org.apache.http.wire -  >> "Accept-Encoding: gzip,deflate[\r][\n]"
2024-04-25 19:08:38 [main] DEBUG org.apache.http.wire -  >> "[\r][\n]"
2024-04-25 19:08:38 [main] DEBUG org.apache.http.headers - >> POST /posts HTTP/1.1
2024-04-25 19:08:38 [main] DEBUG org.apache.http.headers - >> Accept: */*
2024-04-25 19:08:38 [main] DEBUG org.apache.http.headers - >> Content-Type: application/json
2024-04-25 19:08:38 [main] DEBUG org.apache.http.headers - >> Content-Length: 79
2024-04-25 19:08:38 [main] DEBUG org.apache.http.headers - >> Host: jsonplaceholder.typicode.com
2024-04-25 19:08:38 [main] DEBUG org.apache.http.headers - >> Connection: Keep-Alive
2024-04-25 19:08:38 [main] DEBUG org.apache.http.headers - >> User-Agent: Apache-HttpClient/4.5.13 (Java/21.0.1)
2024-04-25 19:08:38 [main] DEBUG org.apache.http.headers - >> Accept-Encoding: gzip,deflate
2024-04-25 19:08:38 [main] DEBUG org.apache.http.wire -  >> "{"id":0,"userId":1,"title":"Another Title","body":"Another Body","comments":[]}"
2024-04-25 19:08:38 [main] DEBUG org.apache.http.wire -  << "HTTP/1.1 201 Created[\r][\n]"
2024-04-25 19:08:38 [main] DEBUG org.apache.http.wire -  << "Date: Thu, 25 Apr 2024 13:38:38 GMT[\r][\n]"
2024-04-25 19:08:38 [main] DEBUG org.apache.http.wire -  << "Content-Type: application/json; charset=utf-8[\r][\n]"
2024-04-25 19:08:38 [main] DEBUG org.apache.http.wire -  << "Content-Length: 102[\r][\n]"
2024-04-25 19:08:38 [main] DEBUG org.apache.http.wire -  << "Connection: keep-alive[\r][\n]"
2024-04-25 19:08:38 [main] DEBUG org.apache.http.wire -  << "Report-To: {"group":"heroku-nel","max_age":3600,"endpoints":[{"url":"https://nel.heroku.com/reports?ts=1714052318&sid=e11707d5-02a7-43ef-b45e-2cf4d2036f7d&s=tbT1qb80oDmlu4jv3ZBIvDP3RSvTEEygO2TQ2I8AZxo%3D"}]}[\r][\n]"
2024-04-25 19:08:38 [main] DEBUG org.apache.http.wire -  << "Reporting-Endpoints: heroku-nel=https://nel.heroku.com/reports?ts=1714052318&sid=e11707d5-02a7-43ef-b45e-2cf4d2036f7d&s=tbT1qb80oDmlu4jv3ZBIvDP3RSvTEEygO2TQ2I8AZxo%3D[\r][\n]"
2024-04-25 19:08:38 [main] DEBUG org.apache.http.wire -  << "Nel: {"report_to":"heroku-nel","max_age":3600,"success_fraction":0.005,"failure_fraction":0.05,"response_headers":["Via"]}[\r][\n]"
2024-04-25 19:08:38 [main] DEBUG org.apache.http.wire -  << "X-Powered-By: Express[\r][\n]"
2024-04-25 19:08:38 [main] DEBUG org.apache.http.wire -  << "X-Ratelimit-Limit: 1000[\r][\n]"
2024-04-25 19:08:38 [main] DEBUG org.apache.http.wire -  << "X-Ratelimit-Remaining: 998[\r][\n]"
2024-04-25 19:08:38 [main] DEBUG org.apache.http.wire -  << "X-Ratelimit-Reset: 1714052359[\r][\n]"
2024-04-25 19:08:38 [main] DEBUG org.apache.http.wire -  << "Vary: Origin, X-HTTP-Method-Override, Accept-Encoding[\r][\n]"
2024-04-25 19:08:38 [main] DEBUG org.apache.http.wire -  << "Access-Control-Allow-Credentials: true[\r][\n]"
2024-04-25 19:08:38 [main] DEBUG org.apache.http.wire -  << "Cache-Control: no-cache[\r][\n]"
2024-04-25 19:08:38 [main] DEBUG org.apache.http.wire -  << "Pragma: no-cache[\r][\n]"
2024-04-25 19:08:38 [main] DEBUG org.apache.http.wire -  << "Expires: -1[\r][\n]"
2024-04-25 19:08:38 [main] DEBUG org.apache.http.wire -  << "Access-Control-Expose-Headers: Location[\r][\n]"
2024-04-25 19:08:38 [main] DEBUG org.apache.http.wire -  << "Location: http://jsonplaceholder.typicode.com/posts/101[\r][\n]"
2024-04-25 19:08:38 [main] DEBUG org.apache.http.wire -  << "X-Content-Type-Options: nosniff[\r][\n]"
2024-04-25 19:08:38 [main] DEBUG org.apache.http.wire -  << "Etag: W/"66-JphAADFNCCQ4RlweOgn0yr+TDYA"[\r][\n]"
2024-04-25 19:08:38 [main] DEBUG org.apache.http.wire -  << "Via: 1.1 vegur[\r][\n]"
2024-04-25 19:08:38 [main] DEBUG org.apache.http.wire -  << "CF-Cache-Status: DYNAMIC[\r][\n]"
2024-04-25 19:08:38 [main] DEBUG org.apache.http.wire -  << "Server: cloudflare[\r][\n]"
2024-04-25 19:08:38 [main] DEBUG org.apache.http.wire -  << "CF-RAY: 879ebc0bda047feb-MAA[\r][\n]"
2024-04-25 19:08:38 [main] DEBUG org.apache.http.wire -  << "alt-svc: h3=":443"; ma=86400[\r][\n]"
2024-04-25 19:08:38 [main] DEBUG org.apache.http.wire -  << "[\r][\n]"
2024-04-25 19:08:38 [main] DEBUG o.a.h.i.conn.DefaultClientConnection - Receiving response: HTTP/1.1 201 Created
2024-04-25 19:08:38 [main] DEBUG org.apache.http.headers - << HTTP/1.1 201 Created
2024-04-25 19:08:38 [main] DEBUG org.apache.http.headers - << Date: Thu, 25 Apr 2024 13:38:38 GMT
2024-04-25 19:08:38 [main] DEBUG org.apache.http.headers - << Content-Type: application/json; charset=utf-8
2024-04-25 19:08:38 [main] DEBUG org.apache.http.headers - << Content-Length: 102
2024-04-25 19:08:38 [main] DEBUG org.apache.http.headers - << Connection: keep-alive
2024-04-25 19:08:38 [main] DEBUG org.apache.http.headers - << Report-To: {"group":"heroku-nel","max_age":3600,"endpoints":[{"url":"https://nel.heroku.com/reports?ts=1714052318&sid=e11707d5-02a7-43ef-b45e-2cf4d2036f7d&s=tbT1qb80oDmlu4jv3ZBIvDP3RSvTEEygO2TQ2I8AZxo%3D"}]}
2024-04-25 19:08:38 [main] DEBUG org.apache.http.headers - << Reporting-Endpoints: heroku-nel=https://nel.heroku.com/reports?ts=1714052318&sid=e11707d5-02a7-43ef-b45e-2cf4d2036f7d&s=tbT1qb80oDmlu4jv3ZBIvDP3RSvTEEygO2TQ2I8AZxo%3D
2024-04-25 19:08:38 [main] DEBUG org.apache.http.headers - << Nel: {"report_to":"heroku-nel","max_age":3600,"success_fraction":0.005,"failure_fraction":0.05,"response_headers":["Via"]}
2024-04-25 19:08:38 [main] DEBUG org.apache.http.headers - << X-Powered-By: Express
2024-04-25 19:08:38 [main] DEBUG org.apache.http.headers - << X-Ratelimit-Limit: 1000
2024-04-25 19:08:38 [main] DEBUG org.apache.http.headers - << X-Ratelimit-Remaining: 998
2024-04-25 19:08:38 [main] DEBUG org.apache.http.headers - << X-Ratelimit-Reset: 1714052359
2024-04-25 19:08:38 [main] DEBUG org.apache.http.headers - << Vary: Origin, X-HTTP-Method-Override, Accept-Encoding
2024-04-25 19:08:38 [main] DEBUG org.apache.http.headers - << Access-Control-Allow-Credentials: true
2024-04-25 19:08:38 [main] DEBUG org.apache.http.headers - << Cache-Control: no-cache
2024-04-25 19:08:38 [main] DEBUG org.apache.http.headers - << Pragma: no-cache
2024-04-25 19:08:38 [main] DEBUG org.apache.http.headers - << Expires: -1
2024-04-25 19:08:38 [main] DEBUG org.apache.http.headers - << Access-Control-Expose-Headers: Location
2024-04-25 19:08:38 [main] DEBUG org.apache.http.headers - << Location: http://jsonplaceholder.typicode.com/posts/101
2024-04-25 19:08:38 [main] DEBUG org.apache.http.headers - << X-Content-Type-Options: nosniff
2024-04-25 19:08:38 [main] DEBUG org.apache.http.headers - << Etag: W/"66-JphAADFNCCQ4RlweOgn0yr+TDYA"
2024-04-25 19:08:38 [main] DEBUG org.apache.http.headers - << Via: 1.1 vegur
2024-04-25 19:08:38 [main] DEBUG org.apache.http.headers - << CF-Cache-Status: DYNAMIC
2024-04-25 19:08:38 [main] DEBUG org.apache.http.headers - << Server: cloudflare
2024-04-25 19:08:38 [main] DEBUG org.apache.http.headers - << CF-RAY: 879ebc0bda047feb-MAA
2024-04-25 19:08:38 [main] DEBUG org.apache.http.headers - << alt-svc: h3=":443"; ma=86400
2024-04-25 19:08:38 [main] DEBUG o.a.h.impl.client.DefaultHttpClient - Connection can be kept alive indefinitely
2024-04-25 19:08:38 [main] DEBUG i.r.internal.RestAssuredHttpBuilder - Parsing response as: application/json; charset=utf-8
2024-04-25 19:08:38 [main] DEBUG i.r.internal.RestAssuredHttpBuilder - Parsed data to instance of: class org.apache.http.conn.EofSensorInputStream
2024-04-25 19:08:38 [main] DEBUG org.apache.http.wire -  << "{[\n]"
2024-04-25 19:08:38 [main] DEBUG org.apache.http.wire -  << "  "id": 101,[\n]"
2024-04-25 19:08:38 [main] DEBUG org.apache.http.wire -  << "  "userId": 1,[\n]"
2024-04-25 19:08:38 [main] DEBUG org.apache.http.wire -  << "  "title": "Another Title",[\n]"
2024-04-25 19:08:38 [main] DEBUG org.apache.http.wire -  << "  "body": "Another Body",[\n]"
2024-04-25 19:08:38 [main] DEBUG org.apache.http.wire -  << "  "comments": [][\n]"
2024-04-25 19:08:38 [main] DEBUG org.apache.http.wire -  << "}"
2024-04-25 19:08:38 [main] DEBUG o.a.h.i.c.BasicClientConnectionManager - Releasing connection org.apache.http.impl.conn.ManagedClientConnectionImpl@5e2a6991
2024-04-25 19:08:38 [main] DEBUG o.a.h.i.c.BasicClientConnectionManager - Connection can be kept alive indefinitely
2024-04-25 19:08:38 [main] DEBUG utils.HttpClient - Received response: {
  "id": 101,
  "userId": 1,
  "title": "Another Title",
  "body": "Another Body",
  "comments": []
}
  When the user creates a post with title "Another Title" and body "Another Body"                          # stepDefinitions.posts.PostSteps.theUserCreatesAPostWithTitleAndBody(java.lang.String,java.lang.String)
  Then the response should contain 201 status code                                                         # stepDefinitions.posts.PostSteps.the_post_should_successful(int)
  Then the response should contain the post information with title "Another Title" and body "Another Body" # stepDefinitions.posts.PostSteps.theResponseShouldContainThePostInformationWithTitleAndBody(java.lang.String,java.lang.String)
]]></system-out>
  </testcase>
  <testcase name="User edits a post (happy path) #1" classname="Social Network - Posts and Comments" time="1.131">
    <system-out><![CDATA[
@RegressionTest
Scenario Outline: User edits a post (happy path)                                                           # src/test/resources/features/social-network-test.feature:27
2024-04-25 19:08:38 [main] INFO  stepDefinitions.utils.TestContext - TestContext initialized with base URL: http://jsonplaceholder.typicode.com
  Given a user is registered on the social network                                                         # stepDefinitions.posts.PostSteps.aUserIsRegisteredOnTheSocialNetwork()
2024-04-25 19:08:38 [main] DEBUG utils.HttpClient - Making POST request to /posts with body {"id":0,"userId":1,"title":"Initial Title","body":"Initial Body","comments":[]}
2024-04-25 19:08:38 [main] DEBUG o.a.h.i.c.BasicClientConnectionManager - Get connection for route {}->http://jsonplaceholder.typicode.com:80
2024-04-25 19:08:38 [main] DEBUG o.a.h.i.c.DefaultClientConnectionOperator - Connecting to jsonplaceholder.typicode.com:80
2024-04-25 19:08:38 [main] DEBUG o.a.h.c.protocol.RequestAddCookies - CookieSpec selected: ignoreCookies
2024-04-25 19:08:38 [main] DEBUG o.a.h.c.protocol.RequestAuthCache - Auth cache not set in the context
2024-04-25 19:08:38 [main] DEBUG o.a.h.c.p.RequestTargetAuthentication - Target auth state: UNCHALLENGED
2024-04-25 19:08:38 [main] DEBUG o.a.h.c.p.RequestProxyAuthentication - Proxy auth state: UNCHALLENGED
2024-04-25 19:08:38 [main] DEBUG o.a.h.impl.client.DefaultHttpClient - Attempt 1 to execute request
2024-04-25 19:08:38 [main] DEBUG o.a.h.i.conn.DefaultClientConnection - Sending request: POST /posts HTTP/1.1
2024-04-25 19:08:38 [main] DEBUG org.apache.http.wire -  >> "POST /posts HTTP/1.1[\r][\n]"
2024-04-25 19:08:38 [main] DEBUG org.apache.http.wire -  >> "Accept: */*[\r][\n]"
2024-04-25 19:08:38 [main] DEBUG org.apache.http.wire -  >> "Content-Type: application/json[\r][\n]"
2024-04-25 19:08:38 [main] DEBUG org.apache.http.wire -  >> "Content-Length: 79[\r][\n]"
2024-04-25 19:08:38 [main] DEBUG org.apache.http.wire -  >> "Host: jsonplaceholder.typicode.com[\r][\n]"
2024-04-25 19:08:38 [main] DEBUG org.apache.http.wire -  >> "Connection: Keep-Alive[\r][\n]"
2024-04-25 19:08:38 [main] DEBUG org.apache.http.wire -  >> "User-Agent: Apache-HttpClient/4.5.13 (Java/21.0.1)[\r][\n]"
2024-04-25 19:08:38 [main] DEBUG org.apache.http.wire -  >> "Accept-Encoding: gzip,deflate[\r][\n]"
2024-04-25 19:08:38 [main] DEBUG org.apache.http.wire -  >> "[\r][\n]"
2024-04-25 19:08:38 [main] DEBUG org.apache.http.headers - >> POST /posts HTTP/1.1
2024-04-25 19:08:38 [main] DEBUG org.apache.http.headers - >> Accept: */*
2024-04-25 19:08:38 [main] DEBUG org.apache.http.headers - >> Content-Type: application/json
2024-04-25 19:08:38 [main] DEBUG org.apache.http.headers - >> Content-Length: 79
2024-04-25 19:08:38 [main] DEBUG org.apache.http.headers - >> Host: jsonplaceholder.typicode.com
2024-04-25 19:08:38 [main] DEBUG org.apache.http.headers - >> Connection: Keep-Alive
2024-04-25 19:08:38 [main] DEBUG org.apache.http.headers - >> User-Agent: Apache-HttpClient/4.5.13 (Java/21.0.1)
2024-04-25 19:08:38 [main] DEBUG org.apache.http.headers - >> Accept-Encoding: gzip,deflate
2024-04-25 19:08:38 [main] DEBUG org.apache.http.wire -  >> "{"id":0,"userId":1,"title":"Initial Title","body":"Initial Body","comments":[]}"
2024-04-25 19:08:39 [main] DEBUG org.apache.http.wire -  << "HTTP/1.1 201 Created[\r][\n]"
2024-04-25 19:08:39 [main] DEBUG org.apache.http.wire -  << "Date: Thu, 25 Apr 2024 13:38:39 GMT[\r][\n]"
2024-04-25 19:08:39 [main] DEBUG org.apache.http.wire -  << "Content-Type: application/json; charset=utf-8[\r][\n]"
2024-04-25 19:08:39 [main] DEBUG org.apache.http.wire -  << "Content-Length: 102[\r][\n]"
2024-04-25 19:08:39 [main] DEBUG org.apache.http.wire -  << "Connection: keep-alive[\r][\n]"
2024-04-25 19:08:39 [main] DEBUG org.apache.http.wire -  << "Report-To: {"group":"heroku-nel","max_age":3600,"endpoints":[{"url":"https://nel.heroku.com/reports?ts=1714052318&sid=e11707d5-02a7-43ef-b45e-2cf4d2036f7d&s=tbT1qb80oDmlu4jv3ZBIvDP3RSvTEEygO2TQ2I8AZxo%3D"}]}[\r][\n]"
2024-04-25 19:08:39 [main] DEBUG org.apache.http.wire -  << "Reporting-Endpoints: heroku-nel=https://nel.heroku.com/reports?ts=1714052318&sid=e11707d5-02a7-43ef-b45e-2cf4d2036f7d&s=tbT1qb80oDmlu4jv3ZBIvDP3RSvTEEygO2TQ2I8AZxo%3D[\r][\n]"
2024-04-25 19:08:39 [main] DEBUG org.apache.http.wire -  << "Nel: {"report_to":"heroku-nel","max_age":3600,"success_fraction":0.005,"failure_fraction":0.05,"response_headers":["Via"]}[\r][\n]"
2024-04-25 19:08:39 [main] DEBUG org.apache.http.wire -  << "X-Powered-By: Express[\r][\n]"
2024-04-25 19:08:39 [main] DEBUG org.apache.http.wire -  << "X-Ratelimit-Limit: 1000[\r][\n]"
2024-04-25 19:08:39 [main] DEBUG org.apache.http.wire -  << "X-Ratelimit-Remaining: 997[\r][\n]"
2024-04-25 19:08:39 [main] DEBUG org.apache.http.wire -  << "X-Ratelimit-Reset: 1714052359[\r][\n]"
2024-04-25 19:08:39 [main] DEBUG org.apache.http.wire -  << "Vary: Origin, X-HTTP-Method-Override, Accept-Encoding[\r][\n]"
2024-04-25 19:08:39 [main] DEBUG org.apache.http.wire -  << "Access-Control-Allow-Credentials: true[\r][\n]"
2024-04-25 19:08:39 [main] DEBUG org.apache.http.wire -  << "Cache-Control: no-cache[\r][\n]"
2024-04-25 19:08:39 [main] DEBUG org.apache.http.wire -  << "Pragma: no-cache[\r][\n]"
2024-04-25 19:08:39 [main] DEBUG org.apache.http.wire -  << "Expires: -1[\r][\n]"
2024-04-25 19:08:39 [main] DEBUG org.apache.http.wire -  << "Access-Control-Expose-Headers: Location[\r][\n]"
2024-04-25 19:08:39 [main] DEBUG org.apache.http.wire -  << "Location: http://jsonplaceholder.typicode.com/posts/101[\r][\n]"
2024-04-25 19:08:39 [main] DEBUG org.apache.http.wire -  << "X-Content-Type-Options: nosniff[\r][\n]"
2024-04-25 19:08:39 [main] DEBUG org.apache.http.wire -  << "Etag: W/"66-Xp3rF+9IsUPnDBQmymlG0vF6liA"[\r][\n]"
2024-04-25 19:08:39 [main] DEBUG org.apache.http.wire -  << "Via: 1.1 vegur[\r][\n]"
2024-04-25 19:08:39 [main] DEBUG org.apache.http.wire -  << "CF-Cache-Status: DYNAMIC[\r][\n]"
2024-04-25 19:08:39 [main] DEBUG org.apache.http.wire -  << "Server: cloudflare[\r][\n]"
2024-04-25 19:08:39 [main] DEBUG org.apache.http.wire -  << "CF-RAY: 879ebc0feacf3b0a-BOM[\r][\n]"
2024-04-25 19:08:39 [main] DEBUG org.apache.http.wire -  << "alt-svc: h3=":443"; ma=86400[\r][\n]"
2024-04-25 19:08:39 [main] DEBUG org.apache.http.wire -  << "[\r][\n]"
2024-04-25 19:08:39 [main] DEBUG o.a.h.i.conn.DefaultClientConnection - Receiving response: HTTP/1.1 201 Created
2024-04-25 19:08:39 [main] DEBUG org.apache.http.headers - << HTTP/1.1 201 Created
2024-04-25 19:08:39 [main] DEBUG org.apache.http.headers - << Date: Thu, 25 Apr 2024 13:38:39 GMT
2024-04-25 19:08:39 [main] DEBUG org.apache.http.headers - << Content-Type: application/json; charset=utf-8
2024-04-25 19:08:39 [main] DEBUG org.apache.http.headers - << Content-Length: 102
2024-04-25 19:08:39 [main] DEBUG org.apache.http.headers - << Connection: keep-alive
2024-04-25 19:08:39 [main] DEBUG org.apache.http.headers - << Report-To: {"group":"heroku-nel","max_age":3600,"endpoints":[{"url":"https://nel.heroku.com/reports?ts=1714052318&sid=e11707d5-02a7-43ef-b45e-2cf4d2036f7d&s=tbT1qb80oDmlu4jv3ZBIvDP3RSvTEEygO2TQ2I8AZxo%3D"}]}
2024-04-25 19:08:39 [main] DEBUG org.apache.http.headers - << Reporting-Endpoints: heroku-nel=https://nel.heroku.com/reports?ts=1714052318&sid=e11707d5-02a7-43ef-b45e-2cf4d2036f7d&s=tbT1qb80oDmlu4jv3ZBIvDP3RSvTEEygO2TQ2I8AZxo%3D
2024-04-25 19:08:39 [main] DEBUG org.apache.http.headers - << Nel: {"report_to":"heroku-nel","max_age":3600,"success_fraction":0.005,"failure_fraction":0.05,"response_headers":["Via"]}
2024-04-25 19:08:39 [main] DEBUG org.apache.http.headers - << X-Powered-By: Express
2024-04-25 19:08:39 [main] DEBUG org.apache.http.headers - << X-Ratelimit-Limit: 1000
2024-04-25 19:08:39 [main] DEBUG org.apache.http.headers - << X-Ratelimit-Remaining: 997
2024-04-25 19:08:39 [main] DEBUG org.apache.http.headers - << X-Ratelimit-Reset: 1714052359
2024-04-25 19:08:39 [main] DEBUG org.apache.http.headers - << Vary: Origin, X-HTTP-Method-Override, Accept-Encoding
2024-04-25 19:08:39 [main] DEBUG org.apache.http.headers - << Access-Control-Allow-Credentials: true
2024-04-25 19:08:39 [main] DEBUG org.apache.http.headers - << Cache-Control: no-cache
2024-04-25 19:08:39 [main] DEBUG org.apache.http.headers - << Pragma: no-cache
2024-04-25 19:08:39 [main] DEBUG org.apache.http.headers - << Expires: -1
2024-04-25 19:08:39 [main] DEBUG org.apache.http.headers - << Access-Control-Expose-Headers: Location
2024-04-25 19:08:39 [main] DEBUG org.apache.http.headers - << Location: http://jsonplaceholder.typicode.com/posts/101
2024-04-25 19:08:39 [main] DEBUG org.apache.http.headers - << X-Content-Type-Options: nosniff
2024-04-25 19:08:39 [main] DEBUG org.apache.http.headers - << Etag: W/"66-Xp3rF+9IsUPnDBQmymlG0vF6liA"
2024-04-25 19:08:39 [main] DEBUG org.apache.http.headers - << Via: 1.1 vegur
2024-04-25 19:08:39 [main] DEBUG org.apache.http.headers - << CF-Cache-Status: DYNAMIC
2024-04-25 19:08:39 [main] DEBUG org.apache.http.headers - << Server: cloudflare
2024-04-25 19:08:39 [main] DEBUG org.apache.http.headers - << CF-RAY: 879ebc0feacf3b0a-BOM
2024-04-25 19:08:39 [main] DEBUG org.apache.http.headers - << alt-svc: h3=":443"; ma=86400
2024-04-25 19:08:39 [main] DEBUG o.a.h.impl.client.DefaultHttpClient - Connection can be kept alive indefinitely
2024-04-25 19:08:39 [main] DEBUG i.r.internal.RestAssuredHttpBuilder - Parsing response as: application/json; charset=utf-8
2024-04-25 19:08:39 [main] DEBUG i.r.internal.RestAssuredHttpBuilder - Parsed data to instance of: class org.apache.http.conn.EofSensorInputStream
2024-04-25 19:08:39 [main] DEBUG org.apache.http.wire -  << "{[\n]"
2024-04-25 19:08:39 [main] DEBUG org.apache.http.wire -  << "  "id": 101,[\n]"
2024-04-25 19:08:39 [main] DEBUG org.apache.http.wire -  << "  "userId": 1,[\n]"
2024-04-25 19:08:39 [main] DEBUG org.apache.http.wire -  << "  "title": "Initial Title",[\n]"
2024-04-25 19:08:39 [main] DEBUG org.apache.http.wire -  << "  "body": "Initial Body",[\n]"
2024-04-25 19:08:39 [main] DEBUG org.apache.http.wire -  << "  "comments": [][\n]"
2024-04-25 19:08:39 [main] DEBUG org.apache.http.wire -  << "}"
2024-04-25 19:08:39 [main] DEBUG o.a.h.i.c.BasicClientConnectionManager - Releasing connection org.apache.http.impl.conn.ManagedClientConnectionImpl@2c60ce47
2024-04-25 19:08:39 [main] DEBUG o.a.h.i.c.BasicClientConnectionManager - Connection can be kept alive indefinitely
2024-04-25 19:08:39 [main] DEBUG utils.HttpClient - Received response: {
  "id": 101,
  "userId": 1,
  "title": "Initial Title",
  "body": "Initial Body",
  "comments": []
}
  When the user creates a post with title "Initial Title" and body "Initial Body"                          # stepDefinitions.posts.PostSteps.theUserCreatesAPostWithTitleAndBody(java.lang.String,java.lang.String)
  Then the response should contain 201 status code                                                         # stepDefinitions.posts.PostSteps.the_post_should_successful(int)
2024-04-25 19:08:39 [main] DEBUG utils.HttpClient - Making PUT request to /posts/1 with body {"id":101,"userId":1,"title":"Updated Title","body":"Updated Body","comments":[]}
2024-04-25 19:08:39 [main] DEBUG o.a.h.i.c.BasicClientConnectionManager - Get connection for route {}->http://jsonplaceholder.typicode.com:80
2024-04-25 19:08:39 [main] DEBUG o.a.h.i.c.DefaultClientConnectionOperator - Connecting to jsonplaceholder.typicode.com:80
2024-04-25 19:08:39 [main] DEBUG o.a.h.c.protocol.RequestAddCookies - CookieSpec selected: ignoreCookies
2024-04-25 19:08:39 [main] DEBUG o.a.h.c.protocol.RequestAuthCache - Auth cache not set in the context
2024-04-25 19:08:39 [main] DEBUG o.a.h.c.p.RequestTargetAuthentication - Target auth state: UNCHALLENGED
2024-04-25 19:08:39 [main] DEBUG o.a.h.c.p.RequestProxyAuthentication - Proxy auth state: UNCHALLENGED
2024-04-25 19:08:39 [main] DEBUG o.a.h.impl.client.DefaultHttpClient - Attempt 1 to execute request
2024-04-25 19:08:39 [main] DEBUG o.a.h.i.conn.DefaultClientConnection - Sending request: PUT /posts/1 HTTP/1.1
2024-04-25 19:08:39 [main] DEBUG org.apache.http.wire -  >> "PUT /posts/1 HTTP/1.1[\r][\n]"
2024-04-25 19:08:39 [main] DEBUG org.apache.http.wire -  >> "Accept: */*[\r][\n]"
2024-04-25 19:08:39 [main] DEBUG org.apache.http.wire -  >> "Content-Type: application/json[\r][\n]"
2024-04-25 19:08:39 [main] DEBUG org.apache.http.wire -  >> "Content-Length: 81[\r][\n]"
2024-04-25 19:08:39 [main] DEBUG org.apache.http.wire -  >> "Host: jsonplaceholder.typicode.com[\r][\n]"
2024-04-25 19:08:39 [main] DEBUG org.apache.http.wire -  >> "Connection: Keep-Alive[\r][\n]"
2024-04-25 19:08:39 [main] DEBUG org.apache.http.wire -  >> "User-Agent: Apache-HttpClient/4.5.13 (Java/21.0.1)[\r][\n]"
2024-04-25 19:08:39 [main] DEBUG org.apache.http.wire -  >> "Accept-Encoding: gzip,deflate[\r][\n]"
2024-04-25 19:08:39 [main] DEBUG org.apache.http.wire -  >> "[\r][\n]"
2024-04-25 19:08:39 [main] DEBUG org.apache.http.headers - >> PUT /posts/1 HTTP/1.1
2024-04-25 19:08:39 [main] DEBUG org.apache.http.headers - >> Accept: */*
2024-04-25 19:08:39 [main] DEBUG org.apache.http.headers - >> Content-Type: application/json
2024-04-25 19:08:39 [main] DEBUG org.apache.http.headers - >> Content-Length: 81
2024-04-25 19:08:39 [main] DEBUG org.apache.http.headers - >> Host: jsonplaceholder.typicode.com
2024-04-25 19:08:39 [main] DEBUG org.apache.http.headers - >> Connection: Keep-Alive
2024-04-25 19:08:39 [main] DEBUG org.apache.http.headers - >> User-Agent: Apache-HttpClient/4.5.13 (Java/21.0.1)
2024-04-25 19:08:39 [main] DEBUG org.apache.http.headers - >> Accept-Encoding: gzip,deflate
2024-04-25 19:08:39 [main] DEBUG org.apache.http.wire -  >> "{"id":101,"userId":1,"title":"Updated Title","body":"Updated Body","comments":[]}"
2024-04-25 19:08:39 [main] DEBUG org.apache.http.wire -  << "HTTP/1.1 200 OK[\r][\n]"
2024-04-25 19:08:39 [main] DEBUG org.apache.http.wire -  << "Date: Thu, 25 Apr 2024 13:38:39 GMT[\r][\n]"
2024-04-25 19:08:39 [main] DEBUG org.apache.http.wire -  << "Content-Type: application/json; charset=utf-8[\r][\n]"
2024-04-25 19:08:39 [main] DEBUG org.apache.http.wire -  << "Transfer-Encoding: chunked[\r][\n]"
2024-04-25 19:08:39 [main] DEBUG org.apache.http.wire -  << "Connection: keep-alive[\r][\n]"
2024-04-25 19:08:39 [main] DEBUG org.apache.http.wire -  << "Report-To: {"group":"heroku-nel","max_age":3600,"endpoints":[{"url":"https://nel.heroku.com/reports?ts=1714052319&sid=e11707d5-02a7-43ef-b45e-2cf4d2036f7d&s=3%2Buoi36TGqvkX9dxqSFrhDxHL49P6uDWrTiehK5oNFI%3D"}]}[\r][\n]"
2024-04-25 19:08:39 [main] DEBUG org.apache.http.wire -  << "Reporting-Endpoints: heroku-nel=https://nel.heroku.com/reports?ts=1714052319&sid=e11707d5-02a7-43ef-b45e-2cf4d2036f7d&s=3%2Buoi36TGqvkX9dxqSFrhDxHL49P6uDWrTiehK5oNFI%3D[\r][\n]"
2024-04-25 19:08:39 [main] DEBUG org.apache.http.wire -  << "Nel: {"report_to":"heroku-nel","max_age":3600,"success_fraction":0.005,"failure_fraction":0.05,"response_headers":["Via"]}[\r][\n]"
2024-04-25 19:08:39 [main] DEBUG org.apache.http.wire -  << "X-Powered-By: Express[\r][\n]"
2024-04-25 19:08:39 [main] DEBUG org.apache.http.wire -  << "X-Ratelimit-Limit: 1000[\r][\n]"
2024-04-25 19:08:39 [main] DEBUG org.apache.http.wire -  << "X-Ratelimit-Remaining: 996[\r][\n]"
2024-04-25 19:08:39 [main] DEBUG org.apache.http.wire -  << "X-Ratelimit-Reset: 1714052359[\r][\n]"
2024-04-25 19:08:39 [main] DEBUG org.apache.http.wire -  << "Vary: Origin, Accept-Encoding[\r][\n]"
2024-04-25 19:08:39 [main] DEBUG org.apache.http.wire -  << "Access-Control-Allow-Credentials: true[\r][\n]"
2024-04-25 19:08:39 [main] DEBUG org.apache.http.wire -  << "Cache-Control: no-cache[\r][\n]"
2024-04-25 19:08:39 [main] DEBUG org.apache.http.wire -  << "Pragma: no-cache[\r][\n]"
2024-04-25 19:08:39 [main] DEBUG org.apache.http.wire -  << "Expires: -1[\r][\n]"
2024-04-25 19:08:39 [main] DEBUG org.apache.http.wire -  << "X-Content-Type-Options: nosniff[\r][\n]"
2024-04-25 19:08:39 [main] DEBUG org.apache.http.wire -  << "Etag: W/"64-wjcTT8qUVdYfE2vv4ue426o5jt8"[\r][\n]"
2024-04-25 19:08:39 [main] DEBUG org.apache.http.wire -  << "Via: 1.1 vegur[\r][\n]"
2024-04-25 19:08:39 [main] DEBUG org.apache.http.wire -  << "CF-Cache-Status: DYNAMIC[\r][\n]"
2024-04-25 19:08:39 [main] DEBUG org.apache.http.wire -  << "Server: cloudflare[\r][\n]"
2024-04-25 19:08:39 [main] DEBUG org.apache.http.wire -  << "CF-RAY: 879ebc12ff797f5d-MAA[\r][\n]"
2024-04-25 19:08:39 [main] DEBUG org.apache.http.wire -  << "Content-Encoding: gzip[\r][\n]"
2024-04-25 19:08:39 [main] DEBUG org.apache.http.wire -  << "alt-svc: h3=":443"; ma=86400[\r][\n]"
2024-04-25 19:08:39 [main] DEBUG org.apache.http.wire -  << "[\r][\n]"
2024-04-25 19:08:39 [main] DEBUG o.a.h.i.conn.DefaultClientConnection - Receiving response: HTTP/1.1 200 OK
2024-04-25 19:08:39 [main] DEBUG org.apache.http.headers - << HTTP/1.1 200 OK
2024-04-25 19:08:39 [main] DEBUG org.apache.http.headers - << Date: Thu, 25 Apr 2024 13:38:39 GMT
2024-04-25 19:08:39 [main] DEBUG org.apache.http.headers - << Content-Type: application/json; charset=utf-8
2024-04-25 19:08:39 [main] DEBUG org.apache.http.headers - << Transfer-Encoding: chunked
2024-04-25 19:08:39 [main] DEBUG org.apache.http.headers - << Connection: keep-alive
2024-04-25 19:08:39 [main] DEBUG org.apache.http.headers - << Report-To: {"group":"heroku-nel","max_age":3600,"endpoints":[{"url":"https://nel.heroku.com/reports?ts=1714052319&sid=e11707d5-02a7-43ef-b45e-2cf4d2036f7d&s=3%2Buoi36TGqvkX9dxqSFrhDxHL49P6uDWrTiehK5oNFI%3D"}]}
2024-04-25 19:08:39 [main] DEBUG org.apache.http.headers - << Reporting-Endpoints: heroku-nel=https://nel.heroku.com/reports?ts=1714052319&sid=e11707d5-02a7-43ef-b45e-2cf4d2036f7d&s=3%2Buoi36TGqvkX9dxqSFrhDxHL49P6uDWrTiehK5oNFI%3D
2024-04-25 19:08:39 [main] DEBUG org.apache.http.headers - << Nel: {"report_to":"heroku-nel","max_age":3600,"success_fraction":0.005,"failure_fraction":0.05,"response_headers":["Via"]}
2024-04-25 19:08:39 [main] DEBUG org.apache.http.headers - << X-Powered-By: Express
2024-04-25 19:08:39 [main] DEBUG org.apache.http.headers - << X-Ratelimit-Limit: 1000
2024-04-25 19:08:39 [main] DEBUG org.apache.http.headers - << X-Ratelimit-Remaining: 996
2024-04-25 19:08:39 [main] DEBUG org.apache.http.headers - << X-Ratelimit-Reset: 1714052359
2024-04-25 19:08:39 [main] DEBUG org.apache.http.headers - << Vary: Origin, Accept-Encoding
2024-04-25 19:08:39 [main] DEBUG org.apache.http.headers - << Access-Control-Allow-Credentials: true
2024-04-25 19:08:39 [main] DEBUG org.apache.http.headers - << Cache-Control: no-cache
2024-04-25 19:08:39 [main] DEBUG org.apache.http.headers - << Pragma: no-cache
2024-04-25 19:08:39 [main] DEBUG org.apache.http.headers - << Expires: -1
2024-04-25 19:08:39 [main] DEBUG org.apache.http.headers - << X-Content-Type-Options: nosniff
2024-04-25 19:08:39 [main] DEBUG org.apache.http.headers - << Etag: W/"64-wjcTT8qUVdYfE2vv4ue426o5jt8"
2024-04-25 19:08:39 [main] DEBUG org.apache.http.headers - << Via: 1.1 vegur
2024-04-25 19:08:39 [main] DEBUG org.apache.http.headers - << CF-Cache-Status: DYNAMIC
2024-04-25 19:08:39 [main] DEBUG org.apache.http.headers - << Server: cloudflare
2024-04-25 19:08:39 [main] DEBUG org.apache.http.headers - << CF-RAY: 879ebc12ff797f5d-MAA
2024-04-25 19:08:39 [main] DEBUG org.apache.http.headers - << Content-Encoding: gzip
2024-04-25 19:08:39 [main] DEBUG org.apache.http.headers - << alt-svc: h3=":443"; ma=86400
2024-04-25 19:08:39 [main] DEBUG o.a.h.impl.client.DefaultHttpClient - Connection can be kept alive indefinitely
2024-04-25 19:08:39 [main] DEBUG i.r.internal.RestAssuredHttpBuilder - Parsing response as: application/json; charset=utf-8
2024-04-25 19:08:39 [main] DEBUG org.apache.http.wire -  << "5e[\r][\n]"
2024-04-25 19:08:39 [main] DEBUG org.apache.http.wire -  << "[0x1f][0x8b][0x8][0x0][0x0][0x0][0x0][0x0][0x0][0x3][0xaa][0xe6]RPP[0xca]LQ[0xb2]R0[0xd4][0x1]1K[0x8b]S[0x8b]<[0x11][0xdc][0x92][0xcc][0x92][0x9c]T%+[0x5][0xa5][0xd0][0x82][0x94][0xc4][0x92][0xd4][0x14][0x85][0x10][0xb0][0x0]X.)?[0xa5][0x12]Y[0xca][0x9][0xc4][0x7][0xcb]$[0xe7][0xe7][0xe6][0xa6][0xe6][0x95][0x14]+Y)D[0xc7]r[0xd5][0x2][0x0][0x0][0x0][0xff][0xff][0x3][0x0][0xa8][0xc2]f[0xeb]d[0x0][0x0][0x0]"
2024-04-25 19:08:39 [main] DEBUG org.apache.http.wire -  << "[\r][\n]"
2024-04-25 19:08:39 [main] DEBUG org.apache.http.wire -  << "0[\r][\n]"
2024-04-25 19:08:39 [main] DEBUG org.apache.http.wire -  << "[\r][\n]"
2024-04-25 19:08:39 [main] DEBUG i.r.internal.RestAssuredHttpBuilder - Parsed data to instance of: class org.apache.http.conn.EofSensorInputStream
2024-04-25 19:08:39 [main] DEBUG o.a.h.i.c.BasicClientConnectionManager - Releasing connection org.apache.http.impl.conn.ManagedClientConnectionImpl@27ffd9f8
2024-04-25 19:08:39 [main] DEBUG o.a.h.i.c.BasicClientConnectionManager - Connection can be kept alive indefinitely
2024-04-25 19:08:39 [main] DEBUG utils.HttpClient - Received response: {
  "id": 1,
  "userId": 1,
  "title": "Updated Title",
  "body": "Updated Body",
  "comments": []
}
  When the user edits the post with new title "Updated Title" and body "Updated Body"                      # stepDefinitions.posts.PostSteps.theUserEditsThePostWithNewTitleAndBody(java.lang.String,java.lang.String)
  Then the response should contain 200 status code                                                         # stepDefinitions.posts.PostSteps.the_post_should_successful(int)
  Then the response should contain the post information with title "Updated Title" and body "Updated Body" # stepDefinitions.posts.PostSteps.theResponseShouldContainThePostInformationWithTitleAndBody(java.lang.String,java.lang.String)
]]></system-out>
  </testcase>
  <testcase name="User edits a post (happy path) #2" classname="Social Network - Posts and Comments" time="1.153">
    <system-out><![CDATA[
@RegressionTest
Scenario Outline: User edits a post (happy path)                                                   # src/test/resources/features/social-network-test.feature:28
2024-04-25 19:08:39 [main] INFO  stepDefinitions.utils.TestContext - TestContext initialized with base URL: http://jsonplaceholder.typicode.com
  Given a user is registered on the social network                                                 # stepDefinitions.posts.PostSteps.aUserIsRegisteredOnTheSocialNetwork()
2024-04-25 19:08:39 [main] DEBUG utils.HttpClient - Making POST request to /posts with body {"id":0,"userId":1,"title":"Old Title","body":"Old Body","comments":[]}
2024-04-25 19:08:39 [main] DEBUG o.a.h.i.c.BasicClientConnectionManager - Get connection for route {}->http://jsonplaceholder.typicode.com:80
2024-04-25 19:08:39 [main] DEBUG o.a.h.i.c.DefaultClientConnectionOperator - Connecting to jsonplaceholder.typicode.com:80
2024-04-25 19:08:40 [main] DEBUG o.a.h.c.protocol.RequestAddCookies - CookieSpec selected: ignoreCookies
2024-04-25 19:08:40 [main] DEBUG o.a.h.c.protocol.RequestAuthCache - Auth cache not set in the context
2024-04-25 19:08:40 [main] DEBUG o.a.h.c.p.RequestTargetAuthentication - Target auth state: UNCHALLENGED
2024-04-25 19:08:40 [main] DEBUG o.a.h.c.p.RequestProxyAuthentication - Proxy auth state: UNCHALLENGED
2024-04-25 19:08:40 [main] DEBUG o.a.h.impl.client.DefaultHttpClient - Attempt 1 to execute request
2024-04-25 19:08:40 [main] DEBUG o.a.h.i.conn.DefaultClientConnection - Sending request: POST /posts HTTP/1.1
2024-04-25 19:08:40 [main] DEBUG org.apache.http.wire -  >> "POST /posts HTTP/1.1[\r][\n]"
2024-04-25 19:08:40 [main] DEBUG org.apache.http.wire -  >> "Accept: */*[\r][\n]"
2024-04-25 19:08:40 [main] DEBUG org.apache.http.wire -  >> "Content-Type: application/json[\r][\n]"
2024-04-25 19:08:40 [main] DEBUG org.apache.http.wire -  >> "Content-Length: 71[\r][\n]"
2024-04-25 19:08:40 [main] DEBUG org.apache.http.wire -  >> "Host: jsonplaceholder.typicode.com[\r][\n]"
2024-04-25 19:08:40 [main] DEBUG org.apache.http.wire -  >> "Connection: Keep-Alive[\r][\n]"
2024-04-25 19:08:40 [main] DEBUG org.apache.http.wire -  >> "User-Agent: Apache-HttpClient/4.5.13 (Java/21.0.1)[\r][\n]"
2024-04-25 19:08:40 [main] DEBUG org.apache.http.wire -  >> "Accept-Encoding: gzip,deflate[\r][\n]"
2024-04-25 19:08:40 [main] DEBUG org.apache.http.wire -  >> "[\r][\n]"
2024-04-25 19:08:40 [main] DEBUG org.apache.http.headers - >> POST /posts HTTP/1.1
2024-04-25 19:08:40 [main] DEBUG org.apache.http.headers - >> Accept: */*
2024-04-25 19:08:40 [main] DEBUG org.apache.http.headers - >> Content-Type: application/json
2024-04-25 19:08:40 [main] DEBUG org.apache.http.headers - >> Content-Length: 71
2024-04-25 19:08:40 [main] DEBUG org.apache.http.headers - >> Host: jsonplaceholder.typicode.com
2024-04-25 19:08:40 [main] DEBUG org.apache.http.headers - >> Connection: Keep-Alive
2024-04-25 19:08:40 [main] DEBUG org.apache.http.headers - >> User-Agent: Apache-HttpClient/4.5.13 (Java/21.0.1)
2024-04-25 19:08:40 [main] DEBUG org.apache.http.headers - >> Accept-Encoding: gzip,deflate
2024-04-25 19:08:40 [main] DEBUG org.apache.http.wire -  >> "{"id":0,"userId":1,"title":"Old Title","body":"Old Body","comments":[]}"
2024-04-25 19:08:40 [main] DEBUG org.apache.http.wire -  << "HTTP/1.1 201 Created[\r][\n]"
2024-04-25 19:08:40 [main] DEBUG org.apache.http.wire -  << "Date: Thu, 25 Apr 2024 13:38:40 GMT[\r][\n]"
2024-04-25 19:08:40 [main] DEBUG org.apache.http.wire -  << "Content-Type: application/json; charset=utf-8[\r][\n]"
2024-04-25 19:08:40 [main] DEBUG org.apache.http.wire -  << "Content-Length: 94[\r][\n]"
2024-04-25 19:08:40 [main] DEBUG org.apache.http.wire -  << "Connection: keep-alive[\r][\n]"
2024-04-25 19:08:40 [main] DEBUG org.apache.http.wire -  << "Report-To: {"group":"heroku-nel","max_age":3600,"endpoints":[{"url":"https://nel.heroku.com/reports?ts=1714052320&sid=e11707d5-02a7-43ef-b45e-2cf4d2036f7d&s=6Ef%2Fpt2pBF%2FBXZhGrMon0MRrCqD2L88YV3syrTSX3nI%3D"}]}[\r][\n]"
2024-04-25 19:08:40 [main] DEBUG org.apache.http.wire -  << "Reporting-Endpoints: heroku-nel=https://nel.heroku.com/reports?ts=1714052320&sid=e11707d5-02a7-43ef-b45e-2cf4d2036f7d&s=6Ef%2Fpt2pBF%2FBXZhGrMon0MRrCqD2L88YV3syrTSX3nI%3D[\r][\n]"
2024-04-25 19:08:40 [main] DEBUG org.apache.http.wire -  << "Nel: {"report_to":"heroku-nel","max_age":3600,"success_fraction":0.005,"failure_fraction":0.05,"response_headers":["Via"]}[\r][\n]"
2024-04-25 19:08:40 [main] DEBUG org.apache.http.wire -  << "X-Powered-By: Express[\r][\n]"
2024-04-25 19:08:40 [main] DEBUG org.apache.http.wire -  << "X-Ratelimit-Limit: 1000[\r][\n]"
2024-04-25 19:08:40 [main] DEBUG org.apache.http.wire -  << "X-Ratelimit-Remaining: 995[\r][\n]"
2024-04-25 19:08:40 [main] DEBUG org.apache.http.wire -  << "X-Ratelimit-Reset: 1714052359[\r][\n]"
2024-04-25 19:08:40 [main] DEBUG org.apache.http.wire -  << "Vary: Origin, X-HTTP-Method-Override, Accept-Encoding[\r][\n]"
2024-04-25 19:08:40 [main] DEBUG org.apache.http.wire -  << "Access-Control-Allow-Credentials: true[\r][\n]"
2024-04-25 19:08:40 [main] DEBUG org.apache.http.wire -  << "Cache-Control: no-cache[\r][\n]"
2024-04-25 19:08:40 [main] DEBUG org.apache.http.wire -  << "Pragma: no-cache[\r][\n]"
2024-04-25 19:08:40 [main] DEBUG org.apache.http.wire -  << "Expires: -1[\r][\n]"
2024-04-25 19:08:40 [main] DEBUG org.apache.http.wire -  << "Access-Control-Expose-Headers: Location[\r][\n]"
2024-04-25 19:08:40 [main] DEBUG org.apache.http.wire -  << "Location: http://jsonplaceholder.typicode.com/posts/101[\r][\n]"
2024-04-25 19:08:40 [main] DEBUG org.apache.http.wire -  << "X-Content-Type-Options: nosniff[\r][\n]"
2024-04-25 19:08:40 [main] DEBUG org.apache.http.wire -  << "Etag: W/"5e-gv2FwPvi02R83pUEzgM3UqiH8rs"[\r][\n]"
2024-04-25 19:08:40 [main] DEBUG org.apache.http.wire -  << "Via: 1.1 vegur[\r][\n]"
2024-04-25 19:08:40 [main] DEBUG org.apache.http.wire -  << "CF-Cache-Status: DYNAMIC[\r][\n]"
2024-04-25 19:08:40 [main] DEBUG org.apache.http.wire -  << "Server: cloudflare[\r][\n]"
2024-04-25 19:08:40 [main] DEBUG org.apache.http.wire -  << "CF-RAY: 879ebc16ee8e7ee6-MAA[\r][\n]"
2024-04-25 19:08:40 [main] DEBUG org.apache.http.wire -  << "alt-svc: h3=":443"; ma=86400[\r][\n]"
2024-04-25 19:08:40 [main] DEBUG org.apache.http.wire -  << "[\r][\n]"
2024-04-25 19:08:40 [main] DEBUG o.a.h.i.conn.DefaultClientConnection - Receiving response: HTTP/1.1 201 Created
2024-04-25 19:08:40 [main] DEBUG org.apache.http.headers - << HTTP/1.1 201 Created
2024-04-25 19:08:40 [main] DEBUG org.apache.http.headers - << Date: Thu, 25 Apr 2024 13:38:40 GMT
2024-04-25 19:08:40 [main] DEBUG org.apache.http.headers - << Content-Type: application/json; charset=utf-8
2024-04-25 19:08:40 [main] DEBUG org.apache.http.headers - << Content-Length: 94
2024-04-25 19:08:40 [main] DEBUG org.apache.http.headers - << Connection: keep-alive
2024-04-25 19:08:40 [main] DEBUG org.apache.http.headers - << Report-To: {"group":"heroku-nel","max_age":3600,"endpoints":[{"url":"https://nel.heroku.com/reports?ts=1714052320&sid=e11707d5-02a7-43ef-b45e-2cf4d2036f7d&s=6Ef%2Fpt2pBF%2FBXZhGrMon0MRrCqD2L88YV3syrTSX3nI%3D"}]}
2024-04-25 19:08:40 [main] DEBUG org.apache.http.headers - << Reporting-Endpoints: heroku-nel=https://nel.heroku.com/reports?ts=1714052320&sid=e11707d5-02a7-43ef-b45e-2cf4d2036f7d&s=6Ef%2Fpt2pBF%2FBXZhGrMon0MRrCqD2L88YV3syrTSX3nI%3D
2024-04-25 19:08:40 [main] DEBUG org.apache.http.headers - << Nel: {"report_to":"heroku-nel","max_age":3600,"success_fraction":0.005,"failure_fraction":0.05,"response_headers":["Via"]}
2024-04-25 19:08:40 [main] DEBUG org.apache.http.headers - << X-Powered-By: Express
2024-04-25 19:08:40 [main] DEBUG org.apache.http.headers - << X-Ratelimit-Limit: 1000
2024-04-25 19:08:40 [main] DEBUG org.apache.http.headers - << X-Ratelimit-Remaining: 995
2024-04-25 19:08:40 [main] DEBUG org.apache.http.headers - << X-Ratelimit-Reset: 1714052359
2024-04-25 19:08:40 [main] DEBUG org.apache.http.headers - << Vary: Origin, X-HTTP-Method-Override, Accept-Encoding
2024-04-25 19:08:40 [main] DEBUG org.apache.http.headers - << Access-Control-Allow-Credentials: true
2024-04-25 19:08:40 [main] DEBUG org.apache.http.headers - << Cache-Control: no-cache
2024-04-25 19:08:40 [main] DEBUG org.apache.http.headers - << Pragma: no-cache
2024-04-25 19:08:40 [main] DEBUG org.apache.http.headers - << Expires: -1
2024-04-25 19:08:40 [main] DEBUG org.apache.http.headers - << Access-Control-Expose-Headers: Location
2024-04-25 19:08:40 [main] DEBUG org.apache.http.headers - << Location: http://jsonplaceholder.typicode.com/posts/101
2024-04-25 19:08:40 [main] DEBUG org.apache.http.headers - << X-Content-Type-Options: nosniff
2024-04-25 19:08:40 [main] DEBUG org.apache.http.headers - << Etag: W/"5e-gv2FwPvi02R83pUEzgM3UqiH8rs"
2024-04-25 19:08:40 [main] DEBUG org.apache.http.headers - << Via: 1.1 vegur
2024-04-25 19:08:40 [main] DEBUG org.apache.http.headers - << CF-Cache-Status: DYNAMIC
2024-04-25 19:08:40 [main] DEBUG org.apache.http.headers - << Server: cloudflare
2024-04-25 19:08:40 [main] DEBUG org.apache.http.headers - << CF-RAY: 879ebc16ee8e7ee6-MAA
2024-04-25 19:08:40 [main] DEBUG org.apache.http.headers - << alt-svc: h3=":443"; ma=86400
2024-04-25 19:08:40 [main] DEBUG o.a.h.impl.client.DefaultHttpClient - Connection can be kept alive indefinitely
2024-04-25 19:08:40 [main] DEBUG i.r.internal.RestAssuredHttpBuilder - Parsing response as: application/json; charset=utf-8
2024-04-25 19:08:40 [main] DEBUG i.r.internal.RestAssuredHttpBuilder - Parsed data to instance of: class org.apache.http.conn.EofSensorInputStream
2024-04-25 19:08:40 [main] DEBUG org.apache.http.wire -  << "{[\n]"
2024-04-25 19:08:40 [main] DEBUG org.apache.http.wire -  << "  "id": 101,[\n]"
2024-04-25 19:08:40 [main] DEBUG org.apache.http.wire -  << "  "userId": 1,[\n]"
2024-04-25 19:08:40 [main] DEBUG org.apache.http.wire -  << "  "title": "Old Title",[\n]"
2024-04-25 19:08:40 [main] DEBUG org.apache.http.wire -  << "  "body": "Old Body",[\n]"
2024-04-25 19:08:40 [main] DEBUG org.apache.http.wire -  << "  "comments": [][\n]"
2024-04-25 19:08:40 [main] DEBUG org.apache.http.wire -  << "}"
2024-04-25 19:08:40 [main] DEBUG o.a.h.i.c.BasicClientConnectionManager - Releasing connection org.apache.http.impl.conn.ManagedClientConnectionImpl@55c1ced9
2024-04-25 19:08:40 [main] DEBUG o.a.h.i.c.BasicClientConnectionManager - Connection can be kept alive indefinitely
2024-04-25 19:08:40 [main] DEBUG utils.HttpClient - Received response: {
  "id": 101,
  "userId": 1,
  "title": "Old Title",
  "body": "Old Body",
  "comments": []
}
  When the user creates a post with title "Old Title" and body "Old Body"                          # stepDefinitions.posts.PostSteps.theUserCreatesAPostWithTitleAndBody(java.lang.String,java.lang.String)
  Then the response should contain 201 status code                                                 # stepDefinitions.posts.PostSteps.the_post_should_successful(int)
2024-04-25 19:08:40 [main] DEBUG utils.HttpClient - Making PUT request to /posts/1 with body {"id":101,"userId":1,"title":"New Title","body":"New Body","comments":[]}
2024-04-25 19:08:40 [main] DEBUG o.a.h.i.c.BasicClientConnectionManager - Get connection for route {}->http://jsonplaceholder.typicode.com:80
2024-04-25 19:08:40 [main] DEBUG o.a.h.i.c.DefaultClientConnectionOperator - Connecting to jsonplaceholder.typicode.com:80
2024-04-25 19:08:40 [main] DEBUG o.a.h.c.protocol.RequestAddCookies - CookieSpec selected: ignoreCookies
2024-04-25 19:08:40 [main] DEBUG o.a.h.c.protocol.RequestAuthCache - Auth cache not set in the context
2024-04-25 19:08:40 [main] DEBUG o.a.h.c.p.RequestTargetAuthentication - Target auth state: UNCHALLENGED
2024-04-25 19:08:40 [main] DEBUG o.a.h.c.p.RequestProxyAuthentication - Proxy auth state: UNCHALLENGED
2024-04-25 19:08:40 [main] DEBUG o.a.h.impl.client.DefaultHttpClient - Attempt 1 to execute request
2024-04-25 19:08:40 [main] DEBUG o.a.h.i.conn.DefaultClientConnection - Sending request: PUT /posts/1 HTTP/1.1
2024-04-25 19:08:40 [main] DEBUG org.apache.http.wire -  >> "PUT /posts/1 HTTP/1.1[\r][\n]"
2024-04-25 19:08:40 [main] DEBUG org.apache.http.wire -  >> "Accept: */*[\r][\n]"
2024-04-25 19:08:40 [main] DEBUG org.apache.http.wire -  >> "Content-Type: application/json[\r][\n]"
2024-04-25 19:08:40 [main] DEBUG org.apache.http.wire -  >> "Content-Length: 73[\r][\n]"
2024-04-25 19:08:40 [main] DEBUG org.apache.http.wire -  >> "Host: jsonplaceholder.typicode.com[\r][\n]"
2024-04-25 19:08:40 [main] DEBUG org.apache.http.wire -  >> "Connection: Keep-Alive[\r][\n]"
2024-04-25 19:08:40 [main] DEBUG org.apache.http.wire -  >> "User-Agent: Apache-HttpClient/4.5.13 (Java/21.0.1)[\r][\n]"
2024-04-25 19:08:40 [main] DEBUG org.apache.http.wire -  >> "Accept-Encoding: gzip,deflate[\r][\n]"
2024-04-25 19:08:40 [main] DEBUG org.apache.http.wire -  >> "[\r][\n]"
2024-04-25 19:08:40 [main] DEBUG org.apache.http.headers - >> PUT /posts/1 HTTP/1.1
2024-04-25 19:08:40 [main] DEBUG org.apache.http.headers - >> Accept: */*
2024-04-25 19:08:40 [main] DEBUG org.apache.http.headers - >> Content-Type: application/json
2024-04-25 19:08:40 [main] DEBUG org.apache.http.headers - >> Content-Length: 73
2024-04-25 19:08:40 [main] DEBUG org.apache.http.headers - >> Host: jsonplaceholder.typicode.com
2024-04-25 19:08:40 [main] DEBUG org.apache.http.headers - >> Connection: Keep-Alive
2024-04-25 19:08:40 [main] DEBUG org.apache.http.headers - >> User-Agent: Apache-HttpClient/4.5.13 (Java/21.0.1)
2024-04-25 19:08:40 [main] DEBUG org.apache.http.headers - >> Accept-Encoding: gzip,deflate
2024-04-25 19:08:40 [main] DEBUG org.apache.http.wire -  >> "{"id":101,"userId":1,"title":"New Title","body":"New Body","comments":[]}"
2024-04-25 19:08:41 [main] DEBUG org.apache.http.wire -  << "HTTP/1.1 200 OK[\r][\n]"
2024-04-25 19:08:41 [main] DEBUG org.apache.http.wire -  << "Date: Thu, 25 Apr 2024 13:38:40 GMT[\r][\n]"
2024-04-25 19:08:41 [main] DEBUG org.apache.http.wire -  << "Content-Type: application/json; charset=utf-8[\r][\n]"
2024-04-25 19:08:41 [main] DEBUG org.apache.http.wire -  << "Transfer-Encoding: chunked[\r][\n]"
2024-04-25 19:08:41 [main] DEBUG org.apache.http.wire -  << "Connection: keep-alive[\r][\n]"
2024-04-25 19:08:41 [main] DEBUG org.apache.http.wire -  << "Report-To: {"group":"heroku-nel","max_age":3600,"endpoints":[{"url":"https://nel.heroku.com/reports?ts=1714052320&sid=e11707d5-02a7-43ef-b45e-2cf4d2036f7d&s=6Ef%2Fpt2pBF%2FBXZhGrMon0MRrCqD2L88YV3syrTSX3nI%3D"}]}[\r][\n]"
2024-04-25 19:08:41 [main] DEBUG org.apache.http.wire -  << "Reporting-Endpoints: heroku-nel=https://nel.heroku.com/reports?ts=1714052320&sid=e11707d5-02a7-43ef-b45e-2cf4d2036f7d&s=6Ef%2Fpt2pBF%2FBXZhGrMon0MRrCqD2L88YV3syrTSX3nI%3D[\r][\n]"
2024-04-25 19:08:41 [main] DEBUG org.apache.http.wire -  << "Nel: {"report_to":"heroku-nel","max_age":3600,"success_fraction":0.005,"failure_fraction":0.05,"response_headers":["Via"]}[\r][\n]"
2024-04-25 19:08:41 [main] DEBUG org.apache.http.wire -  << "X-Powered-By: Express[\r][\n]"
2024-04-25 19:08:41 [main] DEBUG org.apache.http.wire -  << "X-Ratelimit-Limit: 1000[\r][\n]"
2024-04-25 19:08:41 [main] DEBUG org.apache.http.wire -  << "X-Ratelimit-Remaining: 994[\r][\n]"
2024-04-25 19:08:41 [main] DEBUG org.apache.http.wire -  << "X-Ratelimit-Reset: 1714052359[\r][\n]"
2024-04-25 19:08:41 [main] DEBUG org.apache.http.wire -  << "Vary: Origin, Accept-Encoding[\r][\n]"
2024-04-25 19:08:41 [main] DEBUG org.apache.http.wire -  << "Access-Control-Allow-Credentials: true[\r][\n]"
2024-04-25 19:08:41 [main] DEBUG org.apache.http.wire -  << "Cache-Control: no-cache[\r][\n]"
2024-04-25 19:08:41 [main] DEBUG org.apache.http.wire -  << "Pragma: no-cache[\r][\n]"
2024-04-25 19:08:41 [main] DEBUG org.apache.http.wire -  << "Expires: -1[\r][\n]"
2024-04-25 19:08:41 [main] DEBUG org.apache.http.wire -  << "X-Content-Type-Options: nosniff[\r][\n]"
2024-04-25 19:08:41 [main] DEBUG org.apache.http.wire -  << "Etag: W/"5c-clIj+4xseNsO4IqkUzhVELqHHuM"[\r][\n]"
2024-04-25 19:08:41 [main] DEBUG org.apache.http.wire -  << "Via: 1.1 vegur[\r][\n]"
2024-04-25 19:08:41 [main] DEBUG org.apache.http.wire -  << "CF-Cache-Status: DYNAMIC[\r][\n]"
2024-04-25 19:08:41 [main] DEBUG org.apache.http.wire -  << "Server: cloudflare[\r][\n]"
2024-04-25 19:08:41 [main] DEBUG org.apache.http.wire -  << "CF-RAY: 879ebc1b09b5447e-BOM[\r][\n]"
2024-04-25 19:08:41 [main] DEBUG org.apache.http.wire -  << "Content-Encoding: gzip[\r][\n]"
2024-04-25 19:08:41 [main] DEBUG org.apache.http.wire -  << "alt-svc: h3=":443"; ma=86400[\r][\n]"
2024-04-25 19:08:41 [main] DEBUG org.apache.http.wire -  << "[\r][\n]"
2024-04-25 19:08:41 [main] DEBUG o.a.h.i.conn.DefaultClientConnection - Receiving response: HTTP/1.1 200 OK
2024-04-25 19:08:41 [main] DEBUG org.apache.http.headers - << HTTP/1.1 200 OK
2024-04-25 19:08:41 [main] DEBUG org.apache.http.headers - << Date: Thu, 25 Apr 2024 13:38:40 GMT
2024-04-25 19:08:41 [main] DEBUG org.apache.http.headers - << Content-Type: application/json; charset=utf-8
2024-04-25 19:08:41 [main] DEBUG org.apache.http.headers - << Transfer-Encoding: chunked
2024-04-25 19:08:41 [main] DEBUG org.apache.http.headers - << Connection: keep-alive
2024-04-25 19:08:41 [main] DEBUG org.apache.http.headers - << Report-To: {"group":"heroku-nel","max_age":3600,"endpoints":[{"url":"https://nel.heroku.com/reports?ts=1714052320&sid=e11707d5-02a7-43ef-b45e-2cf4d2036f7d&s=6Ef%2Fpt2pBF%2FBXZhGrMon0MRrCqD2L88YV3syrTSX3nI%3D"}]}
2024-04-25 19:08:41 [main] DEBUG org.apache.http.headers - << Reporting-Endpoints: heroku-nel=https://nel.heroku.com/reports?ts=1714052320&sid=e11707d5-02a7-43ef-b45e-2cf4d2036f7d&s=6Ef%2Fpt2pBF%2FBXZhGrMon0MRrCqD2L88YV3syrTSX3nI%3D
2024-04-25 19:08:41 [main] DEBUG org.apache.http.headers - << Nel: {"report_to":"heroku-nel","max_age":3600,"success_fraction":0.005,"failure_fraction":0.05,"response_headers":["Via"]}
2024-04-25 19:08:41 [main] DEBUG org.apache.http.headers - << X-Powered-By: Express
2024-04-25 19:08:41 [main] DEBUG org.apache.http.headers - << X-Ratelimit-Limit: 1000
2024-04-25 19:08:41 [main] DEBUG org.apache.http.headers - << X-Ratelimit-Remaining: 994
2024-04-25 19:08:41 [main] DEBUG org.apache.http.headers - << X-Ratelimit-Reset: 1714052359
2024-04-25 19:08:41 [main] DEBUG org.apache.http.headers - << Vary: Origin, Accept-Encoding
2024-04-25 19:08:41 [main] DEBUG org.apache.http.headers - << Access-Control-Allow-Credentials: true
2024-04-25 19:08:41 [main] DEBUG org.apache.http.headers - << Cache-Control: no-cache
2024-04-25 19:08:41 [main] DEBUG org.apache.http.headers - << Pragma: no-cache
2024-04-25 19:08:41 [main] DEBUG org.apache.http.headers - << Expires: -1
2024-04-25 19:08:41 [main] DEBUG org.apache.http.headers - << X-Content-Type-Options: nosniff
2024-04-25 19:08:41 [main] DEBUG org.apache.http.headers - << Etag: W/"5c-clIj+4xseNsO4IqkUzhVELqHHuM"
2024-04-25 19:08:41 [main] DEBUG org.apache.http.headers - << Via: 1.1 vegur
2024-04-25 19:08:41 [main] DEBUG org.apache.http.headers - << CF-Cache-Status: DYNAMIC
2024-04-25 19:08:41 [main] DEBUG org.apache.http.headers - << Server: cloudflare
2024-04-25 19:08:41 [main] DEBUG org.apache.http.headers - << CF-RAY: 879ebc1b09b5447e-BOM
2024-04-25 19:08:41 [main] DEBUG org.apache.http.headers - << Content-Encoding: gzip
2024-04-25 19:08:41 [main] DEBUG org.apache.http.headers - << alt-svc: h3=":443"; ma=86400
2024-04-25 19:08:41 [main] DEBUG o.a.h.impl.client.DefaultHttpClient - Connection can be kept alive indefinitely
2024-04-25 19:08:41 [main] DEBUG i.r.internal.RestAssuredHttpBuilder - Parsing response as: application/json; charset=utf-8
2024-04-25 19:08:41 [main] DEBUG org.apache.http.wire -  << "5a[\r][\n]"
2024-04-25 19:08:41 [main] DEBUG org.apache.http.wire -  << "[0x1f][0x8b][0x8][0x0][0x0][0x0][0x0][0x0][0x0][0x3][0xaa][0xe6]RPP[0xca]LQ[0xb2]R0[0xd4][0x1]1K[0x8b]S[0x8b]<[0x11][0xdc][0x92][0xcc][0x92][0x9c]T%+[0x5]%[0xbf][0xd4]r[0x85][0x10]0[0x7],[0x9e][0x94][0x9f]R[0x9][0x13]v[0x2][0xb1][0xc1][0xa2][0xc9][0xf9][0xb9][0xb9][0xa9]y%[0xc5]JV[\n]"
2024-04-25 19:08:41 [main] DEBUG org.apache.http.wire -  << "[0xd1][0xb1]\[0xb5][0x0][0x0][0x0][0x0][0xff][0xff][0x3][0x0][0xc][0xc3]*[0x84]\[0x0][0x0][0x0]"
2024-04-25 19:08:41 [main] DEBUG org.apache.http.wire -  << "[\r][\n]"
2024-04-25 19:08:41 [main] DEBUG org.apache.http.wire -  << "0[\r][\n]"
2024-04-25 19:08:41 [main] DEBUG org.apache.http.wire -  << "[\r][\n]"
2024-04-25 19:08:41 [main] DEBUG i.r.internal.RestAssuredHttpBuilder - Parsed data to instance of: class org.apache.http.conn.EofSensorInputStream
2024-04-25 19:08:41 [main] DEBUG o.a.h.i.c.BasicClientConnectionManager - Releasing connection org.apache.http.impl.conn.ManagedClientConnectionImpl@a316f6b
2024-04-25 19:08:41 [main] DEBUG o.a.h.i.c.BasicClientConnectionManager - Connection can be kept alive indefinitely
2024-04-25 19:08:41 [main] DEBUG utils.HttpClient - Received response: {
  "id": 1,
  "userId": 1,
  "title": "New Title",
  "body": "New Body",
  "comments": []
}
  When the user edits the post with new title "New Title" and body "New Body"                      # stepDefinitions.posts.PostSteps.theUserEditsThePostWithNewTitleAndBody(java.lang.String,java.lang.String)
  Then the response should contain 200 status code                                                 # stepDefinitions.posts.PostSteps.the_post_should_successful(int)
  Then the response should contain the post information with title "New Title" and body "New Body" # stepDefinitions.posts.PostSteps.theResponseShouldContainThePostInformationWithTitleAndBody(java.lang.String,java.lang.String)
]]></system-out>
  </testcase>
  <testcase name="User retrieves all posts" classname="Social Network - Posts and Comments" time="1.865">
    <system-out><![CDATA[
@RegressionTest
Scenario: User retrieves all posts                                               # src/test/resources/features/social-network-test.feature:31
2024-04-25 19:08:41 [main] INFO  stepDefinitions.utils.TestContext - TestContext initialized with base URL: http://jsonplaceholder.typicode.com
  Given a user is registered on the social network                               # stepDefinitions.posts.PostSteps.aUserIsRegisteredOnTheSocialNetwork()
2024-04-25 19:08:41 [main] DEBUG utils.HttpClient - Making GET request to /posts
2024-04-25 19:08:41 [main] DEBUG o.a.h.i.c.BasicClientConnectionManager - Get connection for route {}->http://jsonplaceholder.typicode.com:80
2024-04-25 19:08:41 [main] DEBUG o.a.h.i.c.DefaultClientConnectionOperator - Connecting to jsonplaceholder.typicode.com:80
2024-04-25 19:08:41 [main] DEBUG o.a.h.c.protocol.RequestAddCookies - CookieSpec selected: ignoreCookies
2024-04-25 19:08:41 [main] DEBUG o.a.h.c.protocol.RequestAuthCache - Auth cache not set in the context
2024-04-25 19:08:41 [main] DEBUG o.a.h.c.p.RequestTargetAuthentication - Target auth state: UNCHALLENGED
2024-04-25 19:08:41 [main] DEBUG o.a.h.c.p.RequestProxyAuthentication - Proxy auth state: UNCHALLENGED
2024-04-25 19:08:41 [main] DEBUG o.a.h.impl.client.DefaultHttpClient - Attempt 1 to execute request
2024-04-25 19:08:41 [main] DEBUG o.a.h.i.conn.DefaultClientConnection - Sending request: GET /posts HTTP/1.1
2024-04-25 19:08:41 [main] DEBUG org.apache.http.wire -  >> "GET /posts HTTP/1.1[\r][\n]"
2024-04-25 19:08:41 [main] DEBUG org.apache.http.wire -  >> "Content-Type: application/json[\r][\n]"
2024-04-25 19:08:41 [main] DEBUG org.apache.http.wire -  >> "Accept: */*[\r][\n]"
2024-04-25 19:08:41 [main] DEBUG org.apache.http.wire -  >> "Host: jsonplaceholder.typicode.com[\r][\n]"
2024-04-25 19:08:41 [main] DEBUG org.apache.http.wire -  >> "Connection: Keep-Alive[\r][\n]"
2024-04-25 19:08:41 [main] DEBUG org.apache.http.wire -  >> "User-Agent: Apache-HttpClient/4.5.13 (Java/21.0.1)[\r][\n]"
2024-04-25 19:08:41 [main] DEBUG org.apache.http.wire -  >> "Accept-Encoding: gzip,deflate[\r][\n]"
2024-04-25 19:08:41 [main] DEBUG org.apache.http.wire -  >> "[\r][\n]"
2024-04-25 19:08:41 [main] DEBUG org.apache.http.headers - >> GET /posts HTTP/1.1
2024-04-25 19:08:41 [main] DEBUG org.apache.http.headers - >> Content-Type: application/json
2024-04-25 19:08:41 [main] DEBUG org.apache.http.headers - >> Accept: */*
2024-04-25 19:08:41 [main] DEBUG org.apache.http.headers - >> Host: jsonplaceholder.typicode.com
2024-04-25 19:08:41 [main] DEBUG org.apache.http.headers - >> Connection: Keep-Alive
2024-04-25 19:08:41 [main] DEBUG org.apache.http.headers - >> User-Agent: Apache-HttpClient/4.5.13 (Java/21.0.1)
2024-04-25 19:08:41 [main] DEBUG org.apache.http.headers - >> Accept-Encoding: gzip,deflate
2024-04-25 19:08:41 [main] DEBUG org.apache.http.wire -  << "HTTP/1.1 200 OK[\r][\n]"
2024-04-25 19:08:41 [main] DEBUG org.apache.http.wire -  << "Date: Thu, 25 Apr 2024 13:38:41 GMT[\r][\n]"
2024-04-25 19:08:41 [main] DEBUG org.apache.http.wire -  << "Content-Type: application/json; charset=utf-8[\r][\n]"
2024-04-25 19:08:41 [main] DEBUG org.apache.http.wire -  << "Transfer-Encoding: chunked[\r][\n]"
2024-04-25 19:08:41 [main] DEBUG org.apache.http.wire -  << "Connection: keep-alive[\r][\n]"
2024-04-25 19:08:41 [main] DEBUG org.apache.http.wire -  << "Report-To: {"group":"heroku-nel","max_age":3600,"endpoints":[{"url":"https://nel.heroku.com/reports?ts=1713954180&sid=e11707d5-02a7-43ef-b45e-2cf4d2036f7d&s=PfxIlS4KGznL8sQR%2FC1ZBrCZHLllKSQjrWnS0axXbwc%3D"}]}[\r][\n]"
2024-04-25 19:08:41 [main] DEBUG org.apache.http.wire -  << "Reporting-Endpoints: heroku-nel=https://nel.heroku.com/reports?ts=1713954180&sid=e11707d5-02a7-43ef-b45e-2cf4d2036f7d&s=PfxIlS4KGznL8sQR%2FC1ZBrCZHLllKSQjrWnS0axXbwc%3D[\r][\n]"
2024-04-25 19:08:41 [main] DEBUG org.apache.http.wire -  << "Nel: {"report_to":"heroku-nel","max_age":3600,"success_fraction":0.005,"failure_fraction":0.05,"response_headers":["Via"]}[\r][\n]"
2024-04-25 19:08:41 [main] DEBUG org.apache.http.wire -  << "X-Powered-By: Express[\r][\n]"
2024-04-25 19:08:41 [main] DEBUG org.apache.http.wire -  << "X-Ratelimit-Limit: 1000[\r][\n]"
2024-04-25 19:08:41 [main] DEBUG org.apache.http.wire -  << "X-Ratelimit-Remaining: 999[\r][\n]"
2024-04-25 19:08:41 [main] DEBUG org.apache.http.wire -  << "X-Ratelimit-Reset: 1713954195[\r][\n]"
2024-04-25 19:08:41 [main] DEBUG org.apache.http.wire -  << "Vary: Origin, Accept-Encoding[\r][\n]"
2024-04-25 19:08:41 [main] DEBUG org.apache.http.wire -  << "Access-Control-Allow-Credentials: true[\r][\n]"
2024-04-25 19:08:41 [main] DEBUG org.apache.http.wire -  << "Cache-Control: max-age=43200[\r][\n]"
2024-04-25 19:08:41 [main] DEBUG org.apache.http.wire -  << "Pragma: no-cache[\r][\n]"
2024-04-25 19:08:41 [main] DEBUG org.apache.http.wire -  << "Expires: -1[\r][\n]"
2024-04-25 19:08:41 [main] DEBUG org.apache.http.wire -  << "X-Content-Type-Options: nosniff[\r][\n]"
2024-04-25 19:08:41 [main] DEBUG org.apache.http.wire -  << "Etag: W/"6b80-Ybsq/K6GwwqrYkAsFxqDXGC7DoM"[\r][\n]"
2024-04-25 19:08:41 [main] DEBUG org.apache.http.wire -  << "Content-Encoding: gzip[\r][\n]"
2024-04-25 19:08:41 [main] DEBUG org.apache.http.wire -  << "Via: 1.1 vegur[\r][\n]"
2024-04-25 19:08:41 [main] DEBUG org.apache.http.wire -  << "CF-Cache-Status: REVALIDATED[\r][\n]"
2024-04-25 19:08:41 [main] DEBUG org.apache.http.wire -  << "Server: cloudflare[\r][\n]"
2024-04-25 19:08:41 [main] DEBUG org.apache.http.wire -  << "CF-RAY: 879ebc1e2c4e3e2e-BOM[\r][\n]"
2024-04-25 19:08:41 [main] DEBUG org.apache.http.wire -  << "alt-svc: h3=":443"; ma=86400[\r][\n]"
2024-04-25 19:08:41 [main] DEBUG org.apache.http.wire -  << "[\r][\n]"
2024-04-25 19:08:41 [main] DEBUG o.a.h.i.conn.DefaultClientConnection - Receiving response: HTTP/1.1 200 OK
2024-04-25 19:08:41 [main] DEBUG org.apache.http.headers - << HTTP/1.1 200 OK
2024-04-25 19:08:41 [main] DEBUG org.apache.http.headers - << Date: Thu, 25 Apr 2024 13:38:41 GMT
2024-04-25 19:08:41 [main] DEBUG org.apache.http.headers - << Content-Type: application/json; charset=utf-8
2024-04-25 19:08:41 [main] DEBUG org.apache.http.headers - << Transfer-Encoding: chunked
2024-04-25 19:08:41 [main] DEBUG org.apache.http.headers - << Connection: keep-alive
2024-04-25 19:08:41 [main] DEBUG org.apache.http.headers - << Report-To: {"group":"heroku-nel","max_age":3600,"endpoints":[{"url":"https://nel.heroku.com/reports?ts=1713954180&sid=e11707d5-02a7-43ef-b45e-2cf4d2036f7d&s=PfxIlS4KGznL8sQR%2FC1ZBrCZHLllKSQjrWnS0axXbwc%3D"}]}
2024-04-25 19:08:41 [main] DEBUG org.apache.http.headers - << Reporting-Endpoints: heroku-nel=https://nel.heroku.com/reports?ts=1713954180&sid=e11707d5-02a7-43ef-b45e-2cf4d2036f7d&s=PfxIlS4KGznL8sQR%2FC1ZBrCZHLllKSQjrWnS0axXbwc%3D
2024-04-25 19:08:41 [main] DEBUG org.apache.http.headers - << Nel: {"report_to":"heroku-nel","max_age":3600,"success_fraction":0.005,"failure_fraction":0.05,"response_headers":["Via"]}
2024-04-25 19:08:41 [main] DEBUG org.apache.http.headers - << X-Powered-By: Express
2024-04-25 19:08:41 [main] DEBUG org.apache.http.headers - << X-Ratelimit-Limit: 1000
2024-04-25 19:08:41 [main] DEBUG org.apache.http.headers - << X-Ratelimit-Remaining: 999
2024-04-25 19:08:41 [main] DEBUG org.apache.http.headers - << X-Ratelimit-Reset: 1713954195
2024-04-25 19:08:41 [main] DEBUG org.apache.http.headers - << Vary: Origin, Accept-Encoding
2024-04-25 19:08:41 [main] DEBUG org.apache.http.headers - << Access-Control-Allow-Credentials: true
2024-04-25 19:08:41 [main] DEBUG org.apache.http.headers - << Cache-Control: max-age=43200
2024-04-25 19:08:41 [main] DEBUG org.apache.http.headers - << Pragma: no-cache
2024-04-25 19:08:41 [main] DEBUG org.apache.http.headers - << Expires: -1
2024-04-25 19:08:41 [main] DEBUG org.apache.http.headers - << X-Content-Type-Options: nosniff
2024-04-25 19:08:41 [main] DEBUG org.apache.http.headers - << Etag: W/"6b80-Ybsq/K6GwwqrYkAsFxqDXGC7DoM"
2024-04-25 19:08:41 [main] DEBUG org.apache.http.headers - << Content-Encoding: gzip
2024-04-25 19:08:41 [main] DEBUG org.apache.http.headers - << Via: 1.1 vegur
2024-04-25 19:08:41 [main] DEBUG org.apache.http.headers - << CF-Cache-Status: REVALIDATED
2024-04-25 19:08:41 [main] DEBUG org.apache.http.headers - << Server: cloudflare
2024-04-25 19:08:41 [main] DEBUG org.apache.http.headers - << CF-RAY: 879ebc1e2c4e3e2e-BOM
2024-04-25 19:08:41 [main] DEBUG org.apache.http.headers - << alt-svc: h3=":443"; ma=86400
2024-04-25 19:08:41 [main] DEBUG o.a.h.impl.client.DefaultHttpClient - Connection can be kept alive indefinitely
2024-04-25 19:08:41 [main] DEBUG i.r.internal.RestAssuredHttpBuilder - Parsing response as: application/json; charset=utf-8
2024-04-25 19:08:41 [main] DEBUG org.apache.http.wire -  << "1b9a[\r][\n]"
2024-04-25 19:08:41 [main] DEBUG org.apache.http.wire -  << "[0x1f][0x8b][0x8][0x0][0x0][0x0][0x0][0x0][0x0][0x3][0x8d]]I[0x8e][0xe4][0xc8][0x8e][0xdd][0xff]S[0x8][0xb9][0xfe][0x8b][0x9a][0x87][0xbe]A[0x9f][0xa1][0xa3][0x17][0x16][0xee][0x96]U[0x2][0xdc][0xa5]([0x97][0x94][0x88]F[0xa3][0xef][0xde]$[0x1f]'[0x93][0xc9]=[0x5]d[0x15]b[0x90]K2[0x1a][0x87][0xc7]G[0xd2][0xe2][0xbf][0xfe]5[0xc][0xff]K[0xff][\r][0xc3][0x97]m[0xa9][0x8f][0xff][0xbc]~[0xf9][0x8f][0xe1][0xc7][0xe3][0x7]c[0xfe]f[0x1d][0xd7][[0xa5][0xef][0xbf],[0xdb][0xb4][0xe]e[[0x87][0xaf][0xe5]R[0x1f]ux[0xd4][0x8f]z[0xbb][0x95]u[0xf8]x[0xcc][0xdf][0xc6]k[0xa5][0xdf][0xce][0x97]K[0xa9][0x97][0xb2][0x8e]C[0xfd][0xbc][0xd4][0x8f]u{[0x8c][0xc3][0xfc][0xb1][0x8e]3_[0xfc][0xa8][0xd7][0xe9]Z[0x1f][0xe3][0xfa]Eo[0xfd]>_[0xff][0x87][0xef][0xfc][0xcf]6[0x96][0xa1][0xae][0xc3][0xb2]-[0x97][0xf1]c\[0xdf]&[0xfb][0x8a]>w[0xd9][0x96]2]K[0x1d].[0xf3][0xb4][0xd4]6z[0x8b][0xed]A[0xf7][0xff][0xa8][0xd7]q[0x95][0x8f]][0xb6][0xfb][0xdb][0xd4]<`[0xb8][0xcf][0xb7][0xba][0xac]#}[0x8a][0xde][0x97][0xfe][0xfd][0xb3][0x95]eX[0xe7][0xb5][0xd0][0x95][0xd3][0xbc][0xac][0x8f][0xed]N[0xb7][0xe6][0xff][0xd3]e[0xbc][0xa8]z[0x1f]d}[0xf][0xfa][0xa2]~[0xab][0xd3]H[0xf7]-[0x8f][0xcb][0xdf][0xe3]Z/[0xeb][0xfc][0x85][0xde][0xf7][0xff][0xfe][0xfd]=[0x89][0xfd][0xb4][0x97][0x18][0xad]K[0xee]_[0x97][0xa5][0xee][0xd7][0xcc]?[0xc7][0x1b][0xd0][0xb3]?f[0x92][0xe7]7ZN}[0x93]5[0x8e][0xc3]2[0xd2][0xcb]L[0xe3][0xdf][0xe3][0xad][0x15][0xdd]p[0x9d]o[0xf3]cx[0xaf][0x85].[0x1e]j[0xc1][0xf7]u[0x19]&[0xfa][0x18]}[0xfa][0xeb][0xf6][0xd7]H[[0xf2]~#[0x99][0x8d][0xeb]8.[0xc3][0xb7][0xf9][0xb6]}[0xac]e[0xad][0x3]=[0xe5]1[0xf][0xdf][0xea]Mo[0xdc][0x8][0xe9]Q[0xc7][0xcb]H[0xf][0x19][0x97][0xb7][0x89]_[0xa0]|[0xd0][0xe3][0xca]}[0x98][0xe6]i[0xb8][0xd6]w[0xba][0xd7]B7X[0x96][0xf1][0xbe]-[0x3]_ [0xf][0xa4];-[0xf4][0xe5]FzpNF?[0xef]eDK[0xb0][0xf7]Xd[0x9b]Xw[0xea][0xe3]B[0xc2] [0xbd][0x99][0xea]=[0xf4][0x8c][0x9f]:~,[0x85][0x84]#{[0xd6][0x89]t[0x1d][0xc6]mY[0xe7]a[0xa9]W[0xba]x[0xa6][0xef][0x1e]$[0x12][0x17][0xc0]=[0xe9][0xe7]|[0xa7]7[0x1f][0xea]m[0xfc][0x8b][0xd7],j][0xae][0xcd][0xb5]"[0xd8][0xf1][0x9d]V[0xcb][0x12]+[0x17][0xd1][0xc3]u[0xa4][\r][0xa3][0xf7] Y[0x14][0x12][0xf]i[0xe2][0xdb][0x14]b[0x84][0x80]+[0xbd][0xc4]0_I[0xe9][0xe9][0x85]n[0xe5][0x9d][0xf7][0x96][0xbe][0xa2][0xbb][0xe8]k[0x9f][0x12][0xd4]/[0x9d][0xa0]XYW[0xd1]'_[0xc6]^[0x2][0xbc][0xf]r[0xd5]RHhiO[0x87][0xb4][0xb0]r%[0xcb]"[0xf3]"U[0xe3][0x17][0xba]W3[0x80][0xb2],[0xdb][0x9d]./[0xc9][0xa2][0xa1][0xa2][0x97][0xed][0xf6]QD/[0x96][0xe1][0xef][0xf1]B[0xa6]x[0xbf][0xd3][\n]"
2024-04-25 19:08:41 [main] DEBUG org.apache.http.wire -  << "I[0x7][0xe8]>f6k[0x9d]*[0x9b]&4[0xf2][0xce][0xda][0xc1][0xbb]u[0xd7]m[0x90][0xf][0x8b][0x8d][0xa5]w[0xc1][0xed][0xc7][0xdb]m[0x86]|[0xce][0xc9][0xe6][0xd7][0xbd]l[0xfc]=[0xc4][0xce]Y[0xf6]{[0xc9][0x90][0x12]m[0xd7][0x11][0x8e][0x84][0xcd][0xbb][0xf0]6[0x96][0xfa](+[0xde][0x89]T[0xe6]m*7VBqq0#U4v[0xe][0xa4]R$[0xfa]V[0x9b]D[0x87][0xdc]([0xd8][0xca]}m[0xa2]8[0xbc][0xe4][0xb7]I=L+[0x1f][0x98][0xcf][0xb9][0xe5][0xfe][0xb6]_[0xae]Jx`[0x95][0xb8][0x97][0xbf]&2[0x99]yq[0x8b]eo[0xda])[0x6][0xbd][0xc2]B[0xbf][0x9f]Xei[0xfb][0x1e][0xa4][0xaa][0xbc][0x97][0x85][0xc5][0xf]o[0x0][0xad][0xf6][0x8d][0x17]7$[0xca]M[0xdb]B[0xee]y[0x9a][0xdf][0xe9][0xf7]$![0xfa][0xf1]5\[0xc7][0xdb]Dw]>H[0xcf][\n]"
2024-04-25 19:08:41 [main] DEBUG org.apache.http.wire -  << "{[0x8]VP[0xba][0xb6][0xde][0xe7][0xa1][0xbc][0xef]<WkBeI[0xb2]t/[0x6]#[0xa9]kV"[0xd6]9i[0xfd][0xbe][0x97][0x16]K[0x88][0xc4]BQk[0xbc][0x8d][0xb][0xf6]s/[0x1f]<n[0xf8][0xb8]Qh[0x83][0xa7][0xa1][0xfd][0xbb][0xb2]-[0x15][0xf1]$[0xea][0x9b]!l[0x91][0x14][0xe9][0x90][0x88][0x1a][0xdf][0xf1]5X[0xf5][0xa6][0xc6]'[\n]"
2024-04-25 19:08:41 [main] DEBUG org.apache.http.wire -  << "[0xcd][0xee]+B[0xa2][0x4][0xa4][0xb1]p[0x98][0x9b]$<[0xc1][0xe7][0xf3]&[0xd2][0xf3][0xe0][0xbd][0xca]rn[0xb9]<S[0xe]][0x12]k[0x9f][0x98]a[0xb7][0xe4][0x91][0xd6][0xc2][0xaa][0x9b]T[0xc7]>+o[0xc3]Q[0xd5][0x84][0x16][0x2])[0xb4]n[\r]O[0x1e][0xa4]=`[0xb9]-HH6[0x3][0x83][0xd4][0xee]e[0x94]-v1[0xbc]Mp[0xf][0xb4]~[0xf3]'0[\r]S[0xb][0xd6][0xee]Y[0x9d][0xb3]l[0xc0]9[0x89][0xfc][0xf9][0xd4];[0xb0]#R[0xab][0xb5][0x95]"[0xf8][\n]"
2024-04-25 19:08:41 [main] DEBUG org.apache.http.wire -  << "[0x8c]H[0xfa][0xb9][0x97][0x95]@[0x8f][0xcb]*[0xe6][0xb][0x1][0xb4][0xf7][0xc4][0xdd][0xc8][0xd4]U)[\n]"
2024-04-25 19:08:41 [main] DEBUG org.apache.http.wire -  << "[0x82][0x9][0xfc][0xc][0x1c][0x8]@[0x88]|[0x7][[0xa2][0xab]WC[0x1f][0xac]?W[0xf9]"[0xc]P[0xa5][0xa0][\n]"
2024-04-25 19:08:41 [main] DEBUG org.apache.http.wire -  << "[0xeb][0xdf][0x9e][0x93][0xc1][0x8f]?[0xec][0x85][0x0][0x18][0x16][0xa1]v[0xbc][0xe2]Ek[0xbf]ZVf~7[0x83]X[0xb2][0x9][0xb4][0xa3][0xc3][0xfc][0xf5]+[0x1b][0xba][0x4]D[0xd9][0xd4][0xb7])[0xa2]$+A[0xf2][0xb2][0xbc]|[\n]"
2024-04-25 19:08:41 [main] DEBUG org.apache.http.wire -  << "[0x86][0x82][0xf][0x16][0x86]tt[0xd7]%\/-[0x97][0xf5][0x1c]2[0xbf]K[0x90]}H[0xc8]'[0x5][0xa1] [0xfa]x[0xba][0xcc][0x9f][0x9a]ev [0x15][0xe]H[0x1e]-[0xcb][0xbb][0x95][0xed][0xaa]>[0xe7][0xd8][0xf0][0xeb][0x8d]6[0x96][0x9e][0x9f]be[0x4][0xf4][0xc0][0xb][0xc][0x83][0xee]#moqx[0xc8][0xb][0xce][0xee][0x9e][0xe2][0x87][0xaf]f[0x9c][0xc4]9+L[0x93][0xf5][0xb3][0xd0][0x2]7[0xb9][0xeb][[0xb2][0xfe][0xb][0xc2][0x99].[0xe3][0x95]4[0xeb]mb[0xa7]-[0xca][0xa6][0xbf]>)[0x93][0xe][0x86][0xd2][0xcb][0x84][0xfd][0x1a][0xda][0xa4][0xfb]A[0xfd][0xd4][0x12][0xf6][0x82][0xa1][0xcd][0x90][0x8][0xe][0xb5][0x84][0xf]%g[0xff](u[0xa9][0xe][0x83][0x8a]:|[0xdc][0xc][0xa2]7[0xb5][0xad][0xc][0xe3][0xcb][0x7][0xc9][0x94][0xfc][0xbb]\[0x8b]8#[0x80]#[0x4]+[0xbf][0xa1][0xa7]D\%[0xbf][0xa0]"[0xe0][0xfb][0xc9]+[0x8e][0xb4][0x1d][0xd3][0x85][0x15]Xb[0xfb]99tPSV[0xba][0x89])[0x92]H[0xfc]E=[0xc4]9nb[0x3][0x10][0xc9][0xef][0x85][0xc2][0xa2][0xb8][0x8e][0x17][0xb2][0x9][0xf7]t[0xe2][0xf7][0xfc][0x16]~[0xd3][0xd8][0xd1]9[0xc5]2Z[0xda][0xb2]r&[0xf3]x[0xd0]e[0xe3][0x13][0x80]&[0x0]R[0x90][0x11] [0x1a][0x99][0x1e]o[0x85][0x18][0x8d]#V[0x1][0x96][0xec]!E)%[0xc][0xa5][0xac]L[0xee][0x95][0x92][0xa6][0xc0]t[0xd9][0x87][0x1][0xa8]F~[0xc3][0x11][0x82]q[0x98][0xc4][0x89]s[0xd2][0xed][0xf0]i^[0x80][0xbd][0xa4]8[0x9d][0xbd][0x10][0x9][%[0xcb]2[0xb4][0x8d][0xc9]k[0x0]&Tqr[0xd2]6eL[0x0]#B"Jv'[0xbe][0xcc]o[0x13][0xf6][0xb][0xfb][0xe3][0x9c][\n]"
2024-04-25 19:08:41 [main] DEBUG org.apache.http.wire -  << "j[0xec][0xdb]#[0xa9][0xa0][0xc0];z[0xce]vv[0xcd][0x1d][0xee][0xc]W@[[0x3][0xcb]b;;[0x0][0x9f][0x9][0x7][0x89]#T[0xa4]!n[0x81][0xf3]U[0xb8][0x16]s[0xb0][0x6][0x87][0xc6][0xbb][0xb8][0xe0][0xec]W[0xd3][0xea][0xc4]"}Ii[0xd3][0x5][0x92][0x98]g{[0x9b]pW[0x87]{[0x8a]m_G[0xd4]v[0xe1][0x1d][0x2]m[0xe3][0x3][0x1][0xb1] [0xdb][0xb][0x5][0xf8][0x9c][0xb5][0x89][0xc6][0x8e]3[0x87][0xfc]#[0x84][0xee]wc[0xb0]&aC[0xcc]P[0x91][0x9][0xed][0x1e][0xed]3CXE[0x11]$C^[0xc8][0xea][0xb8]b[0x8f][0xbc]K[0x83][0xd5]E$H[0x8f][0xe0]d[0x7][0x80]}81[0x6][0xf6]J/[0x8]@V[0xc4]bV[0x1d][0x9a][0xca][0xe0][0x96]_-!Wv[0x7]'[0xc5][0xd8]AS[0xac][0xc0][0xb7][0x90][0xd5]4"tz{G[0x5]][0xca];/[0xd9][0xe3][0x8a][0x92][0x8b]3f[0xa0][0xcf][0xaf]+N$A1[0xbe][0x94][0xf8][0xb3]D([0x8a][0x93]SH[0x1e][0x87][0xa4]{P8[\n]"
2024-04-25 19:08:41 [main] DEBUG org.apache.http.wire -  << "*@i[0x8][0xfd][0x95][0xc0]\l[0xf2][0x86][0x7][\n]"
2024-04-25 19:08:41 [main] DEBUG org.apache.http.wire -  << "[0x94]8[0xeb][0x95];[0xbc][0x1a][0xa2][0xe4][0xfc][0x1d]QG[0xe2][0xb7]A[0xb3][0xc0][0xff][0xfb][0xc5][0x87][0xf5]i[0xaa]eN[0x11][0xe6][0x9d]w[0xd4][0xfd][0x87][0x84]UE^[\r]\[0xe1][0x1f]$[0x91]s[0xb8]6[0xde][0xa3]Z[0x0]<[0xb9][0xc6][0xe][0x81]Z[0xca][0xed][0x9][0x86]x[0x1d][0x11]^[\n]"
2024-04-25 19:08:41 [main] DEBUG org.apache.http.wire -  << "[0x1][0xb4][0x86].[\n]"
2024-04-25 19:08:41 [main] DEBUG org.apache.http.wire -  << "[0xcb]u[0xa2][0xbc][0x97][0xed]cd8[0xc6]DNdic[0xc4]fM[0x1d]D[0x5][0x18][0xe3]:[0x0]5[0xb][0x81][0xfa]g[0xa9][0x94]U[0x82][0x92][0xbf][0x9e][0x90]&[0x1c][0xa1][0x1c][0xfb]-[0xe6][0xb0][0xbe][0x8b]?[0x1b][0x11][0xfc][0xd4][0xe1][0xcf][0x0][0x8a][0xe4][0xad][0xd3][0x2][0xcc][0xea][0xcb][0x11]+[0xd8]r~[0xd7][0xed]"!7[0xd3]P[0xb]@5c[\n]"
2024-04-25 19:08:41 [main] DEBUG org.apache.http.wire -  << "[0xfa][0xd9][0xc8][0xe9]iM[0xf4]![0x2][0x1d][0xf2][0xc][0xbe][0x88][0xa4]4g[0xac][0xe9][0xae]q[0xc7]9[0xf1][0xee][0xc3]8[0x5][0xaf][0xd7][0xb]%[0xf7][0xa3]9[0x17][0xe5][0x11][0x91]H(A[0x92][0x84][0xea][0xb2][0xd3][0x4]P[0xc3]7[0xfd][0xf8]6^HA[0x9f]J[0xf0][0xe7]F[0x82][0x1d][0xb4][0xcd][0xde][0xaf][0xe8][0x9a][0x1a][0xa7]'[0x80]C#[0x89][0xf8]5[0xf6][0xd2][0x7][0xb1][0x8][0xe9][0xa8][0xa5][0xf2][0x19][0xd2]E[0xfe]7#h[0xc2][0x90][0xe8][0x9e]t{6![0xd8]'[0x85]cq[0x9]Jn[0x85];[0x91]|[0x16]I[0x9c][0x19]'[0xd3]E)4A%[0xdf][0xa6][0x94]w[0x19]/[0x12]:Gw9)[0xa4][0xe][0xeb][0xe2][0xe1][0x12][0x9e]$|[0x18][0xa3]`[0xc2]W$[0xda][0xa7][0xc3][0xac][0x17][0xe2][0xf5][0xd6][0xc][0x86][0x92]~r[0x0]b[0x91]`[0xdb]Y[0x18][0x1c][0xc5]H[0xa1][0x9c][0x89].[\n]"
2024-04-25 19:08:41 [main] DEBUG org.apache.http.wire -  << ">[0x10]4B*B.[0xb2][0xa5][0x9]M[0x16]$7[0x7]:[0x8b][0xf0]B[0x11][0x9f][s[0x87]k[0xef][0xe5]s[0xbc][0xb]T[0x97][0x98][0xae][0xfe]zb[0xb5][0xeb][0xd7][0x19][0xba][0xbf][0x91][0xdb]W e[0x80][\r]9[0xbb]f[0xa3][0x81][0xe][0xc1]n[0x88]c[0x6][0xf]"[0xa4][0x2][0x3]4v[0xf][0xb6][0x95][0x9][0x9e][0xc1]t[0xf8]6[0xc8]r[0x85][0xfd][0xf4]lH[0xc8][0xe]8#[0xd1]1[0xdd][0xff][0x8c]"N[0x8a][0xa2][0x3][0xa1][0xc8][0x95]Y[0xe7]T7C#[0x19]Ni^[0xd1][0xed]=[0xa7][0xed][0x92][0xf1][0x82][0xca]6[0xdb][0xf6][0xc8]*J#|X[0x8a][0x10]Mx[0x81][0xb0]aT[0x5][0xb5][0x4]Rr[0xb1][0x9e][0xa4][0xfd][0xb4]E[\r][0xed]"[0xd4][0xcf]uH[0x96]m[0x91][0xf8][0xa4][0x0]:D[0xca][0x1a][0x6]d[0x93][0x92]&[0xb][0x90][0xc7]tq^[0x7]+9[0xd6][0xe][0xba]v[0xc4][0xce]e7[0xc][0xda]&0>[0xac]%[0xb4][0xbd][0xae]F[0xae]s[0x1e]?h[0xb5]%[0xd3][0xe4][0xa2]9[0x96][0x87]Z[0x16][0x19][0xaf]{r[0xe9][0x1d]&[0x95]J[0x8b][0xb0],[0x9a][0xdd][\n]"
2024-04-25 19:08:41 [main] DEBUG org.apache.http.wire -  << "v[0x99][0xa7][0xe]hZ[0x9c][0x0]c[0x1b][0x81]I[0xf3]S[0x3]{&[0x9]s[0x8a][0x2][0x9d][0x9a][0x80][0xd4][0xe2]z(}[0xda][0xed]H[0x8]v,[0xe9][0x5]Ihp[0x13][0xf6](I[0xb5]]N,yFB'[0x5][0xd2][0xa1]KTSH[0xe7]X[0xb5]I[0xdd][0xcc][0xd0][0x94]p:&D[0x98][0xb6]`[0x9d]t[0x9b][0x81][0x1b]l[0xd8]=[0xc3]E[0x9e][0xc5]3[0x82][0xc4][0x8f][0x94][0x11][0x95][0xec][0x9f][0xe9],[0xc5];[0xb0]0q[0x90][0xe]Q[0x95][l[0x91]wd[0x1]m[0xcc]E[0x98][0xe5][0x17][0x1b][0x19][0xd6][0xac][0xac]:![0xdf][0xac][0xc3]'[0xa5][0xd5][0xf3][0xa6][0xc6][0x4]y[0x11][0xc5]irq[\n]"
2024-04-25 19:08:41 [main] DEBUG org.apache.http.wire -  << "[0x19][0xa6][0x1f] 5[0xe][0x8][0xaa]}[0xf]!{[0xa1][0x88][0x4]v[0x14]~1{[0xc][0x1b][0xcf]*"[0x1e][0x82]E[0x92]*v[0x1e]B[0xa4][0x9a][0xc1][0xd6]"[0xb2]lb}[0xa6]KB[0xa1][0xad][0xb4]Y_[0xa4][0xb4][0xad][0x18]:[0xa8][0x8a][\n]"
2024-04-25 19:08:41 [main] DEBUG org.apache.http.wire -  << "[0x9a]P[0x10][0x12][0x6]v[0xfb] [0x95] [0xda][0xc9][0xfd][0xf2]eG[0x95]i7[\n]"
2024-04-25 19:08:41 [main] DEBUG org.apache.http.wire -  << "\[0xb6][0x8b][0xe5]"[0x9e][0xd3][0xc2][0x4]"[0xa1][0xd8]Z[0xc3][0x98][0x9][0xd2][\r]c[0x14]'[0xa1][0x88][0xdd]}M[0xce][0x83][0xfd][0x89]c ?y[0xe2]es[0xc8]{N[0x8]?w`[0x15][0xa4][0xff][0xfe][0xe6][0x89][0x9e][0xe8][0x88]![0xb8]\[0x1][0x1f][0xc0]{[0xe4]&5[0xb4][0xa7][0x9d][0x15]%Q`$[0x15]B[0x84][0xee][0xb7])]#XV[0xe5]?.[0x1e]][0xc1]*o([0x9a]qN[0x97]@t[0xe3]\[0xa4][0xfc][0xf3]l[0xdd][0xbf]4[0xeb][0xee] &T[0x1f][0xe5][0x9][0x86][0xae][0xca][0xfe][0xed]C@O[0xa2]j[0x9e][0xc4]o[0x8d][0xf2][0x85][0xd1][0x8d][0xba][0xfd]KC?)[0x8a]0[0x1][0xe1]yM[0x1c][0xb2]Df[0x9c][0xbc][0x8e][0xc2][0xb1][0xc8][0xf5];[0xd2]~[0xcf]]4[0x97]1[0x3]<(xf[0xf5]9)[0xa1]c|[0xa9][0xc5]M[0xe4]p[\n]"
2024-04-25 19:08:41 [main] DEBUG org.apache.http.wire -  << "[0xa3][0x97][0x3]\[0xe1]i5{_-[0xa0]%[0x10]/[0xe0][0x18]`[0xca]$[0xe8][0xe8]<q[0xd0][0xcc][0xa1][0x19][0xe2][0xb6]$|[0xc3]=[0x15]Q[0x85][0xb8]S[0xd0]w[0xb7][0x3][0xb7][0x9b][0x8]g[0xe5][0x9]\,\[0x82]oI[0x94]E[0x15][0xf3][0xa4][0x94]:D*[0x11][0xc0]!w[0xac][0xe5][0x9][0xd7][0xc][0xe7][0x8e][0xbc][0xdc][0x90][0x94][0xa5][0xf2][0xce]S[0xb][0x89][0x8e][0xaa][0x5][0xc2][0x11]t[0x83]C[0x9c][0x5]6[0xc3][0x14]F[0x1a]%[0xc][0xd2][0x87][0xdb]D[0x1e]^[0xc8][0x18][0xd5][0x95]g[0x82][0xf5][0xe4][0x8a];[0xe0][0x19][0xae]O[0x19][0xaf][0xed][0xd1][0xf3][0x15][0x96][0x8d]d[0x9e][0x13][0xbb][0xb3][0xb5][0xdc][0x83]S"[0xc6][0xc2][0xb3]S6<i[0x9d][0x7][0xb2][0x1e][0xb0]1[0x7][0x1f][0xb5][0xba][0x13][0x9c][0x98]s)[0xc8][0xe][0xf9][0x93];b]z>[0x9c],N[0xdc]l[0xc2][0xab]FOz[0xf1]Kt[0xfa][0xa4][0xc8]:[0xa8]J{[0x9][0xa5]n[0x98]7[0xa7][0xbf]P[0xfa]x[0xca]|[0x9][\r][0x7][0x88][0xe9][0x91][0xdb][0x1][\n]"
2024-04-25 19:08:41 [main] DEBUG org.apache.http.wire -  << "[0xab][0x92][0xc5][0xc]u6[0x8e]Df[0xe3]A[0x13][0xa1]be[0xce][0x16][0xd0]%Y[0x1a][0x91][0x8c]*[0xa5][0xf2][0x10][0xc2][0x96][0x88][0x13][0x8][\n]"
2024-04-25 19:08:41 [main] DEBUG org.apache.http.wire -  << "[0xce][0x13][0xa9][0xaa][0xd2][0x81][0xe3][0x16]lxRP[0x1d][0xb0][0x15][0xe0][0xc9][0xda][0x95][0xaa]e[0xc1][0xfa]:}[0x4]][0xe9]"[0xd3][0xb5])p[0x0]g"[0xa1]O[0x19][0x1e][Y[0xe2][0x92]s[0xf5][0x1d][0xc9]%[0xca][0x96][0x13][0x98]\[0xd1][0x15][0x89]x[0x96][0xce][0xa7][0xf8][0x5][0x84]P[0xb4][0xc6]m[[0xc][0xb][0xd3][0xce][0xb1]\[0x0][0xd2]n[0xa3]`([0x91][0x10][0x88][0xda][0xb3][0x93]RSv[0xd4]wR[0x88][0x1d][0x18]N[0x85]U[0x8a]f[0x1b][0xa8]3s[0xa7][0xa4]rOc[0xda][0xaa]/#[0x19][0xbf][0x1a][0x80][0x0][0x1b]3[0x2][0xb7]G[0xba]q[0x93] [\n]"
2024-04-25 19:08:41 [main] DEBUG org.apache.http.wire -  << "[0x93]&T[0xa6][0xdc][0x84][0x8c][0xd5][0xb2][0xc4]-UW[0x91]?[0x1]b[0xb2]]&G[0x8d][0xcd]j[0x8][0xbb]M[0xb1][0xb4]{0)[0xee][0x81][0xd5]>)[0x9a][0xe][0xf9][0x86][0xa7][0xd6]D[0x81][\r]j[0x1a][0xa5][0xea][0x89]x[[0xde][0x19][\n]"
2024-04-25 19:08:41 [main] DEBUG org.apache.http.wire -  << " 8[0x91][0xb2][0xf5][0x15][0xe][0x18][0xab][0xe4]S[0xda]3[0x83]xm2[\n]"
2024-04-25 19:08:41 [main] DEBUG org.apache.http.wire -  << "[0xcf]R[0x93][0xb9][0xc8][0xde][0x97][0x16][0xd8][0xc6]>A}Z[0xf8][0xc9]R[0x84][0x83][0xcd]P[0xb0][0xb9][0xb][0xb7]>[0x98]C[0x8][\n]"
2024-04-25 19:08:41 [main] DEBUG org.apache.http.wire -  << "O[0xcb][0xdd][0xf4]i[0xdd]r[0xd4][0xc3]y[0xb5]@[0xbc][0xca][0x95][0x8a][0xdf]>'[0xc7][0xe]:[0x8b][0xe8]4Y[0x94][0xbd][0xcf][0x1d]/[0x92][0x9d][0x16][0x84][0x99][0x9e][0x95][0xf1]T[0x3][0x8b]3[0xf][0xc3][0xaa][0xca][0x2]K7[0xe2]4[0x2][0x16][0x19]&S[0x94][0xe7]t[0xff]'OW[0x12]X[0xb8][0x9a])[0xf6]4![0x10]q,BlEnc[0x15][[0xe1][0xbf][0xd1]B[0x2]o[0x91][0x15][0xdb][0xeb][0xb3][0x9f][0xe7]d[0xf5]K[0x87][0xb0][0xb5]SbV[0xcf]p[0xd0][0xaf][0x94][0xba]@[0xc]c)q[0x80]`/[0x91][0xf][0xf1][0x9b][0xef][0xe3][0xd9]$[0xec][0x89][0xf7][0xc0][[0x1e]"[0x9b]j[0xec]3[0xab]"r[0x14][0xa1][0xc4][0x1a][0xee]G[0x96][0xbb][0x9]O[0xc1]HCe[0xef][0x9f]zU[0x13][0xf8][0xb5][0x91]@[0x87][0xb5]%[0x17]X[0xac][0x9b]v/[0x80][0xa6]Q[0xc3]9[0x94]h![0xda]c[0xaa][0xc1][0xd8]h7[0xd1][0xe8]oC;R[0x6][0xe0][0xa2][0x1f][0xf6]{[0xa7][0x5]B1R[0xc1][0xeb]S8[0xa1][0x9][0x1e][0x86]q[0xb8][0xe0][0x6][0xd5]O[0xb0]k[0xea])[0xe5]9'[0xa5][0xd1][0xe1]j[0xab][0x97]+-[0xc8][0xf8][0xae][0xe6][0x96])D[0xfa][0xf0]T[0x99][0xb5][0xf6][0xd2]D[0x9f][0x93][0xce]CSb[[0x93]m9[0x1b][0xa1]kr[0xa5][0xce][0xa9][0xf5][0x8c][0xea][0xab][0xc7][0xd8][0xcc][0xef][0xa9][0xf2][0xc1]s[0xab][0xdd][0xa3]P[0xdd]4Hc3[0x92]Wo[0xfd][0x10][0xb0][0x8][0x88][0xdb][0x17][0xbd][0xa1][0xad][0xf8][0xfa].Zg[0xe3]xg[0xcd]m7dU[0xd4][0xa0][0x92][0xe8][0xd8]Ik[0x12][0xf1]"[0xbb][0x8d][0x14][0x18][0xd2][0x94]z)[0x90]O[0x8d]R/VR[0x93][0x0][0xdd][0xe1][0xb1][0xe2][0xb0][0xf6]65[0x16])+MB@b[0xef]s[0xf7][0x18][0xd2]cc[0xb2][0x85][0x93][0xb5][0xe7][0xec]n[0xa3][0xc8][0x9b][0x14][0x95][0xf3][0x9a][0x96]J4[0xdd]<)[0xd6][0xe][0xd5][0xc3][0x83] [0xad][0xf][0x8b]\[0xfa][0xe][0xf6]DE[0xb1].e[[0xf3][0xde][0xb0]u[0xb8][0x8d][0xef][0x8c][0x6][0xcc]`[0xc0][0xef]qB[0x90]J[0xe3][0xd0][0xe]8[0xb1][0xc8][0xeb]$}A. N[0xfb]Q[0xb5]$^e[0xc5][0xe6][0xa1][0xc0][0x90][0xa9][0x93][0xda]v[0xf8][0xfe]E[0xd2][0xdb][0x8a][0xa1]C[0xea][[0xa4]e[0xbe]G[0xca][0xf1]J[0xc6]o[0x9c]]j[0xb6]:[0xcc][0x16][0xab]K'[0x8b][0xc2][0x16][0xfb]m[0x9b][0x1e]8V[0x19][0xd7]0i[0xf1][0xd7][0x81][0x3]C\[0xa2][0x88][0x80][0xd9][0x8e][\n]"
2024-04-25 19:08:41 [main] DEBUG org.apache.http.wire -  << "[0xdc][0xe4],[0x14][0x83][0xe6]<[0xb7][0xf4][0xe]{[0x1b]W[0xaa][0xed][0xce][0x99]dSG[0xd2][0x15]X[0xda][0xa6][0x3][0x91][0x1a][e[0x84][0x1e][0x90][0xcd]"[0x8][0x87]q[0x96][0x81][0xb8][0x1f][0xd1][0xb6][0xd2][0xa2][0xc],[0xfa][0xc7]j[0xe3][0xc9][0xd0][0xc4][0xc0][0xd6]uru[0x7][0xc][0xb1])[0x98][0x2]t[0x95]W[0x94]![0x9e]/. [0x9d][0xf2]7[0xdc][0xc7][0x16])[0x95][0x80].%x,KH[0xed]t[0x1c][0xbc][0x9b][0xdc][0x89]o[0x99][0x9][0xf1]}[0x13][0x8f][0x8d]k[0x14]([0xfb]B[0x9f]ZK[0x8a][0x8c][0xe6][0x0][0xb3][0xff]9)[0x96][0xe][0x10][0xb7][0xd9][0xb8]:[0xba][0x92][0xc9]I[0x98]"[0x1][0xbe][0xa7][0x2]Bz[0x98]nc;[0x8c]&[0xd4]Hd[0xba][0xc0]e[0x99][0xf9][0x89]",:[0x1e][0xdf]P|[0x4][0xc7][\r][0xce]q[0xcf][0x83][0x1b]][0xd4]v[0xaf][0xca][0xa6][0x18]a[0x98][0x87]o[0xce][0x9][0xa5]C[0xb7]F[0xc8]p[0x80][0xf3]Q[0xa0]-C[0xfb][0xb6][\r][0xe8]IP[0xe][0xfa][0x9e]V[0xc1]q[0x9e][0xc1]E`uF;[0x12]P[0x11]\S[0x8a]j][0xea][0x2]ZP[0xc7]7[0xe4]B[0x86][0xa0][\r][0x97]Q[0xdd][0xa4][0xd7][0x14]#R[0xfd]vC[0xcb]m[0xf0][0xd0][0xf9][0x92][0x1a]0_[0x8d]g4[0xf2][0xf9][0xb5]C[0xb4]-[0xf4][0x1a][0x9b][0xb2]_[0x7]-[0xe2][0xdd][0xf9]R[0xf5][0xa5]M\[0xeb][0x9c][0xa7][0x0] w[0xb5][0x96][0x4]XP[0xdf][0xd5][0xa5][0xec][0xd1][0x9][0xd9]g[0xb][0xd1]RY[0xbc][0x8e]fb)^[0xd0][0xee][0x8][0x13][0xed]M[0xdc][0xb9][0xc0][0xa7][0x9c][0x8a]?[0xdd][0xc]][0x11]QLc[0xb4][0xc4][0xef]S[0xd1][0xfe][0xd6][0x88][0xb6][0x9f]<[0x83][0xb1][0x1b][0xf8]2N '[0xc6][0x92][0x1a][0xc8][0xf3][0x9e])^S[0x9][0x16][0x1f]g[0xe6][0xac][0xd0]"[0x97][0x2][0x9b][0x8d][0xb2]N[0x5][0xbb][0xe][0xed][0x1c]+[0xba]$[0x18][0xab]$[0xe4],[0xfd][0x9a]][0xf4][0x1e]~[0xda][0x95][0x1f]O[0x90]iu[0xba][0xd9]b[0x94][0x3]$[0xeb][0xce][0xab]^[0x13][0x19][0xdc]Y[0x1e]*;K[0x1e]o[0x10]0!Qf[0xbf][0xcf][0xdc][0xce][0x8c]Gk.[0x9f]r[0x2][0xfa][0xa9][0xd5]s[0xe0][0xe][0xe5][0xce]9[0xdb][0x8d],>,[0xf8]m[0xd2]}[0x14][0x9a]`[0xdf][0x13][0xe9][0x1d][0xad]'E[0xd5]A[0xe0](j:[0xc4][0x17][0x8e][0xaa][0xcb][0xac]@[0x81][0x2][0xad]f,\[0xb7]f[0x1e][0xc9]p[0xdb][0x93][0x99]4q[0x85][0xd2][0x12]-[0xa9][0xb7]l[0x2][0xf0][0x1][0xd4]"s[0x9a][0x92]?[0x3]Ej[0x12][0x15]~j[0x1][0x8f]:[0xa5][0xdc][0xc6][0xe1][0xf6]IQt[0xb0]U[0xb6]+t[0x12]%[0xdc][0xa6][0xee][0xa4]e[0x99][0xae][0x8c]g[0x8d]s[0xca]F$[0xf2][0x97]<[0x89][0xe4]([0x86][0xaa][0xb6][0xdc][0xc4][0x9d]j[0xe6][0x84][0xd8][0xb4][0x3]T![0x4]:@[0xf6][0xed]U[0xdc][0x95]e^[0xd1][0xdb][0xa1]-U?[0xb9][0xee][0xe][0xa7]Z[0xbb]B[0xce][0xf1]!\ [0xef][0xa7][0x1c]_[0xa4][0x99][0xa5]![0xe7][0xa1]$[\n]"
2024-04-25 19:08:41 [main] DEBUG org.apache.http.wire -  << "[0xdb][0xb5][0x10]#[0xa3]Vn[0xb][0x97]M[0x8d]H[0x8a][0x9e][0xca][0x9d][0xb4]}[0x85]+[0x1a][0xce]u[0xb1]J[0xc0][0xc6][0xfc][0x14][0xe2][0x1a][0x87]k[0xad]v[0x9c]\}[0x7]U[0xb5]{[0xa9]X[0x9][0xa2][0xa5][0xce][0x8e]Z[0xd9]e[0x96]0[0xf5]8p[0x9f]u[0x5][0xc]|l:[0xa5]Q[\r][0x93]h[0xe9][0xc2][0xa0][0xb7]M[0xa0][0xc6]4O=[0x9c]^[0xb1][0xcd]e[0x93]h[0xa6][0xce][0xe][0xc6]ZkD[0xa9][0x93]B[0xe8][0x10][0xad][0x14][0xe][0xdf]u[0xea][0xb6][0x83][0xaf]9wh[0xc7][0x89][0xb][0x16][0x8c]DU[0x6]`[0x96]&[0x9f]Q[0xd7][0x95][0xb9][0x81][0xe8]b[0xaa][0x9a][0x12]c[0x16]9[0xd6][0x9e][0xb0]zL[0x81]-g7[0xf8]i[0xa7],{([0x0]P[0x1f][0xfe][0x95]b[0x8][0xc6][0x1f][0xbb][0xce][0x4]e6[0xd3][0xa7][0xb5]3[0xc1][0x82]7[0x9a][0xb4]| h[0x96][0x16][0xcd][0x98][0xc1][0x93][0xb9]H[0xe5][0x98]m[0xa0][0xc7][0x8a][0x9a][0xde][0xbe][0xc6][0xe8]D[0x1a][0xf1][0x83]+[0xc0]sO.[0xb6][0x83][0x9b][0xa8][0x8][0xe7][0xb1][0xb0][0x12]E[0xdf][0xaa][0xd8]b[0xbc][0xbe][0x9a][0xda][0xda]O&[0xca][0x1a][0xaa]U[0xd1]S[0xfc]b[0xf][0xb1]o[0x1f][0x9b]T[0xc3][0xad][0xb1][0xaf]+~[0x99][0xf0][0x1d][0x93]5[0xa3]/[0x88][0xcd][0x81](.[0x1e]]$[0xdc]jK1[0xcc][0x86][0xfb][0xd5][0x0][0xa6]m[0xc5][0xe7]z![0x1b][0x11][0xfe][0xd6]![0xd2][0x1c][0x83][0xac][0xfc][0x15][0xcd]]V5([0x87]mL[0x11][0xa0][0x8e][0xf9][0xc9][0xc]y$[0x19]x[0xcf][0xa3]&[0x9b][0xe]nr[0xf9][0x8d][0xdd][0x6][0x8c]E[0xe2][0xbe][0xb5]&[0xe7][0xae]oq[0xa0][0xd9][0xef]F[0x81]@B[0xb1]qe6[0xab][0xec][0x85][0xac][0xa7][0x92][0xf9][0xbd][0x91]L[0x7]([0xf][0xc7][0xbc]3lc[0xeb][0xf] [0xd1]-[0xfe][0x1d][0x9],[0xe8]![0xb4][0x81]z[0xcd][0xc1][0x80][0xbd][0xbb][0xbb][0xdc][0x9e][0xf3][0xbe][0xe3]h5[0xdd][0x93]Mq[0x6][[0xa2]c[0xaa][0xa8]Y[0x98][0xa2][0x1c][0xa7]U>ym[0xcc]#[0xb9][0x3]W:L9[0xfb][0x97]3[0xd5][0xad][0x90]:[0xec]i[0x1e][0xde]g[0x1a][0xe9]n[0x87][0x9d][0x93])[0xa5][0x2]rjY[0xa7][0xc][0xb2][0xc2][0xaa]0j[0xcd][0x1b][0xea][0x92][0xcb][0x3]u5[0xdd]EiX![0x85]3[0xc8][0x84][0x1d][0xab]B[0x81][0xa4][0xf1][0xa6][0x9]dT1[0xac][0x87]I[0xa4]s[0x92][0xe8][0xa0][0xa5][0x1b]v[0xda][0x94][0xbc][0x8b]j[0xeb]F,#S30[0x90][0xce][0xb5]8[0x96][0x9e]7[0xb0][0x84][0x18]Y[0xbb][0xa2]\[0xe8][0xea]Q[0x1f][0x81][0xbf][0xb4][0xcb][0xfa]3w[0x9][0x1][0x8c][0xfb][0xfc][0xa0][0xd2][0x4]"[TeYH[0xad][0xb5][0xe7][0xc6]#7i[0xeb][0xcb][0x82][0x98]mru[0xdc]9I[0x97][\n]"
2024-04-25 19:08:41 [main] DEBUG org.apache.http.wire -  << "[0xf0][0xe5][0xeb]A[0x98]V[0xc2][0xfd][0xe1][0x6][0xab][0xf7][0xc][0xb3]s[0x4][0xb9][0xc5][0xfc][0x96][0xcf][0xb4][0xcf][0xd7].[0x9f][0xb9]*&[0x89]5[0x90]7[0x5]U[0x93][0xe3]tjO[0x1f][0xdb]3J[0x16][0x4][0xb1][0x1c]'[0xd2][0xf0]a[0xd1][0x9d][0xc]P[0x3]:[0xbb]l6[0xb3][0xfb][0x1c][0xa5][0xb4][0xcb][0xed][0x80]j[0x93][0xb9]^ab[0x88][0xa9][0xfc][0xef][0x19][0xa7][0x4]z[0xf9]S[0xfc](w[0xfd]M[0xb9][0xaf]]&[0x89][0xb5]Nf[0xc4][0x86]i[0x96]R[0xc6][0x8a]@[0xd0][0x19][0x9d][0xe5][0xe2][0x0][0x9c]n[0x8e][0xce][0xbd][0xb2][0xee]:[0x95][0x92]w6[0xc2][0x86]_[0x9c]=[0xba][0xb][0xcc][0xa0][0xd5]I[0xa9]t[0x0]6[0x97]t[0xab]e[0xb7][0x92][v[0x95][0x1d][0x1f]D[0xb6](e^[0xd7]&}R[0x1][0x7][0xa9]P[0x80][0xd7] [0x82]&[0xfe][0xaa][0xd4]U[0xe4]HH[0x8e][0xe7]<[0xfd][0xeb][0xe4]b<&[0x1d][0xc][0xb0]*[0x89][0x89][0x13]G^[0xd6][0xbe][0xda]uw[0x98][0xd5][0xb6][0x8d][0x9f][0xce]/[0x87][0x1][0xc9][0xc5]I[0x9e][0x17]u[0xf7][0xd6][0x98]s[0xa9][0xf0][0xa8][0x97][0xc3][0xb1][0xaf][0xd5][0xd7]v[0xa7][0x9a][0x14][0xed][0xfc]wG$[0xe8]D[0xe7][0x5]1>#[0xec]_rmM[0x13]|[[0xab][0xff][0xfe][0xb9][\r][0xad]\:[0xbc]+[0x99][0xaa][0xb8]7[0xf5]}[0x89][\r]L[0x15][0x84][0xc3]!S[0xb][0x83]q6K[0x82][0x17][0x6][0x0]K[0x80][0xcc][0xf2][0xe9]7`B[0xa0][0x12][0xa2][0x18][0xa0]9q)E[0x17][0xd0]eVS[0xb7][0x16]E[0xb1][0x1d]?f[0xe7]t[0xe8][0xed][0xc0][0xaf][0x8a]\v[0xc3]7[\r][\r][0xaf][0xc2]^[0x1c][0xdb][0x83][0xf7][0xdc][0xc3][0xd9][0xb7]mU[0xd7][0xb1][0xb5][0xe8][0xa8][0xa7][0x5]n[0xcb][0x93][0x84]6[0xae]n[0xfd][0x9f]:[0x8f][0xdc]d[0x11][\n]"
2024-04-25 19:08:41 [main] DEBUG org.apache.http.wire -  << ""[0xbb][0xf6][0xd3][0x83][0xa1]([0x10][0xb]([0xc1]k[0xd3][0x9d]B[0xdd]l[0xf5][0xad][0xcf]QWtN[0x88][0xbf]w[0xf0][0xb7]),[0xe8][0xb0]4C[0xee]Cbp_8[0xd7]c[RI|[c[0xbf][0xc5][0xef][0x5][0x9][0xb0][0xa3]~[0xb5][0xa7][0x2]*bt[0x9][0x99]([0xa2][0x93][0xf3][0x89]>|[0xf0][0xdc]@[0xfe]hVxt[0xd8]A[0xd3][0xbc]R[0xf3]`!{[0x91]NO[0x82][0xb1][0xc9][0xf4][0xa7][0x14][0x8d]![0xed]fJ[0xdc]Z[0xe6]r[0x95][0xc6]WT[0x15][0xd5][0xeb]pII[0xa0][0xdd][0xfb]9-[0xb6][0xe9][0x10][0xd6][0xd2][0xc4][0x91][0x93][0xab][0xee]p[0xa9]8/[0xb6][0xc8][0x1d]t[0xb7][0xf1][0xbb]YG[0xd5]:[0xc0][0x0]0[0x95]O[0x1e][0x88][0x1d]M[0xeb]n[0xc9][0xbb]t[0xe0][0x19][0xb0]I[0xcb]dYj[0xcc][0xef][0x93][0xa6][0xd5][0xab][0x9e][0x9d]`[0x7][0xbc][0x8]f[0x8][0x92]l[0x1][0xed][0x95][0xf2][\r][0xef][0x6][0xf3][0xf2][0xc8]k[0x7][0xd2][0xca][0xa8]C[0xac][0xed][0xdc][0xa4][0xab][0xed][0xac][0xfa][0x99][0xe0]"'n[0x1a][0xfa][0x11][0xcc]<[0xed][0x4]L[0x11][0xd9][0xcd][0xc1][0xc0][0xa3][0xb6][0xb2]qX[0x4][0x95]`[0xe8][0x84][0x0][0xa5][0x12]\[0xca][0xbe][0xa6][0x8f][0x1b][0x93]\[0xa3][\r][0xb7]T[0xad]P[0x80][0x98][0x98]Z[0xae][0xe6][0xa8][0xdb]uyY[0xb9]i[0x85][0xd5][0x83]Oa[0xb9][0xb9][0xf5][0xc7][0x12][0xcd]|[0xaa]IY[0x1a][0x1a][0xdc][0x82][0xdf][0xe1][0x0][0x84]Rp[0xb5][0x1b]_[0x11][0x9d][0xb5]2h[0xcc][0x95][0xdf][0x9f][0x9c]t[0xe4][0xce]1rGks[0x0][0x18]o:.[0xa5]{E[0xe1][0x8e][0x9e][0xdd]b[0xdb][0xe4][0xdd]n[0xae][0xf5][0xf1][0xc]uD'[0xa5][0xd6]a[0xd8][0xdc][0x18]\mtc[0xb0][0xfe][0xc4][0x9c][0xd7][0x8d][0xdd][0x8][0x96][0x9f][0x1f]Fv*}[0x95]H[0xd7][0xf2](<[0x93][0x6]z,[0x99][0x9d][0x98][0x93]d[0x10]mj[0x9][0xe8][0xdb]qk[0xdb][0xee][0xcc][0xb8]h[0x7][0xd4][0x12]l[0x1e][0xcc][0x82][0xaf][0xc2][0xd0][0x85]B[0xba][0xc4]M[0x98]fG[0xaf]<:[0x8e][0xbf]S[0xd5]iE[0xf7][0xec][0xfc].[0xde][0xd6][0xa8]K^[0x8d][0xab]~[0xd1][0x88][0xe3]'[0xc2][0xd8][0xc9][0x17][0x8][0xab][0x8][0x2]jF[0x19][0xd8]W[0x8d][0x5][0xa1]f[0x96]Q[0x5][0xcc][0xe9][0xa6][0x91]^[0x1e][0xb1][0xd2][0xae][0xac][0x83][0xb2];[0xb5]?[0xac][0x9d][0x1c][0x1d][0xfe][0x80][0xde]/[0xb1]u[0x94]3*0[0xa0][0xe2][0xd3][0x1f]\[0x8d]@[0xd5]6[0x9c][0x90][0xd2][0x0][0x99]j[0xf]z[0x1b]3[0xed]f:[0xc9]k[0xb8][0x1e]ym1"[0xbe][0xe]l[0xdc]k[0xaa]P[0xe4][0xd7][0x8a][0xd6][0xf4]s[0xc2][0xea][0xf0][0xad]<[0xb0]I[0xee][0x8c]i[0xd7]t[0xa3][0x9f]1{O[0xad]"[0xe2]q[0xc2]wz[0xe7][0x5]:[0x88][0x2][0xd5][0x85]33[0xfe]q[0x94]>Zo[0xe0][0xe2][0x1f][0xe8]L;[0xd0][0x9e][0x80][0x89][0x9c]u[0x9c][`[0x7]c[0xf7]\{[0xf4]w[0xab]%'[0x6]GT[0x9f][0x85][0xbd]_[0xb4]V_[0x9a]^Z[0xd1]h[0x8d][0xca][0xbe][0xdd][0xcb][0x98](kT[0xd4][0xac][0xac][0xa3]S[0x89]h[0xdc][0xce]]&[0x8e]aS?[0xa5][0xd1]8[0xcc][0xe8][0x7][0xb0]f[0xb4][0x96]FX][0xa1][0xe6][0x93][0xd2][0xf9][0xa3][0xc3][0xa7]:[0xa1][0xcc][0x9d][0xb][0x9f]z[0xde][0x96][0xe6][0xf2]N[0x1d][0x16]=[0xba][0xb4]#[0x8e]>[0x91][0x1b]8[0x16]C_[0xb5][0xb6][0x81][0x8d][0xb9][0xfc]z[0xaf][0x6]E[0xf9][0x17][0xd6][0x80][0x1f][0x5][0xaf][0xdd])[0x18]I[0xff][0xa3][0xe1]-5d[0x81]W[0x8c][0x86][0x6][0xde][0x1a][0x1b]|[0x95][0x9]M[0x1c][0xc]3[0xe5][0xde][0xcd][0xef][0x1b][0xca][0x9f][0x8d][0xa4]:[0x9c]k[0x90][0xf9][0xd1]TNS[0xeb][0xee][0xec]d[0xfc][0xb7][0x83]2[0x9f][0xc3][0xb7][0xd4][0x9a][0x90]O[0xfb]h[0x9b][0x90][0xb8][0xc0]a9[0x8a][0xf7]Ltm[0xe8]Qf[0xb3][0xc8][0xab]g)[0x6][0xd3]p[0xd8][0xdb][0xb7]4XF[0xca][0xa5][0xae]c[0x8a][0x8d]Rt[0xf0]%n[0xaf]O[0xe]m[0xe5][0xd7]![0xe6]T[0xc7][0x8a][0xd8][0xe6]e[0xb][0xec][0x96][0x4]m[0xfa][0xdf]A[0xc8]Q[0xb][0xb4][0xc6]~[0x8d]9[0xe]T1[0xeb][0x8e][0xac]W[0xf]^[0xd0][\n]"
2024-04-25 19:08:41 [main] DEBUG org.apache.http.wire -  << "Q[0xaa]rf[0xf][0xd0][0xfa]*[0xd8][0x92][0x97][0xec][0xfd]pR%8A0[0x9b]/[0xd3]2\[0x92][0xa9][0xf8]g[0xdc][0xc2][0xc2]<a[0xf1][0x93][0x92][0xea]p[0xb3][0x1d]d[0x96]BD:[0xb8]D8k=[0xd9][0xf5][0xa8][0xb9]1[0xfc]C:71:H[0x8c][0xcf][0xf5][0xf3]6s[0x19][0xc4]#Q[0x83][0xac][0xd1][0xac][0xc1][0x9]E[0xa3][0x1][0x8c]d[0x1e][0xc7]X[0xd2]([0x96]U{[0xd8][0xfe]`d=[,[0xf5][0x96][0x9e][0x14][0xd5][0x93][0xde]Xp[0xbf][0xe1]*v/[0x1a][0xb8][0xd3]$[0x12][0xf6][0x9b]zq[0xfa][0x86][0xe3][0xac]=:[0xc3]V[0xcc][0xe1]2[0x1][0xe3]-8[0x85][0xad][0xd5][0xc7][0xee][0xbc][0x17]}W[0x85]d18[0xcc][0xc9][0xc8][0x15]Z[0x96]Z[0x11][0x12][0xa2]x[0x85][0x83]Z[0xe1][0xf4][0xe0][0x18][0x9b][0x10][0x8b][0xd5][0x1][0x8d][0xf0][0xcb][0x6](3[0x8e]_[0xf][0xa7]H[0xdb][0xe9][0xe6]|[0xfc][0x94][0xd1][0x96][0x8a]}[0xf2][0x9c][0x97]4[0xa1]$[0xbb]1c7[0xe6]T[0x3]0[0xdc]u[0xb5][0xc3][0xcb][0x8a][0x1e]a[0x99]F[0x8b]-[0x84][0xe7]N[0x19][0x8c]p'~L=[0xde]Iiux8[0x1d][0xbb]*/[0xaf][0xa7][0xf6],}[0x96]e[0x80][0xd2]BKC[0xa4]/h;mk[0xbb][0xf9]L[0xad]8[0x10].O[0xea][0xe3][0xf0][0x95]![0x8d][0xc1][0xb4]GE+[0x19][0x16][0xe1]Y[0x9e][0xd1][0x84]J[0x97][0x92]O[0xfc][0xbe][0xae]7[0xb5][0xf2][0xe8]Q[0xb4][0x2]][0xef][0x1][0xf6][0x83][0xa3][0x8e]N[0xad][0xa9][0x8d][0xa3][0xf5][0x8][0xc7]![0xc3]:[0xd6][0xda][0x1a][0xc7][0xae][0x2][0xd9][0x9e][0x7][0xe4][0x15]DQ[\r][0x19]e[0x92][0xac][0xfe]U[0xdf]B[0xbb][0x9c][0xe][0xe7][0xba]k[0xd3]B[0x16]f[0x8][0xfa][0xde][0xd9][0xe][0xce][0x83]1[0xca][0xd5]C[0xb][0x13]B[0xf0]HS5[0xa8][0x16][0xa1][0x83][0xbc][0xe1][0xa8]-S[0x1][0xce]^[0x80][0x1b][0xfd][0x1c][0x89][0x93][0x8b][0xe9]0-,F[0x1b][0xd9]V?[\n]"
2024-04-25 19:08:41 [main] DEBUG org.apache.http.wire -  << "U[0xa7][0xfa][0xf4]@[0x97][0x83][0xf3]!B[0xce]i[0xaa][0x11][0xa1]4[0xb3]1[0x18]G[0xe1][0xdc]7[0xb8]n[0x9f]-n[0xc3]([0xb8]k[0xf][0xa5][0xe][0xee]=Jf?[0x87][0x98][0x83][0x93][0xb8][0xe3][0xe8][0x95][0xb2][0x9c][0xdf][0xd7]?[0xfb]S[0x12][0xae][0xd9][0xff] [0x1f]iO[0xf0]=j<[0x2][0x82][0xc4]G[0xf4]E[0x91][0xb1][0x8]l[0xe0][0xf6][0x1d]s[0x8d])[0x8]#Wi[0xcf][0xbc][0xaa][0xb9][0xed][0xdb][0xfc][0x9a][0x9e][0x19] [0xa5][0x14][0xdc]<Q([0x9][0xd0][0x86]3[0xb][0x7][0xfc][0xfc]h[0xdd][0x1f][0x1a]A[0xf4]'smz[0x8e]:[0xeb][0xd5]q[0xfa][0x92]8[0x5][0xfb][0xeb][0x2][0xaa][0x3]r[0xf2][0xb8][0xc0]%s[0x83][0xd1][0xe4][0x1b][0xbd][0x98][0xfb][0x11][0x1c]9$[0xb1][0xac][0xe8][0xb8]S[0x92][0xa2][0xc1]X[0xe9]k[0xf3][0x1][0xde][0xde]S[0xfd]Yg[0x97][0xdc]AJ[0x9f][0x9c][0xfd][0xcc][0xe7]7==[0x1e]c[0xdb][0x8d]s[0xa1]i![0xf7]W[0x8d]~[0xd8][0xbc][0x1e][\r][0x92]~)]m[0xdc][0x8f][\n]"
2024-04-25 19:08:41 [main] DEBUG org.apache.http.wire -  << "c[0xdf][0x1d][0x96][0x99][0x8f]~3[0xac]Z[0xc5]V@25[0xad][0xb1]g[0x17][0xdc]!C;[0xbc][\n]"
2024-04-25 19:08:41 [main] DEBUG org.apache.http.wire -  << "J[0x15]h[0xe2][0xf8]$[0xf1]<[0xbb]c>[0xab][0xe5]dE[0x0]6][0x12]x[0xb6]?[0xb4]R[0x2]rB/[0xea]b[0x80][0xba][0x9d][0x12]Y[0xf4]P[0x1d][0xcd][0xe3][0x17][0xeb][0xc9][0xf2]k][0xef][0x9a][0x1][0xdb][0xef][0xfd][0xe9][0x86]V([0x1d][0x6][0xd4][0xbc]zg[0xa9]z[0x86][0xe0]q[0xa9]*u9D[0x93][0x93][0xb9][0x1]i;[0xdf][0x9a][0xa3][0xfc][0xfc]"[0x87][0x8b][0x92][0xd1][0x6]f[0xd1]&[0x98]t[0xee][0x5][0xc2][0x97][0x94]3bL[0xa2][0xe9][0xb1][0x11][0xf3]Q[0xb6]Zj[0xd9][0xf0][0xea][0xae]E[0xaf][0x9b][0x8b]vR9:[0xd8][0x0]NN[0x95][0x11][0xce]KB[0xc4][0xd5][0xb3][0xbd][0xfe]p[0x88]G[0x9b][0x87]j[0xd6][0x1a][0xdb][0x95][0xff][0xa6][0xc7].[0xb3][0xa4][0xf4][0xcb][0x10]HT[0xa5]$Q[0xb1][0xe1]OP[0xeb][0xde][0x83][0xcc][0xf5][0x1f]h[0xe0][0xfb][0x93]2[0x8a]bJ[0xa7]"R[0xa4][0xd1]6[0x88]8,"[0x86][0xe1][0xcf][0xca][0xec][0xa0]yU[0x8f]m[0x91][0x95][0xd9][0xc9][0xe9][0xc2][0xbd][0xb5]3E[0x96]D[0xd9][0xa9][0xf9][0xfd]|[0x89][0x9f][0xcd][0x97][0xfc][\r][\n]"
2024-04-25 19:08:41 [main] DEBUG org.apache.http.wire -  << "[0xde][0x8c] [0x94]uI[0x1a][0x8b][0xbe]f[0xa7]Hd[0xe6][0xc6][0x93][m[0xb4][0xb4][0xea]'[0xde][0xb][0xe4]RCjz[0xf2][0xf9][0xf2][0xf]|[0xb4]B8<[0xb0][0xcb][0xca][0xed][w[0xac]n[0xce][0x1f][0x8e]N[0xed][0xe2][0xb7]J:[0xa2]F[0xe5][0xed][0xe9][0xea][0x8d][0xa2]H[0xb5][0xeb][0x94][0x16][0xde]H#P[0x8a][0x18][0xf1]wK[0xf0][0x89]4[0xbf][0xb3][0xf9][0xd1][0xd4]z*T d[0xaf]([0xed][0xff]>[0xc4]n[0xf0][0xe4]~[0x94][0x8c]A[0xe4][0xb][0xa2][0xdc]Yav[0xa8]3q[0x4]-([0xa9][0x9d][0xed][0xe5][0xb1][0x8e]O[0xf7][0x11][0x8b][0xf5][0x9c][0xe9]_?[0xb1])[0x94]8[0xca][0xc0][0xd9]![0x92][0xfc][0x86][0xdc][0xda][0x98][0xa3]<[0xc1][0xaf]Ij:[0xe1][0xde][0x8f]]?[0xed]d:[0x1c][0x9a]S[0x9c]q[0xb5]3[0xff]L[0xb][0xfd][0xd5]|[0xb0][0xf2][0xb0][0xf4]-[0xcc][0x99]U[0x7][0x9b][0x83]@[0xc5]9`J[0x80][0xf]q[0xb4]n[0xf1][0x84]H[0x2]M[0xd5]H+1[0x6][0x81][0x0][0xde][0xf4]([0xeb][0x9f]%9[0xb7][0xda][0x1f][0xe8][0xb1][0xe6][0xaa][0xa3][0xc2][0x89][0x1c])[0xfe][0xd7]ut[0x9c][0xa3]K(2[0xd1][0xa4]-RC[0xfb][0x87]k[0xb0][0xa9]z[0xa6]a[0xf4]?H[0xe8][0xb4][0x5][0x88],[0x18]U[0x2][0x9d][0xf3][0xf6][0xc2][0xbf]G=*[0xc5][0x1f][0xf1]2[0xa9]7[0xc0][0x80][0x92][0xdc][0xd2][0xbc][0xc3][0xbf][0xfe][0xfb][0xff][0x1]:="
2024-04-25 19:08:41 [main] DEBUG org.apache.http.wire -  << "[0x9c][0xeb][0x80]k[0x0][0x0]"
2024-04-25 19:08:41 [main] DEBUG org.apache.http.wire -  << "[\r][\n]"
2024-04-25 19:08:41 [main] DEBUG org.apache.http.wire -  << "0[\r][\n]"
2024-04-25 19:08:41 [main] DEBUG org.apache.http.wire -  << "[\r][\n]"
2024-04-25 19:08:41 [main] DEBUG i.r.internal.RestAssuredHttpBuilder - Parsed data to instance of: class org.apache.http.conn.EofSensorInputStream
2024-04-25 19:08:41 [main] DEBUG o.a.h.i.c.BasicClientConnectionManager - Releasing connection org.apache.http.impl.conn.ManagedClientConnectionImpl@62e73ab6
2024-04-25 19:08:41 [main] DEBUG o.a.h.i.c.BasicClientConnectionManager - Connection can be kept alive indefinitely
2024-04-25 19:08:41 [main] DEBUG utils.HttpClient - Received response: [
  {
    "userId": 1,
    "id": 1,
    "title": "sunt aut facere repellat provident occaecati excepturi optio reprehenderit",
    "body": "quia et suscipit\nsuscipit recusandae consequuntur expedita et cum\nreprehenderit molestiae ut ut quas totam\nnostrum rerum est autem sunt rem eveniet architecto"
  },
  {
    "userId": 1,
    "id": 2,
    "title": "qui est esse",
    "body": "est rerum tempore vitae\nsequi sint nihil reprehenderit dolor beatae ea dolores neque\nfugiat blanditiis voluptate porro vel nihil molestiae ut reiciendis\nqui aperiam non debitis possimus qui neque nisi nulla"
  },
  {
    "userId": 1,
    "id": 3,
    "title": "ea molestias quasi exercitationem repellat qui ipsa sit aut",
    "body": "et iusto sed quo iure\nvoluptatem occaecati omnis eligendi aut ad\nvoluptatem doloribus vel accusantium quis pariatur\nmolestiae porro eius odio et labore et velit aut"
  },
  {
    "userId": 1,
    "id": 4,
    "title": "eum et est occaecati",
    "body": "ullam et saepe reiciendis voluptatem adipisci\nsit amet autem assumenda provident rerum culpa\nquis hic commodi nesciunt rem tenetur doloremque ipsam iure\nquis sunt voluptatem rerum illo velit"
  },
  {
    "userId": 1,
    "id": 5,
    "title": "nesciunt quas odio",
    "body": "repudiandae veniam quaerat sunt sed\nalias aut fugiat sit autem sed est\nvoluptatem omnis possimus esse voluptatibus quis\nest aut tenetur dolor neque"
  },
  {
    "userId": 1,
    "id": 6,
    "title": "dolorem eum magni eos aperiam quia",
    "body": "ut aspernatur corporis harum nihil quis provident sequi\nmollitia nobis aliquid molestiae\nperspiciatis et ea nemo ab reprehenderit accusantium quas\nvoluptate dolores velit et doloremque molestiae"
  },
  {
    "userId": 1,
    "id": 7,
    "title": "magnam facilis autem",
    "body": "dolore placeat quibusdam ea quo vitae\nmagni quis enim qui quis quo nemo aut saepe\nquidem repellat excepturi ut quia\nsunt ut sequi eos ea sed quas"
  },
  {
    "userId": 1,
    "id": 8,
    "title": "dolorem dolore est ipsam",
    "body": "dignissimos aperiam dolorem qui eum\nfacilis quibusdam animi sint suscipit qui sint possimus cum\nquaerat magni maiores excepturi\nipsam ut commodi dolor voluptatum modi aut vitae"
  },
  {
    "userId": 1,
    "id": 9,
    "title": "nesciunt iure omnis dolorem tempora et accusantium",
    "body": "consectetur animi nesciunt iure dolore\nenim quia ad\nveniam autem ut quam aut nobis\net est aut quod aut provident voluptas autem voluptas"
  },
  {
    "userId": 1,
    "id": 10,
    "title": "optio molestias id quia eum",
    "body": "quo et expedita modi cum officia vel magni\ndoloribus qui repudiandae\nvero nisi sit\nquos veniam quod sed accusamus veritatis error"
  },
  {
    "userId": 2,
    "id": 11,
    "title": "et ea vero quia laudantium autem",
    "body": "delectus reiciendis molestiae occaecati non minima eveniet qui voluptatibus\naccusamus in eum beatae sit\nvel qui neque voluptates ut commodi qui incidunt\nut animi commodi"
  },
  {
    "userId": 2,
    "id": 12,
    "title": "in quibusdam tempore odit est dolorem",
    "body": "itaque id aut magnam\npraesentium quia et ea odit et ea voluptas et\nsapiente quia nihil amet occaecati quia id voluptatem\nincidunt ea est distinctio odio"
  },
  {
    "userId": 2,
    "id": 13,
    "title": "dolorum ut in voluptas mollitia et saepe quo animi",
    "body": "aut dicta possimus sint mollitia voluptas commodi quo doloremque\niste corrupti reiciendis voluptatem eius rerum\nsit cumque quod eligendi laborum minima\nperferendis recusandae assumenda consectetur porro architecto ipsum ipsam"
  },
  {
    "userId": 2,
    "id": 14,
    "title": "voluptatem eligendi optio",
    "body": "fuga et accusamus dolorum perferendis illo voluptas\nnon doloremque neque facere\nad qui dolorum molestiae beatae\nsed aut voluptas totam sit illum"
  },
  {
    "userId": 2,
    "id": 15,
    "title": "eveniet quod temporibus",
    "body": "reprehenderit quos placeat\nvelit minima officia dolores impedit repudiandae molestiae nam\nvoluptas recusandae quis delectus\nofficiis harum fugiat vitae"
  },
  {
    "userId": 2,
    "id": 16,
    "title": "sint suscipit perspiciatis velit dolorum rerum ipsa laboriosam odio",
    "body": "suscipit nam nisi quo aperiam aut\nasperiores eos fugit maiores voluptatibus quia\nvoluptatem quis ullam qui in alias quia est\nconsequatur magni mollitia accusamus ea nisi voluptate dicta"
  },
  {
    "userId": 2,
    "id": 17,
    "title": "fugit voluptas sed molestias voluptatem provident",
    "body": "eos voluptas et aut odit natus earum\naspernatur fuga molestiae ullam\ndeserunt ratione qui eos\nqui nihil ratione nemo velit ut aut id quo"
  },
  {
    "userId": 2,
    "id": 18,
    "title": "voluptate et itaque vero tempora molestiae",
    "body": "eveniet quo quis\nlaborum totam consequatur non dolor\nut et est repudiandae\nest voluptatem vel debitis et magnam"
  },
  {
    "userId": 2,
    "id": 19,
    "title": "adipisci placeat illum aut reiciendis qui",
    "body": "illum quis cupiditate provident sit magnam\nea sed aut omnis\nveniam maiores ullam consequatur atque\nadipisci quo iste expedita sit quos voluptas"
  },
  {
    "userId": 2,
    "id": 20,
    "title": "doloribus ad provident suscipit at",
    "body": "qui consequuntur ducimus possimus quisquam amet similique\nsuscipit porro ipsam amet\neos veritatis officiis exercitationem vel fugit aut necessitatibus totam\nomnis rerum consequatur expedita quidem cumque explicabo"
  },
  {
    "userId": 3,
    "id": 21,
    "title": "asperiores ea ipsam voluptatibus modi minima quia sint",
    "body": "repellat aliquid praesentium dolorem quo\nsed totam minus non itaque\nnihil labore molestiae sunt dolor eveniet hic recusandae veniam\ntempora et tenetur expedita sunt"
  },
  {
    "userId": 3,
    "id": 22,
    "title": "dolor sint quo a velit explicabo quia nam",
    "body": "eos qui et ipsum ipsam suscipit aut\nsed omnis non odio\nexpedita earum mollitia molestiae aut atque rem suscipit\nnam impedit esse"
  },
  {
    "userId": 3,
    "id": 23,
    "title": "maxime id vitae nihil numquam",
    "body": "veritatis unde neque eligendi\nquae quod architecto quo neque vitae\nest illo sit tempora doloremque fugit quod\net et vel beatae sequi ullam sed tenetur perspiciatis"
  },
  {
    "userId": 3,
    "id": 24,
    "title": "autem hic labore sunt dolores incidunt",
    "body": "enim et ex nulla\nomnis voluptas quia qui\nvoluptatem consequatur numquam aliquam sunt\ntotam recusandae id dignissimos aut sed asperiores deserunt"
  },
  {
    "userId": 3,
    "id": 25,
    "title": "rem alias distinctio quo quis",
    "body": "ullam consequatur ut\nomnis quis sit vel consequuntur\nipsa eligendi ipsum molestiae et omnis error nostrum\nmolestiae illo tempore quia et distinctio"
  },
  {
    "userId": 3,
    "id": 26,
    "title": "est et quae odit qui non",
    "body": "similique esse doloribus nihil accusamus\nomnis dolorem fuga consequuntur reprehenderit fugit recusandae temporibus\nperspiciatis cum ut laudantium\nomnis aut molestiae vel vero"
  },
  {
    "userId": 3,
    "id": 27,
    "title": "quasi id et eos tenetur aut quo autem",
    "body": "eum sed dolores ipsam sint possimus debitis occaecati\ndebitis qui qui et\nut placeat enim earum aut odit facilis\nconsequatur suscipit necessitatibus rerum sed inventore temporibus consequatur"
  },
  {
    "userId": 3,
    "id": 28,
    "title": "delectus ullam et corporis nulla voluptas sequi",
    "body": "non et quaerat ex quae ad maiores\nmaiores recusandae totam aut blanditiis mollitia quas illo\nut voluptatibus voluptatem\nsimilique nostrum eum"
  },
  {
    "userId": 3,
    "id": 29,
    "title": "iusto eius quod necessitatibus culpa ea",
    "body": "odit magnam ut saepe sed non qui\ntempora atque nihil\naccusamus illum doloribus illo dolor\neligendi repudiandae odit magni similique sed cum maiores"
  },
  {
    "userId": 3,
    "id": 30,
    "title": "a quo magni similique perferendis",
    "body": "alias dolor cumque\nimpedit blanditiis non eveniet odio maxime\nblanditiis amet eius quis tempora quia autem rem\na provident perspiciatis quia"
  },
  {
    "userId": 4,
    "id": 31,
    "title": "ullam ut quidem id aut vel consequuntur",
    "body": "debitis eius sed quibusdam non quis consectetur vitae\nimpedit ut qui consequatur sed aut in\nquidem sit nostrum et maiores adipisci atque\nquaerat voluptatem adipisci repudiandae"
  },
  {
    "userId": 4,
    "id": 32,
    "title": "doloremque illum aliquid sunt",
    "body": "deserunt eos nobis asperiores et hic\nest debitis repellat molestiae optio\nnihil ratione ut eos beatae quibusdam distinctio maiores\nearum voluptates et aut adipisci ea maiores voluptas maxime"
  },
  {
    "userId": 4,
    "id": 33,
    "title": "qui explicabo molestiae dolorem",
    "body": "rerum ut et numquam laborum odit est sit\nid qui sint in\nquasi tenetur tempore aperiam et quaerat qui in\nrerum officiis sequi cumque quod"
  },
  {
    "userId": 4,
    "id": 34,
    "title": "magnam ut rerum iure",
    "body": "ea velit perferendis earum ut voluptatem voluptate itaque iusto\ntotam pariatur in\nnemo voluptatem voluptatem autem magni tempora minima in\nest distinctio qui assumenda accusamus dignissimos officia nesciunt nobis"
  },
  {
    "userId": 4,
    "id": 35,
    "title": "id nihil consequatur molestias animi provident",
    "body": "nisi error delectus possimus ut eligendi vitae\nplaceat eos harum cupiditate facilis reprehenderit voluptatem beatae\nmodi ducimus quo illum voluptas eligendi\net nobis quia fugit"
  },
  {
    "userId": 4,
    "id": 36,
    "title": "fuga nam accusamus voluptas reiciendis itaque",
    "body": "ad mollitia et omnis minus architecto odit\nvoluptas doloremque maxime aut non ipsa qui alias veniam\nblanditiis culpa aut quia nihil cumque facere et occaecati\nqui aspernatur quia eaque ut aperiam inventore"
  },
  {
    "userId": 4,
    "id": 37,
    "title": "provident vel ut sit ratione est",
    "body": "debitis et eaque non officia sed nesciunt pariatur vel\nvoluptatem iste vero et ea\nnumquam aut expedita ipsum nulla in\nvoluptates omnis consequatur aut enim officiis in quam qui"
  },
  {
    "userId": 4,
    "id": 38,
    "title": "explicabo et eos deleniti nostrum ab id repellendus",
    "body": "animi esse sit aut sit nesciunt assumenda eum voluptas\nquia voluptatibus provident quia necessitatibus ea\nrerum repudiandae quia voluptatem delectus fugit aut id quia\nratione optio eos iusto veniam iure"
  },
  {
    "userId": 4,
    "id": 39,
    "title": "eos dolorem iste accusantium est eaque quam",
    "body": "corporis rerum ducimus vel eum accusantium\nmaxime aspernatur a porro possimus iste omnis\nest in deleniti asperiores fuga aut\nvoluptas sapiente vel dolore minus voluptatem incidunt ex"
  },
  {
    "userId": 4,
    "id": 40,
    "title": "enim quo cumque",
    "body": "ut voluptatum aliquid illo tenetur nemo sequi quo facilis\nipsum rem optio mollitia quas\nvoluptatem eum voluptas qui\nunde omnis voluptatem iure quasi maxime voluptas nam"
  },
  {
    "userId": 5,
    "id": 41,
    "title": "non est facere",
    "body": "molestias id nostrum\nexcepturi molestiae dolore omnis repellendus quaerat saepe\nconsectetur iste quaerat tenetur asperiores accusamus ex ut\nnam quidem est ducimus sunt debitis saepe"
  },
  {
    "userId": 5,
    "id": 42,
    "title": "commodi ullam sint et excepturi error explicabo praesentium voluptas",
    "body": "odio fugit voluptatum ducimus earum autem est incidunt voluptatem\nodit reiciendis aliquam sunt sequi nulla dolorem\nnon facere repellendus voluptates quia\nratione harum vitae ut"
  },
  {
    "userId": 5,
    "id": 43,
    "title": "eligendi iste nostrum consequuntur adipisci praesentium sit beatae perferendis",
    "body": "similique fugit est\nillum et dolorum harum et voluptate eaque quidem\nexercitationem quos nam commodi possimus cum odio nihil nulla\ndolorum exercitationem magnam ex et a et distinctio debitis"
  },
  {
    "userId": 5,
    "id": 44,
    "title": "optio dolor molestias sit",
    "body": "temporibus est consectetur dolore\net libero debitis vel velit laboriosam quia\nipsum quibusdam qui itaque fuga rem aut\nea et iure quam sed maxime ut distinctio quae"
  },
  {
    "userId": 5,
    "id": 45,
    "title": "ut numquam possimus omnis eius suscipit laudantium iure",
    "body": "est natus reiciendis nihil possimus aut provident\nex et dolor\nrepellat pariatur est\nnobis rerum repellendus dolorem autem"
  },
  {
    "userId": 5,
    "id": 46,
    "title": "aut quo modi neque nostrum ducimus",
    "body": "voluptatem quisquam iste\nvoluptatibus natus officiis facilis dolorem\nquis quas ipsam\nvel et voluptatum in aliquid"
  },
  {
    "userId": 5,
    "id": 47,
    "title": "quibusdam cumque rem aut deserunt",
    "body": "voluptatem assumenda ut qui ut cupiditate aut impedit veniam\noccaecati nemo illum voluptatem laudantium\nmolestiae beatae rerum ea iure soluta nostrum\neligendi et voluptate"
  },
  {
    "userId": 5,
    "id": 48,
    "title": "ut voluptatem illum ea doloribus itaque eos",
    "body": "voluptates quo voluptatem facilis iure occaecati\nvel assumenda rerum officia et\nillum perspiciatis ab deleniti\nlaudantium repellat ad ut et autem reprehenderit"
  },
  {
    "userId": 5,
    "id": 49,
    "title": "laborum non sunt aut ut assumenda perspiciatis voluptas",
    "body": "inventore ab sint\nnatus fugit id nulla sequi architecto nihil quaerat\neos tenetur in in eum veritatis non\nquibusdam officiis aspernatur cumque aut commodi aut"
  },
  {
    "userId": 5,
    "id": 50,
    "title": "repellendus qui recusandae incidunt voluptates tenetur qui omnis exercitationem",
    "body": "error suscipit maxime adipisci consequuntur recusandae\nvoluptas eligendi et est et voluptates\nquia distinctio ab amet quaerat molestiae et vitae\nadipisci impedit sequi nesciunt quis consectetur"
  },
  {
    "userId": 6,
    "id": 51,
    "title": "soluta aliquam aperiam consequatur illo quis voluptas",
    "body": "sunt dolores aut doloribus\ndolore doloribus voluptates tempora et\ndoloremque et quo\ncum asperiores sit consectetur dolorem"
  },
  {
    "userId": 6,
    "id": 52,
    "title": "qui enim et consequuntur quia animi quis voluptate quibusdam",
    "body": "iusto est quibusdam fuga quas quaerat molestias\na enim ut sit accusamus enim\ntemporibus iusto accusantium provident architecto\nsoluta esse reprehenderit qui laborum"
  },
  {
    "userId": 6,
    "id": 53,
    "title": "ut quo aut ducimus alias",
    "body": "minima harum praesentium eum rerum illo dolore\nquasi exercitationem rerum nam\nporro quis neque quo\nconsequatur minus dolor quidem veritatis sunt non explicabo similique"
  },
  {
    "userId": 6,
    "id": 54,
    "title": "sit asperiores ipsam eveniet odio non quia",
    "body": "totam corporis dignissimos\nvitae dolorem ut occaecati accusamus\nex velit deserunt\net exercitationem vero incidunt corrupti mollitia"
  },
  {
    "userId": 6,
    "id": 55,
    "title": "sit vel voluptatem et non libero",
    "body": "debitis excepturi ea perferendis harum libero optio\neos accusamus cum fuga ut sapiente repudiandae\net ut incidunt omnis molestiae\nnihil ut eum odit"
  },
  {
    "userId": 6,
    "id": 56,
    "title": "qui et at rerum necessitatibus",
    "body": "aut est omnis dolores\nneque rerum quod ea rerum velit pariatur beatae excepturi\net provident voluptas corrupti\ncorporis harum reprehenderit dolores eligendi"
  },
  {
    "userId": 6,
    "id": 57,
    "title": "sed ab est est",
    "body": "at pariatur consequuntur earum quidem\nquo est laudantium soluta voluptatem\nqui ullam et est\net cum voluptas voluptatum repellat est"
  },
  {
    "userId": 6,
    "id": 58,
    "title": "voluptatum itaque dolores nisi et quasi",
    "body": "veniam voluptatum quae adipisci id\net id quia eos ad et dolorem\naliquam quo nisi sunt eos impedit error\nad similique veniam"
  },
  {
    "userId": 6,
    "id": 59,
    "title": "qui commodi dolor at maiores et quis id accusantium",
    "body": "perspiciatis et quam ea autem temporibus non voluptatibus qui\nbeatae a earum officia nesciunt dolores suscipit voluptas et\nanimi doloribus cum rerum quas et magni\net hic ut ut commodi expedita sunt"
  },
  {
    "userId": 6,
    "id": 60,
    "title": "consequatur placeat omnis quisquam quia reprehenderit fugit veritatis facere",
    "body": "asperiores sunt ab assumenda cumque modi velit\nqui esse omnis\nvoluptate et fuga perferendis voluptas\nillo ratione amet aut et omnis"
  },
  {
    "userId": 7,
    "id": 61,
    "title": "voluptatem doloribus consectetur est ut ducimus",
    "body": "ab nemo optio odio\ndelectus tenetur corporis similique nobis repellendus rerum omnis facilis\nvero blanditiis debitis in nesciunt doloribus dicta dolores\nmagnam minus velit"
  },
  {
    "userId": 7,
    "id": 62,
    "title": "beatae enim quia vel",
    "body": "enim aspernatur illo distinctio quae praesentium\nbeatae alias amet delectus qui voluptate distinctio\nodit sint accusantium autem omnis\nquo molestiae omnis ea eveniet optio"
  },
  {
    "userId": 7,
    "id": 63,
    "title": "voluptas blanditiis repellendus animi ducimus error sapiente et suscipit",
    "body": "enim adipisci aspernatur nemo\nnumquam omnis facere dolorem dolor ex quis temporibus incidunt\nab delectus culpa quo reprehenderit blanditiis asperiores\naccusantium ut quam in voluptatibus voluptas ipsam dicta"
  },
  {
    "userId": 7,
    "id": 64,
    "title": "et fugit quas eum in in aperiam quod",
    "body": "id velit blanditiis\neum ea voluptatem\nmolestiae sint occaecati est eos perspiciatis\nincidunt a error provident eaque aut aut qui"
  },
  {
    "userId": 7,
    "id": 65,
    "title": "consequatur id enim sunt et et",
    "body": "voluptatibus ex esse\nsint explicabo est aliquid cumque adipisci fuga repellat labore\nmolestiae corrupti ex saepe at asperiores et perferendis\nnatus id esse incidunt pariatur"
  },
  {
    "userId": 7,
    "id": 66,
    "title": "repudiandae ea animi iusto",
    "body": "officia veritatis tenetur vero qui itaque\nsint non ratione\nsed et ut asperiores iusto eos molestiae nostrum\nveritatis quibusdam et nemo iusto saepe"
  },
  {
    "userId": 7,
    "id": 67,
    "title": "aliquid eos sed fuga est maxime repellendus",
    "body": "reprehenderit id nostrum\nvoluptas doloremque pariatur sint et accusantium quia quod aspernatur\net fugiat amet\nnon sapiente et consequatur necessitatibus molestiae"
  },
  {
    "userId": 7,
    "id": 68,
    "title": "odio quis facere architecto reiciendis optio",
    "body": "magnam molestiae perferendis quisquam\nqui cum reiciendis\nquaerat animi amet hic inventore\nea quia deleniti quidem saepe porro velit"
  },
  {
    "userId": 7,
    "id": 69,
    "title": "fugiat quod pariatur odit minima",
    "body": "officiis error culpa consequatur modi asperiores et\ndolorum assumenda voluptas et vel qui aut vel rerum\nvoluptatum quisquam perspiciatis quia rerum consequatur totam quas\nsequi commodi repudiandae asperiores et saepe a"
  },
  {
    "userId": 7,
    "id": 70,
    "title": "voluptatem laborum magni",
    "body": "sunt repellendus quae\nest asperiores aut deleniti esse accusamus repellendus quia aut\nquia dolorem unde\neum tempora esse dolore"
  },
  {
    "userId": 8,
    "id": 71,
    "title": "et iusto veniam et illum aut fuga",
    "body": "occaecati a doloribus\niste saepe consectetur placeat eum voluptate dolorem et\nqui quo quia voluptas\nrerum ut id enim velit est perferendis"
  },
  {
    "userId": 8,
    "id": 72,
    "title": "sint hic doloribus consequatur eos non id",
    "body": "quam occaecati qui deleniti consectetur\nconsequatur aut facere quas exercitationem aliquam hic voluptas\nneque id sunt ut aut accusamus\nsunt consectetur expedita inventore velit"
  },
  {
    "userId": 8,
    "id": 73,
    "title": "consequuntur deleniti eos quia temporibus ab aliquid at",
    "body": "voluptatem cumque tenetur consequatur expedita ipsum nemo quia explicabo\naut eum minima consequatur\ntempore cumque quae est et\net in consequuntur voluptatem voluptates aut"
  },
  {
    "userId": 8,
    "id": 74,
    "title": "enim unde ratione doloribus quas enim ut sit sapiente",
    "body": "odit qui et et necessitatibus sint veniam\nmollitia amet doloremque molestiae commodi similique magnam et quam\nblanditiis est itaque\nquo et tenetur ratione occaecati molestiae tempora"
  },
  {
    "userId": 8,
    "id": 75,
    "title": "dignissimos eum dolor ut enim et delectus in",
    "body": "commodi non non omnis et voluptas sit\nautem aut nobis magnam et sapiente voluptatem\net laborum repellat qui delectus facilis temporibus\nrerum amet et nemo voluptate expedita adipisci error dolorem"
  },
  {
    "userId": 8,
    "id": 76,
    "title": "doloremque officiis ad et non perferendis",
    "body": "ut animi facere\ntotam iusto tempore\nmolestiae eum aut et dolorem aperiam\nquaerat recusandae totam odio"
  },
  {
    "userId": 8,
    "id": 77,
    "title": "necessitatibus quasi exercitationem odio",
    "body": "modi ut in nulla repudiandae dolorum nostrum eos\naut consequatur omnis\nut incidunt est omnis iste et quam\nvoluptates sapiente aliquam asperiores nobis amet corrupti repudiandae provident"
  },
  {
    "userId": 8,
    "id": 78,
    "title": "quam voluptatibus rerum veritatis",
    "body": "nobis facilis odit tempore cupiditate quia\nassumenda doloribus rerum qui ea\nillum et qui totam\naut veniam repellendus"
  },
  {
    "userId": 8,
    "id": 79,
    "title": "pariatur consequatur quia magnam autem omnis non amet",
    "body": "libero accusantium et et facere incidunt sit dolorem\nnon excepturi qui quia sed laudantium\nquisquam molestiae ducimus est\nofficiis esse molestiae iste et quos"
  },
  {
    "userId": 8,
    "id": 80,
    "title": "labore in ex et explicabo corporis aut quas",
    "body": "ex quod dolorem ea eum iure qui provident amet\nquia qui facere excepturi et repudiandae\nasperiores molestias provident\nminus incidunt vero fugit rerum sint sunt excepturi provident"
  },
  {
    "userId": 9,
    "id": 81,
    "title": "tempora rem veritatis voluptas quo dolores vero",
    "body": "facere qui nesciunt est voluptatum voluptatem nisi\nsequi eligendi necessitatibus ea at rerum itaque\nharum non ratione velit laboriosam quis consequuntur\nex officiis minima doloremque voluptas ut aut"
  },
  {
    "userId": 9,
    "id": 82,
    "title": "laudantium voluptate suscipit sunt enim enim",
    "body": "ut libero sit aut totam inventore sunt\nporro sint qui sunt molestiae\nconsequatur cupiditate qui iste ducimus adipisci\ndolor enim assumenda soluta laboriosam amet iste delectus hic"
  },
  {
    "userId": 9,
    "id": 83,
    "title": "odit et voluptates doloribus alias odio et",
    "body": "est molestiae facilis quis tempora numquam nihil qui\nvoluptate sapiente consequatur est qui\nnecessitatibus autem aut ipsa aperiam modi dolore numquam\nreprehenderit eius rem quibusdam"
  },
  {
    "userId": 9,
    "id": 84,
    "title": "optio ipsam molestias necessitatibus occaecati facilis veritatis dolores aut",
    "body": "sint molestiae magni a et quos\neaque et quasi\nut rerum debitis similique veniam\nrecusandae dignissimos dolor incidunt consequatur odio"
  },
  {
    "userId": 9,
    "id": 85,
    "title": "dolore veritatis porro provident adipisci blanditiis et sunt",
    "body": "similique sed nisi voluptas iusto omnis\nmollitia et quo\nassumenda suscipit officia magnam sint sed tempora\nenim provident pariatur praesentium atque animi amet ratione"
  },
  {
    "userId": 9,
    "id": 86,
    "title": "placeat quia et porro iste",
    "body": "quasi excepturi consequatur iste autem temporibus sed molestiae beatae\net quaerat et esse ut\nvoluptatem occaecati et vel explicabo autem\nasperiores pariatur deserunt optio"
  },
  {
    "userId": 9,
    "id": 87,
    "title": "nostrum quis quasi placeat",
    "body": "eos et molestiae\nnesciunt ut a\ndolores perspiciatis repellendus repellat aliquid\nmagnam sint rem ipsum est"
  },
  {
    "userId": 9,
    "id": 88,
    "title": "sapiente omnis fugit eos",
    "body": "consequatur omnis est praesentium\nducimus non iste\nneque hic deserunt\nvoluptatibus veniam cum et rerum sed"
  },
  {
    "userId": 9,
    "id": 89,
    "title": "sint soluta et vel magnam aut ut sed qui",
    "body": "repellat aut aperiam totam temporibus autem et\narchitecto magnam ut\nconsequatur qui cupiditate rerum quia soluta dignissimos nihil iure\ntempore quas est"
  },
  {
    "userId": 9,
    "id": 90,
    "title": "ad iusto omnis odit dolor voluptatibus",
    "body": "minus omnis soluta quia\nqui sed adipisci voluptates illum ipsam voluptatem\neligendi officia ut in\neos soluta similique molestias praesentium blanditiis"
  },
  {
    "userId": 10,
    "id": 91,
    "title": "aut amet sed",
    "body": "libero voluptate eveniet aperiam sed\nsunt placeat suscipit molestias\nsimilique fugit nam natus\nexpedita consequatur consequatur dolores quia eos et placeat"
  },
  {
    "userId": 10,
    "id": 92,
    "title": "ratione ex tenetur perferendis",
    "body": "aut et excepturi dicta laudantium sint rerum nihil\nlaudantium et at\na neque minima officia et similique libero et\ncommodi voluptate qui"
  },
  {
    "userId": 10,
    "id": 93,
    "title": "beatae soluta recusandae",
    "body": "dolorem quibusdam ducimus consequuntur dicta aut quo laboriosam\nvoluptatem quis enim recusandae ut sed sunt\nnostrum est odit totam\nsit error sed sunt eveniet provident qui nulla"
  },
  {
    "userId": 10,
    "id": 94,
    "title": "qui qui voluptates illo iste minima",
    "body": "aspernatur expedita soluta quo ab ut similique\nexpedita dolores amet\nsed temporibus distinctio magnam saepe deleniti\nomnis facilis nam ipsum natus sint similique omnis"
  },
  {
    "userId": 10,
    "id": 95,
    "title": "id minus libero illum nam ad officiis",
    "body": "earum voluptatem facere provident blanditiis velit laboriosam\npariatur accusamus odio saepe\ncumque dolor qui a dicta ab doloribus consequatur omnis\ncorporis cupiditate eaque assumenda ad nesciunt"
  },
  {
    "userId": 10,
    "id": 96,
    "title": "quaerat velit veniam amet cupiditate aut numquam ut sequi",
    "body": "in non odio excepturi sint eum\nlabore voluptates vitae quia qui et\ninventore itaque rerum\nveniam non exercitationem delectus aut"
  },
  {
    "userId": 10,
    "id": 97,
    "title": "quas fugiat ut perspiciatis vero provident",
    "body": "eum non blanditiis soluta porro quibusdam voluptas\nvel voluptatem qui placeat dolores qui velit aut\nvel inventore aut cumque culpa explicabo aliquid at\nperspiciatis est et voluptatem dignissimos dolor itaque sit nam"
  },
  {
    "userId": 10,
    "id": 98,
    "title": "laboriosam dolor voluptates",
    "body": "doloremque ex facilis sit sint culpa\nsoluta assumenda eligendi non ut eius\nsequi ducimus vel quasi\nveritatis est dolores"
  },
  {
    "userId": 10,
    "id": 99,
    "title": "temporibus sit alias delectus eligendi possimus magni",
    "body": "quo deleniti praesentium dicta non quod\naut est molestias\nmolestias et officia quis nihil\nitaque dolorem quia"
  },
  {
    "userId": 10,
    "id": 100,
    "title": "at nam consequatur ea labore ea harum",
    "body": "cupiditate quo est a modi nesciunt soluta\nipsa voluptas error itaque dicta in\nautem qui minus magnam et distinctio eum\naccusamus ratione error aut"
  }
]
  Given the user retrieves the count of all posts                                # stepDefinitions.posts.PostSteps.theUserRetrievesTheCountOfAllPosts()
2024-04-25 19:08:41 [main] DEBUG utils.HttpClient - Making POST request to /posts with body {"id":0,"userId":1,"title":"my_post","body":"posting something","comments":[]}
2024-04-25 19:08:41 [main] DEBUG o.a.h.i.c.BasicClientConnectionManager - Get connection for route {}->http://jsonplaceholder.typicode.com:80
2024-04-25 19:08:41 [main] DEBUG o.a.h.i.c.DefaultClientConnectionOperator - Connecting to jsonplaceholder.typicode.com:80
2024-04-25 19:08:41 [main] DEBUG o.a.h.c.protocol.RequestAddCookies - CookieSpec selected: ignoreCookies
2024-04-25 19:08:41 [main] DEBUG o.a.h.c.protocol.RequestAuthCache - Auth cache not set in the context
2024-04-25 19:08:41 [main] DEBUG o.a.h.c.p.RequestTargetAuthentication - Target auth state: UNCHALLENGED
2024-04-25 19:08:41 [main] DEBUG o.a.h.c.p.RequestProxyAuthentication - Proxy auth state: UNCHALLENGED
2024-04-25 19:08:41 [main] DEBUG o.a.h.impl.client.DefaultHttpClient - Attempt 1 to execute request
2024-04-25 19:08:41 [main] DEBUG o.a.h.i.conn.DefaultClientConnection - Sending request: POST /posts HTTP/1.1
2024-04-25 19:08:41 [main] DEBUG org.apache.http.wire -  >> "POST /posts HTTP/1.1[\r][\n]"
2024-04-25 19:08:41 [main] DEBUG org.apache.http.wire -  >> "Accept: */*[\r][\n]"
2024-04-25 19:08:41 [main] DEBUG org.apache.http.wire -  >> "Content-Type: application/json[\r][\n]"
2024-04-25 19:08:41 [main] DEBUG org.apache.http.wire -  >> "Content-Length: 78[\r][\n]"
2024-04-25 19:08:41 [main] DEBUG org.apache.http.wire -  >> "Host: jsonplaceholder.typicode.com[\r][\n]"
2024-04-25 19:08:41 [main] DEBUG org.apache.http.wire -  >> "Connection: Keep-Alive[\r][\n]"
2024-04-25 19:08:41 [main] DEBUG org.apache.http.wire -  >> "User-Agent: Apache-HttpClient/4.5.13 (Java/21.0.1)[\r][\n]"
2024-04-25 19:08:41 [main] DEBUG org.apache.http.wire -  >> "Accept-Encoding: gzip,deflate[\r][\n]"
2024-04-25 19:08:41 [main] DEBUG org.apache.http.wire -  >> "[\r][\n]"
2024-04-25 19:08:41 [main] DEBUG org.apache.http.headers - >> POST /posts HTTP/1.1
2024-04-25 19:08:41 [main] DEBUG org.apache.http.headers - >> Accept: */*
2024-04-25 19:08:41 [main] DEBUG org.apache.http.headers - >> Content-Type: application/json
2024-04-25 19:08:41 [main] DEBUG org.apache.http.headers - >> Content-Length: 78
2024-04-25 19:08:41 [main] DEBUG org.apache.http.headers - >> Host: jsonplaceholder.typicode.com
2024-04-25 19:08:41 [main] DEBUG org.apache.http.headers - >> Connection: Keep-Alive
2024-04-25 19:08:41 [main] DEBUG org.apache.http.headers - >> User-Agent: Apache-HttpClient/4.5.13 (Java/21.0.1)
2024-04-25 19:08:41 [main] DEBUG org.apache.http.headers - >> Accept-Encoding: gzip,deflate
2024-04-25 19:08:41 [main] DEBUG org.apache.http.wire -  >> "{"id":0,"userId":1,"title":"my_post","body":"posting something","comments":[]}"
2024-04-25 19:08:42 [main] DEBUG org.apache.http.wire -  << "HTTP/1.1 201 Created[\r][\n]"
2024-04-25 19:08:42 [main] DEBUG org.apache.http.wire -  << "Date: Thu, 25 Apr 2024 13:38:42 GMT[\r][\n]"
2024-04-25 19:08:42 [main] DEBUG org.apache.http.wire -  << "Content-Type: application/json; charset=utf-8[\r][\n]"
2024-04-25 19:08:42 [main] DEBUG org.apache.http.wire -  << "Content-Length: 101[\r][\n]"
2024-04-25 19:08:42 [main] DEBUG org.apache.http.wire -  << "Connection: keep-alive[\r][\n]"
2024-04-25 19:08:42 [main] DEBUG org.apache.http.wire -  << "Report-To: {"group":"heroku-nel","max_age":3600,"endpoints":[{"url":"https://nel.heroku.com/reports?ts=1714052321&sid=e11707d5-02a7-43ef-b45e-2cf4d2036f7d&s=ewY0nNtGQ3eNImsb8FiZo0%2BerlxS0vYIpH%2FFgeRQA8Q%3D"}]}[\r][\n]"
2024-04-25 19:08:42 [main] DEBUG org.apache.http.wire -  << "Reporting-Endpoints: heroku-nel=https://nel.heroku.com/reports?ts=1714052321&sid=e11707d5-02a7-43ef-b45e-2cf4d2036f7d&s=ewY0nNtGQ3eNImsb8FiZo0%2BerlxS0vYIpH%2FFgeRQA8Q%3D[\r][\n]"
2024-04-25 19:08:42 [main] DEBUG org.apache.http.wire -  << "Nel: {"report_to":"heroku-nel","max_age":3600,"success_fraction":0.005,"failure_fraction":0.05,"response_headers":["Via"]}[\r][\n]"
2024-04-25 19:08:42 [main] DEBUG org.apache.http.wire -  << "X-Powered-By: Express[\r][\n]"
2024-04-25 19:08:42 [main] DEBUG org.apache.http.wire -  << "X-Ratelimit-Limit: 1000[\r][\n]"
2024-04-25 19:08:42 [main] DEBUG org.apache.http.wire -  << "X-Ratelimit-Remaining: 992[\r][\n]"
2024-04-25 19:08:42 [main] DEBUG org.apache.http.wire -  << "X-Ratelimit-Reset: 1714052359[\r][\n]"
2024-04-25 19:08:42 [main] DEBUG org.apache.http.wire -  << "Vary: Origin, X-HTTP-Method-Override, Accept-Encoding[\r][\n]"
2024-04-25 19:08:42 [main] DEBUG org.apache.http.wire -  << "Access-Control-Allow-Credentials: true[\r][\n]"
2024-04-25 19:08:42 [main] DEBUG org.apache.http.wire -  << "Cache-Control: no-cache[\r][\n]"
2024-04-25 19:08:42 [main] DEBUG org.apache.http.wire -  << "Pragma: no-cache[\r][\n]"
2024-04-25 19:08:42 [main] DEBUG org.apache.http.wire -  << "Expires: -1[\r][\n]"
2024-04-25 19:08:42 [main] DEBUG org.apache.http.wire -  << "Access-Control-Expose-Headers: Location[\r][\n]"
2024-04-25 19:08:42 [main] DEBUG org.apache.http.wire -  << "Location: http://jsonplaceholder.typicode.com/posts/101[\r][\n]"
2024-04-25 19:08:42 [main] DEBUG org.apache.http.wire -  << "X-Content-Type-Options: nosniff[\r][\n]"
2024-04-25 19:08:42 [main] DEBUG org.apache.http.wire -  << "Etag: W/"65-ZJRAfF9BLDIQDZxWeKoCubiRpU8"[\r][\n]"
2024-04-25 19:08:42 [main] DEBUG org.apache.http.wire -  << "Via: 1.1 vegur[\r][\n]"
2024-04-25 19:08:42 [main] DEBUG org.apache.http.wire -  << "CF-Cache-Status: DYNAMIC[\r][\n]"
2024-04-25 19:08:42 [main] DEBUG org.apache.http.wire -  << "Server: cloudflare[\r][\n]"
2024-04-25 19:08:42 [main] DEBUG org.apache.http.wire -  << "CF-RAY: 879ebc21489e7f25-MAA[\r][\n]"
2024-04-25 19:08:42 [main] DEBUG org.apache.http.wire -  << "alt-svc: h3=":443"; ma=86400[\r][\n]"
2024-04-25 19:08:42 [main] DEBUG org.apache.http.wire -  << "[\r][\n]"
2024-04-25 19:08:42 [main] DEBUG o.a.h.i.conn.DefaultClientConnection - Receiving response: HTTP/1.1 201 Created
2024-04-25 19:08:42 [main] DEBUG org.apache.http.headers - << HTTP/1.1 201 Created
2024-04-25 19:08:42 [main] DEBUG org.apache.http.headers - << Date: Thu, 25 Apr 2024 13:38:42 GMT
2024-04-25 19:08:42 [main] DEBUG org.apache.http.headers - << Content-Type: application/json; charset=utf-8
2024-04-25 19:08:42 [main] DEBUG org.apache.http.headers - << Content-Length: 101
2024-04-25 19:08:42 [main] DEBUG org.apache.http.headers - << Connection: keep-alive
2024-04-25 19:08:42 [main] DEBUG org.apache.http.headers - << Report-To: {"group":"heroku-nel","max_age":3600,"endpoints":[{"url":"https://nel.heroku.com/reports?ts=1714052321&sid=e11707d5-02a7-43ef-b45e-2cf4d2036f7d&s=ewY0nNtGQ3eNImsb8FiZo0%2BerlxS0vYIpH%2FFgeRQA8Q%3D"}]}
2024-04-25 19:08:42 [main] DEBUG org.apache.http.headers - << Reporting-Endpoints: heroku-nel=https://nel.heroku.com/reports?ts=1714052321&sid=e11707d5-02a7-43ef-b45e-2cf4d2036f7d&s=ewY0nNtGQ3eNImsb8FiZo0%2BerlxS0vYIpH%2FFgeRQA8Q%3D
2024-04-25 19:08:42 [main] DEBUG org.apache.http.headers - << Nel: {"report_to":"heroku-nel","max_age":3600,"success_fraction":0.005,"failure_fraction":0.05,"response_headers":["Via"]}
2024-04-25 19:08:42 [main] DEBUG org.apache.http.headers - << X-Powered-By: Express
2024-04-25 19:08:42 [main] DEBUG org.apache.http.headers - << X-Ratelimit-Limit: 1000
2024-04-25 19:08:42 [main] DEBUG org.apache.http.headers - << X-Ratelimit-Remaining: 992
2024-04-25 19:08:42 [main] DEBUG org.apache.http.headers - << X-Ratelimit-Reset: 1714052359
2024-04-25 19:08:42 [main] DEBUG org.apache.http.headers - << Vary: Origin, X-HTTP-Method-Override, Accept-Encoding
2024-04-25 19:08:42 [main] DEBUG org.apache.http.headers - << Access-Control-Allow-Credentials: true
2024-04-25 19:08:42 [main] DEBUG org.apache.http.headers - << Cache-Control: no-cache
2024-04-25 19:08:42 [main] DEBUG org.apache.http.headers - << Pragma: no-cache
2024-04-25 19:08:42 [main] DEBUG org.apache.http.headers - << Expires: -1
2024-04-25 19:08:42 [main] DEBUG org.apache.http.headers - << Access-Control-Expose-Headers: Location
2024-04-25 19:08:42 [main] DEBUG org.apache.http.headers - << Location: http://jsonplaceholder.typicode.com/posts/101
2024-04-25 19:08:42 [main] DEBUG org.apache.http.headers - << X-Content-Type-Options: nosniff
2024-04-25 19:08:42 [main] DEBUG org.apache.http.headers - << Etag: W/"65-ZJRAfF9BLDIQDZxWeKoCubiRpU8"
2024-04-25 19:08:42 [main] DEBUG org.apache.http.headers - << Via: 1.1 vegur
2024-04-25 19:08:42 [main] DEBUG org.apache.http.headers - << CF-Cache-Status: DYNAMIC
2024-04-25 19:08:42 [main] DEBUG org.apache.http.headers - << Server: cloudflare
2024-04-25 19:08:42 [main] DEBUG org.apache.http.headers - << CF-RAY: 879ebc21489e7f25-MAA
2024-04-25 19:08:42 [main] DEBUG org.apache.http.headers - << alt-svc: h3=":443"; ma=86400
2024-04-25 19:08:42 [main] DEBUG o.a.h.impl.client.DefaultHttpClient - Connection can be kept alive indefinitely
2024-04-25 19:08:42 [main] DEBUG i.r.internal.RestAssuredHttpBuilder - Parsing response as: application/json; charset=utf-8
2024-04-25 19:08:42 [main] DEBUG i.r.internal.RestAssuredHttpBuilder - Parsed data to instance of: class org.apache.http.conn.EofSensorInputStream
2024-04-25 19:08:42 [main] DEBUG org.apache.http.wire -  << "{[\n]"
2024-04-25 19:08:42 [main] DEBUG org.apache.http.wire -  << "  "id": 101,[\n]"
2024-04-25 19:08:42 [main] DEBUG org.apache.http.wire -  << "  "userId": 1,[\n]"
2024-04-25 19:08:42 [main] DEBUG org.apache.http.wire -  << "  "title": "my_post",[\n]"
2024-04-25 19:08:42 [main] DEBUG org.apache.http.wire -  << "  "body": "posting something",[\n]"
2024-04-25 19:08:42 [main] DEBUG org.apache.http.wire -  << "  "comments": [][\n]"
2024-04-25 19:08:42 [main] DEBUG org.apache.http.wire -  << "}"
2024-04-25 19:08:42 [main] DEBUG o.a.h.i.c.BasicClientConnectionManager - Releasing connection org.apache.http.impl.conn.ManagedClientConnectionImpl@7caf1e5
2024-04-25 19:08:42 [main] DEBUG o.a.h.i.c.BasicClientConnectionManager - Connection can be kept alive indefinitely
2024-04-25 19:08:42 [main] DEBUG utils.HttpClient - Received response: {
  "id": 101,
  "userId": 1,
  "title": "my_post",
  "body": "posting something",
  "comments": []
}
  When the user creates a post with title "my_post" and body "posting something" # stepDefinitions.posts.PostSteps.theUserCreatesAPostWithTitleAndBody(java.lang.String,java.lang.String)
  Then the response should contain 201 status code                               # stepDefinitions.posts.PostSteps.the_post_should_successful(int)
2024-04-25 19:08:42 [main] DEBUG utils.HttpClient - Making GET request to /posts
2024-04-25 19:08:42 [main] DEBUG o.a.h.i.c.BasicClientConnectionManager - Get connection for route {}->http://jsonplaceholder.typicode.com:80
2024-04-25 19:08:42 [main] DEBUG o.a.h.i.c.DefaultClientConnectionOperator - Connecting to jsonplaceholder.typicode.com:80
2024-04-25 19:08:42 [main] DEBUG o.a.h.c.protocol.RequestAddCookies - CookieSpec selected: ignoreCookies
2024-04-25 19:08:42 [main] DEBUG o.a.h.c.protocol.RequestAuthCache - Auth cache not set in the context
2024-04-25 19:08:42 [main] DEBUG o.a.h.c.p.RequestTargetAuthentication - Target auth state: UNCHALLENGED
2024-04-25 19:08:42 [main] DEBUG o.a.h.c.p.RequestProxyAuthentication - Proxy auth state: UNCHALLENGED
2024-04-25 19:08:42 [main] DEBUG o.a.h.impl.client.DefaultHttpClient - Attempt 1 to execute request
2024-04-25 19:08:42 [main] DEBUG o.a.h.i.conn.DefaultClientConnection - Sending request: GET /posts HTTP/1.1
2024-04-25 19:08:42 [main] DEBUG org.apache.http.wire -  >> "GET /posts HTTP/1.1[\r][\n]"
2024-04-25 19:08:42 [main] DEBUG org.apache.http.wire -  >> "Content-Type: application/json[\r][\n]"
2024-04-25 19:08:42 [main] DEBUG org.apache.http.wire -  >> "Accept: */*[\r][\n]"
2024-04-25 19:08:42 [main] DEBUG org.apache.http.wire -  >> "Host: jsonplaceholder.typicode.com[\r][\n]"
2024-04-25 19:08:42 [main] DEBUG org.apache.http.wire -  >> "Connection: Keep-Alive[\r][\n]"
2024-04-25 19:08:42 [main] DEBUG org.apache.http.wire -  >> "User-Agent: Apache-HttpClient/4.5.13 (Java/21.0.1)[\r][\n]"
2024-04-25 19:08:42 [main] DEBUG org.apache.http.wire -  >> "Accept-Encoding: gzip,deflate[\r][\n]"
2024-04-25 19:08:42 [main] DEBUG org.apache.http.wire -  >> "[\r][\n]"
2024-04-25 19:08:42 [main] DEBUG org.apache.http.headers - >> GET /posts HTTP/1.1
2024-04-25 19:08:42 [main] DEBUG org.apache.http.headers - >> Content-Type: application/json
2024-04-25 19:08:42 [main] DEBUG org.apache.http.headers - >> Accept: */*
2024-04-25 19:08:42 [main] DEBUG org.apache.http.headers - >> Host: jsonplaceholder.typicode.com
2024-04-25 19:08:42 [main] DEBUG org.apache.http.headers - >> Connection: Keep-Alive
2024-04-25 19:08:42 [main] DEBUG org.apache.http.headers - >> User-Agent: Apache-HttpClient/4.5.13 (Java/21.0.1)
2024-04-25 19:08:42 [main] DEBUG org.apache.http.headers - >> Accept-Encoding: gzip,deflate
2024-04-25 19:08:42 [main] DEBUG org.apache.http.wire -  << "HTTP/1.1 200 OK[\r][\n]"
2024-04-25 19:08:42 [main] DEBUG org.apache.http.wire -  << "Date: Thu, 25 Apr 2024 13:38:42 GMT[\r][\n]"
2024-04-25 19:08:42 [main] DEBUG org.apache.http.wire -  << "Content-Type: application/json; charset=utf-8[\r][\n]"
2024-04-25 19:08:42 [main] DEBUG org.apache.http.wire -  << "Transfer-Encoding: chunked[\r][\n]"
2024-04-25 19:08:42 [main] DEBUG org.apache.http.wire -  << "Connection: keep-alive[\r][\n]"
2024-04-25 19:08:42 [main] DEBUG org.apache.http.wire -  << "Report-To: {"group":"heroku-nel","max_age":3600,"endpoints":[{"url":"https://nel.heroku.com/reports?ts=1714052322&sid=e11707d5-02a7-43ef-b45e-2cf4d2036f7d&s=Jd%2FsvT3dpIjo8KwsN9QjUCMfnlx%2B7hWFcwbnXA%2BxXjk%3D"}]}[\r][\n]"
2024-04-25 19:08:42 [main] DEBUG org.apache.http.wire -  << "Reporting-Endpoints: heroku-nel=https://nel.heroku.com/reports?ts=1714052322&sid=e11707d5-02a7-43ef-b45e-2cf4d2036f7d&s=Jd%2FsvT3dpIjo8KwsN9QjUCMfnlx%2B7hWFcwbnXA%2BxXjk%3D[\r][\n]"
2024-04-25 19:08:42 [main] DEBUG org.apache.http.wire -  << "Nel: {"report_to":"heroku-nel","max_age":3600,"success_fraction":0.005,"failure_fraction":0.05,"response_headers":["Via"]}[\r][\n]"
2024-04-25 19:08:42 [main] DEBUG org.apache.http.wire -  << "X-Powered-By: Express[\r][\n]"
2024-04-25 19:08:42 [main] DEBUG org.apache.http.wire -  << "X-Ratelimit-Limit: 1000[\r][\n]"
2024-04-25 19:08:42 [main] DEBUG org.apache.http.wire -  << "X-Ratelimit-Remaining: 991[\r][\n]"
2024-04-25 19:08:42 [main] DEBUG org.apache.http.wire -  << "X-Ratelimit-Reset: 1714052359[\r][\n]"
2024-04-25 19:08:42 [main] DEBUG org.apache.http.wire -  << "Vary: Origin, Accept-Encoding[\r][\n]"
2024-04-25 19:08:42 [main] DEBUG org.apache.http.wire -  << "Access-Control-Allow-Credentials: true[\r][\n]"
2024-04-25 19:08:42 [main] DEBUG org.apache.http.wire -  << "Cache-Control: max-age=43200[\r][\n]"
2024-04-25 19:08:42 [main] DEBUG org.apache.http.wire -  << "Pragma: no-cache[\r][\n]"
2024-04-25 19:08:42 [main] DEBUG org.apache.http.wire -  << "Expires: -1[\r][\n]"
2024-04-25 19:08:42 [main] DEBUG org.apache.http.wire -  << "X-Content-Type-Options: nosniff[\r][\n]"
2024-04-25 19:08:42 [main] DEBUG org.apache.http.wire -  << "Etag: W/"6b80-Ybsq/K6GwwqrYkAsFxqDXGC7DoM"[\r][\n]"
2024-04-25 19:08:42 [main] DEBUG org.apache.http.wire -  << "Content-Encoding: gzip[\r][\n]"
2024-04-25 19:08:42 [main] DEBUG org.apache.http.wire -  << "Via: 1.1 vegur[\r][\n]"
2024-04-25 19:08:42 [main] DEBUG org.apache.http.wire -  << "CF-Cache-Status: MISS[\r][\n]"
2024-04-25 19:08:42 [main] DEBUG org.apache.http.wire -  << "Server: cloudflare[\r][\n]"
2024-04-25 19:08:42 [main] DEBUG org.apache.http.wire -  << "CF-RAY: 879ebc2539157fa5-MAA[\r][\n]"
2024-04-25 19:08:42 [main] DEBUG org.apache.http.wire -  << "alt-svc: h3=":443"; ma=86400[\r][\n]"
2024-04-25 19:08:42 [main] DEBUG org.apache.http.wire -  << "[\r][\n]"
2024-04-25 19:08:42 [main] DEBUG o.a.h.i.conn.DefaultClientConnection - Receiving response: HTTP/1.1 200 OK
2024-04-25 19:08:42 [main] DEBUG org.apache.http.headers - << HTTP/1.1 200 OK
2024-04-25 19:08:42 [main] DEBUG org.apache.http.headers - << Date: Thu, 25 Apr 2024 13:38:42 GMT
2024-04-25 19:08:42 [main] DEBUG org.apache.http.headers - << Content-Type: application/json; charset=utf-8
2024-04-25 19:08:42 [main] DEBUG org.apache.http.headers - << Transfer-Encoding: chunked
2024-04-25 19:08:42 [main] DEBUG org.apache.http.headers - << Connection: keep-alive
2024-04-25 19:08:42 [main] DEBUG org.apache.http.headers - << Report-To: {"group":"heroku-nel","max_age":3600,"endpoints":[{"url":"https://nel.heroku.com/reports?ts=1714052322&sid=e11707d5-02a7-43ef-b45e-2cf4d2036f7d&s=Jd%2FsvT3dpIjo8KwsN9QjUCMfnlx%2B7hWFcwbnXA%2BxXjk%3D"}]}
2024-04-25 19:08:42 [main] DEBUG org.apache.http.headers - << Reporting-Endpoints: heroku-nel=https://nel.heroku.com/reports?ts=1714052322&sid=e11707d5-02a7-43ef-b45e-2cf4d2036f7d&s=Jd%2FsvT3dpIjo8KwsN9QjUCMfnlx%2B7hWFcwbnXA%2BxXjk%3D
2024-04-25 19:08:42 [main] DEBUG org.apache.http.headers - << Nel: {"report_to":"heroku-nel","max_age":3600,"success_fraction":0.005,"failure_fraction":0.05,"response_headers":["Via"]}
2024-04-25 19:08:42 [main] DEBUG org.apache.http.headers - << X-Powered-By: Express
2024-04-25 19:08:42 [main] DEBUG org.apache.http.headers - << X-Ratelimit-Limit: 1000
2024-04-25 19:08:42 [main] DEBUG org.apache.http.headers - << X-Ratelimit-Remaining: 991
2024-04-25 19:08:42 [main] DEBUG org.apache.http.headers - << X-Ratelimit-Reset: 1714052359
2024-04-25 19:08:42 [main] DEBUG org.apache.http.headers - << Vary: Origin, Accept-Encoding
2024-04-25 19:08:42 [main] DEBUG org.apache.http.headers - << Access-Control-Allow-Credentials: true
2024-04-25 19:08:42 [main] DEBUG org.apache.http.headers - << Cache-Control: max-age=43200
2024-04-25 19:08:42 [main] DEBUG org.apache.http.headers - << Pragma: no-cache
2024-04-25 19:08:42 [main] DEBUG org.apache.http.headers - << Expires: -1
2024-04-25 19:08:42 [main] DEBUG org.apache.http.headers - << X-Content-Type-Options: nosniff
2024-04-25 19:08:42 [main] DEBUG org.apache.http.headers - << Etag: W/"6b80-Ybsq/K6GwwqrYkAsFxqDXGC7DoM"
2024-04-25 19:08:42 [main] DEBUG org.apache.http.headers - << Content-Encoding: gzip
2024-04-25 19:08:42 [main] DEBUG org.apache.http.headers - << Via: 1.1 vegur
2024-04-25 19:08:42 [main] DEBUG org.apache.http.headers - << CF-Cache-Status: MISS
2024-04-25 19:08:42 [main] DEBUG org.apache.http.headers - << Server: cloudflare
2024-04-25 19:08:42 [main] DEBUG org.apache.http.headers - << CF-RAY: 879ebc2539157fa5-MAA
2024-04-25 19:08:42 [main] DEBUG org.apache.http.headers - << alt-svc: h3=":443"; ma=86400
2024-04-25 19:08:42 [main] DEBUG o.a.h.impl.client.DefaultHttpClient - Connection can be kept alive indefinitely
2024-04-25 19:08:42 [main] DEBUG i.r.internal.RestAssuredHttpBuilder - Parsing response as: application/json; charset=utf-8
2024-04-25 19:08:42 [main] DEBUG org.apache.http.wire -  << "1b9a[\r][\n]"
2024-04-25 19:08:42 [main] DEBUG org.apache.http.wire -  << "[0x1f][0x8b][0x8][0x0][0x0][0x0][0x0][0x0][0x0][0x3][0x8d]]I[0x8e][0xe4][0xc8][0x8e][0xdd][0xff]S[0x8][0xb9][0xfe][0x8b][0x9a][0x87][0xbe]A[0x9f][0xa1][0xa3][0x17][0x16][0xee][0x96]U[0x2][0xdc][0xa5]([0x97][0x94][0x88]F[0xa3][0xef][0xde]$[0x1f]'[0x93][0xc9]=[0x5]d[0x15]b[0x90]K2[0x1a][0x87][0xc7]G[0xd2][0xe2][0xbf][0xfe]5[0xc][0xff]K[0xff][\r][0xc3][0x97]m[0xa9][0x8f][0xff][0xbc]~[0xf9][0x8f][0xe1][0xc7][0xe3][0x7]c[0xfe]f[0x1d][0xd7][[0xa5][0xef][0xbf],[0xdb][0xb4][0xe]e[[0x87][0xaf][0xe5]R[0x1f]ux[0xd4][0x8f]z[0xbb][0x95]u[0xf8]x[0xcc][0xdf][0xc6]k[0xa5][0xdf][0xce][0x97]K[0xa9][0x97][0xb2][0x8e]C[0xfd][0xbc][0xd4][0x8f]u{[0x8c][0xc3][0xfc][0xb1][0x8e]3_[0xfc][0xa8][0xd7][0xe9]Z[0x1f][0xe3][0xfa]Eo[0xfd]>_[0xff][0x87][0xef][0xfc][0xcf]6[0x96][0xa1][0xae][0xc3][0xb2]-[0x97][0xf1]c\[0xdf]&[0xfb][0x8a]>w[0xd9][0x96]2]K[0x1d].[0xf3][0xb4][0xd4]6z[0x8b][0xed]A[0xf7][0xff][0xa8][0xd7]q[0x95][0x8f]][0xb6][0xfb][0xdb][0xd4]<`[0xb8][0xcf][0xb7][0xba][0xac]#}[0x8a][0xde][0x97][0xfe][0xfd][0xb3][0x95]eX[0xe7][0xb5][0xd0][0x95][0xd3][0xbc][0xac][0x8f][0xed]N[0xb7][0xe6][0xff][0xd3]e[0xbc][0xa8]z[0x1f]d}[0xf][0xfa][0xa2]~[0xab][0xd3]H[0xf7]-[0x8f][0xcb][0xdf][0xe3]Z/[0xeb][0xfc][0x85][0xde][0xf7][0xff][0xfe][0xfd]=[0x89][0xfd][0xb4][0x97][0x18][0xad]K[0xee]_[0x97][0xa5][0xee][0xd7][0xcc]?[0xc7][0x1b][0xd0][0xb3]?f[0x92][0xe7]7ZN}[0x93]5[0x8e][0xc3]2[0xd2][0xcb]L[0xe3][0xdf][0xe3][0xad][0x15][0xdd]p[0x9d]o[0xf3]cx[0xaf][0x85].[0x1e]j[0xc1][0xf7]u[0x19]&[0xfa][0x18]}[0xfa][0xeb][0xf6][0xd7]H[[0xf2]~#[0x99][0x8d][0xeb]8.[0xc3][0xb7][0xf9][0xb6]}[0xac]e[0xad][0x3]=[0xe5]1[0xf][0xdf][0xea]Mo[0xdc][0x8][0xe9]Q[0xc7][0xcb]H[0xf][0x19][0x97][0xb7][0x89]_[0xa0]|[0xd0][0xe3][0xca]}[0x98][0xe6]i[0xb8][0xd6]w[0xba][0xd7]B7X[0x96][0xf1][0xbe]-[0x3]_ [0xf][0xa4];-[0xf4][0xe5]FzpNF?[0xef]eDK[0xb0][0xf7]Xd[0x9b]Xw[0xea][0xe3]B[0xc2] [0xbd][0x99][0xea]=[0xf4][0x8c][0x9f]:~,[0x85][0x84]#{[0xd6][0x89]t[0x1d][0xc6]mY[0xe7]a[0xa9]W[0xba]x[0xa6][0xef][0x1e]$[0x12][0x17][0xc0]=[0xe9][0xe7]|[0xa7]7[0x1f][0xea]m[0xfc][0x8b][0xd7],j][0xae][0xcd][0xb5]"[0xd8][0xf1][0x9d]V[0xcb][0x12]+[0x17][0xd1][0xc3]u[0xa4][\r][0xa3][0xf7] Y[0x14][0x12][0xf]i[0xe2][0xdb][0x14]b[0x84][0x80]+[0xbd][0xc4]0_I[0xe9][0xe9][0x85]n[0xe5][0x9d][0xf7][0x96][0xbe][0xa2][0xbb][0xe8]k[0x9f][0x12][0xd4]/[0x9d][0xa0]XYW[0xd1]'_[0xc6]^[0x2][0xbc][0xf]r[0xd5]RHhiO[0x87][0xb4][0xb0]r%[0xcb]"[0xf3]"U[0xe3][0x17][0xba]W3[0x80][0xb2],[0xdb][0x9d]./[0xc9][0xa2][0xa1][0xa2][0x97][0xed][0xf6]QD/[0x96][0xe1][0xef][0xf1]B[0xa6]x[0xbf][0xd3][\n]"
2024-04-25 19:08:42 [main] DEBUG org.apache.http.wire -  << "I[0x7][0xe8]>f6k[0x9d]*[0x9b]&4[0xf2][0xce][0xda][0xc1][0xbb]u[0xd7]m[0x90][0xf][0x8b][0x8d][0xa5]w[0xc1][0xed][0xc7][0xdb]m[0x86]|[0xce][0xc9][0xe6][0xd7][0xbd]l[0xfc]=[0xc4][0xce]Y[0xf6]{[0xc9][0x90][0x12]m[0xd7][0x11][0x8e][0x84][0xcd][0xbb][0xf0]6[0x96][0xfa](+[0xde][0x89]T[0xe6]m*7VBqq0#U4v[0xe][0xa4]R$[0xfa]V[0x9b]D[0x87][0xdc]([0xd8][0xca]}m[0xa2]8[0xbc][0xe4][0xb7]I=L+[0x1f][0x98][0xcf][0xb9][0xe5][0xfe][0xb6]_[0xae]Jx`[0x95][0xb8][0x97][0xbf]&2[0x99]yq[0x8b]eo[0xda])[0x6][0xbd][0xc2]B[0xbf][0x9f]Xei[0xfb][0x1e][0xa4][0xaa][0xbc][0x97][0x85][0xc5][0xf]o[0x0][0xad][0xf6][0x8d][0x17]7$[0xca]M[0xdb]B[0xee]y[0x9a][0xdf][0xe9][0xf7]$![0xfa][0xf1]5\[0xc7][0xdb]Dw]>H[0xcf][\n]"
2024-04-25 19:08:42 [main] DEBUG org.apache.http.wire -  << "{[0x8]VP[0xba][0xb6][0xde][0xe7][0xa1][0xbc][0xef]<WkBeI[0xb2]t/[0x6]#[0xa9]kV"[0xd6]9i[0xfd][0xbe][0x97][0x16]K[0x88][0xc4]BQk[0xbc][0x8d][0xb][0xf6]s/[0x1f]<n[0xf8][0xb8]Qh[0x83][0xa7][0xa1][0xfd][0xbb][0xb2]-[0x15][0xf1]$[0xea][0x9b]!l[0x91][0x14][0xe9][0x90][0x88][0x1a][0xdf][0xf1]5X[0xf5][0xa6][0xc6]'[\n]"
2024-04-25 19:08:42 [main] DEBUG org.apache.http.wire -  << "[0xcd][0xee]+B[0xa2][0x4][0xa4][0xb1]p[0x98][0x9b]$<[0xc1][0xe7][0xf3]&[0xd2][0xf3][0xe0][0xbd][0xca]rn[0xb9]<S[0xe]][0x12]k[0x9f][0x98]a[0xb7][0xe4][0x91][0xd6][0xc2][0xaa][0x9b]T[0xc7]>+o[0xc3]Q[0xd5][0x84][0x16][0x2])[0xb4]n[\r]O[0x1e][0xa4]=`[0xb9]-HH6[0x3][0x83][0xd4][0xee]e[0x94]-v1[0xbc]Mp[0xf][0xb4]~[0xf3]'0[\r]S[0xb][0xd6][0xee]Y[0x9d][0xb3]l[0xc0]9[0x89][0xfc][0xf9][0xd4];[0xb0]#R[0xab][0xb5][0x95]"[0xf8][\n]"
2024-04-25 19:08:42 [main] DEBUG org.apache.http.wire -  << "[0x8c]H[0xfa][0xb9][0x97][0x95]@[0x8f][0xcb]*[0xe6][0xb][0x1][0xb4][0xf7][0xc4][0xdd][0xc8][0xd4]U)[\n]"
2024-04-25 19:08:42 [main] DEBUG org.apache.http.wire -  << "[0x82][0x9][0xfc][0xc][0x1c][0x8]@[0x88]|[0x7][[0xa2][0xab]WC[0x1f][0xac]?W[0xf9]"[0xc]P[0xa5][0xa0][\n]"
2024-04-25 19:08:42 [main] DEBUG org.apache.http.wire -  << "[0xeb][0xdf][0x9e][0x93][0xc1][0x8f]?[0xec][0x85][0x0][0x18][0x16][0xa1]v[0xbc][0xe2]Ek[0xbf]ZVf~7[0x83]X[0xb2][0x9][0xb4][0xa3][0xc3][0xfc][0xf5]+[0x1b][0xba][0x4]D[0xd9][0xd4][0xb7])[0xa2]$+A[0xf2][0xb2][0xbc]|[\n]"
2024-04-25 19:08:42 [main] DEBUG org.apache.http.wire -  << "[0x86][0x82][0xf][0x16][0x86]tt[0xd7]%\/-[0x97][0xf5][0x1c]2[0xbf]K[0x90]}H[0xc8]'[0x5][0xa1] [0xfa]x[0xba][0xcc][0x9f][0x9a]ev [0x15][0xe]H[0x1e]-[0xcb][0xbb][0x95][0xed][0xaa]>[0xe7][0xd8][0xf0][0xeb][0x8d]6[0x96][0x9e][0x9f]be[0x4][0xf4][0xc0][0xb][0xc][0x83][0xee]#moqx[0xc8][0xb][0xce][0xee][0x9e][0xe2][0x87][0xaf]f[0x9c][0xc4]9+L[0x93][0xf5][0xb3][0xd0][0x2]7[0xb9][0xeb][[0xb2][0xfe][0xb][0xc2][0x99].[0xe3][0x95]4[0xeb]mb[0xa7]-[0xca][0xa6][0xbf]>)[0x93][0xe][0x86][0xd2][0xcb][0x84][0xfd][0x1a][0xda][0xa4][0xfb]A[0xfd][0xd4][0x12][0xf6][0x82][0xa1][0xcd][0x90][0x8][0xe][0xb5][0x84][0xf]%g[0xff](u[0xa9][0xe][0x83][0x8a]:|[0xdc][0xc][0xa2]7[0xb5][0xad][0xc][0xe3][0xcb][0x7][0xc9][0x94][0xfc][0xbb]\[0x8b]8#[0x80]#[0x4]+[0xbf][0xa1][0xa7]D\%[0xbf][0xa0]"[0xe0][0xfb][0xc9]+[0x8e][0xb4][0x1d][0xd3][0x85][0x15]Xb[0xfb]99tPSV[0xba][0x89])[0x92]H[0xfc]E=[0xc4]9nb[0x3][0x10][0xc9][0xef][0x85][0xc2][0xa2][0xb8][0x8e][0x17][0xb2][0x9][0xf7]t[0xe2][0xf7][0xfc][0x16]~[0xd3][0xd8][0xd1]9[0xc5]2Z[0xda][0xb2]r&[0xf3]x[0xd0]e[0xe3][0x13][0x80]&[0x0]R[0x90][0x11] [0x1a][0x99][0x1e]o[0x85][0x18][0x8d]#V[0x1][0x96][0xec]!E)%[0xc][0xa5][0xac]L[0xee][0x95][0x92][0xa6][0xc0]t[0xd9][0x87][0x1][0xa8]F~[0xc3][0x11][0x82]q[0x98][0xc4][0x89]s[0xd2][0xed][0xf0]i^[0x80][0xbd][0xa4]8[0x9d][0xbd][0x10][0x9][%[0xcb]2[0xb4][0x8d][0xc9]k[0x0]&Tqr[0xd2]6eL[0x0]#B"Jv'[0xbe][0xcc]o[0x13][0xf6][0xb][0xfb][0xe3][0x9c][\n]"
2024-04-25 19:08:42 [main] DEBUG org.apache.http.wire -  << "j[0xec][0xdb]#[0xa9][0xa0][0xc0];z[0xce]vv[0xcd][0x1d][0xee][0xc]W@[[0x3][0xcb]b;;[0x0][0x9f][0x9][0x7][0x89]#T[0xa4]!n[0x81][0xf3]U[0xb8][0x16]s[0xb0][0x6][0x87][0xc6][0xbb][0xb8][0xe0][0xec]W[0xd3][0xea][0xc4]"}Ii[0xd3][0x5][0x92][0x98]g{[0x9b]pW[0x87]{[0x8a]m_G[0xd4]v[0xe1][0x1d][0x2]m[0xe3][0x3][0x1][0xb1] [0xdb][0xb][0x5][0xf8][0x9c][0xb5][0x89][0xc6][0x8e]3[0x87][0xfc]#[0x84][0xee]wc[0xb0]&aC[0xcc]P[0x91][0x9][0xed][0x1e][0xed]3CXE[0x11]$C^[0xc8][0xea][0xb8]b[0x8f][0xbc]K[0x83][0xd5]E$H[0x8f][0xe0]d[0x7][0x80]}81[0x6][0xf6]J/[0x8]@V[0xc4]bV[0x1d][0x9a][0xca][0xe0][0x96]_-!Wv[0x7]'[0xc5][0xd8]AS[0xac][0xc0][0xb7][0x90][0xd5]4"tz{G[0x5]][0xca];/[0xd9][0xe3][0x8a][0x92][0x8b]3f[0xa0][0xcf][0xaf]+N$A1[0xbe][0x94][0xf8][0xb3]D([0x8a][0x93]SH[0x1e][0x87][0xa4]{P8[\n]"
2024-04-25 19:08:42 [main] DEBUG org.apache.http.wire -  << "*@i[0x8][0xfd][0x95][0xc0]\l[0xf2][0x86][0x7][\n]"
2024-04-25 19:08:42 [main] DEBUG org.apache.http.wire -  << "[0x94]8[0xeb][0x95];[0xbc][0x1a][0xa2][0xe4][0xfc][0x1d]QG[0xe2][0xb7]A[0xb3][0xc0][0xff][0xfb][0xc5][0x87][0xf5]i[0xaa]eN[0x11][0xe6][0x9d]w[0xd4][0xfd][0x87][0x84]UE^[\r]\[0xe1][0x1f]$[0x91]s[0xb8]6[0xde][0xa3]Z[0x0]<[0xb9][0xc6][0xe][0x81]Z[0xca][0xed][0x9][0x86]x[0x1d][0x11]^[\n]"
2024-04-25 19:08:42 [main] DEBUG org.apache.http.wire -  << "[0x1][0xb4][0x86].[\n]"
2024-04-25 19:08:42 [main] DEBUG org.apache.http.wire -  << "[0xcb]u[0xa2][0xbc][0x97][0xed]cd8[0xc6]DNdic[0xc4]fM[0x1d]D[0x5][0x18][0xe3]:[0x0]5[0xb][0x81][0xfa]g[0xa9][0x94]U[0x82][0x92][0xbf][0x9e][0x90]&[0x1c][0xa1][0x1c][0xfb]-[0xe6][0xb0][0xbe][0x8b]?[0x1b][0x11][0xfc][0xd4][0xe1][0xcf][0x0][0x8a][0xe4][0xad][0xd3][0x2][0xcc][0xea][0xcb][0x11]+[0xd8]r~[0xd7][0xed]"!7[0xd3]P[0xb]@5c[\n]"
2024-04-25 19:08:42 [main] DEBUG org.apache.http.wire -  << "[0xfa][0xd9][0xc8][0xe9]iM[0xf4]![0x2][0x1d][0xf2][0xc][0xbe][0x88][0xa4]4g[0xac][0xe9][0xae]q[0xc7]9[0xf1][0xee][0xc3]8[0x5][0xaf][0xd7][0xb]%[0xf7][0xa3]9[0x17][0xe5][0x11][0x91]H(A[0x92][0x84][0xea][0xb2][0xd3][0x4]P[0xc3]7[0xfd][0xf8]6^HA[0x9f]J[0xf0][0xe7]F[0x82][0x1d][0xb4][0xcd][0xde][0xaf][0xe8][0x9a][0x1a][0xa7]'[0x80]C#[0x89][0xf8]5[0xf6][0xd2][0x7][0xb1][0x8][0xe9][0xa8][0xa5][0xf2][0x19][0xd2]E[0xfe]7#h[0xc2][0x90][0xe8][0x9e]t{6![0xd8]'[0x85]cq[0x9]Jn[0x85];[0x91]|[0x16]I[0x9c][0x19]'[0xd3]E)4A%[0xdf][0xa6][0x94]w[0x19]/[0x12]:Gw9)[0xa4][0xe][0xeb][0xe2][0xe1][0x12][0x9e]$|[0x18][0xa3]`[0xc2]W$[0xda][0xa7][0xc3][0xac][0x17][0xe2][0xf5][0xd6][0xc][0x86][0x92]~r[0x0]b[0x91]`[0xdb]Y[0x18][0x1c][0xc5]H[0xa1][0x9c][0x89].[\n]"
2024-04-25 19:08:42 [main] DEBUG org.apache.http.wire -  << ">[0x10]4B*B.[0xb2][0xa5][0x9]M[0x16]$7[0x7]:[0x8b][0xf0]B[0x11][0x9f][s[0x87]k[0xef][0xe5]s[0xbc][0xb]T[0x97][0x98][0xae][0xfe]zb[0xb5][0xeb][0xd7][0x19][0xba][0xbf][0x91][0xdb]W e[0x80][\r]9[0xbb]f[0xa3][0x81][0xe][0xc1]n[0x88]c[0x6][0xf]"[0xa4][0x2][0x3]4v[0xf][0xb6][0x95][0x9][0x9e][0xc1]t[0xf8]6[0xc8]r[0x85][0xfd][0xf4]lH[0xc8][0xe]8#[0xd1]1[0xdd][0xff][0x8c]"N[0x8a][0xa2][0x3][0xa1][0xc8][0x95]Y[0xe7]T7C#[0x19]Ni^[0xd1][0xed]=[0xa7][0xed][0x92][0xf1][0x82][0xca]6[0xdb][0xf6][0xc8]*J#|X[0x8a][0x10]Mx[0x81][0xb0]aT[0x5][0xb5][0x4]Rr[0xb1][0x9e][0xa4][0xfd][0xb4]E[\r][0xed]"[0xd4][0xcf]uH[0x96]m[0x91][0xf8][0xa4][0x0]:D[0xca][0x1a][0x6]d[0x93][0x92]&[0xb][0x90][0xc7]tq^[0x7]+9[0xd6][0xe][0xba]v[0xc4][0xce]e7[0xc][0xda]&0>[0xac]%[0xb4][0xbd][0xae]F[0xae]s[0x1e]?h[0xb5]%[0xd3][0xe4][0xa2]9[0x96][0x87]Z[0x16][0x19][0xaf]{r[0xe9][0x1d]&[0x95]J[0x8b][0xb0],[0x9a][0xdd][\n]"
2024-04-25 19:08:42 [main] DEBUG org.apache.http.wire -  << "v[0x99][0xa7][0xe]hZ[0x9c][0x0]c[0x1b][0x81]I[0xf3]S[0x3]{&[0x9]s[0x8a][0x2][0x9d][0x9a][0x80][0xd4][0xe2]z(}[0xda][0xed]H[0x8]v,[0xe9][0x5]Ihp[0x13][0xf6](I[0xb5]]N,yFB'[0x5][0xd2][0xa1]KTSH[0xe7]X[0xb5]I[0xdd][0xcc][0xd0][0x94]p:&D[0x98][0xb6]`[0x9d]t[0x9b][0x81][0x1b]l[0xd8]=[0xc3]E[0x9e][0xc5]3[0x82][0xc4][0x8f][0x94][0x11][0x95][0xec][0x9f][0xe9],[0xc5];[0xb0]0q[0x90][0xe]Q[0x95][l[0x91]wd[0x1]m[0xcc]E[0x98][0xe5][0x17][0x1b][0x19][0xd6][0xac][0xac]:![0xdf][0xac][0xc3]'[0xa5][0xd5][0xf3][0xa6][0xc6][0x4]y[0x11][0xc5]irq[\n]"
2024-04-25 19:08:42 [main] DEBUG org.apache.http.wire -  << "[0x19][0xa6][0x1f] 5[0xe][0x8][0xaa]}[0xf]!{[0xa1][0x88][0x4]v[0x14]~1{[0xc][0x1b][0xcf]*"[0x1e][0x82]E[0x92]*v[0x1e]B[0xa4][0x9a][0xc1][0xd6]"[0xb2]lb}[0xa6]KB[0xa1][0xad][0xb4]Y_[0xa4][0xb4][0xad][0x18]:[0xa8][0x8a][\n]"
2024-04-25 19:08:42 [main] DEBUG org.apache.http.wire -  << "[0x9a]P[0x10][0x12][0x6]v[0xfb] [0x95] [0xda][0xc9][0xfd][0xf2]eG[0x95]i7[\n]"
2024-04-25 19:08:42 [main] DEBUG org.apache.http.wire -  << "\[0xb6][0x8b][0xe5]"[0x9e][0xd3][0xc2][0x4]"[0xa1][0xd8]Z[0xc3][0x98][0x9][0xd2][\r]c[0x14]'[0xa1][0x88][0xdd]}M[0xce][0x83][0xfd][0x89]c ?y[0xe2]es[0xc8]{N[0x8]?w`[0x15][0xa4][0xff][0xfe][0xe6][0x89][0x9e][0xe8][0x88]![0xb8]\[0x1][0x1f][0xc0]{[0xe4]&5[0xb4][0xa7][0x9d][0x15]%Q`$[0x15]B[0x84][0xee][0xb7])]#XV[0xe5]?.[0x1e]][0xc1]*o([0x9a]qN[0x97]@t[0xe3]\[0xa4][0xfc][0xf3]l[0xdd][0xbf]4[0xeb][0xee] &T[0x1f][0xe5][0x9][0x86][0xae][0xca][0xfe][0xed]C@O[0xa2]j[0x9e][0xc4]o[0x8d][0xf2][0x85][0xd1][0x8d][0xba][0xfd]KC?)[0x8a]0[0x1][0xe1]yM[0x1c][0xb2]Df[0x9c][0xbc][0x8e][0xc2][0xb1][0xc8][0xf5];[0xd2]~[0xcf]]4[0x97]1[0x3]<(xf[0xf5]9)[0xa1]c|[0xa9][0xc5]M[0xe4]p[\n]"
2024-04-25 19:08:42 [main] DEBUG org.apache.http.wire -  << "[0xa3][0x97][0x3]\[0xe1]i5{_-[0xa0]%[0x10]/[0xe0][0x18]`[0xca]$[0xe8][0xe8]<q[0xd0][0xcc][0xa1][0x19][0xe2][0xb6]$|[0xc3]=[0x15]Q[0x85][0xb8]S[0xd0]w[0xb7][0x3][0xb7][0x9b][0x8]g[0xe5][0x9]\,\[0x82]oI[0x94]E[0x15][0xf3][0xa4][0x94]:D*[0x11][0xc0]!w[0xac][0xe5][0x9][0xd7][0xc][0xe7][0x8e][0xbc][0xdc][0x90][0x94][0xa5][0xf2][0xce]S[0xb][0x89][0x8e][0xaa][0x5][0xc2][0x11]t[0x83]C[0x9c][0x5]6[0xc3][0x14]F[0x1a]%[0xc][0xd2][0x87][0xdb]D[0x1e]^[0xc8][0x18][0xd5][0x95]g[0x82][0xf5][0xe4][0x8a];[0xe0][0x19][0xae]O[0x19][0xaf][0xed][0xd1][0xf3][0x15][0x96][0x8d]d[0x9e][0x13][0xbb][0xb3][0xb5][0xdc][0x83]S"[0xc6][0xc2][0xb3]S6<i[0x9d][0x7][0xb2][0x1e][0xb0]1[0x7][0x1f][0xb5][0xba][0x13][0x9c][0x98]s)[0xc8][0xe][0xf9][0x93];b]z>[0x9c],N[0xdc]l[0xc2][0xab]FOz[0xf1]Kt[0xfa][0xa4][0xc8]:[0xa8]J{[0x9][0xa5]n[0x98]7[0xa7][0xbf]P[0xfa]x[0xca]|[0x9][\r][0x7][0x88][0xe9][0x91][0xdb][0x1][\n]"
2024-04-25 19:08:42 [main] DEBUG org.apache.http.wire -  << "[0xab][0x92][0xc5][0xc]u6[0x8e]Df[0xe3]A[0x13][0xa1]be[0xce][0x16][0xd0]%Y[0x1a][0x91][0x8c]*[0xa5][0xf2][0x10][0xc2][0x96][0x88][0x13][0x8][\n]"
2024-04-25 19:08:42 [main] DEBUG org.apache.http.wire -  << "[0xce][0x13][0xa9][0xaa][0xd2][0x81][0xe3][0x16]lxRP[0x1d][0xb0][0x15][0xe0][0xc9][0xda][0x95][0xaa]e[0xc1][0xfa]:}[0x4]][0xe9]"[0xd3][0xb5])p[0x0]g"[0xa1]O[0x19][0x1e][Y[0xe2][0x92]s[0xf5][0x1d][0xc9]%[0xca][0x96][0x13][0x98]\[0xd1][0x15][0x89]x[0x96][0xce][0xa7][0xf8][0x5][0x84]P[0xb4][0xc6]m[[0xc][0xb][0xd3][0xce][0xb1]\[0x0][0xd2]n[0xa3]`([0x91][0x10][0x88][0xda][0xb3][0x93]RSv[0xd4]wR[0x88][0x1d][0x18]N[0x85]U[0x8a]f[0x1b][0xa8]3s[0xa7][0xa4]rOc[0xda][0xaa]/#[0x19][0xbf][0x1a][0x80][0x0][0x1b]3[0x2][0xb7]G[0xba]q[0x93] [\n]"
2024-04-25 19:08:42 [main] DEBUG org.apache.http.wire -  << "[0x93]&T[0xa6][0xdc][0x84][0x8c][0xd5][0xb2][0xc4]-UW[0x91]?[0x1]b[0xb2]]&G[0x8d][0xcd]j[0x8][0xbb]M[0xb1][0xb4]{0)[0xee][0x81][0xd5]>)[0x9a][0xe][0xf9][0x86][0xa7][0xd6]D[0x81][\r]j[0x1a][0xa5][0xea][0x89]x[[0xde][0x19][\n]"
2024-04-25 19:08:42 [main] DEBUG org.apache.http.wire -  << " 8[0x91][0xb2][0xf5][0x15][0xe][0x18][0xab][0xe4]S[0xda]3[0x83]xm2[\n]"
2024-04-25 19:08:42 [main] DEBUG org.apache.http.wire -  << "[0xcf]R[0x93][0xb9][0xc8][0xde][0x97][0x16][0xd8][0xc6]>A}Z[0xf8][0xc9]R[0x84][0x83][0xcd]P[0xb0][0xb9][0xb][0xb7]>[0x98]C[0x8][\n]"
2024-04-25 19:08:42 [main] DEBUG org.apache.http.wire -  << "O[0xcb][0xdd][0xf4]i[0xdd]r[0xd4][0xc3]y[0xb5]@[0xbc][0xca][0x95][0x8a][0xdf]>'[0xc7][0xe]:[0x8b][0xe8]4Y[0x94][0xbd][0xcf][0x1d]/[0x92][0x9d][0x16][0x84][0x99][0x9e][0x95][0xf1]T[0x3][0x8b]3[0xf][0xc3][0xaa][0xca][0x2]K7[0xe2]4[0x2][0x16][0x19]&S[0x94][0xe7]t[0xff]'OW[0x12]X[0xb8][0x9a])[0xf6]4![0x10]q,BlEnc[0x15][[0xe1][0xbf][0xd1]B[0x2]o[0x91][0x15][0xdb][0xeb][0xb3][0x9f][0xe7]d[0xf5]K[0x87][0xb0][0xb5]SbV[0xcf]p[0xd0][0xaf][0x94][0xba]@[0xc]c)q[0x80]`/[0x91][0xf][0xf1][0x9b][0xef][0xe3][0xd9]$[0xec][0x89][0xf7][0xc0][[0x1e]"[0x9b]j[0xec]3[0xab]"r[0x14][0xa1][0xc4][0x1a][0xee]G[0x96][0xbb][0x9]O[0xc1]HCe[0xef][0x9f]zU[0x13][0xf8][0xb5][0x91]@[0x87][0xb5]%[0x17]X[0xac][0x9b]v/[0x80][0xa6]Q[0xc3]9[0x94]h![0xda]c[0xaa][0xc1][0xd8]h7[0xd1][0xe8]oC;R[0x6][0xe0][0xa2][0x1f][0xf6]{[0xa7][0x5]B1R[0xc1][0xeb]S8[0xa1][0x9][0x1e][0x86]q[0xb8][0xe0][0x6][0xd5]O[0xb0]k[0xea])[0xe5]9'[0xa5][0xd1][0xe1]j[0xab][0x97]+-[0xc8][0xf8][0xae][0xe6][0x96])D[0xfa][0xf0]T[0x99][0xb5][0xf6][0xd2]D[0x9f][0x93][0xce]CSb[[0x93]m9[0x1b][0xa1]kr[0xa5][0xce][0xa9][0xf5][0x8c][0xea][0xab][0xc7][0xd8][0xcc][0xef][0xa9][0xf2][0xc1]s[0xab][0xdd][0xa3]P[0xdd]4Hc3[0x92]Wo[0xfd][0x10][0xb0][0x8][0x88][0xdb][0x17][0xbd][0xa1][0xad][0xf8][0xfa].Zg[0xe3]xg[0xcd]m7dU[0xd4][0xa0][0x92][0xe8][0xd8]Ik[0x12][0xf1]"[0xbb][0x8d][0x14][0x18][0xd2][0x94]z)[0x90]O[0x8d]R/VR[0x93][0x0][0xdd][0xe1][0xb1][0xe2][0xb0][0xf6]65[0x16])+MB@b[0xef]s[0xf7][0x18][0xd2]cc[0xb2][0x85][0x93][0xb5][0xe7][0xec]n[0xa3][0xc8][0x9b][0x14][0x95][0xf3][0x9a][0x96]J4[0xdd]<)[0xd6][0xe][0xd5][0xc3][0x83] [0xad][0xf][0x8b]\[0xfa][0xe][0xf6]DE[0xb1].e[[0xf3][0xde][0xb0]u[0xb8][0x8d][0xef][0x8c][0x6][0xcc]`[0xc0][0xef]qB[0x90]J[0xe3][0xd0][0xe]8[0xb1][0xc8][0xeb]$}A. N[0xfb]Q[0xb5]$^e[0xc5][0xe6][0xa1][0xc0][0x90][0xa9][0x93][0xda]v[0xf8][0xfe]E[0xd2][0xdb][0x8a][0xa1]C[0xea][[0xa4]e[0xbe]G[0xca][0xf1]J[0xc6]o[0x9c]]j[0xb6]:[0xcc][0x16][0xab]K'[0x8b][0xc2][0x16][0xfb]m[0x9b][0x1e]8V[0x19][0xd7]0i[0xf1][0xd7][0x81][0x3]C\[0xa2][0x88][0x80][0xd9][0x8e][\n]"
2024-04-25 19:08:42 [main] DEBUG org.apache.http.wire -  << "[0xdc][0xe4],[0x14][0x83][0xe6]<[0xb7][0xf4][0xe]{[0x1b]W[0xaa][0xed][0xce][0x99]dSG[0xd2][0x15]X[0xda][0xa6][0x3][0x91][0x1a][e[0x84][0x1e][0x90][0xcd]"[0x8][0x87]q[0x96][0x81][0xb8][0x1f][0xd1][0xb6][0xd2][0xa2][0xc],[0xfa][0xc7]j[0xe3][0xc9][0xd0][0xc4][0xc0][0xd6]uru[0x7][0xc][0xb1])[0x98][0x2]t[0x95]W[0x94]![0x9e]/. [0x9d][0xf2]7[0xdc][0xc7][0x16])[0x95][0x80].%x,KH[0xed]t[0x1c][0xbc][0x9b][0xdc][0x89]o[0x99][0x9][0xf1]}[0x13][0x8f][0x8d]k[0x14]([0xfb]B[0x9f]ZK[0x8a][0x8c][0xe6][0x0][0xb3][0xff]9)[0x96][0xe][0x10][0xb7][0xd9][0xb8]:[0xba][0x92][0xc9]I[0x98]"[0x1][0xbe][0xa7][0x2]Bz[0x98]nc;[0x8c]&[0xd4]Hd[0xba][0xc0]e[0x99][0xf9][0x89]",:[0x1e][0xdf]P|[0x4][0xc7][\r][0xce]q[0xcf][0x83][0x1b]][0xd4]v[0xaf][0xca][0xa6][0x18]a[0x98][0x87]o[0xce][0x9][0xa5]C[0xb7]F[0xc8]p[0x80][0xf3]Q[0xa0]-C[0xfb][0xb6][\r][0xe8]IP[0xe][0xfa][0x9e]V[0xc1]q[0x9e][0xc1]E`uF;[0x12]P[0x11]\S[0x8a]j][0xea][0x2]ZP[0xc7]7[0xe4]B[0x86][0xa0][\r][0x97]Q[0xdd][0xa4][0xd7][0x14]#R[0xfd]vC[0xcb]m[0xf0][0xd0][0xf9][0x92][0x1a]0_[0x8d]g4[0xf2][0xf9][0xb5]C[0xb4]-[0xf4][0x1a][0x9b][0xb2]_[0x7]-[0xe2][0xdd][0xf9]R[0xf5][0xa5]M\[0xeb][0x9c][0xa7][0x0] w[0xb5][0x96][0x4]XP[0xdf][0xd5][0xa5][0xec][0xd1][0x9][0xd9]g[0xb][0xd1]RY[0xbc][0x8e]fb)^[0xd0][0xee][0x8][0x13][0xed]M[0xdc][0xb9][0xc0][0xa7][0x9c][0x8a]?[0xdd][0xc]][0x11]QLc[0xb4][0xc4][0xef]S[0xd1][0xfe][0xd6][0x88][0xb6][0x9f]<[0x83][0xb1][0x1b][0xf8]2N '[0xc6][0x92][0x1a][0xc8][0xf3][0x9e])^S[0x9][0x16][0x1f]g[0xe6][0xac][0xd0]"[0x97][0x2][0x9b][0x8d][0xb2]N[0x5][0xbb][0xe][0xed][0x1c]+[0xba]$[0x18][0xab]$[0xe4],[0xfd][0x9a]][0xf4][0x1e]~[0xda][0x95][0x1f]O[0x90]iu[0xba][0xd9]b[0x94][0x3]$[0xeb][0xce][0xab]^[0x13][0x19][0xdc]Y[0x1e]*;K[0x1e]o[0x10]0!Qf[0xbf][0xcf][0xdc][0xce][0x8c]Gk.[0x9f]r[0x2][0xfa][0xa9][0xd5]s[0xe0][0xe][0xe5][0xce]9[0xdb][0x8d],>,[0xf8]m[0xd2]}[0x14][0x9a]`[0xdf][0x13][0xe9][0x1d][0xad]'E[0xd5]A[0xe0](j:[0xc4][0x17][0x8e][0xaa][0xcb][0xac]@[0x81][0x2][0xad]f,\[0xb7]f[0x1e][0xc9]p[0xdb][0x93][0x99]4q[0x85][0xd2][0x12]-[0xa9][0xb7]l[0x2][0xf0][0x1][0xd4]"s[0x9a][0x92]?[0x3]Ej[0x12][0x15]~j[0x1][0x8f]:[0xa5][0xdc][0xc6][0xe1][0xf6]IQt[0xb0]U[0xb6]+t[0x12]%[0xdc][0xa6][0xee][0xa4]e[0x99][0xae][0x8c]g[0x8d]s[0xca]F$[0xf2][0x97]<[0x89][0xe4]([0x86][0xaa][0xb6][0xdc][0xc4][0x9d]j[0xe6][0x84][0xd8][0xb4][0x3]T![0x4]:@[0xf6][0xed]U[0xdc][0x95]e^[0xd1][0xdb][0xa1]-U?[0xb9][0xee][0xe][0xa7]Z[0xbb]B[0xce][0xf1]!\ [0xef][0xa7][0x1c]_[0xa4][0x99][0xa5]![0xe7][0xa1]$[\n]"
2024-04-25 19:08:42 [main] DEBUG org.apache.http.wire -  << "[0xdb][0xb5][0x10]#[0xa3]Vn[0xb][0x97]M[0x8d]H[0x8a][0x9e][0xca][0x9d][0xb4]}[0x85]+[0x1a][0xce]u[0xb1]J[0xc0][0xc6][0xfc][0x14][0xe2][0x1a][0x87]k[0xad]v[0x9c]\}[0x7]U[0xb5]{[0xa9]X[0x9][0xa2][0xa5][0xce][0x8e]Z[0xd9]e[0x96]0[0xf5]8p[0x9f]u[0x5][0xc]|l:[0xa5]Q[\r][0x93]h[0xe9][0xc2][0xa0][0xb7]M[0xa0][0xc6]4O=[0x9c]^[0xb1][0xcd]e[0x93]h[0xa6][0xce][0xe][0xc6]ZkD[0xa9][0x93]B[0xe8][0x10][0xad][0x14][0xe][0xdf]u[0xea][0xb6][0x83][0xaf]9wh[0xc7][0x89][0xb][0x16][0x8c]DU[0x6]`[0x96]&[0x9f]Q[0xd7][0x95][0xb9][0x81][0xe8]b[0xaa][0x9a][0x12]c[0x16]9[0xd6][0x9e][0xb0]zL[0x81]-g7[0xf8]i[0xa7],{([0x0]P[0x1f][0xfe][0x95]b[0x8][0xc6][0x1f][0xbb][0xce][0x4]e6[0xd3][0xa7][0xb5]3[0xc1][0x82]7[0x9a][0xb4]| h[0x96][0x16][0xcd][0x98][0xc1][0x93][0xb9]H[0xe5][0x98]m[0xa0][0xc7][0x8a][0x9a][0xde][0xbe][0xc6][0xe8]D[0x1a][0xf1][0x83]+[0xc0]sO.[0xb6][0x83][0x9b][0xa8][0x8][0xe7][0xb1][0xb0][0x12]E[0xdf][0xaa][0xd8]b[0xbc][0xbe][0x9a][0xda][0xda]O&[0xca][0x1a][0xaa]U[0xd1]S[0xfc]b[0xf][0xb1]o[0x1f][0x9b]T[0xc3][0xad][0xb1][0xaf]+~[0x99][0xf0][0x1d][0x93]5[0xa3]/[0x88][0xcd][0x81](.[0x1e]]$[0xdc]jK1[0xcc][0x86][0xfb][0xd5][0x0][0xa6]m[0xc5][0xe7]z![0x1b][0x11][0xfe][0xd6]![0xd2][0x1c][0x83][0xac][0xfc][0x15][0xcd]]V5([0x87]mL[0x11][0xa0][0x8e][0xf9][0xc9][0xc]y$[0x19]x[0xcf][0xa3]&[0x9b][0xe]nr[0xf9][0x8d][0xdd][0x6][0x8c]E[0xe2][0xbe][0xb5]&[0xe7][0xae]oq[0xa0][0xd9][0xef]F[0x81]@B[0xb1]qe6[0xab][0xec][0x85][0xac][0xa7][0x92][0xf9][0xbd][0x91]L[0x7]([0xf][0xc7][0xbc]3lc[0xeb][0xf] [0xd1]-[0xfe][0x1d][0x9],[0xe8]![0xb4][0x81]z[0xcd][0xc1][0x80][0xbd][0xbb][0xbb][0xdc][0x9e][0xf3][0xbe][0xe3]h5[0xdd][0x93]Mq[0x6][[0xa2]c[0xaa][0xa8]Y[0x98][0xa2][0x1c][0xa7]U>ym[0xcc]#[0xb9][0x3]W:L9[0xfb][0x97]3[0xd5][0xad][0x90]:[0xec]i[0x1e][0xde]g[0x1a][0xe9]n[0x87][0x9d][0x93])[0xa5][0x2]rjY[0xa7][0xc][0xb2][0xc2][0xaa]0j[0xcd][0x1b][0xea][0x92][0xcb][0x3]u5[0xdd]EiX![0x85]3[0xc8][0x84][0x1d][0xab]B[0x81][0xa4][0xf1][0xa6][0x9]dT1[0xac][0x87]I[0xa4]s[0x92][0xe8][0xa0][0xa5][0x1b]v[0xda][0x94][0xbc][0x8b]j[0xeb]F,#S30[0x90][0xce][0xb5]8[0x96][0x9e]7[0xb0][0x84][0x18]Y[0xbb][0xa2]\[0xe8][0xea]Q[0x1f][0x81][0xbf][0xb4][0xcb][0xfa]3w[0x9][0x1][0x8c][0xfb][0xfc][0xa0][0xd2][0x4]"[TeYH[0xad][0xb5][0xe7][0xc6]#7i[0xeb][0xcb][0x82][0x98]mru[0xdc]9I[0x97][\n]"
2024-04-25 19:08:42 [main] DEBUG org.apache.http.wire -  << "[0xf0][0xe5][0xeb]A[0x98]V[0xc2][0xfd][0xe1][0x6][0xab][0xf7][0xc][0xb3]s[0x4][0xb9][0xc5][0xfc][0x96][0xcf][0xb4][0xcf][0xd7].[0x9f][0xb9]*&[0x89]5[0x90]7[0x5]U[0x93][0xe3]tjO[0x1f][0xdb]3J[0x16][0x4][0xb1][0x1c]'[0xd2][0xf0]a[0xd1][0x9d][0xc]P[0x3]:[0xbb]l6[0xb3][0xfb][0x1c][0xa5][0xb4][0xcb][0xed][0x80]j[0x93][0xb9]^ab[0x88][0xa9][0xfc][0xef][0x19][0xa7][0x4]z[0xf9]S[0xfc](w[0xfd]M[0xb9][0xaf]]&[0x89][0xb5]Nf[0xc4][0x86]i[0x96]R[0xc6][0x8a]@[0xd0][0x19][0x9d][0xe5][0xe2][0x0][0x9c]n[0x8e][0xce][0xbd][0xb2][0xee]:[0x95][0x92]w6[0xc2][0x86]_[0x9c]=[0xba][0xb][0xcc][0xa0][0xd5]I[0xa9]t[0x0]6[0x97]t[0xab]e[0xb7][0x92][v[0x95][0x1d][0x1f]D[0xb6](e^[0xd7]&}R[0x1][0x7][0xa9]P[0x80][0xd7] [0x82]&[0xfe][0xaa][0xd4]U[0xe4]HH[0x8e][0xe7]<[0xfd][0xeb][0xe4]b<&[0x1d][0xc][0xb0]*[0x89][0x89][0x13]G^[0xd6][0xbe][0xda]uw[0x98][0xd5][0xb6][0x8d][0x9f][0xce]/[0x87][0x1][0xc9][0xc5]I[0x9e][0x17]u[0xf7][0xd6][0x98]s[0xa9][0xf0][0xa8][0x97][0xc3][0xb1][0xaf][0xd5][0xd7]v[0xa7][0x9a][0x14][0xed][0xfc]wG$[0xe8]D[0xe7][0x5]1>#[0xec]_rmM[0x13]|[[0xab][0xff][0xfe][0xb9][\r][0xad]\:[0xbc]+[0x99][0xaa][0xb8]7[0xf5]}[0x89][\r]L[0x15][0x84][0xc3]!S[0xb][0x83]q6K[0x82][0x17][0x6][0x0]K[0x80][0xcc][0xf2][0xe9]7`B[0xa0][0x12][0xa2][0x18][0xa0]9q)E[0x17][0xd0]eVS[0xb7][0x16]E[0xb1][0x1d]?f[0xe7]t[0xe8][0xed][0xc0][0xaf][0x8a]\v[0xc3]7[\r][\r][0xaf][0xc2]^[0x1c][0xdb][0x83][0xf7][0xdc][0xc3][0xd9][0xb7]mU[0xd7][0xb1][0xb5][0xe8][0xa8][0xa7][0x5]n[0xcb][0x93][0x84]6[0xae]n[0xfd][0x9f]:[0x8f][0xdc]d[0x11][\n]"
2024-04-25 19:08:42 [main] DEBUG org.apache.http.wire -  << ""[0xbb][0xf6][0xd3][0x83][0xa1]([0x10][0xb]([0xc1]k[0xd3][0x9d]B[0xdd]l[0xf5][0xad][0xcf]QWtN[0x88][0xbf]w[0xf0][0xb7]),[0xe8][0xb0]4C[0xee]Cbp_8[0xd7]c[RI|[c[0xbf][0xc5][0xef][0x5][0x9][0xb0][0xa3]~[0xb5][0xa7][0x2]*bt[0x9][0x99]([0xa2][0x93][0xf3][0x89]>|[0xf0][0xdc]@[0xfe]hVxt[0xd8]A[0xd3][0xbc]R[0xf3]`!{[0x91]NO[0x82][0xb1][0xc9][0xf4][0xa7][0x14][0x8d]![0xed]fJ[0xdc]Z[0xe6]r[0x95][0xc6]WT[0x15][0xd5][0xeb]pII[0xa0][0xdd][0xfb]9-[0xb6][0xe9][0x10][0xd6][0xd2][0xc4][0x91][0x93][0xab][0xee]p[0xa9]8/[0xb6][0xc8][0x1d]t[0xb7][0xf1][0xbb]YG[0xd5]:[0xc0][0x0]0[0x95]O[0x1e][0x88][0x1d]M[0xeb]n[0xc9][0xbb]t[0xe0][0x19][0xb0]I[0xcb]dYj[0xcc][0xef][0x93][0xa6][0xd5][0xab][0x9e][0x9d]`[0x7][0xbc][0x8]f[0x8][0x92]l[0x1][0xed][0x95][0xf2][\r][0xef][0x6][0xf3][0xf2][0xc8]k[0x7][0xd2][0xca][0xa8]C[0xac][0xed][0xdc][0xa4][0xab][0xed][0xac][0xfa][0x99][0xe0]"'n[0x1a][0xfa][0x11][0xcc]<[0xed][0x4]L[0x11][0xd9][0xcd][0xc1][0xc0][0xa3][0xb6][0xb2]qX[0x4][0x95]`[0xe8][0x84][0x0][0xa5][0x12]\[0xca][0xbe][0xa6][0x8f][0x1b][0x93]\[0xa3][\r][0xb7]T[0xad]P[0x80][0x98][0x98]Z[0xae][0xe6][0xa8][0xdb]uyY[0xb9]i[0x85][0xd5][0x83]Oa[0xb9][0xb9][0xf5][0xc7][0x12][0xcd]|[0xaa]IY[0x1a][0x1a][0xdc][0x82][0xdf][0xe1][0x0][0x84]Rp[0xb5][0x1b]_[0x11][0x9d][0xb5]2h[0xcc][0x95][0xdf][0x9f][0x9c]t[0xe4][0xce]1rGks[0x0][0x18]o:.[0xa5]{E[0xe1][0x8e][0x9e][0xdd]b[0xdb][0xe4][0xdd]n[0xae][0xf5][0xf1][0xc]uD'[0xa5][0xd6]a[0xd8][0xdc][0x18]\mtc[0xb0][0xfe][0xc4][0x9c][0xd7][0x8d][0xdd][0x8][0x96][0x9f][0x1f]Fv*}[0x95]H[0xd7][0xf2](<[0x93][0x6]z,[0x99][0x9d][0x98][0x93]d[0x10]mj[0x9][0xe8][0xdb]qk[0xdb][0xee][0xcc][0xb8]h[0x7][0xd4][0x12]l[0x1e][0xcc][0x82][0xaf][0xc2][0xd0][0x85]B[0xba][0xc4]M[0x98]fG[0xaf]<:[0x8e][0xbf]S[0xd5]iE[0xf7][0xec][0xfc].[0xde][0xd6][0xa8]K^[0x8d][0xab]~[0xd1][0x88][0xe3]'[0xc2][0xd8][0xc9][0x17][0x8][0xab][0x8][0x2]jF[0x19][0xd8]W[0x8d][0x5][0xa1]f[0x96]Q[0x5][0xcc][0xe9][0xa6][0x91]^[0x1e][0xb1][0xd2][0xae][0xac][0x83][0xb2];[0xb5]?[0xac][0x9d][0x1c][0x1d][0xfe][0x80][0xde]/[0xb1]u[0x94]3*0[0xa0][0xe2][0xd3][0x1f]\[0x8d]@[0xd5]6[0x9c][0x90][0xd2][0x0][0x99]j[0xf]z[0x1b]3[0xed]f:[0xc9]k[0xb8][0x1e]ym1"[0xbe][0xe]l[0xdc]k[0xaa]P[0xe4][0xd7][0x8a][0xd6][0xf4]s[0xc2][0xea][0xf0][0xad]<[0xb0]I[0xee][0x8c]i[0xd7]t[0xa3][0x9f]1{O[0xad]"[0xe2]q[0xc2]wz[0xe7][0x5]:[0x88][0x2][0xd5][0x85]33[0xfe]q[0x94]>Zo[0xe0][0xe2][0x1f][0xe8]L;[0xd0][0x9e][0x80][0x89][0x9c]u[0x9c][`[0x7]c[0xf7]\{[0xf4]w[0xab]%'[0x6]GT[0x9f][0x85][0xbd]_[0xb4]V_[0x9a]^Z[0xd1]h[0x8d][0xca][0xbe][0xdd][0xcb][0x98](kT[0xd4][0xac][0xac][0xa3]S[0x89]h[0xdc][0xce]]&[0x8e]aS?[0xa5][0xd1]8[0xcc][0xe8][0x7][0xb0]f[0xb4][0x96]FX][0xa1][0xe6][0x93][0xd2][0xf9][0xa3][0xc3][0xa7]:[0xa1][0xcc][0x9d][0xb][0x9f]z[0xde][0x96][0xe6][0xf2]N[0x1d][0x16]=[0xba][0xb4]#[0x8e]>[0x91][0x1b]8[0x16]C_[0xb5][0xb6][0x81][0x8d][0xb9][0xfc]z[0xaf][0x6]E[0xf9][0x17][0xd6][0x80][0x1f][0x5][0xaf][0xdd])[0x18]I[0xff][0xa3][0xe1]-5d[0x81]W[0x8c][0x86][0x6][0xde][0x1a][0x1b]|[0x95][0x9]M[0x1c][0xc]3[0xe5][0xde][0xcd][0xef][0x1b][0xca][0x9f][0x8d][0xa4]:[0x9c]k[0x90][0xf9][0xd1]TNS[0xeb][0xee][0xec]d[0xfc][0xb7][0x83]2[0x9f][0xc3][0xb7][0xd4][0x9a][0x90]O[0xfb]h[0x9b][0x90][0xb8][0xc0]a9[0x8a][0xf7]Ltm[0xe8]Qf[0xb3][0xc8][0xab]g)[0x6][0xd3]p[0xd8][0xdb][0xb7]4XF[0xca][0xa5][0xae]c[0x8a][0x8d]Rt[0xf0]%n[0xaf]O[0xe]m[0xe5][0xd7]![0xe6]T[0xc7][0x8a][0xd8][0xe6]e[0xb][0xec][0x96][0x4]m[0xfa][0xdf]A[0xc8]Q[0xb][0xb4][0xc6]~[0x8d]9[0xe]T1[0xeb][0x8e][0xac]W[0xf]^[0xd0][\n]"
2024-04-25 19:08:42 [main] DEBUG org.apache.http.wire -  << "Q[0xaa]rf[0xf][0xd0][0xfa]*[0xd8][0x92][0x97][0xec][0xfd]pR%8A0[0x9b]/[0xd3]2\[0x92][0xa9][0xf8]g[0xdc][0xc2][0xc2]<a[0xf1][0x93][0x92][0xea]p[0xb3][0x1d]d[0x96]BD:[0xb8]D8k=[0xd9][0xf5][0xa8][0xb9]1[0xfc]C:71:H[0x8c][0xcf][0xf5][0xf3]6s[0x19][0xc4]#Q[0x83][0xac][0xd1][0xac][0xc1][0x9]E[0xa3][0x1][0x8c]d[0x1e][0xc7]X[0xd2]([0x96]U{[0xd8][0xfe]`d=[,[0xf5][0x96][0x9e][0x14][0xd5][0x93][0xde]Xp[0xbf][0xe1]*v/[0x1a][0xb8][0xd3]$[0x12][0xf6][0x9b]zq[0xfa][0x86][0xe3][0xac]=:[0xc3]V[0xcc][0xe1]2[0x1][0xe3]-8[0x85][0xad][0xd5][0xc7][0xee][0xbc][0x17]}W[0x85]d18[0xcc][0xc9][0xc8][0x15]Z[0x96]Z[0x11][0x12][0xa2]x[0x85][0x83]Z[0xe1][0xf4][0xe0][0x18][0x9b][0x10][0x8b][0xd5][0x1][0x8d][0xf0][0xcb][0x6](3[0x8e]_[0xf][0xa7]H[0xdb][0xe9][0xe6]|[0xfc][0x94][0xd1][0x96][0x8a]}[0xf2][0x9c][0x97]4[0xa1]$[0xbb]1c7[0xe6]T[0x3]0[0xdc]u[0xb5][0xc3][0xcb][0x8a][0x1e]a[0x99]F[0x8b]-[0x84][0xe7]N[0x19][0x8c]p'~L=[0xde]Iiux8[0x1d][0xbb]*/[0xaf][0xa7][0xf6],}[0x96]e[0x80][0xd2]BKC[0xa4]/h;mk[0xbb][0xf9]L[0xad]8[0x10].O[0xea][0xe3][0xf0][0x95]![0x8d][0xc1][0xb4]GE+[0x19][0x16][0xe1]Y[0x9e][0xd1][0x84]J[0x97][0x92]O[0xfc][0xbe][0xae]7[0xb5][0xf2][0xe8]Q[0xb4][0x2]][0xef][0x1][0xf6][0x83][0xa3][0x8e]N[0xad][0xa9][0x8d][0xa3][0xf5][0x8][0xc7]![0xc3]:[0xd6][0xda][0x1a][0xc7][0xae][0x2][0xd9][0x9e][0x7][0xe4][0x15]DQ[\r][0x19]e[0x92][0xac][0xfe]U[0xdf]B[0xbb][0x9c][0xe][0xe7][0xba]k[0xd3]B[0x16]f[0x8][0xfa][0xde][0xd9][0xe][0xce][0x83]1[0xca][0xd5]C[0xb][0x13]B[0xf0]HS5[0xa8][0x16][0xa1][0x83][0xbc][0xe1][0xa8]-S[0x1][0xce]^[0x80][0x1b][0xfd][0x1c][0x89][0x93][0x8b][0xe9]0-,F[0x1b][0xd9]V?[\n]"
2024-04-25 19:08:42 [main] DEBUG org.apache.http.wire -  << "U[0xa7][0xfa][0xf4]@[0x97][0x83][0xf3]!B[0xce]i[0xaa][0x11][0xa1]4[0xb3]1[0x18]G[0xe1][0xdc]7[0xb8]n[0x9f]-n[0xc3]([0xb8]k[0xf][0xa5][0xe][0xee]=Jf?[0x87][0x98][0x83][0x93][0xb8][0xe3][0xe8][0x95][0xb2][0x9c][0xdf][0xd7]?[0xfb]S[0x12][0xae][0xd9][0xff] [0x1f]iO[0xf0]=j<[0x2][0x82][0xc4]G[0xf4]E[0x91][0xb1][0x8]l[0xe0][0xf6][0x1d]s[0x8d])[0x8]#Wi[0xcf][0xbc][0xaa][0xb9][0xed][0xdb][0xfc][0x9a][0x9e][0x19] [0xa5][0x14][0xdc]<Q([0x9][0xd0][0x86]3[0xb][0x7][0xfc][0xfc]h[0xdd][0x1f][0x1a]A[0xf4]'smz[0x8e]:[0xeb][0xd5]q[0xfa][0x92]8[0x5][0xfb][0xeb][0x2][0xaa][0x3]r[0xf2][0xb8][0xc0]%s[0x83][0xd1][0xe4][0x1b][0xbd][0x98][0xfb][0x11][0x1c]9$[0xb1][0xac][0xe8][0xb8]S[0x92][0xa2][0xc1]X[0xe9]k[0xf3][0x1][0xde][0xde]S[0xfd]Yg[0x97][0xdc]AJ[0x9f][0x9c][0xfd][0xcc][0xe7]7==[0x1e]c[0xdb][0x8d]s[0xa1]i![0xf7]W[0x8d]~[0xd8][0xbc][0x1e][\r][0x92]~)]m[0xdc][0x8f][\n]"
2024-04-25 19:08:42 [main] DEBUG org.apache.http.wire -  << "c[0xdf][0x1d][0x96][0x99][0x8f]~3[0xac]Z[0xc5]V@25[0xad][0xb1]g[0x17][0xdc]!C;[0xbc][\n]"
2024-04-25 19:08:42 [main] DEBUG org.apache.http.wire -  << "J[0x15]h[0xe2][0xf8]$[0xf1]<[0xbb]c>[0xab][0xe5]dE[0x0]6][0x12]x[0xb6]?[0xb4]R[0x2]rB/[0xea]b[0x80][0xba][0x9d][0x12]Y[0xf4]P[0x1d][0xcd][0xe3][0x17][0xeb][0xc9][0xf2]k][0xef][0x9a][0x1][0xdb][0xef][0xfd][0xe9][0x86]V([0x1d][0x6][0xd4][0xbc]zg[0xa9]z[0x86][0xe0]q[0xa9]*u9D[0x93][0x93][0xb9][0x1]i;[0xdf][0x9a][0xa3][0xfc][0xfc]"[0x87][0x8b][0x92][0xd1][0x6]f[0xd1]&[0x98]t[0xee][0x5][0xc2][0x97][0x94]3bL[0xa2][0xe9][0xb1][0x11][0xf3]Q[0xb6]Zj[0xd9][0xf0][0xea][0xae]E[0xaf][0x9b][0x8b]vR9:[0xd8][0x0]NN[0x95][0x11][0xce]KB[0xc4][0xd5][0xb3][0xbd][0xfe]p[0x88]G[0x9b][0x87]j[0xd6][0x1a][0xdb][0x95][0xff][0xa6][0xc7].[0xb3][0xa4][0xf4][0xcb][0x10]HT[0xa5]$Q[0xb1][0xe1]OP[0xeb][0xde][0x83][0xcc][0xf5][0x1f]h[0xe0][0xfb][0x93]2[0x8a]bJ[0xa7]"R[0xa4][0xd1]6[0x88]8,"[0x86][0xe1][0xcf][0xca][0xec][0xa0]yU[0x8f]m[0x91][0x95][0xd9][0xc9][0xe9][0xc2][0xbd][0xb5]3E[0x96]D[0xd9][0xa9][0xf9][0xfd]|[0x89][0x9f][0xcd][0x97][0xfc][\r][\n]"
2024-04-25 19:08:42 [main] DEBUG org.apache.http.wire -  << "[0xde][0x8c] [0x94]uI[0x1a][0x8b][0xbe]f[0xa7]Hd[0xe6][0xc6][0x93][m[0xb4][0xb4][0xea]'[0xde][0xb][0xe4]RCjz[0xf2][0xf9][0xf2][0xf]|[0xb4]B8<[0xb0][0xcb][0xca][0xed][w[0xac]n[0xce][0x1f][0x8e]N[0xed][0xe2][0xb7]J:[0xa2]F[0xe5][0xed][0xe9][0xea][0x8d][0xa2]H[0xb5][0xeb][0x94][0x16][0xde]H#P[0x8a][0x18][0xf1]wK[0xf0][0x89]4[0xbf][0xb3][0xf9][0xd1][0xd4]z*T d[0xaf]([0xed][0xff]>[0xc4]n[0xf0][0xe4]~[0x94][0x8c]A[0xe4][0xb][0xa2][0xdc]Yav[0xa8]3q[0x4]-([0xa9][0x9d][0xed][0xe5][0xb1][0x8e]O[0xf7][0x11][0x8b][0xf5][0x9c][0xe9]_?[0xb1])[0x94]8[0xca][0xc0][0xd9]![0x92][0xfc][0x86][0xdc][0xda][0x98][0xa3]<[0xc1][0xaf]Ij:[0xe1][0xde][0x8f]]?[0xed]d:[0x1c][0x9a]S[0x9c]q[0xb5]3[0xff]L[0xb][0xfd][0xd5]|[0xb0][0xf2][0xb0][0xf4]-[0xcc][0x99]U[0x7][0x9b][0x83]@[0xc5]9`J[0x80][0xf]q[0xb4]n[0xf1][0x84]H[0x2]M[0xd5]H+1[0x6][0x81][0x0][0xde][0xf4]([0xeb][0x9f]%9[0xb7][0xda][0x1f][0xe8][0xb1][0xe6][0xaa][0xa3][0xc2][0x89][0x1c])[0xfe][0xd7]ut[0x9c][0xa3]K(2[0xd1][0xa4]-RC[0xfb][0x87]k[0xb0][0xa9]z[0xa6]a[0xf4]?H[0xe8][0xb4][0x5][0x88],[0x18]U[0x2][0x9d][0xf3][0xf6][0xc2][0xbf]G=*[0xc5][0x1f][0xf1]2[0xa9]7[0xc0][0x80][0x92][0xdc][0xd2][0xbc][0xc3][0xbf][0xfe][0xfb][0xff][0x1]:"
2024-04-25 19:08:42 [main] DEBUG org.apache.http.wire -  << "=[0x9c][0xeb][0x80]k[0x0][0x0]"
2024-04-25 19:08:42 [main] DEBUG org.apache.http.wire -  << "[\r][\n]"
2024-04-25 19:08:42 [main] DEBUG org.apache.http.wire -  << "0[\r][\n]"
2024-04-25 19:08:42 [main] DEBUG org.apache.http.wire -  << "[\r][\n]"
2024-04-25 19:08:42 [main] DEBUG i.r.internal.RestAssuredHttpBuilder - Parsed data to instance of: class org.apache.http.conn.EofSensorInputStream
2024-04-25 19:08:42 [main] DEBUG o.a.h.i.c.BasicClientConnectionManager - Releasing connection org.apache.http.impl.conn.ManagedClientConnectionImpl@7bf018dd
2024-04-25 19:08:42 [main] DEBUG o.a.h.i.c.BasicClientConnectionManager - Connection can be kept alive indefinitely
2024-04-25 19:08:42 [main] DEBUG utils.HttpClient - Received response: [
  {
    "userId": 1,
    "id": 1,
    "title": "sunt aut facere repellat provident occaecati excepturi optio reprehenderit",
    "body": "quia et suscipit\nsuscipit recusandae consequuntur expedita et cum\nreprehenderit molestiae ut ut quas totam\nnostrum rerum est autem sunt rem eveniet architecto"
  },
  {
    "userId": 1,
    "id": 2,
    "title": "qui est esse",
    "body": "est rerum tempore vitae\nsequi sint nihil reprehenderit dolor beatae ea dolores neque\nfugiat blanditiis voluptate porro vel nihil molestiae ut reiciendis\nqui aperiam non debitis possimus qui neque nisi nulla"
  },
  {
    "userId": 1,
    "id": 3,
    "title": "ea molestias quasi exercitationem repellat qui ipsa sit aut",
    "body": "et iusto sed quo iure\nvoluptatem occaecati omnis eligendi aut ad\nvoluptatem doloribus vel accusantium quis pariatur\nmolestiae porro eius odio et labore et velit aut"
  },
  {
    "userId": 1,
    "id": 4,
    "title": "eum et est occaecati",
    "body": "ullam et saepe reiciendis voluptatem adipisci\nsit amet autem assumenda provident rerum culpa\nquis hic commodi nesciunt rem tenetur doloremque ipsam iure\nquis sunt voluptatem rerum illo velit"
  },
  {
    "userId": 1,
    "id": 5,
    "title": "nesciunt quas odio",
    "body": "repudiandae veniam quaerat sunt sed\nalias aut fugiat sit autem sed est\nvoluptatem omnis possimus esse voluptatibus quis\nest aut tenetur dolor neque"
  },
  {
    "userId": 1,
    "id": 6,
    "title": "dolorem eum magni eos aperiam quia",
    "body": "ut aspernatur corporis harum nihil quis provident sequi\nmollitia nobis aliquid molestiae\nperspiciatis et ea nemo ab reprehenderit accusantium quas\nvoluptate dolores velit et doloremque molestiae"
  },
  {
    "userId": 1,
    "id": 7,
    "title": "magnam facilis autem",
    "body": "dolore placeat quibusdam ea quo vitae\nmagni quis enim qui quis quo nemo aut saepe\nquidem repellat excepturi ut quia\nsunt ut sequi eos ea sed quas"
  },
  {
    "userId": 1,
    "id": 8,
    "title": "dolorem dolore est ipsam",
    "body": "dignissimos aperiam dolorem qui eum\nfacilis quibusdam animi sint suscipit qui sint possimus cum\nquaerat magni maiores excepturi\nipsam ut commodi dolor voluptatum modi aut vitae"
  },
  {
    "userId": 1,
    "id": 9,
    "title": "nesciunt iure omnis dolorem tempora et accusantium",
    "body": "consectetur animi nesciunt iure dolore\nenim quia ad\nveniam autem ut quam aut nobis\net est aut quod aut provident voluptas autem voluptas"
  },
  {
    "userId": 1,
    "id": 10,
    "title": "optio molestias id quia eum",
    "body": "quo et expedita modi cum officia vel magni\ndoloribus qui repudiandae\nvero nisi sit\nquos veniam quod sed accusamus veritatis error"
  },
  {
    "userId": 2,
    "id": 11,
    "title": "et ea vero quia laudantium autem",
    "body": "delectus reiciendis molestiae occaecati non minima eveniet qui voluptatibus\naccusamus in eum beatae sit\nvel qui neque voluptates ut commodi qui incidunt\nut animi commodi"
  },
  {
    "userId": 2,
    "id": 12,
    "title": "in quibusdam tempore odit est dolorem",
    "body": "itaque id aut magnam\npraesentium quia et ea odit et ea voluptas et\nsapiente quia nihil amet occaecati quia id voluptatem\nincidunt ea est distinctio odio"
  },
  {
    "userId": 2,
    "id": 13,
    "title": "dolorum ut in voluptas mollitia et saepe quo animi",
    "body": "aut dicta possimus sint mollitia voluptas commodi quo doloremque\niste corrupti reiciendis voluptatem eius rerum\nsit cumque quod eligendi laborum minima\nperferendis recusandae assumenda consectetur porro architecto ipsum ipsam"
  },
  {
    "userId": 2,
    "id": 14,
    "title": "voluptatem eligendi optio",
    "body": "fuga et accusamus dolorum perferendis illo voluptas\nnon doloremque neque facere\nad qui dolorum molestiae beatae\nsed aut voluptas totam sit illum"
  },
  {
    "userId": 2,
    "id": 15,
    "title": "eveniet quod temporibus",
    "body": "reprehenderit quos placeat\nvelit minima officia dolores impedit repudiandae molestiae nam\nvoluptas recusandae quis delectus\nofficiis harum fugiat vitae"
  },
  {
    "userId": 2,
    "id": 16,
    "title": "sint suscipit perspiciatis velit dolorum rerum ipsa laboriosam odio",
    "body": "suscipit nam nisi quo aperiam aut\nasperiores eos fugit maiores voluptatibus quia\nvoluptatem quis ullam qui in alias quia est\nconsequatur magni mollitia accusamus ea nisi voluptate dicta"
  },
  {
    "userId": 2,
    "id": 17,
    "title": "fugit voluptas sed molestias voluptatem provident",
    "body": "eos voluptas et aut odit natus earum\naspernatur fuga molestiae ullam\ndeserunt ratione qui eos\nqui nihil ratione nemo velit ut aut id quo"
  },
  {
    "userId": 2,
    "id": 18,
    "title": "voluptate et itaque vero tempora molestiae",
    "body": "eveniet quo quis\nlaborum totam consequatur non dolor\nut et est repudiandae\nest voluptatem vel debitis et magnam"
  },
  {
    "userId": 2,
    "id": 19,
    "title": "adipisci placeat illum aut reiciendis qui",
    "body": "illum quis cupiditate provident sit magnam\nea sed aut omnis\nveniam maiores ullam consequatur atque\nadipisci quo iste expedita sit quos voluptas"
  },
  {
    "userId": 2,
    "id": 20,
    "title": "doloribus ad provident suscipit at",
    "body": "qui consequuntur ducimus possimus quisquam amet similique\nsuscipit porro ipsam amet\neos veritatis officiis exercitationem vel fugit aut necessitatibus totam\nomnis rerum consequatur expedita quidem cumque explicabo"
  },
  {
    "userId": 3,
    "id": 21,
    "title": "asperiores ea ipsam voluptatibus modi minima quia sint",
    "body": "repellat aliquid praesentium dolorem quo\nsed totam minus non itaque\nnihil labore molestiae sunt dolor eveniet hic recusandae veniam\ntempora et tenetur expedita sunt"
  },
  {
    "userId": 3,
    "id": 22,
    "title": "dolor sint quo a velit explicabo quia nam",
    "body": "eos qui et ipsum ipsam suscipit aut\nsed omnis non odio\nexpedita earum mollitia molestiae aut atque rem suscipit\nnam impedit esse"
  },
  {
    "userId": 3,
    "id": 23,
    "title": "maxime id vitae nihil numquam",
    "body": "veritatis unde neque eligendi\nquae quod architecto quo neque vitae\nest illo sit tempora doloremque fugit quod\net et vel beatae sequi ullam sed tenetur perspiciatis"
  },
  {
    "userId": 3,
    "id": 24,
    "title": "autem hic labore sunt dolores incidunt",
    "body": "enim et ex nulla\nomnis voluptas quia qui\nvoluptatem consequatur numquam aliquam sunt\ntotam recusandae id dignissimos aut sed asperiores deserunt"
  },
  {
    "userId": 3,
    "id": 25,
    "title": "rem alias distinctio quo quis",
    "body": "ullam consequatur ut\nomnis quis sit vel consequuntur\nipsa eligendi ipsum molestiae et omnis error nostrum\nmolestiae illo tempore quia et distinctio"
  },
  {
    "userId": 3,
    "id": 26,
    "title": "est et quae odit qui non",
    "body": "similique esse doloribus nihil accusamus\nomnis dolorem fuga consequuntur reprehenderit fugit recusandae temporibus\nperspiciatis cum ut laudantium\nomnis aut molestiae vel vero"
  },
  {
    "userId": 3,
    "id": 27,
    "title": "quasi id et eos tenetur aut quo autem",
    "body": "eum sed dolores ipsam sint possimus debitis occaecati\ndebitis qui qui et\nut placeat enim earum aut odit facilis\nconsequatur suscipit necessitatibus rerum sed inventore temporibus consequatur"
  },
  {
    "userId": 3,
    "id": 28,
    "title": "delectus ullam et corporis nulla voluptas sequi",
    "body": "non et quaerat ex quae ad maiores\nmaiores recusandae totam aut blanditiis mollitia quas illo\nut voluptatibus voluptatem\nsimilique nostrum eum"
  },
  {
    "userId": 3,
    "id": 29,
    "title": "iusto eius quod necessitatibus culpa ea",
    "body": "odit magnam ut saepe sed non qui\ntempora atque nihil\naccusamus illum doloribus illo dolor\neligendi repudiandae odit magni similique sed cum maiores"
  },
  {
    "userId": 3,
    "id": 30,
    "title": "a quo magni similique perferendis",
    "body": "alias dolor cumque\nimpedit blanditiis non eveniet odio maxime\nblanditiis amet eius quis tempora quia autem rem\na provident perspiciatis quia"
  },
  {
    "userId": 4,
    "id": 31,
    "title": "ullam ut quidem id aut vel consequuntur",
    "body": "debitis eius sed quibusdam non quis consectetur vitae\nimpedit ut qui consequatur sed aut in\nquidem sit nostrum et maiores adipisci atque\nquaerat voluptatem adipisci repudiandae"
  },
  {
    "userId": 4,
    "id": 32,
    "title": "doloremque illum aliquid sunt",
    "body": "deserunt eos nobis asperiores et hic\nest debitis repellat molestiae optio\nnihil ratione ut eos beatae quibusdam distinctio maiores\nearum voluptates et aut adipisci ea maiores voluptas maxime"
  },
  {
    "userId": 4,
    "id": 33,
    "title": "qui explicabo molestiae dolorem",
    "body": "rerum ut et numquam laborum odit est sit\nid qui sint in\nquasi tenetur tempore aperiam et quaerat qui in\nrerum officiis sequi cumque quod"
  },
  {
    "userId": 4,
    "id": 34,
    "title": "magnam ut rerum iure",
    "body": "ea velit perferendis earum ut voluptatem voluptate itaque iusto\ntotam pariatur in\nnemo voluptatem voluptatem autem magni tempora minima in\nest distinctio qui assumenda accusamus dignissimos officia nesciunt nobis"
  },
  {
    "userId": 4,
    "id": 35,
    "title": "id nihil consequatur molestias animi provident",
    "body": "nisi error delectus possimus ut eligendi vitae\nplaceat eos harum cupiditate facilis reprehenderit voluptatem beatae\nmodi ducimus quo illum voluptas eligendi\net nobis quia fugit"
  },
  {
    "userId": 4,
    "id": 36,
    "title": "fuga nam accusamus voluptas reiciendis itaque",
    "body": "ad mollitia et omnis minus architecto odit\nvoluptas doloremque maxime aut non ipsa qui alias veniam\nblanditiis culpa aut quia nihil cumque facere et occaecati\nqui aspernatur quia eaque ut aperiam inventore"
  },
  {
    "userId": 4,
    "id": 37,
    "title": "provident vel ut sit ratione est",
    "body": "debitis et eaque non officia sed nesciunt pariatur vel\nvoluptatem iste vero et ea\nnumquam aut expedita ipsum nulla in\nvoluptates omnis consequatur aut enim officiis in quam qui"
  },
  {
    "userId": 4,
    "id": 38,
    "title": "explicabo et eos deleniti nostrum ab id repellendus",
    "body": "animi esse sit aut sit nesciunt assumenda eum voluptas\nquia voluptatibus provident quia necessitatibus ea\nrerum repudiandae quia voluptatem delectus fugit aut id quia\nratione optio eos iusto veniam iure"
  },
  {
    "userId": 4,
    "id": 39,
    "title": "eos dolorem iste accusantium est eaque quam",
    "body": "corporis rerum ducimus vel eum accusantium\nmaxime aspernatur a porro possimus iste omnis\nest in deleniti asperiores fuga aut\nvoluptas sapiente vel dolore minus voluptatem incidunt ex"
  },
  {
    "userId": 4,
    "id": 40,
    "title": "enim quo cumque",
    "body": "ut voluptatum aliquid illo tenetur nemo sequi quo facilis\nipsum rem optio mollitia quas\nvoluptatem eum voluptas qui\nunde omnis voluptatem iure quasi maxime voluptas nam"
  },
  {
    "userId": 5,
    "id": 41,
    "title": "non est facere",
    "body": "molestias id nostrum\nexcepturi molestiae dolore omnis repellendus quaerat saepe\nconsectetur iste quaerat tenetur asperiores accusamus ex ut\nnam quidem est ducimus sunt debitis saepe"
  },
  {
    "userId": 5,
    "id": 42,
    "title": "commodi ullam sint et excepturi error explicabo praesentium voluptas",
    "body": "odio fugit voluptatum ducimus earum autem est incidunt voluptatem\nodit reiciendis aliquam sunt sequi nulla dolorem\nnon facere repellendus voluptates quia\nratione harum vitae ut"
  },
  {
    "userId": 5,
    "id": 43,
    "title": "eligendi iste nostrum consequuntur adipisci praesentium sit beatae perferendis",
    "body": "similique fugit est\nillum et dolorum harum et voluptate eaque quidem\nexercitationem quos nam commodi possimus cum odio nihil nulla\ndolorum exercitationem magnam ex et a et distinctio debitis"
  },
  {
    "userId": 5,
    "id": 44,
    "title": "optio dolor molestias sit",
    "body": "temporibus est consectetur dolore\net libero debitis vel velit laboriosam quia\nipsum quibusdam qui itaque fuga rem aut\nea et iure quam sed maxime ut distinctio quae"
  },
  {
    "userId": 5,
    "id": 45,
    "title": "ut numquam possimus omnis eius suscipit laudantium iure",
    "body": "est natus reiciendis nihil possimus aut provident\nex et dolor\nrepellat pariatur est\nnobis rerum repellendus dolorem autem"
  },
  {
    "userId": 5,
    "id": 46,
    "title": "aut quo modi neque nostrum ducimus",
    "body": "voluptatem quisquam iste\nvoluptatibus natus officiis facilis dolorem\nquis quas ipsam\nvel et voluptatum in aliquid"
  },
  {
    "userId": 5,
    "id": 47,
    "title": "quibusdam cumque rem aut deserunt",
    "body": "voluptatem assumenda ut qui ut cupiditate aut impedit veniam\noccaecati nemo illum voluptatem laudantium\nmolestiae beatae rerum ea iure soluta nostrum\neligendi et voluptate"
  },
  {
    "userId": 5,
    "id": 48,
    "title": "ut voluptatem illum ea doloribus itaque eos",
    "body": "voluptates quo voluptatem facilis iure occaecati\nvel assumenda rerum officia et\nillum perspiciatis ab deleniti\nlaudantium repellat ad ut et autem reprehenderit"
  },
  {
    "userId": 5,
    "id": 49,
    "title": "laborum non sunt aut ut assumenda perspiciatis voluptas",
    "body": "inventore ab sint\nnatus fugit id nulla sequi architecto nihil quaerat\neos tenetur in in eum veritatis non\nquibusdam officiis aspernatur cumque aut commodi aut"
  },
  {
    "userId": 5,
    "id": 50,
    "title": "repellendus qui recusandae incidunt voluptates tenetur qui omnis exercitationem",
    "body": "error suscipit maxime adipisci consequuntur recusandae\nvoluptas eligendi et est et voluptates\nquia distinctio ab amet quaerat molestiae et vitae\nadipisci impedit sequi nesciunt quis consectetur"
  },
  {
    "userId": 6,
    "id": 51,
    "title": "soluta aliquam aperiam consequatur illo quis voluptas",
    "body": "sunt dolores aut doloribus\ndolore doloribus voluptates tempora et\ndoloremque et quo\ncum asperiores sit consectetur dolorem"
  },
  {
    "userId": 6,
    "id": 52,
    "title": "qui enim et consequuntur quia animi quis voluptate quibusdam",
    "body": "iusto est quibusdam fuga quas quaerat molestias\na enim ut sit accusamus enim\ntemporibus iusto accusantium provident architecto\nsoluta esse reprehenderit qui laborum"
  },
  {
    "userId": 6,
    "id": 53,
    "title": "ut quo aut ducimus alias",
    "body": "minima harum praesentium eum rerum illo dolore\nquasi exercitationem rerum nam\nporro quis neque quo\nconsequatur minus dolor quidem veritatis sunt non explicabo similique"
  },
  {
    "userId": 6,
    "id": 54,
    "title": "sit asperiores ipsam eveniet odio non quia",
    "body": "totam corporis dignissimos\nvitae dolorem ut occaecati accusamus\nex velit deserunt\net exercitationem vero incidunt corrupti mollitia"
  },
  {
    "userId": 6,
    "id": 55,
    "title": "sit vel voluptatem et non libero",
    "body": "debitis excepturi ea perferendis harum libero optio\neos accusamus cum fuga ut sapiente repudiandae\net ut incidunt omnis molestiae\nnihil ut eum odit"
  },
  {
    "userId": 6,
    "id": 56,
    "title": "qui et at rerum necessitatibus",
    "body": "aut est omnis dolores\nneque rerum quod ea rerum velit pariatur beatae excepturi\net provident voluptas corrupti\ncorporis harum reprehenderit dolores eligendi"
  },
  {
    "userId": 6,
    "id": 57,
    "title": "sed ab est est",
    "body": "at pariatur consequuntur earum quidem\nquo est laudantium soluta voluptatem\nqui ullam et est\net cum voluptas voluptatum repellat est"
  },
  {
    "userId": 6,
    "id": 58,
    "title": "voluptatum itaque dolores nisi et quasi",
    "body": "veniam voluptatum quae adipisci id\net id quia eos ad et dolorem\naliquam quo nisi sunt eos impedit error\nad similique veniam"
  },
  {
    "userId": 6,
    "id": 59,
    "title": "qui commodi dolor at maiores et quis id accusantium",
    "body": "perspiciatis et quam ea autem temporibus non voluptatibus qui\nbeatae a earum officia nesciunt dolores suscipit voluptas et\nanimi doloribus cum rerum quas et magni\net hic ut ut commodi expedita sunt"
  },
  {
    "userId": 6,
    "id": 60,
    "title": "consequatur placeat omnis quisquam quia reprehenderit fugit veritatis facere",
    "body": "asperiores sunt ab assumenda cumque modi velit\nqui esse omnis\nvoluptate et fuga perferendis voluptas\nillo ratione amet aut et omnis"
  },
  {
    "userId": 7,
    "id": 61,
    "title": "voluptatem doloribus consectetur est ut ducimus",
    "body": "ab nemo optio odio\ndelectus tenetur corporis similique nobis repellendus rerum omnis facilis\nvero blanditiis debitis in nesciunt doloribus dicta dolores\nmagnam minus velit"
  },
  {
    "userId": 7,
    "id": 62,
    "title": "beatae enim quia vel",
    "body": "enim aspernatur illo distinctio quae praesentium\nbeatae alias amet delectus qui voluptate distinctio\nodit sint accusantium autem omnis\nquo molestiae omnis ea eveniet optio"
  },
  {
    "userId": 7,
    "id": 63,
    "title": "voluptas blanditiis repellendus animi ducimus error sapiente et suscipit",
    "body": "enim adipisci aspernatur nemo\nnumquam omnis facere dolorem dolor ex quis temporibus incidunt\nab delectus culpa quo reprehenderit blanditiis asperiores\naccusantium ut quam in voluptatibus voluptas ipsam dicta"
  },
  {
    "userId": 7,
    "id": 64,
    "title": "et fugit quas eum in in aperiam quod",
    "body": "id velit blanditiis\neum ea voluptatem\nmolestiae sint occaecati est eos perspiciatis\nincidunt a error provident eaque aut aut qui"
  },
  {
    "userId": 7,
    "id": 65,
    "title": "consequatur id enim sunt et et",
    "body": "voluptatibus ex esse\nsint explicabo est aliquid cumque adipisci fuga repellat labore\nmolestiae corrupti ex saepe at asperiores et perferendis\nnatus id esse incidunt pariatur"
  },
  {
    "userId": 7,
    "id": 66,
    "title": "repudiandae ea animi iusto",
    "body": "officia veritatis tenetur vero qui itaque\nsint non ratione\nsed et ut asperiores iusto eos molestiae nostrum\nveritatis quibusdam et nemo iusto saepe"
  },
  {
    "userId": 7,
    "id": 67,
    "title": "aliquid eos sed fuga est maxime repellendus",
    "body": "reprehenderit id nostrum\nvoluptas doloremque pariatur sint et accusantium quia quod aspernatur\net fugiat amet\nnon sapiente et consequatur necessitatibus molestiae"
  },
  {
    "userId": 7,
    "id": 68,
    "title": "odio quis facere architecto reiciendis optio",
    "body": "magnam molestiae perferendis quisquam\nqui cum reiciendis\nquaerat animi amet hic inventore\nea quia deleniti quidem saepe porro velit"
  },
  {
    "userId": 7,
    "id": 69,
    "title": "fugiat quod pariatur odit minima",
    "body": "officiis error culpa consequatur modi asperiores et\ndolorum assumenda voluptas et vel qui aut vel rerum\nvoluptatum quisquam perspiciatis quia rerum consequatur totam quas\nsequi commodi repudiandae asperiores et saepe a"
  },
  {
    "userId": 7,
    "id": 70,
    "title": "voluptatem laborum magni",
    "body": "sunt repellendus quae\nest asperiores aut deleniti esse accusamus repellendus quia aut\nquia dolorem unde\neum tempora esse dolore"
  },
  {
    "userId": 8,
    "id": 71,
    "title": "et iusto veniam et illum aut fuga",
    "body": "occaecati a doloribus\niste saepe consectetur placeat eum voluptate dolorem et\nqui quo quia voluptas\nrerum ut id enim velit est perferendis"
  },
  {
    "userId": 8,
    "id": 72,
    "title": "sint hic doloribus consequatur eos non id",
    "body": "quam occaecati qui deleniti consectetur\nconsequatur aut facere quas exercitationem aliquam hic voluptas\nneque id sunt ut aut accusamus\nsunt consectetur expedita inventore velit"
  },
  {
    "userId": 8,
    "id": 73,
    "title": "consequuntur deleniti eos quia temporibus ab aliquid at",
    "body": "voluptatem cumque tenetur consequatur expedita ipsum nemo quia explicabo\naut eum minima consequatur\ntempore cumque quae est et\net in consequuntur voluptatem voluptates aut"
  },
  {
    "userId": 8,
    "id": 74,
    "title": "enim unde ratione doloribus quas enim ut sit sapiente",
    "body": "odit qui et et necessitatibus sint veniam\nmollitia amet doloremque molestiae commodi similique magnam et quam\nblanditiis est itaque\nquo et tenetur ratione occaecati molestiae tempora"
  },
  {
    "userId": 8,
    "id": 75,
    "title": "dignissimos eum dolor ut enim et delectus in",
    "body": "commodi non non omnis et voluptas sit\nautem aut nobis magnam et sapiente voluptatem\net laborum repellat qui delectus facilis temporibus\nrerum amet et nemo voluptate expedita adipisci error dolorem"
  },
  {
    "userId": 8,
    "id": 76,
    "title": "doloremque officiis ad et non perferendis",
    "body": "ut animi facere\ntotam iusto tempore\nmolestiae eum aut et dolorem aperiam\nquaerat recusandae totam odio"
  },
  {
    "userId": 8,
    "id": 77,
    "title": "necessitatibus quasi exercitationem odio",
    "body": "modi ut in nulla repudiandae dolorum nostrum eos\naut consequatur omnis\nut incidunt est omnis iste et quam\nvoluptates sapiente aliquam asperiores nobis amet corrupti repudiandae provident"
  },
  {
    "userId": 8,
    "id": 78,
    "title": "quam voluptatibus rerum veritatis",
    "body": "nobis facilis odit tempore cupiditate quia\nassumenda doloribus rerum qui ea\nillum et qui totam\naut veniam repellendus"
  },
  {
    "userId": 8,
    "id": 79,
    "title": "pariatur consequatur quia magnam autem omnis non amet",
    "body": "libero accusantium et et facere incidunt sit dolorem\nnon excepturi qui quia sed laudantium\nquisquam molestiae ducimus est\nofficiis esse molestiae iste et quos"
  },
  {
    "userId": 8,
    "id": 80,
    "title": "labore in ex et explicabo corporis aut quas",
    "body": "ex quod dolorem ea eum iure qui provident amet\nquia qui facere excepturi et repudiandae\nasperiores molestias provident\nminus incidunt vero fugit rerum sint sunt excepturi provident"
  },
  {
    "userId": 9,
    "id": 81,
    "title": "tempora rem veritatis voluptas quo dolores vero",
    "body": "facere qui nesciunt est voluptatum voluptatem nisi\nsequi eligendi necessitatibus ea at rerum itaque\nharum non ratione velit laboriosam quis consequuntur\nex officiis minima doloremque voluptas ut aut"
  },
  {
    "userId": 9,
    "id": 82,
    "title": "laudantium voluptate suscipit sunt enim enim",
    "body": "ut libero sit aut totam inventore sunt\nporro sint qui sunt molestiae\nconsequatur cupiditate qui iste ducimus adipisci\ndolor enim assumenda soluta laboriosam amet iste delectus hic"
  },
  {
    "userId": 9,
    "id": 83,
    "title": "odit et voluptates doloribus alias odio et",
    "body": "est molestiae facilis quis tempora numquam nihil qui\nvoluptate sapiente consequatur est qui\nnecessitatibus autem aut ipsa aperiam modi dolore numquam\nreprehenderit eius rem quibusdam"
  },
  {
    "userId": 9,
    "id": 84,
    "title": "optio ipsam molestias necessitatibus occaecati facilis veritatis dolores aut",
    "body": "sint molestiae magni a et quos\neaque et quasi\nut rerum debitis similique veniam\nrecusandae dignissimos dolor incidunt consequatur odio"
  },
  {
    "userId": 9,
    "id": 85,
    "title": "dolore veritatis porro provident adipisci blanditiis et sunt",
    "body": "similique sed nisi voluptas iusto omnis\nmollitia et quo\nassumenda suscipit officia magnam sint sed tempora\nenim provident pariatur praesentium atque animi amet ratione"
  },
  {
    "userId": 9,
    "id": 86,
    "title": "placeat quia et porro iste",
    "body": "quasi excepturi consequatur iste autem temporibus sed molestiae beatae\net quaerat et esse ut\nvoluptatem occaecati et vel explicabo autem\nasperiores pariatur deserunt optio"
  },
  {
    "userId": 9,
    "id": 87,
    "title": "nostrum quis quasi placeat",
    "body": "eos et molestiae\nnesciunt ut a\ndolores perspiciatis repellendus repellat aliquid\nmagnam sint rem ipsum est"
  },
  {
    "userId": 9,
    "id": 88,
    "title": "sapiente omnis fugit eos",
    "body": "consequatur omnis est praesentium\nducimus non iste\nneque hic deserunt\nvoluptatibus veniam cum et rerum sed"
  },
  {
    "userId": 9,
    "id": 89,
    "title": "sint soluta et vel magnam aut ut sed qui",
    "body": "repellat aut aperiam totam temporibus autem et\narchitecto magnam ut\nconsequatur qui cupiditate rerum quia soluta dignissimos nihil iure\ntempore quas est"
  },
  {
    "userId": 9,
    "id": 90,
    "title": "ad iusto omnis odit dolor voluptatibus",
    "body": "minus omnis soluta quia\nqui sed adipisci voluptates illum ipsam voluptatem\neligendi officia ut in\neos soluta similique molestias praesentium blanditiis"
  },
  {
    "userId": 10,
    "id": 91,
    "title": "aut amet sed",
    "body": "libero voluptate eveniet aperiam sed\nsunt placeat suscipit molestias\nsimilique fugit nam natus\nexpedita consequatur consequatur dolores quia eos et placeat"
  },
  {
    "userId": 10,
    "id": 92,
    "title": "ratione ex tenetur perferendis",
    "body": "aut et excepturi dicta laudantium sint rerum nihil\nlaudantium et at\na neque minima officia et similique libero et\ncommodi voluptate qui"
  },
  {
    "userId": 10,
    "id": 93,
    "title": "beatae soluta recusandae",
    "body": "dolorem quibusdam ducimus consequuntur dicta aut quo laboriosam\nvoluptatem quis enim recusandae ut sed sunt\nnostrum est odit totam\nsit error sed sunt eveniet provident qui nulla"
  },
  {
    "userId": 10,
    "id": 94,
    "title": "qui qui voluptates illo iste minima",
    "body": "aspernatur expedita soluta quo ab ut similique\nexpedita dolores amet\nsed temporibus distinctio magnam saepe deleniti\nomnis facilis nam ipsum natus sint similique omnis"
  },
  {
    "userId": 10,
    "id": 95,
    "title": "id minus libero illum nam ad officiis",
    "body": "earum voluptatem facere provident blanditiis velit laboriosam\npariatur accusamus odio saepe\ncumque dolor qui a dicta ab doloribus consequatur omnis\ncorporis cupiditate eaque assumenda ad nesciunt"
  },
  {
    "userId": 10,
    "id": 96,
    "title": "quaerat velit veniam amet cupiditate aut numquam ut sequi",
    "body": "in non odio excepturi sint eum\nlabore voluptates vitae quia qui et\ninventore itaque rerum\nveniam non exercitationem delectus aut"
  },
  {
    "userId": 10,
    "id": 97,
    "title": "quas fugiat ut perspiciatis vero provident",
    "body": "eum non blanditiis soluta porro quibusdam voluptas\nvel voluptatem qui placeat dolores qui velit aut\nvel inventore aut cumque culpa explicabo aliquid at\nperspiciatis est et voluptatem dignissimos dolor itaque sit nam"
  },
  {
    "userId": 10,
    "id": 98,
    "title": "laboriosam dolor voluptates",
    "body": "doloremque ex facilis sit sint culpa\nsoluta assumenda eligendi non ut eius\nsequi ducimus vel quasi\nveritatis est dolores"
  },
  {
    "userId": 10,
    "id": 99,
    "title": "temporibus sit alias delectus eligendi possimus magni",
    "body": "quo deleniti praesentium dicta non quod\naut est molestias\nmolestias et officia quis nihil\nitaque dolorem quia"
  },
  {
    "userId": 10,
    "id": 100,
    "title": "at nam consequatur ea labore ea harum",
    "body": "cupiditate quo est a modi nesciunt soluta\nipsa voluptas error itaque dicta in\nautem qui minus magnam et distinctio eum\naccusamus ratione error aut"
  }
]
  Then the count of posts should "increase" by 1                                 # stepDefinitions.posts.PostSteps.theResponseShouldContainTheNewlyCreatedPost(java.lang.String,int)
]]></system-out>
  </testcase>
  <testcase name="User deletes a post #1" classname="Social Network - Posts and Comments" time="1.859">
    <system-out><![CDATA[
@RegressionTest
Scenario Outline: User deletes a post                                            # src/test/resources/features/social-network-test.feature:54
2024-04-25 19:08:42 [main] INFO  stepDefinitions.utils.TestContext - TestContext initialized with base URL: http://jsonplaceholder.typicode.com
  Given a user is registered on the social network                               # stepDefinitions.posts.PostSteps.aUserIsRegisteredOnTheSocialNetwork()
2024-04-25 19:08:42 [main] DEBUG utils.HttpClient - Making GET request to /posts
2024-04-25 19:08:42 [main] DEBUG o.a.h.i.c.BasicClientConnectionManager - Get connection for route {}->http://jsonplaceholder.typicode.com:80
2024-04-25 19:08:42 [main] DEBUG o.a.h.i.c.DefaultClientConnectionOperator - Connecting to jsonplaceholder.typicode.com:80
2024-04-25 19:08:42 [main] DEBUG o.a.h.c.protocol.RequestAddCookies - CookieSpec selected: ignoreCookies
2024-04-25 19:08:42 [main] DEBUG o.a.h.c.protocol.RequestAuthCache - Auth cache not set in the context
2024-04-25 19:08:42 [main] DEBUG o.a.h.c.p.RequestTargetAuthentication - Target auth state: UNCHALLENGED
2024-04-25 19:08:42 [main] DEBUG o.a.h.c.p.RequestProxyAuthentication - Proxy auth state: UNCHALLENGED
2024-04-25 19:08:42 [main] DEBUG o.a.h.impl.client.DefaultHttpClient - Attempt 1 to execute request
2024-04-25 19:08:42 [main] DEBUG o.a.h.i.conn.DefaultClientConnection - Sending request: GET /posts HTTP/1.1
2024-04-25 19:08:42 [main] DEBUG org.apache.http.wire -  >> "GET /posts HTTP/1.1[\r][\n]"
2024-04-25 19:08:42 [main] DEBUG org.apache.http.wire -  >> "Content-Type: application/json[\r][\n]"
2024-04-25 19:08:42 [main] DEBUG org.apache.http.wire -  >> "Accept: */*[\r][\n]"
2024-04-25 19:08:42 [main] DEBUG org.apache.http.wire -  >> "Host: jsonplaceholder.typicode.com[\r][\n]"
2024-04-25 19:08:42 [main] DEBUG org.apache.http.wire -  >> "Connection: Keep-Alive[\r][\n]"
2024-04-25 19:08:42 [main] DEBUG org.apache.http.wire -  >> "User-Agent: Apache-HttpClient/4.5.13 (Java/21.0.1)[\r][\n]"
2024-04-25 19:08:42 [main] DEBUG org.apache.http.wire -  >> "Accept-Encoding: gzip,deflate[\r][\n]"
2024-04-25 19:08:42 [main] DEBUG org.apache.http.wire -  >> "[\r][\n]"
2024-04-25 19:08:42 [main] DEBUG org.apache.http.headers - >> GET /posts HTTP/1.1
2024-04-25 19:08:42 [main] DEBUG org.apache.http.headers - >> Content-Type: application/json
2024-04-25 19:08:42 [main] DEBUG org.apache.http.headers - >> Accept: */*
2024-04-25 19:08:42 [main] DEBUG org.apache.http.headers - >> Host: jsonplaceholder.typicode.com
2024-04-25 19:08:42 [main] DEBUG org.apache.http.headers - >> Connection: Keep-Alive
2024-04-25 19:08:42 [main] DEBUG org.apache.http.headers - >> User-Agent: Apache-HttpClient/4.5.13 (Java/21.0.1)
2024-04-25 19:08:42 [main] DEBUG org.apache.http.headers - >> Accept-Encoding: gzip,deflate
2024-04-25 19:08:43 [main] DEBUG org.apache.http.wire -  << "HTTP/1.1 200 OK[\r][\n]"
2024-04-25 19:08:43 [main] DEBUG org.apache.http.wire -  << "Date: Thu, 25 Apr 2024 13:38:43 GMT[\r][\n]"
2024-04-25 19:08:43 [main] DEBUG org.apache.http.wire -  << "Content-Type: application/json; charset=utf-8[\r][\n]"
2024-04-25 19:08:43 [main] DEBUG org.apache.http.wire -  << "Transfer-Encoding: chunked[\r][\n]"
2024-04-25 19:08:43 [main] DEBUG org.apache.http.wire -  << "Connection: keep-alive[\r][\n]"
2024-04-25 19:08:43 [main] DEBUG org.apache.http.wire -  << "Report-To: {"group":"heroku-nel","max_age":3600,"endpoints":[{"url":"https://nel.heroku.com/reports?ts=1713518703&sid=e11707d5-02a7-43ef-b45e-2cf4d2036f7d&s=yJ02WDs1VPRDdJhhno5VxXxQf5ECAL%2FY1tE3SPSTgHw%3D"}]}[\r][\n]"
2024-04-25 19:08:43 [main] DEBUG org.apache.http.wire -  << "Reporting-Endpoints: heroku-nel=https://nel.heroku.com/reports?ts=1713518703&sid=e11707d5-02a7-43ef-b45e-2cf4d2036f7d&s=yJ02WDs1VPRDdJhhno5VxXxQf5ECAL%2FY1tE3SPSTgHw%3D[\r][\n]"
2024-04-25 19:08:43 [main] DEBUG org.apache.http.wire -  << "Nel: {"report_to":"heroku-nel","max_age":3600,"success_fraction":0.005,"failure_fraction":0.05,"response_headers":["Via"]}[\r][\n]"
2024-04-25 19:08:43 [main] DEBUG org.apache.http.wire -  << "X-Powered-By: Express[\r][\n]"
2024-04-25 19:08:43 [main] DEBUG org.apache.http.wire -  << "X-Ratelimit-Limit: 1000[\r][\n]"
2024-04-25 19:08:43 [main] DEBUG org.apache.http.wire -  << "X-Ratelimit-Remaining: 992[\r][\n]"
2024-04-25 19:08:43 [main] DEBUG org.apache.http.wire -  << "X-Ratelimit-Reset: 1713518735[\r][\n]"
2024-04-25 19:08:43 [main] DEBUG org.apache.http.wire -  << "Vary: Origin, Accept-Encoding[\r][\n]"
2024-04-25 19:08:43 [main] DEBUG org.apache.http.wire -  << "Access-Control-Allow-Credentials: true[\r][\n]"
2024-04-25 19:08:43 [main] DEBUG org.apache.http.wire -  << "Cache-Control: max-age=43200[\r][\n]"
2024-04-25 19:08:43 [main] DEBUG org.apache.http.wire -  << "Pragma: no-cache[\r][\n]"
2024-04-25 19:08:43 [main] DEBUG org.apache.http.wire -  << "Expires: -1[\r][\n]"
2024-04-25 19:08:43 [main] DEBUG org.apache.http.wire -  << "X-Content-Type-Options: nosniff[\r][\n]"
2024-04-25 19:08:43 [main] DEBUG org.apache.http.wire -  << "Etag: W/"6b80-Ybsq/K6GwwqrYkAsFxqDXGC7DoM"[\r][\n]"
2024-04-25 19:08:43 [main] DEBUG org.apache.http.wire -  << "Content-Encoding: gzip[\r][\n]"
2024-04-25 19:08:43 [main] DEBUG org.apache.http.wire -  << "Via: 1.1 vegur[\r][\n]"
2024-04-25 19:08:43 [main] DEBUG org.apache.http.wire -  << "CF-Cache-Status: REVALIDATED[\r][\n]"
2024-04-25 19:08:43 [main] DEBUG org.apache.http.wire -  << "Server: cloudflare[\r][\n]"
2024-04-25 19:08:43 [main] DEBUG org.apache.http.wire -  << "CF-RAY: 879ebc29783b3d60-BOM[\r][\n]"
2024-04-25 19:08:43 [main] DEBUG org.apache.http.wire -  << "alt-svc: h3=":443"; ma=86400[\r][\n]"
2024-04-25 19:08:43 [main] DEBUG org.apache.http.wire -  << "[\r][\n]"
2024-04-25 19:08:43 [main] DEBUG o.a.h.i.conn.DefaultClientConnection - Receiving response: HTTP/1.1 200 OK
2024-04-25 19:08:43 [main] DEBUG org.apache.http.headers - << HTTP/1.1 200 OK
2024-04-25 19:08:43 [main] DEBUG org.apache.http.headers - << Date: Thu, 25 Apr 2024 13:38:43 GMT
2024-04-25 19:08:43 [main] DEBUG org.apache.http.headers - << Content-Type: application/json; charset=utf-8
2024-04-25 19:08:43 [main] DEBUG org.apache.http.headers - << Transfer-Encoding: chunked
2024-04-25 19:08:43 [main] DEBUG org.apache.http.headers - << Connection: keep-alive
2024-04-25 19:08:43 [main] DEBUG org.apache.http.headers - << Report-To: {"group":"heroku-nel","max_age":3600,"endpoints":[{"url":"https://nel.heroku.com/reports?ts=1713518703&sid=e11707d5-02a7-43ef-b45e-2cf4d2036f7d&s=yJ02WDs1VPRDdJhhno5VxXxQf5ECAL%2FY1tE3SPSTgHw%3D"}]}
2024-04-25 19:08:43 [main] DEBUG org.apache.http.headers - << Reporting-Endpoints: heroku-nel=https://nel.heroku.com/reports?ts=1713518703&sid=e11707d5-02a7-43ef-b45e-2cf4d2036f7d&s=yJ02WDs1VPRDdJhhno5VxXxQf5ECAL%2FY1tE3SPSTgHw%3D
2024-04-25 19:08:43 [main] DEBUG org.apache.http.headers - << Nel: {"report_to":"heroku-nel","max_age":3600,"success_fraction":0.005,"failure_fraction":0.05,"response_headers":["Via"]}
2024-04-25 19:08:43 [main] DEBUG org.apache.http.headers - << X-Powered-By: Express
2024-04-25 19:08:43 [main] DEBUG org.apache.http.headers - << X-Ratelimit-Limit: 1000
2024-04-25 19:08:43 [main] DEBUG org.apache.http.headers - << X-Ratelimit-Remaining: 992
2024-04-25 19:08:43 [main] DEBUG org.apache.http.headers - << X-Ratelimit-Reset: 1713518735
2024-04-25 19:08:43 [main] DEBUG org.apache.http.headers - << Vary: Origin, Accept-Encoding
2024-04-25 19:08:43 [main] DEBUG org.apache.http.headers - << Access-Control-Allow-Credentials: true
2024-04-25 19:08:43 [main] DEBUG org.apache.http.headers - << Cache-Control: max-age=43200
2024-04-25 19:08:43 [main] DEBUG org.apache.http.headers - << Pragma: no-cache
2024-04-25 19:08:43 [main] DEBUG org.apache.http.headers - << Expires: -1
2024-04-25 19:08:43 [main] DEBUG org.apache.http.headers - << X-Content-Type-Options: nosniff
2024-04-25 19:08:43 [main] DEBUG org.apache.http.headers - << Etag: W/"6b80-Ybsq/K6GwwqrYkAsFxqDXGC7DoM"
2024-04-25 19:08:43 [main] DEBUG org.apache.http.headers - << Content-Encoding: gzip
2024-04-25 19:08:43 [main] DEBUG org.apache.http.headers - << Via: 1.1 vegur
2024-04-25 19:08:43 [main] DEBUG org.apache.http.headers - << CF-Cache-Status: REVALIDATED
2024-04-25 19:08:43 [main] DEBUG org.apache.http.headers - << Server: cloudflare
2024-04-25 19:08:43 [main] DEBUG org.apache.http.headers - << CF-RAY: 879ebc29783b3d60-BOM
2024-04-25 19:08:43 [main] DEBUG org.apache.http.headers - << alt-svc: h3=":443"; ma=86400
2024-04-25 19:08:43 [main] DEBUG o.a.h.impl.client.DefaultHttpClient - Connection can be kept alive indefinitely
2024-04-25 19:08:43 [main] DEBUG i.r.internal.RestAssuredHttpBuilder - Parsing response as: application/json; charset=utf-8
2024-04-25 19:08:43 [main] DEBUG org.apache.http.wire -  << "1b9a[\r][\n]"
2024-04-25 19:08:43 [main] DEBUG org.apache.http.wire -  << "[0x1f][0x8b][0x8][0x0][0x0][0x0][0x0][0x0][0x0][0x3][0x8d]]I[0x8e][0xe4][0xc8][0x8e][0xdd][0xff]S[0x8][0xb9][0xfe][0x8b][0x9a][0x87][0xbe]A[0x9f][0xa1][0xa3][0x17][0x16][0xee][0x96]U[0x2][0xdc][0xa5]([0x97][0x94][0x88]F[0xa3][0xef][0xde]$[0x1f]'[0x93][0xc9]=[0x5]d[0x15]b[0x90]K2[0x1a][0x87][0xc7]G[0xd2][0xe2][0xbf][0xfe]5[0xc][0xff]K[0xff][\r][0xc3][0x97]m[0xa9][0x8f][0xff][0xbc]~[0xf9][0x8f][0xe1][0xc7][0xe3][0x7]c[0xfe]f[0x1d][0xd7][[0xa5][0xef][0xbf],[0xdb][0xb4][0xe]e[[0x87][0xaf][0xe5]R[0x1f]ux[0xd4][0x8f]z[0xbb][0x95]u[0xf8]x[0xcc][0xdf][0xc6]k[0xa5][0xdf][0xce][0x97]K[0xa9][0x97][0xb2][0x8e]C[0xfd][0xbc][0xd4][0x8f]u{[0x8c][0xc3][0xfc][0xb1][0x8e]3_[0xfc][0xa8][0xd7][0xe9]Z[0x1f][0xe3][0xfa]Eo[0xfd]>_[0xff][0x87][0xef][0xfc][0xcf]6[0x96][0xa1][0xae][0xc3][0xb2]-[0x97][0xf1]c\[0xdf]&[0xfb][0x8a]>w[0xd9][0x96]2]K[0x1d].[0xf3][0xb4][0xd4]6z[0x8b][0xed]A[0xf7][0xff][0xa8][0xd7]q[0x95][0x8f]][0xb6][0xfb][0xdb][0xd4]<`[0xb8][0xcf][0xb7][0xba][0xac]#}[0x8a][0xde][0x97][0xfe][0xfd][0xb3][0x95]eX[0xe7][0xb5][0xd0][0x95][0xd3][0xbc][0xac][0x8f][0xed]N[0xb7][0xe6][0xff][0xd3]e[0xbc][0xa8]z[0x1f]d}[0xf][0xfa][0xa2]~[0xab][0xd3]H[0xf7]-[0x8f][0xcb][0xdf][0xe3]Z/[0xeb][0xfc][0x85][0xde][0xf7][0xff][0xfe][0xfd]=[0x89][0xfd][0xb4][0x97][0x18][0xad]K[0xee]_[0x97][0xa5][0xee][0xd7][0xcc]?[0xc7][0x1b][0xd0][0xb3]?f[0x92][0xe7]7ZN}[0x93]5[0x8e][0xc3]2[0xd2][0xcb]L[0xe3][0xdf][0xe3][0xad][0x15][0xdd]p[0x9d]o[0xf3]cx[0xaf][0x85].[0x1e]j[0xc1][0xf7]u[0x19]&[0xfa][0x18]}[0xfa][0xeb][0xf6][0xd7]H[[0xf2]~#[0x99][0x8d][0xeb]8.[0xc3][0xb7][0xf9][0xb6]}[0xac]e[0xad][0x3]=[0xe5]1[0xf][0xdf][0xea]Mo[0xdc][0x8][0xe9]Q[0xc7][0xcb]H[0xf][0x19][0x97][0xb7][0x89]_[0xa0]|[0xd0][0xe3][0xca]}[0x98][0xe6]i[0xb8][0xd6]w[0xba][0xd7]B7X[0x96][0xf1][0xbe]-[0x3]_ [0xf][0xa4];-[0xf4][0xe5]FzpNF?[0xef]eDK[0xb0][0xf7]Xd[0x9b]Xw[0xea][0xe3]B[0xc2] [0xbd][0x99][0xea]=[0xf4][0x8c][0x9f]:~,[0x85][0x84]#{[0xd6][0x89]t[0x1d][0xc6]mY[0xe7]a[0xa9]W[0xba]x[0xa6][0xef][0x1e]$[0x12][0x17][0xc0]=[0xe9][0xe7]|[0xa7]7[0x1f][0xea]m[0xfc][0x8b][0xd7],j][0xae][0xcd][0xb5]"[0xd8][0xf1][0x9d]V[0xcb][0x12]+[0x17][0xd1][0xc3]u[0xa4][\r][0xa3][0xf7] Y[0x14][0x12][0xf]i[0xe2][0xdb][0x14]b[0x84][0x80]+[0xbd][0xc4]0_I[0xe9][0xe9][0x85]n[0xe5][0x9d][0xf7][0x96][0xbe][0xa2][0xbb][0xe8]k[0x9f][0x12][0xd4]/[0x9d][0xa0]XYW[0xd1]'_[0xc6]^[0x2][0xbc][0xf]r[0xd5]RHhiO[0x87][0xb4][0xb0]r%[0xcb]"[0xf3]"U[0xe3][0x17][0xba]W3[0x80][0xb2],[0xdb][0x9d]./[0xc9][0xa2][0xa1][0xa2][0x97][0xed][0xf6]QD/[0x96][0xe1][0xef][0xf1]B[0xa6]x[0xbf][0xd3][\n]"
2024-04-25 19:08:43 [main] DEBUG org.apache.http.wire -  << "I[0x7][0xe8]>f6k[0x9d]*[0x9b]&4[0xf2][0xce][0xda][0xc1][0xbb]u[0xd7]m[0x90][0xf][0x8b][0x8d][0xa5]w[0xc1][0xed][0xc7][0xdb]m[0x86]|[0xce][0xc9][0xe6][0xd7][0xbd]l[0xfc]=[0xc4][0xce]Y[0xf6]{[0xc9][0x90][0x12]m[0xd7][0x11][0x8e][0x84][0xcd][0xbb][0xf0]6[0x96][0xfa](+[0xde][0x89]T[0xe6]m*7VBqq0#U4v[0xe][0xa4]R$[0xfa]V[0x9b]D[0x87][0xdc]([0xd8][0xca]}m[0xa2]8[0xbc][0xe4][0xb7]I=L+[0x1f][0x98][0xcf][0xb9][0xe5][0xfe][0xb6]_[0xae]Jx`[0x95][0xb8][0x97][0xbf]&2[0x99]yq[0x8b]eo[0xda])[0x6][0xbd][0xc2]B[0xbf][0x9f]Xei[0xfb][0x1e][0xa4][0xaa][0xbc][0x97][0x85][0xc5][0xf]o[0x0][0xad][0xf6][0x8d][0x17]7$[0xca]M[0xdb]B[0xee]y[0x9a][0xdf][0xe9][0xf7]$![0xfa][0xf1]5\[0xc7][0xdb]Dw]>H[0xcf][\n]"
2024-04-25 19:08:43 [main] DEBUG org.apache.http.wire -  << "{[0x8]VP[0xba][0xb6][0xde][0xe7][0xa1][0xbc][0xef]<WkBeI[0xb2]t/[0x6]#[0xa9]kV"[0xd6]9i[0xfd][0xbe][0x97][0x16]K[0x88][0xc4]BQk[0xbc][0x8d][0xb][0xf6]s/[0x1f]<n[0xf8][0xb8]Qh[0x83][0xa7][0xa1][0xfd][0xbb][0xb2]-[0x15][0xf1]$[0xea][0x9b]!l[0x91][0x14][0xe9][0x90][0x88][0x1a][0xdf][0xf1]5X[0xf5][0xa6][0xc6]'[\n]"
2024-04-25 19:08:43 [main] DEBUG org.apache.http.wire -  << "[0xcd][0xee]+B[0xa2][0x4][0xa4][0xb1]p[0x98][0x9b]$<[0xc1][0xe7][0xf3]&[0xd2][0xf3][0xe0][0xbd][0xca]rn[0xb9]<S[0xe]][0x12]k[0x9f][0x98]a[0xb7][0xe4][0x91][0xd6][0xc2][0xaa][0x9b]T[0xc7]>+o[0xc3]Q[0xd5][0x84][0x16][0x2])[0xb4]n[\r]O[0x1e][0xa4]=`[0xb9]-HH6[0x3][0x83][0xd4][0xee]e[0x94]-v1[0xbc]Mp[0xf][0xb4]~[0xf3]'0[\r]S[0xb][0xd6][0xee]Y[0x9d][0xb3]l[0xc0]9[0x89][0xfc][0xf9][0xd4];[0xb0]#R[0xab][0xb5][0x95]"[0xf8][\n]"
2024-04-25 19:08:43 [main] DEBUG org.apache.http.wire -  << "[0x8c]H[0xfa][0xb9][0x97][0x95]@[0x8f][0xcb]*[0xe6][0xb][0x1][0xb4][0xf7][0xc4][0xdd][0xc8][0xd4]U)[\n]"
2024-04-25 19:08:43 [main] DEBUG org.apache.http.wire -  << "[0x82][0x9][0xfc][0xc][0x1c][0x8]@[0x88]|[0x7][[0xa2][0xab]WC[0x1f][0xac]?W[0xf9]"[0xc]P[0xa5][0xa0][\n]"
2024-04-25 19:08:43 [main] DEBUG org.apache.http.wire -  << "[0xeb][0xdf][0x9e][0x93][0xc1][0x8f]?[0xec][0x85][0x0][0x18][0x16][0xa1]v[0xbc][0xe2]Ek[0xbf]ZVf~7[0x83]X[0xb2][0x9][0xb4][0xa3][0xc3][0xfc][0xf5]+[0x1b][0xba][0x4]D[0xd9][0xd4][0xb7])[0xa2]$+A[0xf2][0xb2][0xbc]|[\n]"
2024-04-25 19:08:43 [main] DEBUG org.apache.http.wire -  << "[0x86][0x82][0xf][0x16][0x86]tt[0xd7]%\/-[0x97][0xf5][0x1c]2[0xbf]K[0x90]}H[0xc8]'[0x5][0xa1] [0xfa]x[0xba][0xcc][0x9f][0x9a]ev [0x15][0xe]H[0x1e]-[0xcb][0xbb][0x95][0xed][0xaa]>[0xe7][0xd8][0xf0][0xeb][0x8d]6[0x96][0x9e][0x9f]be[0x4][0xf4][0xc0][0xb][0xc][0x83][0xee]#moqx[0xc8][0xb][0xce][0xee][0x9e][0xe2][0x87][0xaf]f[0x9c][0xc4]9+L[0x93][0xf5][0xb3][0xd0][0x2]7[0xb9][0xeb][[0xb2][0xfe][0xb][0xc2][0x99].[0xe3][0x95]4[0xeb]mb[0xa7]-[0xca][0xa6][0xbf]>)[0x93][0xe][0x86][0xd2][0xcb][0x84][0xfd][0x1a][0xda][0xa4][0xfb]A[0xfd][0xd4][0x12][0xf6][0x82][0xa1][0xcd][0x90][0x8][0xe][0xb5][0x84][0xf]%g[0xff](u[0xa9][0xe][0x83][0x8a]:|[0xdc][0xc][0xa2]7[0xb5][0xad][0xc][0xe3][0xcb][0x7][0xc9][0x94][0xfc][0xbb]\[0x8b]8#[0x80]#[0x4]+[0xbf][0xa1][0xa7]D\%[0xbf][0xa0]"[0xe0][0xfb][0xc9]+[0x8e][0xb4][0x1d][0xd3][0x85][0x15]Xb[0xfb]99tPSV[0xba][0x89])[0x92]H[0xfc]E=[0xc4]9nb[0x3][0x10][0xc9][0xef][0x85][0xc2][0xa2][0xb8][0x8e][0x17][0xb2][0x9][0xf7]t[0xe2][0xf7][0xfc][0x16]~[0xd3][0xd8][0xd1]9[0xc5]2Z[0xda][0xb2]r&[0xf3]x[0xd0]e[0xe3][0x13][0x80]&[0x0]R[0x90][0x11] [0x1a][0x99][0x1e]o[0x85][0x18][0x8d]#V[0x1][0x96][0xec]!E)%[0xc][0xa5][0xac]L[0xee][0x95][0x92][0xa6][0xc0]t[0xd9][0x87][0x1][0xa8]F~[0xc3][0x11][0x82]q[0x98][0xc4][0x89]s[0xd2][0xed][0xf0]i^[0x80][0xbd][0xa4]8[0x9d][0xbd][0x10][0x9][%[0xcb]2[0xb4][0x8d][0xc9]k[0x0]&Tqr[0xd2]6eL[0x0]#B"Jv'[0xbe][0xcc]o[0x13][0xf6][0xb][0xfb][0xe3][0x9c][\n]"
2024-04-25 19:08:43 [main] DEBUG org.apache.http.wire -  << "j[0xec][0xdb]#[0xa9][0xa0][0xc0];z[0xce]vv[0xcd][0x1d][0xee][0xc]W@[[0x3][0xcb]b;;[0x0][0x9f][0x9][0x7][0x89]#T[0xa4]!n[0x81][0xf3]U[0xb8][0x16]s[0xb0][0x6][0x87][0xc6][0xbb][0xb8][0xe0][0xec]W[0xd3][0xea][0xc4]"}Ii[0xd3][0x5][0x92][0x98]g{[0x9b]pW[0x87]{[0x8a]m_G[0xd4]v[0xe1][0x1d][0x2]m[0xe3][0x3][0x1][0xb1] [0xdb][0xb][0x5][0xf8][0x9c][0xb5][0x89][0xc6][0x8e]3[0x87][0xfc]#[0x84][0xee]wc[0xb0]&aC[0xcc]P[0x91][0x9][0xed][0x1e][0xed]3CXE[0x11]$C^[0xc8][0xea][0xb8]b[0x8f][0xbc]K[0x83][0xd5]E$H[0x8f][0xe0]d[0x7][0x80]}81[0x6][0xf6]J/[0x8]@V[0xc4]bV[0x1d][0x9a][0xca][0xe0][0x96]_-!Wv[0x7]'[0xc5][0xd8]AS[0xac][0xc0][0xb7][0x90][0xd5]4"tz{G[0x5]][0xca];/[0xd9][0xe3][0x8a][0x92][0x8b]3f[0xa0][0xcf][0xaf]+N$A1[0xbe][0x94][0xf8][0xb3]D([0x8a][0x93]SH[0x1e][0x87][0xa4]{P8[\n]"
2024-04-25 19:08:43 [main] DEBUG org.apache.http.wire -  << "*@i[0x8][0xfd][0x95][0xc0]\l[0xf2][0x86][0x7][\n]"
2024-04-25 19:08:43 [main] DEBUG org.apache.http.wire -  << "[0x94]8[0xeb][0x95];[0xbc][0x1a][0xa2][0xe4][0xfc][0x1d]QG[0xe2][0xb7]A[0xb3][0xc0][0xff][0xfb][0xc5][0x87][0xf5]i[0xaa]eN[0x11][0xe6][0x9d]w[0xd4][0xfd][0x87][0x84]UE^[\r]\[0xe1][0x1f]$[0x91]s[0xb8]6[0xde][0xa3]Z[0x0]<[0xb9][0xc6][0xe][0x81]Z[0xca][0xed][0x9][0x86]x[0x1d][0x11]^[\n]"
2024-04-25 19:08:43 [main] DEBUG org.apache.http.wire -  << "[0x1][0xb4][0x86].[\n]"
2024-04-25 19:08:43 [main] DEBUG org.apache.http.wire -  << "[0xcb]u[0xa2][0xbc][0x97][0xed]cd8[0xc6]DNdic[0xc4]fM[0x1d]D[0x5][0x18][0xe3]:[0x0]5[0xb][0x81][0xfa]g[0xa9][0x94]U[0x82][0x92][0xbf][0x9e][0x90]&[0x1c][0xa1][0x1c][0xfb]-[0xe6][0xb0][0xbe][0x8b]?[0x1b][0x11][0xfc][0xd4][0xe1][0xcf][0x0][0x8a][0xe4][0xad][0xd3][0x2][0xcc][0xea][0xcb][0x11]+[0xd8]r~[0xd7][0xed]"!7[0xd3]P[0xb]@5c[\n]"
2024-04-25 19:08:43 [main] DEBUG org.apache.http.wire -  << "[0xfa][0xd9][0xc8][0xe9]iM[0xf4]![0x2][0x1d][0xf2][0xc][0xbe][0x88][0xa4]4g[0xac][0xe9][0xae]q[0xc7]9[0xf1][0xee][0xc3]8[0x5][0xaf][0xd7][0xb]%[0xf7][0xa3]9[0x17][0xe5][0x11][0x91]H(A[0x92][0x84][0xea][0xb2][0xd3][0x4]P[0xc3]7[0xfd][0xf8]6^HA[0x9f]J[0xf0][0xe7]F[0x82][0x1d][0xb4][0xcd][0xde][0xaf][0xe8][0x9a][0x1a][0xa7]'[0x80]C#[0x89][0xf8]5[0xf6][0xd2][0x7][0xb1][0x8][0xe9][0xa8][0xa5][0xf2][0x19][0xd2]E[0xfe]7#h[0xc2][0x90][0xe8][0x9e]t{6![0xd8]'[0x85]cq[0x9]Jn[0x85];[0x91]|[0x16]I[0x9c][0x19]'[0xd3]E)4A%[0xdf][0xa6][0x94]w[0x19]/[0x12]:Gw9)[0xa4][0xe][0xeb][0xe2][0xe1][0x12][0x9e]$|[0x18][0xa3]`[0xc2]W$[0xda][0xa7][0xc3][0xac][0x17][0xe2][0xf5][0xd6][0xc][0x86][0x92]~r[0x0]b[0x91]`[0xdb]Y[0x18][0x1c][0xc5]H[0xa1][0x9c][0x89].[\n]"
2024-04-25 19:08:43 [main] DEBUG org.apache.http.wire -  << ">[0x10]4B*B.[0xb2][0xa5][0x9]M[0x16]$7[0x7]:[0x8b][0xf0]B[0x11][0x9f][s[0x87]k[0xef][0xe5]s[0xbc][0xb]T[0x97][0x98][0xae][0xfe]zb[0xb5][0xeb][0xd7][0x19][0xba][0xbf][0x91][0xdb]W e[0x80][\r]9[0xbb]f[0xa3][0x81][0xe][0xc1]n[0x88]c[0x6][0xf]"[0xa4][0x2][0x3]4v[0xf][0xb6][0x95][0x9][0x9e][0xc1]t[0xf8]6[0xc8]r[0x85][0xfd][0xf4]lH[0xc8][0xe]8#[0xd1]1[0xdd][0xff][0x8c]"N[0x8a][0xa2][0x3][0xa1][0xc8][0x95]Y[0xe7]T7C#[0x19]Ni^[0xd1][0xed]=[0xa7][0xed][0x92][0xf1][0x82][0xca]6[0xdb][0xf6][0xc8]*J#|X[0x8a][0x10]Mx[0x81][0xb0]aT[0x5][0xb5][0x4]Rr[0xb1][0x9e][0xa4][0xfd][0xb4]E[\r][0xed]"[0xd4][0xcf]uH[0x96]m[0x91][0xf8][0xa4][0x0]:D[0xca][0x1a][0x6]d[0x93][0x92]&[0xb][0x90][0xc7]tq^[0x7]+9[0xd6][0xe][0xba]v[0xc4][0xce]e7[0xc][0xda]&0>[0xac]%[0xb4][0xbd][0xae]F[0xae]s[0x1e]?h[0xb5]%[0xd3][0xe4][0xa2]9[0x96][0x87]Z[0x16][0x19][0xaf]{r[0xe9][0x1d]&[0x95]J[0x8b][0xb0],[0x9a][0xdd][\n]"
2024-04-25 19:08:43 [main] DEBUG org.apache.http.wire -  << "v[0x99][0xa7][0xe]hZ[0x9c][0x0]c[0x1b][0x81]I[0xf3]S[0x3]{&[0x9]s[0x8a][0x2][0x9d][0x9a][0x80][0xd4][0xe2]z(}[0xda][0xed]H[0x8]v,[0xe9][0x5]Ihp[0x13][0xf6](I[0xb5]]N,yFB'[0x5][0xd2][0xa1]KTSH[0xe7]X[0xb5]I[0xdd][0xcc][0xd0][0x94]p:&D[0x98][0xb6]`[0x9d]t[0x9b][0x81][0x1b]l[0xd8]=[0xc3]E[0x9e][0xc5]3[0x82][0xc4][0x8f][0x94][0x11][0x95][0xec][0x9f][0xe9],[0xc5];[0xb0]0q[0x90][0xe]Q[0x95][l[0x91]wd[0x1]m[0xcc]E[0x98][0xe5][0x17][0x1b][0x19][0xd6][0xac][0xac]:![0xdf][0xac][0xc3]'[0xa5][0xd5][0xf3][0xa6][0xc6][0x4]y[0x11][0xc5]irq[\n]"
2024-04-25 19:08:43 [main] DEBUG org.apache.http.wire -  << "[0x19][0xa6][0x1f] 5[0xe][0x8][0xaa]}[0xf]!{[0xa1][0x88][0x4]v[0x14]~1{[0xc][0x1b][0xcf]*"[0x1e][0x82]E[0x92]*v[0x1e]B[0xa4][0x9a][0xc1][0xd6]"[0xb2]lb}[0xa6]KB[0xa1][0xad][0xb4]Y_[0xa4][0xb4][0xad][0x18]:[0xa8][0x8a][\n]"
2024-04-25 19:08:43 [main] DEBUG org.apache.http.wire -  << "[0x9a]P[0x10][0x12][0x6]v[0xfb] [0x95] [0xda][0xc9][0xfd][0xf2]eG[0x95]i7[\n]"
2024-04-25 19:08:43 [main] DEBUG org.apache.http.wire -  << "\[0xb6][0x8b][0xe5]"[0x9e][0xd3][0xc2][0x4]"[0xa1][0xd8]Z[0xc3][0x98][0x9][0xd2][\r]c[0x14]'[0xa1][0x88][0xdd]}M[0xce][0x83][0xfd][0x89]c ?y[0xe2]es[0xc8]{N[0x8]?w`[0x15][0xa4][0xff][0xfe][0xe6][0x89][0x9e][0xe8][0x88]![0xb8]\[0x1][0x1f][0xc0]{[0xe4]&5[0xb4][0xa7][0x9d][0x15]%Q`$[0x15]B[0x84][0xee][0xb7])]#XV[0xe5]?.[0x1e]][0xc1]*o([0x9a]qN[0x97]@t[0xe3]\[0xa4][0xfc][0xf3]l[0xdd][0xbf]4[0xeb][0xee] &T[0x1f][0xe5][0x9][0x86][0xae][0xca][0xfe][0xed]C@O[0xa2]j[0x9e][0xc4]o[0x8d][0xf2][0x85][0xd1][0x8d][0xba][0xfd]KC?)[0x8a]0[0x1][0xe1]yM[0x1c][0xb2]Df[0x9c][0xbc][0x8e][0xc2][0xb1][0xc8][0xf5];[0xd2]~[0xcf]]4[0x97]1[0x3]<(xf[0xf5]9)[0xa1]c|[0xa9][0xc5]M[0xe4]p[\n]"
2024-04-25 19:08:43 [main] DEBUG org.apache.http.wire -  << "[0xa3][0x97][0x3]\[0xe1]i5{_-[0xa0]%[0x10]/[0xe0][0x18]`[0xca]$[0xe8][0xe8]<q[0xd0][0xcc][0xa1][0x19][0xe2][0xb6]$|[0xc3]=[0x15]Q[0x85][0xb8]S[0xd0]w[0xb7][0x3][0xb7][0x9b][0x8]g[0xe5][0x9]\,\[0x82]oI[0x94]E[0x15][0xf3][0xa4][0x94]:D*[0x11][0xc0]!w[0xac][0xe5][0x9][0xd7][0xc][0xe7][0x8e][0xbc][0xdc][0x90][0x94][0xa5][0xf2][0xce]S[0xb][0x89][0x8e][0xaa][0x5][0xc2][0x11]t[0x83]C[0x9c][0x5]6[0xc3][0x14]F[0x1a]%[0xc][0xd2][0x87][0xdb]D[0x1e]^[0xc8][0x18][0xd5][0x95]g[0x82][0xf5][0xe4][0x8a];[0xe0][0x19][0xae]O[0x19][0xaf][0xed][0xd1][0xf3][0x15][0x96][0x8d]d[0x9e][0x13][0xbb][0xb3][0xb5][0xdc][0x83]S"[0xc6][0xc2][0xb3]S6<i[0x9d][0x7][0xb2][0x1e][0xb0]1[0x7][0x1f][0xb5][0xba][0x13][0x9c][0x98]s)[0xc8][0xe][0xf9][0x93];b]z>[0x9c],N[0xdc]l[0xc2][0xab]FOz[0xf1]Kt[0xfa][0xa4][0xc8]:[0xa8]J{[0x9][0xa5]n[0x98]7[0xa7][0xbf]P[0xfa]x[0xca]|[0x9][\r][0x7][0x88][0xe9][0x91][0xdb][0x1][\n]"
2024-04-25 19:08:43 [main] DEBUG org.apache.http.wire -  << "[0xab][0x92][0xc5][0xc]u6[0x8e]Df[0xe3]A[0x13][0xa1]be[0xce][0x16][0xd0]%Y[0x1a][0x91][0x8c]*[0xa5][0xf2][0x10][0xc2][0x96][0x88][0x13][0x8][\n]"
2024-04-25 19:08:43 [main] DEBUG org.apache.http.wire -  << "[0xce][0x13][0xa9][0xaa][0xd2][0x81][0xe3][0x16]lxRP[0x1d][0xb0][0x15][0xe0][0xc9][0xda][0x95][0xaa]e[0xc1][0xfa]:}[0x4]][0xe9]"[0xd3][0xb5])p[0x0]g"[0xa1]O[0x19][0x1e][Y[0xe2][0x92]s[0xf5][0x1d][0xc9]%[0xca][0x96][0x13][0x98]\[0xd1][0x15][0x89]x[0x96][0xce][0xa7][0xf8][0x5][0x84]P[0xb4][0xc6]m[[0xc][0xb][0xd3][0xce][0xb1]\[0x0][0xd2]n[0xa3]`([0x91][0x10][0x88][0xda][0xb3][0x93]RSv[0xd4]wR[0x88][0x1d][0x18]N[0x85]U[0x8a]f[0x1b][0xa8]3s[0xa7][0xa4]rOc[0xda][0xaa]/#[0x19][0xbf][0x1a][0x80][0x0][0x1b]3[0x2][0xb7]G[0xba]q[0x93] [\n]"
2024-04-25 19:08:43 [main] DEBUG org.apache.http.wire -  << "[0x93]&T[0xa6][0xdc][0x84][0x8c][0xd5][0xb2][0xc4]-UW[0x91]?[0x1]b[0xb2]]&G[0x8d][0xcd]j[0x8][0xbb]M[0xb1][0xb4]{0)[0xee][0x81][0xd5]>)[0x9a][0xe][0xf9][0x86][0xa7][0xd6]D[0x81][\r]j[0x1a][0xa5][0xea][0x89]x[[0xde][0x19][\n]"
2024-04-25 19:08:43 [main] DEBUG org.apache.http.wire -  << " 8[0x91][0xb2][0xf5][0x15][0xe][0x18][0xab][0xe4]S[0xda]3[0x83]xm2[\n]"
2024-04-25 19:08:43 [main] DEBUG org.apache.http.wire -  << "[0xcf]R[0x93][0xb9][0xc8][0xde][0x97][0x16][0xd8][0xc6]>A}Z[0xf8][0xc9]R[0x84][0x83][0xcd]P[0xb0][0xb9][0xb][0xb7]>[0x98]C[0x8][\n]"
2024-04-25 19:08:43 [main] DEBUG org.apache.http.wire -  << "O[0xcb][0xdd][0xf4]i[0xdd]r[0xd4][0xc3]y[0xb5]@[0xbc][0xca][0x95][0x8a][0xdf]>'[0xc7][0xe]:[0x8b][0xe8]4Y[0x94][0xbd][0xcf][0x1d]/[0x92][0x9d][0x16][0x84][0x99][0x9e][0x95][0xf1]T[0x3][0x8b]3[0xf][0xc3][0xaa][0xca][0x2]K7[0xe2]4[0x2][0x16][0x19]&S[0x94][0xe7]t[0xff]'OW[0x12]X[0xb8][0x9a])[0xf6]4![0x10]q,BlEnc[0x15][[0xe1][0xbf][0xd1]B[0x2]o[0x91][0x15][0xdb][0xeb][0xb3][0x9f][0xe7]d[0xf5]K[0x87][0xb0][0xb5]SbV[0xcf]p[0xd0][0xaf][0x94][0xba]@[0xc]c)q[0x80]`/[0x91][0xf][0xf1][0x9b][0xef][0xe3][0xd9]$[0xec][0x89][0xf7][0xc0][[0x1e]"[0x9b]j[0xec]3[0xab]"r[0x14][0xa1][0xc4][0x1a][0xee]G[0x96][0xbb][0x9]O[0xc1]HCe[0xef][0x9f]zU[0x13][0xf8][0xb5][0x91]@[0x87][0xb5]%[0x17]X[0xac][0x9b]v/[0x80][0xa6]Q[0xc3]9[0x94]h![0xda]c[0xaa][0xc1][0xd8]h7[0xd1][0xe8]oC;R[0x6][0xe0][0xa2][0x1f][0xf6]{[0xa7][0x5]B1R[0xc1][0xeb]S8[0xa1][0x9][0x1e][0x86]q[0xb8][0xe0][0x6][0xd5]O[0xb0]k[0xea])[0xe5]9'[0xa5][0xd1][0xe1]j[0xab][0x97]+-[0xc8][0xf8][0xae][0xe6][0x96])D[0xfa][0xf0]T[0x99][0xb5][0xf6][0xd2]D[0x9f][0x93][0xce]CSb[[0x93]m9[0x1b][0xa1]kr[0xa5][0xce][0xa9][0xf5][0x8c][0xea][0xab][0xc7][0xd8][0xcc][0xef][0xa9][0xf2][0xc1]s[0xab][0xdd][0xa3]P[0xdd]4Hc3[0x92]Wo[0xfd][0x10][0xb0][0x8][0x88][0xdb][0x17][0xbd][0xa1][0xad][0xf8][0xfa].Zg[0xe3]xg[0xcd]m7dU[0xd4][0xa0][0x92][0xe8][0xd8]Ik[0x12][0xf1]"[0xbb][0x8d][0x14][0x18][0xd2][0x94]z)[0x90]O[0x8d]R/VR[0x93][0x0][0xdd][0xe1][0xb1][0xe2][0xb0][0xf6]65[0x16])+MB@b[0xef]s[0xf7][0x18][0xd2]cc[0xb2][0x85][0x93][0xb5][0xe7][0xec]n[0xa3][0xc8][0x9b][0x14][0x95][0xf3][0x9a][0x96]J4[0xdd]<)[0xd6][0xe][0xd5][0xc3][0x83] [0xad][0xf][0x8b]\[0xfa][0xe][0xf6]DE[0xb1].e[[0xf3][0xde][0xb0]u[0xb8][0x8d][0xef][0x8c][0x6][0xcc]`[0xc0][0xef]qB[0x90]J[0xe3][0xd0][0xe]8[0xb1][0xc8][0xeb]$}A. N[0xfb]Q[0xb5]$^e[0xc5][0xe6][0xa1][0xc0][0x90][0xa9][0x93][0xda]v[0xf8][0xfe]E[0xd2][0xdb][0x8a][0xa1]C[0xea][[0xa4]e[0xbe]G[0xca][0xf1]J[0xc6]o[0x9c]]j[0xb6]:[0xcc][0x16][0xab]K'[0x8b][0xc2][0x16][0xfb]m[0x9b][0x1e]8V[0x19][0xd7]0i[0xf1][0xd7][0x81][0x3]C\[0xa2][0x88][0x80][0xd9][0x8e][\n]"
2024-04-25 19:08:43 [main] DEBUG org.apache.http.wire -  << "[0xdc][0xe4],[0x14][0x83][0xe6]<[0xb7][0xf4][0xe]{[0x1b]W[0xaa][0xed][0xce][0x99]dSG[0xd2][0x15]X[0xda][0xa6][0x3][0x91][0x1a][e[0x84][0x1e][0x90][0xcd]"[0x8][0x87]q[0x96][0x81][0xb8][0x1f][0xd1][0xb6][0xd2][0xa2][0xc],[0xfa][0xc7]j[0xe3][0xc9][0xd0][0xc4][0xc0][0xd6]uru[0x7][0xc][0xb1])[0x98][0x2]t[0x95]W[0x94]![0x9e]/. [0x9d][0xf2]7[0xdc][0xc7][0x16])[0x95][0x80].%x,KH[0xed]t[0x1c][0xbc][0x9b][0xdc][0x89]o[0x99][0x9][0xf1]}[0x13][0x8f][0x8d]k[0x14]([0xfb]B[0x9f]ZK[0x8a][0x8c][0xe6][0x0][0xb3][0xff]9)[0x96][0xe][0x10][0xb7][0xd9][0xb8]:[0xba][0x92][0xc9]I[0x98]"[0x1][0xbe][0xa7][0x2]Bz[0x98]nc;[0x8c]&[0xd4]Hd[0xba][0xc0]e[0x99][0xf9][0x89]",:[0x1e][0xdf]P|[0x4][0xc7][\r][0xce]q[0xcf][0x83][0x1b]][0xd4]v[0xaf][0xca][0xa6][0x18]a[0x98][0x87]o[0xce][0x9][0xa5]C[0xb7]F[0xc8]p[0x80][0xf3]Q[0xa0]-C[0xfb][0xb6][\r][0xe8]IP[0xe][0xfa][0x9e]V[0xc1]q[0x9e][0xc1]E`uF;[0x12]P[0x11]\S[0x8a]j][0xea][0x2]ZP[0xc7]7[0xe4]B[0x86][0xa0][\r][0x97]Q[0xdd][0xa4][0xd7][0x14]#R[0xfd]vC[0xcb]m[0xf0][0xd0][0xf9][0x92][0x1a]0_[0x8d]g4[0xf2][0xf9][0xb5]C[0xb4]-[0xf4][0x1a][0x9b][0xb2]_[0x7]-[0xe2][0xdd][0xf9]R[0xf5][0xa5]M\[0xeb][0x9c][0xa7][0x0] w[0xb5][0x96][0x4]XP[0xdf][0xd5][0xa5][0xec][0xd1][0x9][0xd9]g[0xb][0xd1]RY[0xbc][0x8e]fb)^[0xd0][0xee][0x8][0x13][0xed]M[0xdc][0xb9][0xc0][0xa7][0x9c][0x8a]?[0xdd][0xc]][0x11]QLc[0xb4][0xc4][0xef]S[0xd1][0xfe][0xd6][0x88][0xb6][0x9f]<[0x83][0xb1][0x1b][0xf8]2N '[0xc6][0x92][0x1a][0xc8][0xf3][0x9e])^S[0x9][0x16][0x1f]g[0xe6][0xac][0xd0]"[0x97][0x2][0x9b][0x8d][0xb2]N[0x5][0xbb][0xe][0xed][0x1c]+[0xba]$[0x18][0xab]$[0xe4],[0xfd][0x9a]][0xf4][0x1e]~[0xda][0x95][0x1f]O[0x90]iu[0xba][0xd9]b[0x94][0x3]$[0xeb][0xce][0xab]^[0x13][0x19][0xdc]Y[0x1e]*;K[0x1e]o[0x10]0!Qf[0xbf][0xcf][0xdc][0xce][0x8c]Gk.[0x9f]r[0x2][0xfa][0xa9][0xd5]s[0xe0][0xe][0xe5][0xce]9[0xdb][0x8d],>,[0xf8]m[0xd2]}[0x14][0x9a]`[0xdf][0x13][0xe9][0x1d][0xad]'E[0xd5]A[0xe0](j:[0xc4][0x17][0x8e][0xaa][0xcb][0xac]@[0x81][0x2][0xad]f,\[0xb7]f[0x1e][0xc9]p[0xdb][0x93][0x99]4q[0x85][0xd2][0x12]-[0xa9][0xb7]l[0x2][0xf0][0x1][0xd4]"s[0x9a][0x92]?[0x3]Ej[0x12][0x15]~j[0x1][0x8f]:[0xa5][0xdc][0xc6][0xe1][0xf6]IQt[0xb0]U[0xb6]+t[0x12]%[0xdc][0xa6][0xee][0xa4]e[0x99][0xae][0x8c]g[0x8d]s[0xca]F$[0xf2][0x97]<[0x89][0xe4]([0x86][0xaa][0xb6][0xdc][0xc4][0x9d]j[0xe6][0x84][0xd8][0xb4][0x3]T![0x4]:@[0xf6][0xed]U[0xdc][0x95]e^[0xd1][0xdb][0xa1]-U?[0xb9][0xee][0xe][0xa7]Z[0xbb]B[0xce][0xf1]!\ [0xef][0xa7][0x1c]_[0xa4][0x99][0xa5]![0xe7][0xa1]$[\n]"
2024-04-25 19:08:43 [main] DEBUG org.apache.http.wire -  << "[0xdb][0xb5][0x10]#[0xa3]Vn[0xb][0x97]M[0x8d]H[0x8a][0x9e][0xca][0x9d][0xb4]}[0x85]+[0x1a][0xce]u[0xb1]J[0xc0][0xc6][0xfc][0x14][0xe2][0x1a][0x87]k[0xad]v[0x9c]\}[0x7]U[0xb5]{[0xa9]X[0x9][0xa2][0xa5][0xce][0x8e]Z[0xd9]e[0x96]0[0xf5]8p[0x9f]u[0x5][0xc]|l:[0xa5]Q[\r][0x93]h[0xe9][0xc2][0xa0][0xb7]M[0xa0][0xc6]4O=[0x9c]^[0xb1][0xcd]e[0x93]h[0xa6][0xce][0xe][0xc6]ZkD[0xa9][0x93]B[0xe8][0x10][0xad][0x14][0xe][0xdf]u[0xea][0xb6][0x83][0xaf]9wh[0xc7][0x89][0xb][0x16][0x8c]DU[0x6]`[0x96]&[0x9f]Q[0xd7][0x95][0xb9][0x81][0xe8]b[0xaa][0x9a][0x12]c[0x16]9[0xd6][0x9e][0xb0]zL[0x81]-g7[0xf8]i[0xa7],{([0x0]P[0x1f][0xfe][0x95]b[0x8][0xc6][0x1f][0xbb][0xce][0x4]e6[0xd3][0xa7][0xb5]3[0xc1][0x82]7[0x9a][0xb4]| h[0x96][0x16][0xcd][0x98][0xc1][0x93][0xb9]H[0xe5][0x98]m[0xa0][0xc7][0x8a][0x9a][0xde][0xbe][0xc6][0xe8]D[0x1a][0xf1][0x83]+[0xc0]sO.[0xb6][0x83][0x9b][0xa8][0x8][0xe7][0xb1][0xb0][0x12]E[0xdf][0xaa][0xd8]b[0xbc][0xbe][0x9a][0xda][0xda]O&[0xca][0x1a][0xaa]U[0xd1]S[0xfc]b[0xf][0xb1]o[0x1f][0x9b]T[0xc3][0xad][0xb1][0xaf]+~[0x99][0xf0][0x1d][0x93]5[0xa3]/[0x88][0xcd][0x81](.[0x1e]]$[0xdc]jK1[0xcc][0x86][0xfb][0xd5][0x0][0xa6]m[0xc5][0xe7]z![0x1b][0x11][0xfe][0xd6]![0xd2][0x1c][0x83][0xac][0xfc][0x15][0xcd]]V5([0x87]mL[0x11][0xa0][0x8e][0xf9][0xc9][0xc]y$[0x19]x[0xcf][0xa3]&[0x9b][0xe]nr[0xf9][0x8d][0xdd][0x6][0x8c]E[0xe2][0xbe][0xb5]&[0xe7][0xae]oq[0xa0][0xd9][0xef]F[0x81]@B[0xb1]qe6[0xab][0xec][0x85][0xac][0xa7][0x92][0xf9][0xbd][0x91]L[0x7]([0xf][0xc7][0xbc]3lc[0xeb][0xf] [0xd1]-[0xfe][0x1d][0x9],[0xe8]![0xb4][0x81]z[0xcd][0xc1][0x80][0xbd][0xbb][0xbb][0xdc][0x9e][0xf3][0xbe][0xe3]h5[0xdd][0x93]Mq[0x6][[0xa2]c[0xaa][0xa8]Y[0x98][0xa2][0x1c][0xa7]U>ym[0xcc]#[0xb9][0x3]W:L9[0xfb][0x97]3[0xd5][0xad][0x90]:[0xec]i[0x1e][0xde]g[0x1a][0xe9]n[0x87][0x9d][0x93])[0xa5][0x2]rjY[0xa7][0xc][0xb2][0xc2][0xaa]0j[0xcd][0x1b][0xea][0x92][0xcb][0x3]u5[0xdd]EiX![0x85]3[0xc8][0x84][0x1d][0xab]B[0x81][0xa4][0xf1][0xa6][0x9]dT1[0xac][0x87]I[0xa4]s[0x92][0xe8][0xa0][0xa5][0x1b]v[0xda][0x94][0xbc][0x8b]j[0xeb]F,#S30[0x90][0xce][0xb5]8[0x96][0x9e]7[0xb0][0x84][0x18]Y[0xbb][0xa2]\[0xe8][0xea]Q[0x1f][0x81][0xbf][0xb4][0xcb][0xfa]3w[0x9][0x1][0x8c][0xfb][0xfc][0xa0][0xd2][0x4]"[TeYH[0xad][0xb5][0xe7][0xc6]#7i[0xeb][0xcb][0x82][0x98]mru[0xdc]9I[0x97][\n]"
2024-04-25 19:08:43 [main] DEBUG org.apache.http.wire -  << "[0xf0][0xe5][0xeb]A[0x98]V[0xc2][0xfd][0xe1][0x6][0xab][0xf7][0xc][0xb3]s[0x4][0xb9][0xc5][0xfc][0x96][0xcf][0xb4][0xcf][0xd7].[0x9f][0xb9]*&[0x89]5[0x90]7[0x5]U[0x93][0xe3]tjO[0x1f][0xdb]3J[0x16][0x4][0xb1][0x1c]'[0xd2][0xf0]a[0xd1][0x9d][0xc]P[0x3]:[0xbb]l6[0xb3][0xfb][0x1c][0xa5][0xb4][0xcb][0xed][0x80]j[0x93][0xb9]^ab[0x88][0xa9][0xfc][0xef][0x19][0xa7][0x4]z[0xf9]S[0xfc](w[0xfd]M[0xb9][0xaf]]&[0x89][0xb5]Nf[0xc4][0x86]i[0x96]R[0xc6][0x8a]@[0xd0][0x19][0x9d][0xe5][0xe2][0x0][0x9c]n[0x8e][0xce][0xbd][0xb2][0xee]:[0x95][0x92]w6[0xc2][0x86]_[0x9c]=[0xba][0xb][0xcc][0xa0][0xd5]I[0xa9]t[0x0]6[0x97]t[0xab]e[0xb7][0x92][v[0x95][0x1d][0x1f]D[0xb6](e^[0xd7]&}R[0x1][0x7][0xa9]P[0x80][0xd7] [0x82]&[0xfe][0xaa][0xd4]U[0xe4]HH[0x8e][0xe7]<[0xfd][0xeb][0xe4]b<&[0x1d][0xc][0xb0]*[0x89][0x89][0x13]G^[0xd6][0xbe][0xda]uw[0x98][0xd5][0xb6][0x8d][0x9f][0xce]/[0x87][0x1][0xc9][0xc5]I[0x9e][0x17]u[0xf7][0xd6][0x98]s[0xa9][0xf0][0xa8][0x97][0xc3][0xb1][0xaf][0xd5][0xd7]v[0xa7][0x9a][0x14][0xed][0xfc]wG$[0xe8]D[0xe7][0x5]1>#[0xec]_rmM[0x13]|[[0xab][0xff][0xfe][0xb9][\r][0xad]\:[0xbc]+[0x99][0xaa][0xb8]7[0xf5]}[0x89][\r]L[0x15][0x84][0xc3]!S[0xb][0x83]q6K[0x82][0x17][0x6][0x0]K[0x80][0xcc][0xf2][0xe9]7`B[0xa0][0x12][0xa2][0x18][0xa0]9q)E[0x17][0xd0]eVS[0xb7][0x16]E[0xb1][0x1d]?f[0xe7]t[0xe8][0xed][0xc0][0xaf][0x8a]\v[0xc3]7[\r][\r][0xaf][0xc2]^[0x1c][0xdb][0x83][0xf7][0xdc][0xc3][0xd9][0xb7]mU[0xd7][0xb1][0xb5][0xe8][0xa8][0xa7][0x5]n[0xcb][0x93][0x84]6[0xae]n[0xfd][0x9f]:[0x8f][0xdc]d[0x11][\n]"
2024-04-25 19:08:43 [main] DEBUG org.apache.http.wire -  << ""[0xbb][0xf6][0xd3][0x83][0xa1]([0x10][0xb]([0xc1]k[0xd3][0x9d]B[0xdd]l[0xf5][0xad][0xcf]QWtN[0x88][0xbf]w[0xf0][0xb7]),[0xe8][0xb0]4C[0xee]Cbp_8[0xd7]c[RI|[c[0xbf][0xc5][0xef][0x5][0x9][0xb0][0xa3]~[0xb5][0xa7][0x2]*bt[0x9][0x99]([0xa2][0x93][0xf3][0x89]>|[0xf0][0xdc]@[0xfe]hVxt[0xd8]A[0xd3][0xbc]R[0xf3]`!{[0x91]NO[0x82][0xb1][0xc9][0xf4][0xa7][0x14][0x8d]![0xed]fJ[0xdc]Z[0xe6]r[0x95][0xc6]WT[0x15][0xd5][0xeb]pII[0xa0][0xdd][0xfb]9-[0xb6][0xe9][0x10][0xd6][0xd2][0xc4][0x91][0x93][0xab][0xee]p[0xa9]8/[0xb6][0xc8][0x1d]t[0xb7][0xf1][0xbb]YG[0xd5]:[0xc0][0x0]0[0x95]O[0x1e][0x88][0x1d]M[0xeb]n[0xc9][0xbb]t[0xe0][0x19][0xb0]I[0xcb]dYj[0xcc][0xef][0x93][0xa6][0xd5][0xab][0x9e][0x9d]`[0x7][0xbc][0x8]f[0x8][0x92]l[0x1][0xed][0x95][0xf2][\r][0xef][0x6][0xf3][0xf2][0xc8]k[0x7][0xd2][0xca][0xa8]C[0xac][0xed][0xdc][0xa4][0xab][0xed][0xac][0xfa][0x99][0xe0]"'n[0x1a][0xfa][0x11][0xcc]<[0xed][0x4]L[0x11][0xd9][0xcd][0xc1][0xc0][0xa3][0xb6][0xb2]qX[0x4][0x95]`[0xe8][0x84][0x0][0xa5][0x12]\[0xca][0xbe][0xa6][0x8f][0x1b][0x93]\[0xa3][\r][0xb7]T[0xad]P[0x80][0x98][0x98]Z[0xae][0xe6][0xa8][0xdb]uyY[0xb9]i[0x85][0xd5][0x83]Oa[0xb9][0xb9][0xf5][0xc7][0x12][0xcd]|[0xaa]IY[0x1a][0x1a][0xdc][0x82][0xdf][0xe1][0x0][0x84]Rp[0xb5][0x1b]_[0x11][0x9d][0xb5]2h[0xcc][0x95][0xdf][0x9f][0x9c]t[0xe4][0xce]1rGks[0x0][0x18]o:.[0xa5]{E[0xe1][0x8e][0x9e][0xdd]b[0xdb][0xe4][0xdd]n[0xae][0xf5][0xf1][0xc]uD'[0xa5][0xd6]a[0xd8][0xdc][0x18]\mtc[0xb0][0xfe][0xc4][0x9c][0xd7][0x8d][0xdd][0x8][0x96][0x9f][0x1f]Fv*}[0x95]H[0xd7][0xf2](<[0x93][0x6]z,[0x99][0x9d][0x98][0x93]d[0x10]mj[0x9][0xe8][0xdb]qk[0xdb][0xee][0xcc][0xb8]h[0x7][0xd4][0x12]l[0x1e][0xcc][0x82][0xaf][0xc2][0xd0][0x85]B[0xba][0xc4]M[0x98]fG[0xaf]<:[0x8e][0xbf]S[0xd5]iE[0xf7][0xec][0xfc].[0xde][0xd6][0xa8]K^[0x8d][0xab]~[0xd1][0x88][0xe3]'[0xc2][0xd8][0xc9][0x17][0x8][0xab][0x8][0x2]jF[0x19][0xd8]W[0x8d][0x5][0xa1]f[0x96]Q[0x5][0xcc][0xe9][0xa6][0x91]^[0x1e][0xb1][0xd2][0xae][0xac][0x83][0xb2];[0xb5]?[0xac][0x9d][0x1c][0x1d][0xfe][0x80][0xde]/[0xb1]u[0x94]3*0[0xa0][0xe2][0xd3][0x1f]\[0x8d]@[0xd5]6[0x9c][0x90][0xd2][0x0][0x99]j[0xf]z[0x1b]3[0xed]f:[0xc9]k[0xb8][0x1e]ym1"[0xbe][0xe]l[0xdc]k[0xaa]P[0xe4][0xd7][0x8a][0xd6][0xf4]s[0xc2][0xea][0xf0][0xad]<[0xb0]I[0xee][0x8c]i[0xd7]t[0xa3][0x9f]1{O[0xad]"[0xe2]q[0xc2]wz[0xe7][0x5]:[0x88][0x2][0xd5][0x85]33[0xfe]q[0x94]>Zo[0xe0][0xe2][0x1f][0xe8]L;[0xd0][0x9e][0x80][0x89][0x9c]u[0x9c][`[0x7]c[0xf7]\{[0xf4]w[0xab]%'[0x6]GT[0x9f][0x85][0xbd]_[0xb4]V_[0x9a]^Z[0xd1]h[0x8d][0xca][0xbe][0xdd][0xcb][0x98](kT[0xd4][0xac][0xac][0xa3]S[0x89]h[0xdc][0xce]]&[0x8e]aS?[0xa5][0xd1]8[0xcc][0xe8][0x7][0xb0]f[0xb4][0x96]FX][0xa1][0xe6][0x93][0xd2][0xf9][0xa3][0xc3][0xa7]:[0xa1][0xcc][0x9d][0xb][0x9f]z[0xde][0x96][0xe6][0xf2]N[0x1d][0x16]=[0xba][0xb4]#[0x8e]>[0x91][0x1b]8[0x16]C_[0xb5][0xb6][0x81][0x8d][0xb9][0xfc]z[0xaf][0x6]E[0xf9][0x17][0xd6][0x80][0x1f][0x5][0xaf][0xdd])[0x18]I[0xff][0xa3][0xe1]-5d[0x81]W[0x8c][0x86][0x6][0xde][0x1a][0x1b]|[0x95][0x9]M[0x1c][0xc]3[0xe5][0xde][0xcd][0xef][0x1b][0xca][0x9f][0x8d][0xa4]:[0x9c]k[0x90][0xf9][0xd1]TNS[0xeb][0xee][0xec]d[0xfc][0xb7][0x83]2[0x9f][0xc3][0xb7][0xd4][0x9a][0x90]O[0xfb]h[0x9b][0x90][0xb8][0xc0]a9[0x8a][0xf7]Ltm[0xe8]Qf[0xb3][0xc8][0xab]g)[0x6][0xd3]p[0xd8][0xdb][0xb7]4XF[0xca][0xa5][0xae]c[0x8a][0x8d]Rt[0xf0]%n[0xaf]O[0xe]m[0xe5][0xd7]![0xe6]T[0xc7][0x8a][0xd8][0xe6]e[0xb][0xec][0x96][0x4]m[0xfa][0xdf]A[0xc8]Q[0xb][0xb4][0xc6]~[0x8d]9[0xe]T1[0xeb][0x8e][0xac]W[0xf]^[0xd0][\n]"
2024-04-25 19:08:43 [main] DEBUG org.apache.http.wire -  << "Q[0xaa]rf[0xf][0xd0][0xfa]*[0xd8][0x92][0x97][0xec][0xfd]pR%8A0[0x9b]/[0xd3]2\[0x92][0xa9][0xf8]g[0xdc][0xc2][0xc2]<a[0xf1][0x93][0x92][0xea]p[0xb3][0x1d]d[0x96]BD:[0xb8]D8k=[0xd9][0xf5][0xa8][0xb9]1[0xfc]C:71:H[0x8c][0xcf][0xf5][0xf3]6s[0x19][0xc4]#Q[0x83][0xac][0xd1][0xac][0xc1][0x9]E[0xa3][0x1][0x8c]d[0x1e][0xc7]X[0xd2]([0x96]U{[0xd8][0xfe]`d=[,[0xf5][0x96][0x9e][0x14][0xd5][0x93][0xde]Xp[0xbf][0xe1]*v/[0x1a][0xb8][0xd3]$[0x12][0xf6][0x9b]zq[0xfa][0x86][0xe3][0xac]=:[0xc3]V[0xcc][0xe1]2[0x1][0xe3]-8[0x85][0xad][0xd5][0xc7][0xee][0xbc][0x17]}W[0x85]d18[0xcc][0xc9][0xc8][0x15]Z[0x96]Z[0x11][0x12][0xa2]x[0x85][0x83]Z[0xe1][0xf4][0xe0][0x18][0x9b][0x10][0x8b][0xd5][0x1][0x8d][0xf0][0xcb][0x6](3[0x8e]_[0xf][0xa7]H[0xdb][0xe9][0xe6]|[0xfc][0x94][0xd1][0x96][0x8a]}[0xf2][0x9c][0x97]4[0xa1]$[0xbb]1c7[0xe6]T[0x3]0[0xdc]u[0xb5][0xc3][0xcb][0x8a][0x1e]a[0x99]F[0x8b]-[0x84][0xe7]N[0x19][0x8c]p'~L=[0xde]Iiux8[0x1d][0xbb]*/[0xaf][0xa7][0xf6],}[0x96]e[0x80][0xd2]BKC[0xa4]/h;mk[0xbb][0xf9]L[0xad]8[0x10].O[0xea][0xe3][0xf0][0x95]![0x8d][0xc1][0xb4]GE+[0x19][0x16][0xe1]Y[0x9e][0xd1][0x84]J[0x97][0x92]O[0xfc][0xbe][0xae]7[0xb5][0xf2][0xe8]Q[0xb4][0x2]][0xef][0x1][0xf6][0x83][0xa3][0x8e]N[0xad][0xa9][0x8d][0xa3][0xf5][0x8][0xc7]![0xc3]:[0xd6][0xda][0x1a][0xc7][0xae][0x2][0xd9][0x9e][0x7][0xe4][0x15]DQ[\r][0x19]e[0x92][0xac][0xfe]U[0xdf]B[0xbb][0x9c][0xe][0xe7][0xba]k[0xd3]B[0x16]f[0x8][0xfa][0xde][0xd9][0xe][0xce][0x83]1[0xca][0xd5]C[0xb][0x13]B[0xf0]HS5[0xa8][0x16][0xa1][0x83][0xbc][0xe1][0xa8]-S[0x1][0xce]^[0x80][0x1b][0xfd][0x1c][0x89][0x93][0x8b][0xe9]0-,F[0x1b][0xd9]V?[\n]"
2024-04-25 19:08:43 [main] DEBUG org.apache.http.wire -  << "U[0xa7][0xfa][0xf4]@[0x97][0x83][0xf3]!B[0xce]i[0xaa][0x11][0xa1]4[0xb3]1[0x18]G[0xe1][0xdc]7[0xb8]n[0x9f]-n[0xc3]([0xb8]k[0xf][0xa5][0xe][0xee]=Jf?[0x87][0x98][0x83][0x93][0xb8][0xe3][0xe8][0x95][0xb2][0x9c][0xdf][0xd7]?[0xfb]S[0x12][0xae][0xd9][0xff] [0x1f]iO[0xf0]=j<[0x2][0x82][0xc4]G[0xf4]E[0x91][0xb1][0x8]l[0xe0][0xf6][0x1d]s[0x8d])[0x8]#Wi[0xcf][0xbc][0xaa][0xb9][0xed][0xdb][0xfc][0x9a][0x9e][0x19] [0xa5][0x14][0xdc]<Q([0x9][0xd0][0x86]3[0xb][0x7][0xfc][0xfc]h[0xdd][0x1f][0x1a]A[0xf4]'smz[0x8e]:[0xeb][0xd5]q[0xfa][0x92]8[0x5][0xfb][0xeb][0x2][0xaa][0x3]r[0xf2][0xb8][0xc0]%s[0x83][0xd1][0xe4][0x1b][0xbd][0x98][0xfb][0x11][0x1c]9$[0xb1][0xac][0xe8][0xb8]S[0x92][0xa2][0xc1]X[0xe9]k[0xf3][0x1][0xde][0xde]S[0xfd]Yg[0x97][0xdc]AJ[0x9f][0x9c][0xfd][0xcc][0xe7]7==[0x1e]c[0xdb][0x8d]s[0xa1]i![0xf7]W[0x8d]~[0xd8][0xbc][0x1e][\r][0x92]~)]m[0xdc][0x8f][\n]"
2024-04-25 19:08:43 [main] DEBUG org.apache.http.wire -  << "c[0xdf][0x1d][0x96][0x99][0x8f]~3[0xac]Z[0xc5]V@25[0xad][0xb1]g[0x17][0xdc]!C;[0xbc][\n]"
2024-04-25 19:08:43 [main] DEBUG org.apache.http.wire -  << "J[0x15]h[0xe2][0xf8]$[0xf1]<[0xbb]c>[0xab][0xe5]dE[0x0]6][0x12]x[0xb6]?[0xb4]R[0x2]rB/[0xea]b[0x80][0xba][0x9d][0x12]Y[0xf4]P[0x1d][0xcd][0xe3][0x17][0xeb][0xc9][0xf2]k][0xef][0x9a][0x1][0xdb][0xef][0xfd][0xe9][0x86]V([0x1d][0x6][0xd4][0xbc]zg[0xa9]z[0x86][0xe0]q[0xa9]*u9D[0x93][0x93][0xb9][0x1]i;[0xdf][0x9a][0xa3][0xfc][0xfc]"[0x87][0x8b][0x92][0xd1][0x6]f[0xd1]&[0x98]t[0xee][0x5][0xc2][0x97][0x94]3bL[0xa2][0xe9][0xb1][0x11][0xf3]Q[0xb6]Zj[0xd9][0xf0][0xea][0xae]E[0xaf][0x9b][0x8b]vR9:[0xd8][0x0]NN[0x95][0x11][0xce]KB[0xc4][0xd5][0xb3][0xbd][0xfe]p[0x88]G[0x9b][0x87]j[0xd6][0x1a][0xdb][0x95][0xff][0xa6][0xc7].[0xb3][0xa4][0xf4][0xcb][0x10]HT[0xa5]$Q[0xb1][0xe1]OP[0xeb][0xde][0x83][0xcc][0xf5][0x1f]h[0xe0][0xfb][0x93]2[0x8a]bJ[0xa7]"R[0xa4][0xd1]6[0x88]8,"[0x86][0xe1][0xcf][0xca][0xec][0xa0]yU[0x8f]m[0x91][0x95][0xd9][0xc9][0xe9][0xc2][0xbd][0xb5]3E[0x96]D[0xd9][0xa9][0xf9][0xfd]|[0x89][0x9f][0xcd][0x97][0xfc][\r][\n]"
2024-04-25 19:08:43 [main] DEBUG org.apache.http.wire -  << "[0xde][0x8c] [0x94]uI[0x1a][0x8b][0xbe]f[0xa7]Hd[0xe6][0xc6][0x93][m[0xb4][0xb4][0xea]'[0xde][0xb][0xe4]RCjz[0xf2][0xf9][0xf2][0xf]|[0xb4]B8<[0xb0][0xcb][0xca][0xed][w[0xac]n[0xce][0x1f][0x8e]N[0xed][0xe2][0xb7]J:[0xa2]F[0xe5][0xed][0xe9][0xea][0x8d][0xa2]H[0xb5][0xeb][0x94][0x16][0xde]H#P[0x8a][0x18][0xf1]wK[0xf0][0x89]4[0xbf][0xb3][0xf9][0xd1][0xd4]z*T d[0xaf]([0xed][0xff]>[0xc4]n[0xf0][0xe4]~[0x94][0x8c]A[0xe4][0xb][0xa2][0xdc]Yav[0xa8]3q[0x4]-([0xa9][0x9d][0xed][0xe5][0xb1][0x8e]O[0xf7][0x11][0x8b][0xf5][0x9c][0xe9]_?[0xb1])[0x94]8[0xca][0xc0][0xd9]![0x92][0xfc][0x86][0xdc][0xda][0x98][0xa3]<[0xc1][0xaf]Ij:[0xe1][0xde][0x8f]]?[0xed]d:[0x1c][0x9a]S[0x9c]q[0xb5]3[0xff]L[0xb][0xfd][0xd5]|[0xb0][0xf2][0xb0][0xf4]-[0xcc][0x99]U[0x7][0x9b][0x83]@[0xc5]9`J[0x80][0xf]q[0xb4]n[0xf1][0x84]H[0x2]M[0xd5]H+1[0x6][0x81][0x0][0xde][0xf4]([0xeb][0x9f]%9[0xb7][0xda][0x1f][0xe8][0xb1][0xe6][0xaa][0xa3][0xc2][0x89][0x1c])[0xfe][0xd7]ut[0x9c][0xa3]K(2[0xd1][0xa4]-RC[0xfb][0x87]k[0xb0][0xa9]z[0xa6]a[0xf4]?H[0xe8][0xb4][0x5][0x88],[0x18]U[0x2][0x9d][0xf3][0xf6][0xc2][0xbf]G=*[0xc5][0x1f][0xf1]2[0xa9]7[0xc0][0x80][0x92][0xdc][0xd2][0xbc][0xc3][0xbf][0xfe][0xfb][0xff][0x1]:="
2024-04-25 19:08:43 [main] DEBUG org.apache.http.wire -  << "[0x9c][0xeb][0x80]k[0x0][0x0]"
2024-04-25 19:08:43 [main] DEBUG org.apache.http.wire -  << "[\r][\n]"
2024-04-25 19:08:43 [main] DEBUG org.apache.http.wire -  << "0[\r][\n]"
2024-04-25 19:08:43 [main] DEBUG org.apache.http.wire -  << "[\r][\n]"
2024-04-25 19:08:43 [main] DEBUG i.r.internal.RestAssuredHttpBuilder - Parsed data to instance of: class org.apache.http.conn.EofSensorInputStream
2024-04-25 19:08:43 [main] DEBUG o.a.h.i.c.BasicClientConnectionManager - Releasing connection org.apache.http.impl.conn.ManagedClientConnectionImpl@1471b98d
2024-04-25 19:08:43 [main] DEBUG o.a.h.i.c.BasicClientConnectionManager - Connection can be kept alive indefinitely
2024-04-25 19:08:43 [main] DEBUG utils.HttpClient - Received response: [
  {
    "userId": 1,
    "id": 1,
    "title": "sunt aut facere repellat provident occaecati excepturi optio reprehenderit",
    "body": "quia et suscipit\nsuscipit recusandae consequuntur expedita et cum\nreprehenderit molestiae ut ut quas totam\nnostrum rerum est autem sunt rem eveniet architecto"
  },
  {
    "userId": 1,
    "id": 2,
    "title": "qui est esse",
    "body": "est rerum tempore vitae\nsequi sint nihil reprehenderit dolor beatae ea dolores neque\nfugiat blanditiis voluptate porro vel nihil molestiae ut reiciendis\nqui aperiam non debitis possimus qui neque nisi nulla"
  },
  {
    "userId": 1,
    "id": 3,
    "title": "ea molestias quasi exercitationem repellat qui ipsa sit aut",
    "body": "et iusto sed quo iure\nvoluptatem occaecati omnis eligendi aut ad\nvoluptatem doloribus vel accusantium quis pariatur\nmolestiae porro eius odio et labore et velit aut"
  },
  {
    "userId": 1,
    "id": 4,
    "title": "eum et est occaecati",
    "body": "ullam et saepe reiciendis voluptatem adipisci\nsit amet autem assumenda provident rerum culpa\nquis hic commodi nesciunt rem tenetur doloremque ipsam iure\nquis sunt voluptatem rerum illo velit"
  },
  {
    "userId": 1,
    "id": 5,
    "title": "nesciunt quas odio",
    "body": "repudiandae veniam quaerat sunt sed\nalias aut fugiat sit autem sed est\nvoluptatem omnis possimus esse voluptatibus quis\nest aut tenetur dolor neque"
  },
  {
    "userId": 1,
    "id": 6,
    "title": "dolorem eum magni eos aperiam quia",
    "body": "ut aspernatur corporis harum nihil quis provident sequi\nmollitia nobis aliquid molestiae\nperspiciatis et ea nemo ab reprehenderit accusantium quas\nvoluptate dolores velit et doloremque molestiae"
  },
  {
    "userId": 1,
    "id": 7,
    "title": "magnam facilis autem",
    "body": "dolore placeat quibusdam ea quo vitae\nmagni quis enim qui quis quo nemo aut saepe\nquidem repellat excepturi ut quia\nsunt ut sequi eos ea sed quas"
  },
  {
    "userId": 1,
    "id": 8,
    "title": "dolorem dolore est ipsam",
    "body": "dignissimos aperiam dolorem qui eum\nfacilis quibusdam animi sint suscipit qui sint possimus cum\nquaerat magni maiores excepturi\nipsam ut commodi dolor voluptatum modi aut vitae"
  },
  {
    "userId": 1,
    "id": 9,
    "title": "nesciunt iure omnis dolorem tempora et accusantium",
    "body": "consectetur animi nesciunt iure dolore\nenim quia ad\nveniam autem ut quam aut nobis\net est aut quod aut provident voluptas autem voluptas"
  },
  {
    "userId": 1,
    "id": 10,
    "title": "optio molestias id quia eum",
    "body": "quo et expedita modi cum officia vel magni\ndoloribus qui repudiandae\nvero nisi sit\nquos veniam quod sed accusamus veritatis error"
  },
  {
    "userId": 2,
    "id": 11,
    "title": "et ea vero quia laudantium autem",
    "body": "delectus reiciendis molestiae occaecati non minima eveniet qui voluptatibus\naccusamus in eum beatae sit\nvel qui neque voluptates ut commodi qui incidunt\nut animi commodi"
  },
  {
    "userId": 2,
    "id": 12,
    "title": "in quibusdam tempore odit est dolorem",
    "body": "itaque id aut magnam\npraesentium quia et ea odit et ea voluptas et\nsapiente quia nihil amet occaecati quia id voluptatem\nincidunt ea est distinctio odio"
  },
  {
    "userId": 2,
    "id": 13,
    "title": "dolorum ut in voluptas mollitia et saepe quo animi",
    "body": "aut dicta possimus sint mollitia voluptas commodi quo doloremque\niste corrupti reiciendis voluptatem eius rerum\nsit cumque quod eligendi laborum minima\nperferendis recusandae assumenda consectetur porro architecto ipsum ipsam"
  },
  {
    "userId": 2,
    "id": 14,
    "title": "voluptatem eligendi optio",
    "body": "fuga et accusamus dolorum perferendis illo voluptas\nnon doloremque neque facere\nad qui dolorum molestiae beatae\nsed aut voluptas totam sit illum"
  },
  {
    "userId": 2,
    "id": 15,
    "title": "eveniet quod temporibus",
    "body": "reprehenderit quos placeat\nvelit minima officia dolores impedit repudiandae molestiae nam\nvoluptas recusandae quis delectus\nofficiis harum fugiat vitae"
  },
  {
    "userId": 2,
    "id": 16,
    "title": "sint suscipit perspiciatis velit dolorum rerum ipsa laboriosam odio",
    "body": "suscipit nam nisi quo aperiam aut\nasperiores eos fugit maiores voluptatibus quia\nvoluptatem quis ullam qui in alias quia est\nconsequatur magni mollitia accusamus ea nisi voluptate dicta"
  },
  {
    "userId": 2,
    "id": 17,
    "title": "fugit voluptas sed molestias voluptatem provident",
    "body": "eos voluptas et aut odit natus earum\naspernatur fuga molestiae ullam\ndeserunt ratione qui eos\nqui nihil ratione nemo velit ut aut id quo"
  },
  {
    "userId": 2,
    "id": 18,
    "title": "voluptate et itaque vero tempora molestiae",
    "body": "eveniet quo quis\nlaborum totam consequatur non dolor\nut et est repudiandae\nest voluptatem vel debitis et magnam"
  },
  {
    "userId": 2,
    "id": 19,
    "title": "adipisci placeat illum aut reiciendis qui",
    "body": "illum quis cupiditate provident sit magnam\nea sed aut omnis\nveniam maiores ullam consequatur atque\nadipisci quo iste expedita sit quos voluptas"
  },
  {
    "userId": 2,
    "id": 20,
    "title": "doloribus ad provident suscipit at",
    "body": "qui consequuntur ducimus possimus quisquam amet similique\nsuscipit porro ipsam amet\neos veritatis officiis exercitationem vel fugit aut necessitatibus totam\nomnis rerum consequatur expedita quidem cumque explicabo"
  },
  {
    "userId": 3,
    "id": 21,
    "title": "asperiores ea ipsam voluptatibus modi minima quia sint",
    "body": "repellat aliquid praesentium dolorem quo\nsed totam minus non itaque\nnihil labore molestiae sunt dolor eveniet hic recusandae veniam\ntempora et tenetur expedita sunt"
  },
  {
    "userId": 3,
    "id": 22,
    "title": "dolor sint quo a velit explicabo quia nam",
    "body": "eos qui et ipsum ipsam suscipit aut\nsed omnis non odio\nexpedita earum mollitia molestiae aut atque rem suscipit\nnam impedit esse"
  },
  {
    "userId": 3,
    "id": 23,
    "title": "maxime id vitae nihil numquam",
    "body": "veritatis unde neque eligendi\nquae quod architecto quo neque vitae\nest illo sit tempora doloremque fugit quod\net et vel beatae sequi ullam sed tenetur perspiciatis"
  },
  {
    "userId": 3,
    "id": 24,
    "title": "autem hic labore sunt dolores incidunt",
    "body": "enim et ex nulla\nomnis voluptas quia qui\nvoluptatem consequatur numquam aliquam sunt\ntotam recusandae id dignissimos aut sed asperiores deserunt"
  },
  {
    "userId": 3,
    "id": 25,
    "title": "rem alias distinctio quo quis",
    "body": "ullam consequatur ut\nomnis quis sit vel consequuntur\nipsa eligendi ipsum molestiae et omnis error nostrum\nmolestiae illo tempore quia et distinctio"
  },
  {
    "userId": 3,
    "id": 26,
    "title": "est et quae odit qui non",
    "body": "similique esse doloribus nihil accusamus\nomnis dolorem fuga consequuntur reprehenderit fugit recusandae temporibus\nperspiciatis cum ut laudantium\nomnis aut molestiae vel vero"
  },
  {
    "userId": 3,
    "id": 27,
    "title": "quasi id et eos tenetur aut quo autem",
    "body": "eum sed dolores ipsam sint possimus debitis occaecati\ndebitis qui qui et\nut placeat enim earum aut odit facilis\nconsequatur suscipit necessitatibus rerum sed inventore temporibus consequatur"
  },
  {
    "userId": 3,
    "id": 28,
    "title": "delectus ullam et corporis nulla voluptas sequi",
    "body": "non et quaerat ex quae ad maiores\nmaiores recusandae totam aut blanditiis mollitia quas illo\nut voluptatibus voluptatem\nsimilique nostrum eum"
  },
  {
    "userId": 3,
    "id": 29,
    "title": "iusto eius quod necessitatibus culpa ea",
    "body": "odit magnam ut saepe sed non qui\ntempora atque nihil\naccusamus illum doloribus illo dolor\neligendi repudiandae odit magni similique sed cum maiores"
  },
  {
    "userId": 3,
    "id": 30,
    "title": "a quo magni similique perferendis",
    "body": "alias dolor cumque\nimpedit blanditiis non eveniet odio maxime\nblanditiis amet eius quis tempora quia autem rem\na provident perspiciatis quia"
  },
  {
    "userId": 4,
    "id": 31,
    "title": "ullam ut quidem id aut vel consequuntur",
    "body": "debitis eius sed quibusdam non quis consectetur vitae\nimpedit ut qui consequatur sed aut in\nquidem sit nostrum et maiores adipisci atque\nquaerat voluptatem adipisci repudiandae"
  },
  {
    "userId": 4,
    "id": 32,
    "title": "doloremque illum aliquid sunt",
    "body": "deserunt eos nobis asperiores et hic\nest debitis repellat molestiae optio\nnihil ratione ut eos beatae quibusdam distinctio maiores\nearum voluptates et aut adipisci ea maiores voluptas maxime"
  },
  {
    "userId": 4,
    "id": 33,
    "title": "qui explicabo molestiae dolorem",
    "body": "rerum ut et numquam laborum odit est sit\nid qui sint in\nquasi tenetur tempore aperiam et quaerat qui in\nrerum officiis sequi cumque quod"
  },
  {
    "userId": 4,
    "id": 34,
    "title": "magnam ut rerum iure",
    "body": "ea velit perferendis earum ut voluptatem voluptate itaque iusto\ntotam pariatur in\nnemo voluptatem voluptatem autem magni tempora minima in\nest distinctio qui assumenda accusamus dignissimos officia nesciunt nobis"
  },
  {
    "userId": 4,
    "id": 35,
    "title": "id nihil consequatur molestias animi provident",
    "body": "nisi error delectus possimus ut eligendi vitae\nplaceat eos harum cupiditate facilis reprehenderit voluptatem beatae\nmodi ducimus quo illum voluptas eligendi\net nobis quia fugit"
  },
  {
    "userId": 4,
    "id": 36,
    "title": "fuga nam accusamus voluptas reiciendis itaque",
    "body": "ad mollitia et omnis minus architecto odit\nvoluptas doloremque maxime aut non ipsa qui alias veniam\nblanditiis culpa aut quia nihil cumque facere et occaecati\nqui aspernatur quia eaque ut aperiam inventore"
  },
  {
    "userId": 4,
    "id": 37,
    "title": "provident vel ut sit ratione est",
    "body": "debitis et eaque non officia sed nesciunt pariatur vel\nvoluptatem iste vero et ea\nnumquam aut expedita ipsum nulla in\nvoluptates omnis consequatur aut enim officiis in quam qui"
  },
  {
    "userId": 4,
    "id": 38,
    "title": "explicabo et eos deleniti nostrum ab id repellendus",
    "body": "animi esse sit aut sit nesciunt assumenda eum voluptas\nquia voluptatibus provident quia necessitatibus ea\nrerum repudiandae quia voluptatem delectus fugit aut id quia\nratione optio eos iusto veniam iure"
  },
  {
    "userId": 4,
    "id": 39,
    "title": "eos dolorem iste accusantium est eaque quam",
    "body": "corporis rerum ducimus vel eum accusantium\nmaxime aspernatur a porro possimus iste omnis\nest in deleniti asperiores fuga aut\nvoluptas sapiente vel dolore minus voluptatem incidunt ex"
  },
  {
    "userId": 4,
    "id": 40,
    "title": "enim quo cumque",
    "body": "ut voluptatum aliquid illo tenetur nemo sequi quo facilis\nipsum rem optio mollitia quas\nvoluptatem eum voluptas qui\nunde omnis voluptatem iure quasi maxime voluptas nam"
  },
  {
    "userId": 5,
    "id": 41,
    "title": "non est facere",
    "body": "molestias id nostrum\nexcepturi molestiae dolore omnis repellendus quaerat saepe\nconsectetur iste quaerat tenetur asperiores accusamus ex ut\nnam quidem est ducimus sunt debitis saepe"
  },
  {
    "userId": 5,
    "id": 42,
    "title": "commodi ullam sint et excepturi error explicabo praesentium voluptas",
    "body": "odio fugit voluptatum ducimus earum autem est incidunt voluptatem\nodit reiciendis aliquam sunt sequi nulla dolorem\nnon facere repellendus voluptates quia\nratione harum vitae ut"
  },
  {
    "userId": 5,
    "id": 43,
    "title": "eligendi iste nostrum consequuntur adipisci praesentium sit beatae perferendis",
    "body": "similique fugit est\nillum et dolorum harum et voluptate eaque quidem\nexercitationem quos nam commodi possimus cum odio nihil nulla\ndolorum exercitationem magnam ex et a et distinctio debitis"
  },
  {
    "userId": 5,
    "id": 44,
    "title": "optio dolor molestias sit",
    "body": "temporibus est consectetur dolore\net libero debitis vel velit laboriosam quia\nipsum quibusdam qui itaque fuga rem aut\nea et iure quam sed maxime ut distinctio quae"
  },
  {
    "userId": 5,
    "id": 45,
    "title": "ut numquam possimus omnis eius suscipit laudantium iure",
    "body": "est natus reiciendis nihil possimus aut provident\nex et dolor\nrepellat pariatur est\nnobis rerum repellendus dolorem autem"
  },
  {
    "userId": 5,
    "id": 46,
    "title": "aut quo modi neque nostrum ducimus",
    "body": "voluptatem quisquam iste\nvoluptatibus natus officiis facilis dolorem\nquis quas ipsam\nvel et voluptatum in aliquid"
  },
  {
    "userId": 5,
    "id": 47,
    "title": "quibusdam cumque rem aut deserunt",
    "body": "voluptatem assumenda ut qui ut cupiditate aut impedit veniam\noccaecati nemo illum voluptatem laudantium\nmolestiae beatae rerum ea iure soluta nostrum\neligendi et voluptate"
  },
  {
    "userId": 5,
    "id": 48,
    "title": "ut voluptatem illum ea doloribus itaque eos",
    "body": "voluptates quo voluptatem facilis iure occaecati\nvel assumenda rerum officia et\nillum perspiciatis ab deleniti\nlaudantium repellat ad ut et autem reprehenderit"
  },
  {
    "userId": 5,
    "id": 49,
    "title": "laborum non sunt aut ut assumenda perspiciatis voluptas",
    "body": "inventore ab sint\nnatus fugit id nulla sequi architecto nihil quaerat\neos tenetur in in eum veritatis non\nquibusdam officiis aspernatur cumque aut commodi aut"
  },
  {
    "userId": 5,
    "id": 50,
    "title": "repellendus qui recusandae incidunt voluptates tenetur qui omnis exercitationem",
    "body": "error suscipit maxime adipisci consequuntur recusandae\nvoluptas eligendi et est et voluptates\nquia distinctio ab amet quaerat molestiae et vitae\nadipisci impedit sequi nesciunt quis consectetur"
  },
  {
    "userId": 6,
    "id": 51,
    "title": "soluta aliquam aperiam consequatur illo quis voluptas",
    "body": "sunt dolores aut doloribus\ndolore doloribus voluptates tempora et\ndoloremque et quo\ncum asperiores sit consectetur dolorem"
  },
  {
    "userId": 6,
    "id": 52,
    "title": "qui enim et consequuntur quia animi quis voluptate quibusdam",
    "body": "iusto est quibusdam fuga quas quaerat molestias\na enim ut sit accusamus enim\ntemporibus iusto accusantium provident architecto\nsoluta esse reprehenderit qui laborum"
  },
  {
    "userId": 6,
    "id": 53,
    "title": "ut quo aut ducimus alias",
    "body": "minima harum praesentium eum rerum illo dolore\nquasi exercitationem rerum nam\nporro quis neque quo\nconsequatur minus dolor quidem veritatis sunt non explicabo similique"
  },
  {
    "userId": 6,
    "id": 54,
    "title": "sit asperiores ipsam eveniet odio non quia",
    "body": "totam corporis dignissimos\nvitae dolorem ut occaecati accusamus\nex velit deserunt\net exercitationem vero incidunt corrupti mollitia"
  },
  {
    "userId": 6,
    "id": 55,
    "title": "sit vel voluptatem et non libero",
    "body": "debitis excepturi ea perferendis harum libero optio\neos accusamus cum fuga ut sapiente repudiandae\net ut incidunt omnis molestiae\nnihil ut eum odit"
  },
  {
    "userId": 6,
    "id": 56,
    "title": "qui et at rerum necessitatibus",
    "body": "aut est omnis dolores\nneque rerum quod ea rerum velit pariatur beatae excepturi\net provident voluptas corrupti\ncorporis harum reprehenderit dolores eligendi"
  },
  {
    "userId": 6,
    "id": 57,
    "title": "sed ab est est",
    "body": "at pariatur consequuntur earum quidem\nquo est laudantium soluta voluptatem\nqui ullam et est\net cum voluptas voluptatum repellat est"
  },
  {
    "userId": 6,
    "id": 58,
    "title": "voluptatum itaque dolores nisi et quasi",
    "body": "veniam voluptatum quae adipisci id\net id quia eos ad et dolorem\naliquam quo nisi sunt eos impedit error\nad similique veniam"
  },
  {
    "userId": 6,
    "id": 59,
    "title": "qui commodi dolor at maiores et quis id accusantium",
    "body": "perspiciatis et quam ea autem temporibus non voluptatibus qui\nbeatae a earum officia nesciunt dolores suscipit voluptas et\nanimi doloribus cum rerum quas et magni\net hic ut ut commodi expedita sunt"
  },
  {
    "userId": 6,
    "id": 60,
    "title": "consequatur placeat omnis quisquam quia reprehenderit fugit veritatis facere",
    "body": "asperiores sunt ab assumenda cumque modi velit\nqui esse omnis\nvoluptate et fuga perferendis voluptas\nillo ratione amet aut et omnis"
  },
  {
    "userId": 7,
    "id": 61,
    "title": "voluptatem doloribus consectetur est ut ducimus",
    "body": "ab nemo optio odio\ndelectus tenetur corporis similique nobis repellendus rerum omnis facilis\nvero blanditiis debitis in nesciunt doloribus dicta dolores\nmagnam minus velit"
  },
  {
    "userId": 7,
    "id": 62,
    "title": "beatae enim quia vel",
    "body": "enim aspernatur illo distinctio quae praesentium\nbeatae alias amet delectus qui voluptate distinctio\nodit sint accusantium autem omnis\nquo molestiae omnis ea eveniet optio"
  },
  {
    "userId": 7,
    "id": 63,
    "title": "voluptas blanditiis repellendus animi ducimus error sapiente et suscipit",
    "body": "enim adipisci aspernatur nemo\nnumquam omnis facere dolorem dolor ex quis temporibus incidunt\nab delectus culpa quo reprehenderit blanditiis asperiores\naccusantium ut quam in voluptatibus voluptas ipsam dicta"
  },
  {
    "userId": 7,
    "id": 64,
    "title": "et fugit quas eum in in aperiam quod",
    "body": "id velit blanditiis\neum ea voluptatem\nmolestiae sint occaecati est eos perspiciatis\nincidunt a error provident eaque aut aut qui"
  },
  {
    "userId": 7,
    "id": 65,
    "title": "consequatur id enim sunt et et",
    "body": "voluptatibus ex esse\nsint explicabo est aliquid cumque adipisci fuga repellat labore\nmolestiae corrupti ex saepe at asperiores et perferendis\nnatus id esse incidunt pariatur"
  },
  {
    "userId": 7,
    "id": 66,
    "title": "repudiandae ea animi iusto",
    "body": "officia veritatis tenetur vero qui itaque\nsint non ratione\nsed et ut asperiores iusto eos molestiae nostrum\nveritatis quibusdam et nemo iusto saepe"
  },
  {
    "userId": 7,
    "id": 67,
    "title": "aliquid eos sed fuga est maxime repellendus",
    "body": "reprehenderit id nostrum\nvoluptas doloremque pariatur sint et accusantium quia quod aspernatur\net fugiat amet\nnon sapiente et consequatur necessitatibus molestiae"
  },
  {
    "userId": 7,
    "id": 68,
    "title": "odio quis facere architecto reiciendis optio",
    "body": "magnam molestiae perferendis quisquam\nqui cum reiciendis\nquaerat animi amet hic inventore\nea quia deleniti quidem saepe porro velit"
  },
  {
    "userId": 7,
    "id": 69,
    "title": "fugiat quod pariatur odit minima",
    "body": "officiis error culpa consequatur modi asperiores et\ndolorum assumenda voluptas et vel qui aut vel rerum\nvoluptatum quisquam perspiciatis quia rerum consequatur totam quas\nsequi commodi repudiandae asperiores et saepe a"
  },
  {
    "userId": 7,
    "id": 70,
    "title": "voluptatem laborum magni",
    "body": "sunt repellendus quae\nest asperiores aut deleniti esse accusamus repellendus quia aut\nquia dolorem unde\neum tempora esse dolore"
  },
  {
    "userId": 8,
    "id": 71,
    "title": "et iusto veniam et illum aut fuga",
    "body": "occaecati a doloribus\niste saepe consectetur placeat eum voluptate dolorem et\nqui quo quia voluptas\nrerum ut id enim velit est perferendis"
  },
  {
    "userId": 8,
    "id": 72,
    "title": "sint hic doloribus consequatur eos non id",
    "body": "quam occaecati qui deleniti consectetur\nconsequatur aut facere quas exercitationem aliquam hic voluptas\nneque id sunt ut aut accusamus\nsunt consectetur expedita inventore velit"
  },
  {
    "userId": 8,
    "id": 73,
    "title": "consequuntur deleniti eos quia temporibus ab aliquid at",
    "body": "voluptatem cumque tenetur consequatur expedita ipsum nemo quia explicabo\naut eum minima consequatur\ntempore cumque quae est et\net in consequuntur voluptatem voluptates aut"
  },
  {
    "userId": 8,
    "id": 74,
    "title": "enim unde ratione doloribus quas enim ut sit sapiente",
    "body": "odit qui et et necessitatibus sint veniam\nmollitia amet doloremque molestiae commodi similique magnam et quam\nblanditiis est itaque\nquo et tenetur ratione occaecati molestiae tempora"
  },
  {
    "userId": 8,
    "id": 75,
    "title": "dignissimos eum dolor ut enim et delectus in",
    "body": "commodi non non omnis et voluptas sit\nautem aut nobis magnam et sapiente voluptatem\net laborum repellat qui delectus facilis temporibus\nrerum amet et nemo voluptate expedita adipisci error dolorem"
  },
  {
    "userId": 8,
    "id": 76,
    "title": "doloremque officiis ad et non perferendis",
    "body": "ut animi facere\ntotam iusto tempore\nmolestiae eum aut et dolorem aperiam\nquaerat recusandae totam odio"
  },
  {
    "userId": 8,
    "id": 77,
    "title": "necessitatibus quasi exercitationem odio",
    "body": "modi ut in nulla repudiandae dolorum nostrum eos\naut consequatur omnis\nut incidunt est omnis iste et quam\nvoluptates sapiente aliquam asperiores nobis amet corrupti repudiandae provident"
  },
  {
    "userId": 8,
    "id": 78,
    "title": "quam voluptatibus rerum veritatis",
    "body": "nobis facilis odit tempore cupiditate quia\nassumenda doloribus rerum qui ea\nillum et qui totam\naut veniam repellendus"
  },
  {
    "userId": 8,
    "id": 79,
    "title": "pariatur consequatur quia magnam autem omnis non amet",
    "body": "libero accusantium et et facere incidunt sit dolorem\nnon excepturi qui quia sed laudantium\nquisquam molestiae ducimus est\nofficiis esse molestiae iste et quos"
  },
  {
    "userId": 8,
    "id": 80,
    "title": "labore in ex et explicabo corporis aut quas",
    "body": "ex quod dolorem ea eum iure qui provident amet\nquia qui facere excepturi et repudiandae\nasperiores molestias provident\nminus incidunt vero fugit rerum sint sunt excepturi provident"
  },
  {
    "userId": 9,
    "id": 81,
    "title": "tempora rem veritatis voluptas quo dolores vero",
    "body": "facere qui nesciunt est voluptatum voluptatem nisi\nsequi eligendi necessitatibus ea at rerum itaque\nharum non ratione velit laboriosam quis consequuntur\nex officiis minima doloremque voluptas ut aut"
  },
  {
    "userId": 9,
    "id": 82,
    "title": "laudantium voluptate suscipit sunt enim enim",
    "body": "ut libero sit aut totam inventore sunt\nporro sint qui sunt molestiae\nconsequatur cupiditate qui iste ducimus adipisci\ndolor enim assumenda soluta laboriosam amet iste delectus hic"
  },
  {
    "userId": 9,
    "id": 83,
    "title": "odit et voluptates doloribus alias odio et",
    "body": "est molestiae facilis quis tempora numquam nihil qui\nvoluptate sapiente consequatur est qui\nnecessitatibus autem aut ipsa aperiam modi dolore numquam\nreprehenderit eius rem quibusdam"
  },
  {
    "userId": 9,
    "id": 84,
    "title": "optio ipsam molestias necessitatibus occaecati facilis veritatis dolores aut",
    "body": "sint molestiae magni a et quos\neaque et quasi\nut rerum debitis similique veniam\nrecusandae dignissimos dolor incidunt consequatur odio"
  },
  {
    "userId": 9,
    "id": 85,
    "title": "dolore veritatis porro provident adipisci blanditiis et sunt",
    "body": "similique sed nisi voluptas iusto omnis\nmollitia et quo\nassumenda suscipit officia magnam sint sed tempora\nenim provident pariatur praesentium atque animi amet ratione"
  },
  {
    "userId": 9,
    "id": 86,
    "title": "placeat quia et porro iste",
    "body": "quasi excepturi consequatur iste autem temporibus sed molestiae beatae\net quaerat et esse ut\nvoluptatem occaecati et vel explicabo autem\nasperiores pariatur deserunt optio"
  },
  {
    "userId": 9,
    "id": 87,
    "title": "nostrum quis quasi placeat",
    "body": "eos et molestiae\nnesciunt ut a\ndolores perspiciatis repellendus repellat aliquid\nmagnam sint rem ipsum est"
  },
  {
    "userId": 9,
    "id": 88,
    "title": "sapiente omnis fugit eos",
    "body": "consequatur omnis est praesentium\nducimus non iste\nneque hic deserunt\nvoluptatibus veniam cum et rerum sed"
  },
  {
    "userId": 9,
    "id": 89,
    "title": "sint soluta et vel magnam aut ut sed qui",
    "body": "repellat aut aperiam totam temporibus autem et\narchitecto magnam ut\nconsequatur qui cupiditate rerum quia soluta dignissimos nihil iure\ntempore quas est"
  },
  {
    "userId": 9,
    "id": 90,
    "title": "ad iusto omnis odit dolor voluptatibus",
    "body": "minus omnis soluta quia\nqui sed adipisci voluptates illum ipsam voluptatem\neligendi officia ut in\neos soluta similique molestias praesentium blanditiis"
  },
  {
    "userId": 10,
    "id": 91,
    "title": "aut amet sed",
    "body": "libero voluptate eveniet aperiam sed\nsunt placeat suscipit molestias\nsimilique fugit nam natus\nexpedita consequatur consequatur dolores quia eos et placeat"
  },
  {
    "userId": 10,
    "id": 92,
    "title": "ratione ex tenetur perferendis",
    "body": "aut et excepturi dicta laudantium sint rerum nihil\nlaudantium et at\na neque minima officia et similique libero et\ncommodi voluptate qui"
  },
  {
    "userId": 10,
    "id": 93,
    "title": "beatae soluta recusandae",
    "body": "dolorem quibusdam ducimus consequuntur dicta aut quo laboriosam\nvoluptatem quis enim recusandae ut sed sunt\nnostrum est odit totam\nsit error sed sunt eveniet provident qui nulla"
  },
  {
    "userId": 10,
    "id": 94,
    "title": "qui qui voluptates illo iste minima",
    "body": "aspernatur expedita soluta quo ab ut similique\nexpedita dolores amet\nsed temporibus distinctio magnam saepe deleniti\nomnis facilis nam ipsum natus sint similique omnis"
  },
  {
    "userId": 10,
    "id": 95,
    "title": "id minus libero illum nam ad officiis",
    "body": "earum voluptatem facere provident blanditiis velit laboriosam\npariatur accusamus odio saepe\ncumque dolor qui a dicta ab doloribus consequatur omnis\ncorporis cupiditate eaque assumenda ad nesciunt"
  },
  {
    "userId": 10,
    "id": 96,
    "title": "quaerat velit veniam amet cupiditate aut numquam ut sequi",
    "body": "in non odio excepturi sint eum\nlabore voluptates vitae quia qui et\ninventore itaque rerum\nveniam non exercitationem delectus aut"
  },
  {
    "userId": 10,
    "id": 97,
    "title": "quas fugiat ut perspiciatis vero provident",
    "body": "eum non blanditiis soluta porro quibusdam voluptas\nvel voluptatem qui placeat dolores qui velit aut\nvel inventore aut cumque culpa explicabo aliquid at\nperspiciatis est et voluptatem dignissimos dolor itaque sit nam"
  },
  {
    "userId": 10,
    "id": 98,
    "title": "laboriosam dolor voluptates",
    "body": "doloremque ex facilis sit sint culpa\nsoluta assumenda eligendi non ut eius\nsequi ducimus vel quasi\nveritatis est dolores"
  },
  {
    "userId": 10,
    "id": 99,
    "title": "temporibus sit alias delectus eligendi possimus magni",
    "body": "quo deleniti praesentium dicta non quod\naut est molestias\nmolestias et officia quis nihil\nitaque dolorem quia"
  },
  {
    "userId": 10,
    "id": 100,
    "title": "at nam consequatur ea labore ea harum",
    "body": "cupiditate quo est a modi nesciunt soluta\nipsa voluptas error itaque dicta in\nautem qui minus magnam et distinctio eum\naccusamus ratione error aut"
  }
]
  Given the user retrieves the count of all posts                                # stepDefinitions.posts.PostSteps.theUserRetrievesTheCountOfAllPosts()
2024-04-25 19:08:43 [main] DEBUG utils.HttpClient - Making POST request to /posts with body {"id":0,"userId":1,"title":"my post","body":"posting something","comments":[]}
2024-04-25 19:08:43 [main] DEBUG o.a.h.i.c.BasicClientConnectionManager - Get connection for route {}->http://jsonplaceholder.typicode.com:80
2024-04-25 19:08:43 [main] DEBUG o.a.h.i.c.DefaultClientConnectionOperator - Connecting to jsonplaceholder.typicode.com:80
2024-04-25 19:08:43 [main] DEBUG o.a.h.c.protocol.RequestAddCookies - CookieSpec selected: ignoreCookies
2024-04-25 19:08:43 [main] DEBUG o.a.h.c.protocol.RequestAuthCache - Auth cache not set in the context
2024-04-25 19:08:43 [main] DEBUG o.a.h.c.p.RequestTargetAuthentication - Target auth state: UNCHALLENGED
2024-04-25 19:08:43 [main] DEBUG o.a.h.c.p.RequestProxyAuthentication - Proxy auth state: UNCHALLENGED
2024-04-25 19:08:43 [main] DEBUG o.a.h.impl.client.DefaultHttpClient - Attempt 1 to execute request
2024-04-25 19:08:43 [main] DEBUG o.a.h.i.conn.DefaultClientConnection - Sending request: POST /posts HTTP/1.1
2024-04-25 19:08:43 [main] DEBUG org.apache.http.wire -  >> "POST /posts HTTP/1.1[\r][\n]"
2024-04-25 19:08:43 [main] DEBUG org.apache.http.wire -  >> "Accept: */*[\r][\n]"
2024-04-25 19:08:43 [main] DEBUG org.apache.http.wire -  >> "Content-Type: application/json[\r][\n]"
2024-04-25 19:08:43 [main] DEBUG org.apache.http.wire -  >> "Content-Length: 78[\r][\n]"
2024-04-25 19:08:43 [main] DEBUG org.apache.http.wire -  >> "Host: jsonplaceholder.typicode.com[\r][\n]"
2024-04-25 19:08:43 [main] DEBUG org.apache.http.wire -  >> "Connection: Keep-Alive[\r][\n]"
2024-04-25 19:08:43 [main] DEBUG org.apache.http.wire -  >> "User-Agent: Apache-HttpClient/4.5.13 (Java/21.0.1)[\r][\n]"
2024-04-25 19:08:43 [main] DEBUG org.apache.http.wire -  >> "Accept-Encoding: gzip,deflate[\r][\n]"
2024-04-25 19:08:43 [main] DEBUG org.apache.http.wire -  >> "[\r][\n]"
2024-04-25 19:08:43 [main] DEBUG org.apache.http.headers - >> POST /posts HTTP/1.1
2024-04-25 19:08:43 [main] DEBUG org.apache.http.headers - >> Accept: */*
2024-04-25 19:08:43 [main] DEBUG org.apache.http.headers - >> Content-Type: application/json
2024-04-25 19:08:43 [main] DEBUG org.apache.http.headers - >> Content-Length: 78
2024-04-25 19:08:43 [main] DEBUG org.apache.http.headers - >> Host: jsonplaceholder.typicode.com
2024-04-25 19:08:43 [main] DEBUG org.apache.http.headers - >> Connection: Keep-Alive
2024-04-25 19:08:43 [main] DEBUG org.apache.http.headers - >> User-Agent: Apache-HttpClient/4.5.13 (Java/21.0.1)
2024-04-25 19:08:43 [main] DEBUG org.apache.http.headers - >> Accept-Encoding: gzip,deflate
2024-04-25 19:08:43 [main] DEBUG org.apache.http.wire -  >> "{"id":0,"userId":1,"title":"my post","body":"posting something","comments":[]}"
2024-04-25 19:08:44 [main] DEBUG org.apache.http.wire -  << "HTTP/1.1 201 Created[\r][\n]"
2024-04-25 19:08:44 [main] DEBUG org.apache.http.wire -  << "Date: Thu, 25 Apr 2024 13:38:43 GMT[\r][\n]"
2024-04-25 19:08:44 [main] DEBUG org.apache.http.wire -  << "Content-Type: application/json; charset=utf-8[\r][\n]"
2024-04-25 19:08:44 [main] DEBUG org.apache.http.wire -  << "Content-Length: 101[\r][\n]"
2024-04-25 19:08:44 [main] DEBUG org.apache.http.wire -  << "Connection: keep-alive[\r][\n]"
2024-04-25 19:08:44 [main] DEBUG org.apache.http.wire -  << "Report-To: {"group":"heroku-nel","max_age":3600,"endpoints":[{"url":"https://nel.heroku.com/reports?ts=1714052323&sid=e11707d5-02a7-43ef-b45e-2cf4d2036f7d&s=E6v1DklfzgV9hAQbgIDVBzj4wu%2FLGE9o3QzKIbWwesU%3D"}]}[\r][\n]"
2024-04-25 19:08:44 [main] DEBUG org.apache.http.wire -  << "Reporting-Endpoints: heroku-nel=https://nel.heroku.com/reports?ts=1714052323&sid=e11707d5-02a7-43ef-b45e-2cf4d2036f7d&s=E6v1DklfzgV9hAQbgIDVBzj4wu%2FLGE9o3QzKIbWwesU%3D[\r][\n]"
2024-04-25 19:08:44 [main] DEBUG org.apache.http.wire -  << "Nel: {"report_to":"heroku-nel","max_age":3600,"success_fraction":0.005,"failure_fraction":0.05,"response_headers":["Via"]}[\r][\n]"
2024-04-25 19:08:44 [main] DEBUG org.apache.http.wire -  << "X-Powered-By: Express[\r][\n]"
2024-04-25 19:08:44 [main] DEBUG org.apache.http.wire -  << "X-Ratelimit-Limit: 1000[\r][\n]"
2024-04-25 19:08:44 [main] DEBUG org.apache.http.wire -  << "X-Ratelimit-Remaining: 989[\r][\n]"
2024-04-25 19:08:44 [main] DEBUG org.apache.http.wire -  << "X-Ratelimit-Reset: 1714052359[\r][\n]"
2024-04-25 19:08:44 [main] DEBUG org.apache.http.wire -  << "Vary: Origin, X-HTTP-Method-Override, Accept-Encoding[\r][\n]"
2024-04-25 19:08:44 [main] DEBUG org.apache.http.wire -  << "Access-Control-Allow-Credentials: true[\r][\n]"
2024-04-25 19:08:44 [main] DEBUG org.apache.http.wire -  << "Cache-Control: no-cache[\r][\n]"
2024-04-25 19:08:44 [main] DEBUG org.apache.http.wire -  << "Pragma: no-cache[\r][\n]"
2024-04-25 19:08:44 [main] DEBUG org.apache.http.wire -  << "Expires: -1[\r][\n]"
2024-04-25 19:08:44 [main] DEBUG org.apache.http.wire -  << "Access-Control-Expose-Headers: Location[\r][\n]"
2024-04-25 19:08:44 [main] DEBUG org.apache.http.wire -  << "Location: http://jsonplaceholder.typicode.com/posts/101[\r][\n]"
2024-04-25 19:08:44 [main] DEBUG org.apache.http.wire -  << "X-Content-Type-Options: nosniff[\r][\n]"
2024-04-25 19:08:44 [main] DEBUG org.apache.http.wire -  << "Etag: W/"65-AU3D+i8Fq+2cUjCbkhm/D7xYRvA"[\r][\n]"
2024-04-25 19:08:44 [main] DEBUG org.apache.http.wire -  << "Via: 1.1 vegur[\r][\n]"
2024-04-25 19:08:44 [main] DEBUG org.apache.http.wire -  << "CF-Cache-Status: DYNAMIC[\r][\n]"
2024-04-25 19:08:44 [main] DEBUG org.apache.http.wire -  << "Server: cloudflare[\r][\n]"
2024-04-25 19:08:44 [main] DEBUG org.apache.http.wire -  << "CF-RAY: 879ebc2c6bd39bea-MAA[\r][\n]"
2024-04-25 19:08:44 [main] DEBUG org.apache.http.wire -  << "alt-svc: h3=":443"; ma=86400[\r][\n]"
2024-04-25 19:08:44 [main] DEBUG org.apache.http.wire -  << "[\r][\n]"
2024-04-25 19:08:44 [main] DEBUG o.a.h.i.conn.DefaultClientConnection - Receiving response: HTTP/1.1 201 Created
2024-04-25 19:08:44 [main] DEBUG org.apache.http.headers - << HTTP/1.1 201 Created
2024-04-25 19:08:44 [main] DEBUG org.apache.http.headers - << Date: Thu, 25 Apr 2024 13:38:43 GMT
2024-04-25 19:08:44 [main] DEBUG org.apache.http.headers - << Content-Type: application/json; charset=utf-8
2024-04-25 19:08:44 [main] DEBUG org.apache.http.headers - << Content-Length: 101
2024-04-25 19:08:44 [main] DEBUG org.apache.http.headers - << Connection: keep-alive
2024-04-25 19:08:44 [main] DEBUG org.apache.http.headers - << Report-To: {"group":"heroku-nel","max_age":3600,"endpoints":[{"url":"https://nel.heroku.com/reports?ts=1714052323&sid=e11707d5-02a7-43ef-b45e-2cf4d2036f7d&s=E6v1DklfzgV9hAQbgIDVBzj4wu%2FLGE9o3QzKIbWwesU%3D"}]}
2024-04-25 19:08:44 [main] DEBUG org.apache.http.headers - << Reporting-Endpoints: heroku-nel=https://nel.heroku.com/reports?ts=1714052323&sid=e11707d5-02a7-43ef-b45e-2cf4d2036f7d&s=E6v1DklfzgV9hAQbgIDVBzj4wu%2FLGE9o3QzKIbWwesU%3D
2024-04-25 19:08:44 [main] DEBUG org.apache.http.headers - << Nel: {"report_to":"heroku-nel","max_age":3600,"success_fraction":0.005,"failure_fraction":0.05,"response_headers":["Via"]}
2024-04-25 19:08:44 [main] DEBUG org.apache.http.headers - << X-Powered-By: Express
2024-04-25 19:08:44 [main] DEBUG org.apache.http.headers - << X-Ratelimit-Limit: 1000
2024-04-25 19:08:44 [main] DEBUG org.apache.http.headers - << X-Ratelimit-Remaining: 989
2024-04-25 19:08:44 [main] DEBUG org.apache.http.headers - << X-Ratelimit-Reset: 1714052359
2024-04-25 19:08:44 [main] DEBUG org.apache.http.headers - << Vary: Origin, X-HTTP-Method-Override, Accept-Encoding
2024-04-25 19:08:44 [main] DEBUG org.apache.http.headers - << Access-Control-Allow-Credentials: true
2024-04-25 19:08:44 [main] DEBUG org.apache.http.headers - << Cache-Control: no-cache
2024-04-25 19:08:44 [main] DEBUG org.apache.http.headers - << Pragma: no-cache
2024-04-25 19:08:44 [main] DEBUG org.apache.http.headers - << Expires: -1
2024-04-25 19:08:44 [main] DEBUG org.apache.http.headers - << Access-Control-Expose-Headers: Location
2024-04-25 19:08:44 [main] DEBUG org.apache.http.headers - << Location: http://jsonplaceholder.typicode.com/posts/101
2024-04-25 19:08:44 [main] DEBUG org.apache.http.headers - << X-Content-Type-Options: nosniff
2024-04-25 19:08:44 [main] DEBUG org.apache.http.headers - << Etag: W/"65-AU3D+i8Fq+2cUjCbkhm/D7xYRvA"
2024-04-25 19:08:44 [main] DEBUG org.apache.http.headers - << Via: 1.1 vegur
2024-04-25 19:08:44 [main] DEBUG org.apache.http.headers - << CF-Cache-Status: DYNAMIC
2024-04-25 19:08:44 [main] DEBUG org.apache.http.headers - << Server: cloudflare
2024-04-25 19:08:44 [main] DEBUG org.apache.http.headers - << CF-RAY: 879ebc2c6bd39bea-MAA
2024-04-25 19:08:44 [main] DEBUG org.apache.http.headers - << alt-svc: h3=":443"; ma=86400
2024-04-25 19:08:44 [main] DEBUG o.a.h.impl.client.DefaultHttpClient - Connection can be kept alive indefinitely
2024-04-25 19:08:44 [main] DEBUG i.r.internal.RestAssuredHttpBuilder - Parsing response as: application/json; charset=utf-8
2024-04-25 19:08:44 [main] DEBUG i.r.internal.RestAssuredHttpBuilder - Parsed data to instance of: class org.apache.http.conn.EofSensorInputStream
2024-04-25 19:08:44 [main] DEBUG org.apache.http.wire -  << "{[\n]"
2024-04-25 19:08:44 [main] DEBUG org.apache.http.wire -  << "  "id": 101,[\n]"
2024-04-25 19:08:44 [main] DEBUG org.apache.http.wire -  << "  "userId": 1,[\n]"
2024-04-25 19:08:44 [main] DEBUG org.apache.http.wire -  << "  "title": "my post",[\n]"
2024-04-25 19:08:44 [main] DEBUG org.apache.http.wire -  << "  "body": "posting something",[\n]"
2024-04-25 19:08:44 [main] DEBUG org.apache.http.wire -  << "  "comments": [][\n]"
2024-04-25 19:08:44 [main] DEBUG org.apache.http.wire -  << "}"
2024-04-25 19:08:44 [main] DEBUG o.a.h.i.c.BasicClientConnectionManager - Releasing connection org.apache.http.impl.conn.ManagedClientConnectionImpl@3af236d0
2024-04-25 19:08:44 [main] DEBUG o.a.h.i.c.BasicClientConnectionManager - Connection can be kept alive indefinitely
2024-04-25 19:08:44 [main] DEBUG utils.HttpClient - Received response: {
  "id": 101,
  "userId": 1,
  "title": "my post",
  "body": "posting something",
  "comments": []
}
  When the user creates a post with title "my post" and body "posting something" # stepDefinitions.posts.PostSteps.theUserCreatesAPostWithTitleAndBody(java.lang.String,java.lang.String)
2024-04-25 19:08:44 [main] DEBUG o.a.h.i.c.BasicClientConnectionManager - Get connection for route {}->http://jsonplaceholder.typicode.com:80
2024-04-25 19:08:44 [main] DEBUG o.a.h.i.c.DefaultClientConnectionOperator - Connecting to jsonplaceholder.typicode.com:80
2024-04-25 19:08:44 [main] DEBUG o.a.h.c.protocol.RequestAddCookies - CookieSpec selected: ignoreCookies
2024-04-25 19:08:44 [main] DEBUG o.a.h.c.protocol.RequestAuthCache - Auth cache not set in the context
2024-04-25 19:08:44 [main] DEBUG o.a.h.c.p.RequestTargetAuthentication - Target auth state: UNCHALLENGED
2024-04-25 19:08:44 [main] DEBUG o.a.h.c.p.RequestProxyAuthentication - Proxy auth state: UNCHALLENGED
2024-04-25 19:08:44 [main] DEBUG o.a.h.impl.client.DefaultHttpClient - Attempt 1 to execute request
2024-04-25 19:08:44 [main] DEBUG o.a.h.i.conn.DefaultClientConnection - Sending request: DELETE /posts/101 HTTP/1.1
2024-04-25 19:08:44 [main] DEBUG org.apache.http.wire -  >> "DELETE /posts/101 HTTP/1.1[\r][\n]"
2024-04-25 19:08:44 [main] DEBUG org.apache.http.wire -  >> "Content-Type: application/json[\r][\n]"
2024-04-25 19:08:44 [main] DEBUG org.apache.http.wire -  >> "Accept: */*[\r][\n]"
2024-04-25 19:08:44 [main] DEBUG org.apache.http.wire -  >> "Host: jsonplaceholder.typicode.com[\r][\n]"
2024-04-25 19:08:44 [main] DEBUG org.apache.http.wire -  >> "Connection: Keep-Alive[\r][\n]"
2024-04-25 19:08:44 [main] DEBUG org.apache.http.wire -  >> "User-Agent: Apache-HttpClient/4.5.13 (Java/21.0.1)[\r][\n]"
2024-04-25 19:08:44 [main] DEBUG org.apache.http.wire -  >> "Accept-Encoding: gzip,deflate[\r][\n]"
2024-04-25 19:08:44 [main] DEBUG org.apache.http.wire -  >> "[\r][\n]"
2024-04-25 19:08:44 [main] DEBUG org.apache.http.headers - >> DELETE /posts/101 HTTP/1.1
2024-04-25 19:08:44 [main] DEBUG org.apache.http.headers - >> Content-Type: application/json
2024-04-25 19:08:44 [main] DEBUG org.apache.http.headers - >> Accept: */*
2024-04-25 19:08:44 [main] DEBUG org.apache.http.headers - >> Host: jsonplaceholder.typicode.com
2024-04-25 19:08:44 [main] DEBUG org.apache.http.headers - >> Connection: Keep-Alive
2024-04-25 19:08:44 [main] DEBUG org.apache.http.headers - >> User-Agent: Apache-HttpClient/4.5.13 (Java/21.0.1)
2024-04-25 19:08:44 [main] DEBUG org.apache.http.headers - >> Accept-Encoding: gzip,deflate
2024-04-25 19:08:44 [main] DEBUG org.apache.http.wire -  << "HTTP/1.1 200 OK[\r][\n]"
2024-04-25 19:08:44 [main] DEBUG org.apache.http.wire -  << "Date: Thu, 25 Apr 2024 13:38:44 GMT[\r][\n]"
2024-04-25 19:08:44 [main] DEBUG org.apache.http.wire -  << "Content-Type: application/json; charset=utf-8[\r][\n]"
2024-04-25 19:08:44 [main] DEBUG org.apache.http.wire -  << "Content-Length: 2[\r][\n]"
2024-04-25 19:08:44 [main] DEBUG org.apache.http.wire -  << "Connection: keep-alive[\r][\n]"
2024-04-25 19:08:44 [main] DEBUG org.apache.http.wire -  << "Report-To: {"group":"heroku-nel","max_age":3600,"endpoints":[{"url":"https://nel.heroku.com/reports?ts=1714052324&sid=e11707d5-02a7-43ef-b45e-2cf4d2036f7d&s=H76FQY%2Fogc%2BHZMKHL73RQoUDEXrLQ3HmRkat7A%2FpMT8%3D"}]}[\r][\n]"
2024-04-25 19:08:44 [main] DEBUG org.apache.http.wire -  << "Reporting-Endpoints: heroku-nel=https://nel.heroku.com/reports?ts=1714052324&sid=e11707d5-02a7-43ef-b45e-2cf4d2036f7d&s=H76FQY%2Fogc%2BHZMKHL73RQoUDEXrLQ3HmRkat7A%2FpMT8%3D[\r][\n]"
2024-04-25 19:08:44 [main] DEBUG org.apache.http.wire -  << "Nel: {"report_to":"heroku-nel","max_age":3600,"success_fraction":0.005,"failure_fraction":0.05,"response_headers":["Via"]}[\r][\n]"
2024-04-25 19:08:44 [main] DEBUG org.apache.http.wire -  << "X-Powered-By: Express[\r][\n]"
2024-04-25 19:08:44 [main] DEBUG org.apache.http.wire -  << "X-Ratelimit-Limit: 1000[\r][\n]"
2024-04-25 19:08:44 [main] DEBUG org.apache.http.wire -  << "X-Ratelimit-Remaining: 988[\r][\n]"
2024-04-25 19:08:44 [main] DEBUG org.apache.http.wire -  << "X-Ratelimit-Reset: 1714052359[\r][\n]"
2024-04-25 19:08:44 [main] DEBUG org.apache.http.wire -  << "Vary: Origin, Accept-Encoding[\r][\n]"
2024-04-25 19:08:44 [main] DEBUG org.apache.http.wire -  << "Access-Control-Allow-Credentials: true[\r][\n]"
2024-04-25 19:08:44 [main] DEBUG org.apache.http.wire -  << "Cache-Control: no-cache[\r][\n]"
2024-04-25 19:08:44 [main] DEBUG org.apache.http.wire -  << "Pragma: no-cache[\r][\n]"
2024-04-25 19:08:44 [main] DEBUG org.apache.http.wire -  << "Expires: -1[\r][\n]"
2024-04-25 19:08:44 [main] DEBUG org.apache.http.wire -  << "X-Content-Type-Options: nosniff[\r][\n]"
2024-04-25 19:08:44 [main] DEBUG org.apache.http.wire -  << "Etag: W/"2-vyGp6PvFo4RvsFtPoIWeCReyIC8"[\r][\n]"
2024-04-25 19:08:44 [main] DEBUG org.apache.http.wire -  << "Via: 1.1 vegur[\r][\n]"
2024-04-25 19:08:44 [main] DEBUG org.apache.http.wire -  << "CF-Cache-Status: DYNAMIC[\r][\n]"
2024-04-25 19:08:44 [main] DEBUG org.apache.http.wire -  << "Server: cloudflare[\r][\n]"
2024-04-25 19:08:44 [main] DEBUG org.apache.http.wire -  << "CF-RAY: 879ebc306a2b7f83-MAA[\r][\n]"
2024-04-25 19:08:44 [main] DEBUG org.apache.http.wire -  << "alt-svc: h3=":443"; ma=86400[\r][\n]"
2024-04-25 19:08:44 [main] DEBUG org.apache.http.wire -  << "[\r][\n]"
2024-04-25 19:08:44 [main] DEBUG o.a.h.i.conn.DefaultClientConnection - Receiving response: HTTP/1.1 200 OK
2024-04-25 19:08:44 [main] DEBUG org.apache.http.headers - << HTTP/1.1 200 OK
2024-04-25 19:08:44 [main] DEBUG org.apache.http.headers - << Date: Thu, 25 Apr 2024 13:38:44 GMT
2024-04-25 19:08:44 [main] DEBUG org.apache.http.headers - << Content-Type: application/json; charset=utf-8
2024-04-25 19:08:44 [main] DEBUG org.apache.http.headers - << Content-Length: 2
2024-04-25 19:08:44 [main] DEBUG org.apache.http.headers - << Connection: keep-alive
2024-04-25 19:08:44 [main] DEBUG org.apache.http.headers - << Report-To: {"group":"heroku-nel","max_age":3600,"endpoints":[{"url":"https://nel.heroku.com/reports?ts=1714052324&sid=e11707d5-02a7-43ef-b45e-2cf4d2036f7d&s=H76FQY%2Fogc%2BHZMKHL73RQoUDEXrLQ3HmRkat7A%2FpMT8%3D"}]}
2024-04-25 19:08:44 [main] DEBUG org.apache.http.headers - << Reporting-Endpoints: heroku-nel=https://nel.heroku.com/reports?ts=1714052324&sid=e11707d5-02a7-43ef-b45e-2cf4d2036f7d&s=H76FQY%2Fogc%2BHZMKHL73RQoUDEXrLQ3HmRkat7A%2FpMT8%3D
2024-04-25 19:08:44 [main] DEBUG org.apache.http.headers - << Nel: {"report_to":"heroku-nel","max_age":3600,"success_fraction":0.005,"failure_fraction":0.05,"response_headers":["Via"]}
2024-04-25 19:08:44 [main] DEBUG org.apache.http.headers - << X-Powered-By: Express
2024-04-25 19:08:44 [main] DEBUG org.apache.http.headers - << X-Ratelimit-Limit: 1000
2024-04-25 19:08:44 [main] DEBUG org.apache.http.headers - << X-Ratelimit-Remaining: 988
2024-04-25 19:08:44 [main] DEBUG org.apache.http.headers - << X-Ratelimit-Reset: 1714052359
2024-04-25 19:08:44 [main] DEBUG org.apache.http.headers - << Vary: Origin, Accept-Encoding
2024-04-25 19:08:44 [main] DEBUG org.apache.http.headers - << Access-Control-Allow-Credentials: true
2024-04-25 19:08:44 [main] DEBUG org.apache.http.headers - << Cache-Control: no-cache
2024-04-25 19:08:44 [main] DEBUG org.apache.http.headers - << Pragma: no-cache
2024-04-25 19:08:44 [main] DEBUG org.apache.http.headers - << Expires: -1
2024-04-25 19:08:44 [main] DEBUG org.apache.http.headers - << X-Content-Type-Options: nosniff
2024-04-25 19:08:44 [main] DEBUG org.apache.http.headers - << Etag: W/"2-vyGp6PvFo4RvsFtPoIWeCReyIC8"
2024-04-25 19:08:44 [main] DEBUG org.apache.http.headers - << Via: 1.1 vegur
2024-04-25 19:08:44 [main] DEBUG org.apache.http.headers - << CF-Cache-Status: DYNAMIC
2024-04-25 19:08:44 [main] DEBUG org.apache.http.headers - << Server: cloudflare
2024-04-25 19:08:44 [main] DEBUG org.apache.http.headers - << CF-RAY: 879ebc306a2b7f83-MAA
2024-04-25 19:08:44 [main] DEBUG org.apache.http.headers - << alt-svc: h3=":443"; ma=86400
2024-04-25 19:08:44 [main] DEBUG o.a.h.impl.client.DefaultHttpClient - Connection can be kept alive indefinitely
2024-04-25 19:08:44 [main] DEBUG i.r.internal.RestAssuredHttpBuilder - Parsing response as: application/json; charset=utf-8
2024-04-25 19:08:44 [main] DEBUG i.r.internal.RestAssuredHttpBuilder - Parsed data to instance of: class org.apache.http.conn.EofSensorInputStream
  When the user deletes the post                                                 # stepDefinitions.posts.PostSteps.theUserDeletesThePost()
  Then the post should be deleted successfully                                   # stepDefinitions.posts.PostSteps.thePostShouldBeDeletedSuccessfully()
  And the response should contain 200 status code                                # stepDefinitions.posts.PostSteps.the_post_should_successful(int)
2024-04-25 19:08:44 [main] DEBUG utils.HttpClient - Making GET request to /posts
2024-04-25 19:08:44 [main] DEBUG o.a.h.i.c.BasicClientConnectionManager - Get connection for route {}->http://jsonplaceholder.typicode.com:80
2024-04-25 19:08:44 [main] DEBUG o.a.h.i.c.DefaultClientConnectionOperator - Connecting to jsonplaceholder.typicode.com:80
2024-04-25 19:08:44 [main] DEBUG o.a.h.c.protocol.RequestAddCookies - CookieSpec selected: ignoreCookies
2024-04-25 19:08:44 [main] DEBUG o.a.h.c.protocol.RequestAuthCache - Auth cache not set in the context
2024-04-25 19:08:44 [main] DEBUG o.a.h.c.p.RequestTargetAuthentication - Target auth state: UNCHALLENGED
2024-04-25 19:08:44 [main] DEBUG o.a.h.c.p.RequestProxyAuthentication - Proxy auth state: UNCHALLENGED
2024-04-25 19:08:44 [main] DEBUG o.a.h.impl.client.DefaultHttpClient - Attempt 1 to execute request
2024-04-25 19:08:44 [main] DEBUG o.a.h.i.conn.DefaultClientConnection - Sending request: GET /posts HTTP/1.1
2024-04-25 19:08:44 [main] DEBUG org.apache.http.wire -  >> "GET /posts HTTP/1.1[\r][\n]"
2024-04-25 19:08:44 [main] DEBUG org.apache.http.wire -  >> "Content-Type: application/json[\r][\n]"
2024-04-25 19:08:44 [main] DEBUG org.apache.http.wire -  >> "Accept: */*[\r][\n]"
2024-04-25 19:08:44 [main] DEBUG org.apache.http.wire -  >> "Host: jsonplaceholder.typicode.com[\r][\n]"
2024-04-25 19:08:44 [main] DEBUG org.apache.http.wire -  >> "Connection: Keep-Alive[\r][\n]"
2024-04-25 19:08:44 [main] DEBUG org.apache.http.wire -  >> "User-Agent: Apache-HttpClient/4.5.13 (Java/21.0.1)[\r][\n]"
2024-04-25 19:08:44 [main] DEBUG org.apache.http.wire -  >> "Accept-Encoding: gzip,deflate[\r][\n]"
2024-04-25 19:08:44 [main] DEBUG org.apache.http.wire -  >> "[\r][\n]"
2024-04-25 19:08:44 [main] DEBUG org.apache.http.headers - >> GET /posts HTTP/1.1
2024-04-25 19:08:44 [main] DEBUG org.apache.http.headers - >> Content-Type: application/json
2024-04-25 19:08:44 [main] DEBUG org.apache.http.headers - >> Accept: */*
2024-04-25 19:08:44 [main] DEBUG org.apache.http.headers - >> Host: jsonplaceholder.typicode.com
2024-04-25 19:08:44 [main] DEBUG org.apache.http.headers - >> Connection: Keep-Alive
2024-04-25 19:08:44 [main] DEBUG org.apache.http.headers - >> User-Agent: Apache-HttpClient/4.5.13 (Java/21.0.1)
2024-04-25 19:08:44 [main] DEBUG org.apache.http.headers - >> Accept-Encoding: gzip,deflate
2024-04-25 19:08:44 [main] DEBUG org.apache.http.wire -  << "HTTP/1.1 200 OK[\r][\n]"
2024-04-25 19:08:44 [main] DEBUG org.apache.http.wire -  << "Date: Thu, 25 Apr 2024 13:38:44 GMT[\r][\n]"
2024-04-25 19:08:44 [main] DEBUG org.apache.http.wire -  << "Content-Type: application/json; charset=utf-8[\r][\n]"
2024-04-25 19:08:44 [main] DEBUG org.apache.http.wire -  << "Transfer-Encoding: chunked[\r][\n]"
2024-04-25 19:08:44 [main] DEBUG org.apache.http.wire -  << "Connection: keep-alive[\r][\n]"
2024-04-25 19:08:44 [main] DEBUG org.apache.http.wire -  << "Report-To: {"group":"heroku-nel","max_age":3600,"endpoints":[{"url":"https://nel.heroku.com/reports?ts=1714052322&sid=e11707d5-02a7-43ef-b45e-2cf4d2036f7d&s=Jd%2FsvT3dpIjo8KwsN9QjUCMfnlx%2B7hWFcwbnXA%2BxXjk%3D"}]}[\r][\n]"
2024-04-25 19:08:44 [main] DEBUG org.apache.http.wire -  << "Reporting-Endpoints: heroku-nel=https://nel.heroku.com/reports?ts=1714052322&sid=e11707d5-02a7-43ef-b45e-2cf4d2036f7d&s=Jd%2FsvT3dpIjo8KwsN9QjUCMfnlx%2B7hWFcwbnXA%2BxXjk%3D[\r][\n]"
2024-04-25 19:08:44 [main] DEBUG org.apache.http.wire -  << "Nel: {"report_to":"heroku-nel","max_age":3600,"success_fraction":0.005,"failure_fraction":0.05,"response_headers":["Via"]}[\r][\n]"
2024-04-25 19:08:44 [main] DEBUG org.apache.http.wire -  << "X-Powered-By: Express[\r][\n]"
2024-04-25 19:08:44 [main] DEBUG org.apache.http.wire -  << "X-Ratelimit-Limit: 1000[\r][\n]"
2024-04-25 19:08:44 [main] DEBUG org.apache.http.wire -  << "X-Ratelimit-Remaining: 991[\r][\n]"
2024-04-25 19:08:44 [main] DEBUG org.apache.http.wire -  << "X-Ratelimit-Reset: 1714052359[\r][\n]"
2024-04-25 19:08:44 [main] DEBUG org.apache.http.wire -  << "Vary: Origin, Accept-Encoding[\r][\n]"
2024-04-25 19:08:44 [main] DEBUG org.apache.http.wire -  << "Access-Control-Allow-Credentials: true[\r][\n]"
2024-04-25 19:08:44 [main] DEBUG org.apache.http.wire -  << "Cache-Control: max-age=43200[\r][\n]"
2024-04-25 19:08:44 [main] DEBUG org.apache.http.wire -  << "Pragma: no-cache[\r][\n]"
2024-04-25 19:08:44 [main] DEBUG org.apache.http.wire -  << "Expires: -1[\r][\n]"
2024-04-25 19:08:44 [main] DEBUG org.apache.http.wire -  << "X-Content-Type-Options: nosniff[\r][\n]"
2024-04-25 19:08:44 [main] DEBUG org.apache.http.wire -  << "Etag: W/"6b80-Ybsq/K6GwwqrYkAsFxqDXGC7DoM"[\r][\n]"
2024-04-25 19:08:44 [main] DEBUG org.apache.http.wire -  << "Content-Encoding: gzip[\r][\n]"
2024-04-25 19:08:44 [main] DEBUG org.apache.http.wire -  << "Via: 1.1 vegur[\r][\n]"
2024-04-25 19:08:44 [main] DEBUG org.apache.http.wire -  << "CF-Cache-Status: HIT[\r][\n]"
2024-04-25 19:08:44 [main] DEBUG org.apache.http.wire -  << "Age: 2[\r][\n]"
2024-04-25 19:08:44 [main] DEBUG org.apache.http.wire -  << "Server: cloudflare[\r][\n]"
2024-04-25 19:08:44 [main] DEBUG org.apache.http.wire -  << "CF-RAY: 879ebc3448707e93-MAA[\r][\n]"
2024-04-25 19:08:44 [main] DEBUG org.apache.http.wire -  << "alt-svc: h3=":443"; ma=86400[\r][\n]"
2024-04-25 19:08:44 [main] DEBUG org.apache.http.wire -  << "[\r][\n]"
2024-04-25 19:08:44 [main] DEBUG o.a.h.i.conn.DefaultClientConnection - Receiving response: HTTP/1.1 200 OK
2024-04-25 19:08:44 [main] DEBUG org.apache.http.headers - << HTTP/1.1 200 OK
2024-04-25 19:08:44 [main] DEBUG org.apache.http.headers - << Date: Thu, 25 Apr 2024 13:38:44 GMT
2024-04-25 19:08:44 [main] DEBUG org.apache.http.headers - << Content-Type: application/json; charset=utf-8
2024-04-25 19:08:44 [main] DEBUG org.apache.http.headers - << Transfer-Encoding: chunked
2024-04-25 19:08:44 [main] DEBUG org.apache.http.headers - << Connection: keep-alive
2024-04-25 19:08:44 [main] DEBUG org.apache.http.headers - << Report-To: {"group":"heroku-nel","max_age":3600,"endpoints":[{"url":"https://nel.heroku.com/reports?ts=1714052322&sid=e11707d5-02a7-43ef-b45e-2cf4d2036f7d&s=Jd%2FsvT3dpIjo8KwsN9QjUCMfnlx%2B7hWFcwbnXA%2BxXjk%3D"}]}
2024-04-25 19:08:44 [main] DEBUG org.apache.http.headers - << Reporting-Endpoints: heroku-nel=https://nel.heroku.com/reports?ts=1714052322&sid=e11707d5-02a7-43ef-b45e-2cf4d2036f7d&s=Jd%2FsvT3dpIjo8KwsN9QjUCMfnlx%2B7hWFcwbnXA%2BxXjk%3D
2024-04-25 19:08:44 [main] DEBUG org.apache.http.headers - << Nel: {"report_to":"heroku-nel","max_age":3600,"success_fraction":0.005,"failure_fraction":0.05,"response_headers":["Via"]}
2024-04-25 19:08:44 [main] DEBUG org.apache.http.headers - << X-Powered-By: Express
2024-04-25 19:08:44 [main] DEBUG org.apache.http.headers - << X-Ratelimit-Limit: 1000
2024-04-25 19:08:44 [main] DEBUG org.apache.http.headers - << X-Ratelimit-Remaining: 991
2024-04-25 19:08:44 [main] DEBUG org.apache.http.headers - << X-Ratelimit-Reset: 1714052359
2024-04-25 19:08:44 [main] DEBUG org.apache.http.headers - << Vary: Origin, Accept-Encoding
2024-04-25 19:08:44 [main] DEBUG org.apache.http.headers - << Access-Control-Allow-Credentials: true
2024-04-25 19:08:44 [main] DEBUG org.apache.http.headers - << Cache-Control: max-age=43200
2024-04-25 19:08:44 [main] DEBUG org.apache.http.headers - << Pragma: no-cache
2024-04-25 19:08:44 [main] DEBUG org.apache.http.headers - << Expires: -1
2024-04-25 19:08:44 [main] DEBUG org.apache.http.headers - << X-Content-Type-Options: nosniff
2024-04-25 19:08:44 [main] DEBUG org.apache.http.headers - << Etag: W/"6b80-Ybsq/K6GwwqrYkAsFxqDXGC7DoM"
2024-04-25 19:08:44 [main] DEBUG org.apache.http.headers - << Content-Encoding: gzip
2024-04-25 19:08:44 [main] DEBUG org.apache.http.headers - << Via: 1.1 vegur
2024-04-25 19:08:44 [main] DEBUG org.apache.http.headers - << CF-Cache-Status: HIT
2024-04-25 19:08:44 [main] DEBUG org.apache.http.headers - << Age: 2
2024-04-25 19:08:44 [main] DEBUG org.apache.http.headers - << Server: cloudflare
2024-04-25 19:08:44 [main] DEBUG org.apache.http.headers - << CF-RAY: 879ebc3448707e93-MAA
2024-04-25 19:08:44 [main] DEBUG org.apache.http.headers - << alt-svc: h3=":443"; ma=86400
2024-04-25 19:08:44 [main] DEBUG o.a.h.impl.client.DefaultHttpClient - Connection can be kept alive indefinitely
2024-04-25 19:08:44 [main] DEBUG i.r.internal.RestAssuredHttpBuilder - Parsing response as: application/json; charset=utf-8
2024-04-25 19:08:44 [main] DEBUG org.apache.http.wire -  << "1b9a[\r][\n]"
2024-04-25 19:08:44 [main] DEBUG org.apache.http.wire -  << "[0x1f][0x8b][0x8][0x0][0x0][0x0][0x0][0x0][0x0][0x3][0x8d]]I[0x8e][0xe4][0xc8][0x8e][0xdd][0xff]S[0x8][0xb9][0xfe][0x8b][0x9a][0x87][0xbe]A[0x9f][0xa1][0xa3][0x17][0x16][0xee][0x96]U[0x2][0xdc][0xa5]([0x97][0x94][0x88]F[0xa3][0xef][0xde]$[0x1f]'[0x93][0xc9]=[0x5]d[0x15]b[0x90]K2[0x1a][0x87][0xc7]G[0xd2][0xe2][0xbf][0xfe]5[0xc][0xff]K[0xff][\r][0xc3][0x97]m[0xa9][0x8f][0xff][0xbc]~[0xf9][0x8f][0xe1][0xc7][0xe3][0x7]c[0xfe]f[0x1d][0xd7][[0xa5][0xef][0xbf],[0xdb][0xb4][0xe]e[[0x87][0xaf][0xe5]R[0x1f]ux[0xd4][0x8f]z[0xbb][0x95]u[0xf8]x[0xcc][0xdf][0xc6]k[0xa5][0xdf][0xce][0x97]K[0xa9][0x97][0xb2][0x8e]C[0xfd][0xbc][0xd4][0x8f]u{[0x8c][0xc3][0xfc][0xb1][0x8e]3_[0xfc][0xa8][0xd7][0xe9]Z[0x1f][0xe3][0xfa]Eo[0xfd]>_[0xff][0x87][0xef][0xfc][0xcf]6[0x96][0xa1][0xae][0xc3][0xb2]-[0x97][0xf1]c\[0xdf]&[0xfb][0x8a]>w[0xd9][0x96]2]K[0x1d].[0xf3][0xb4][0xd4]6z[0x8b][0xed]A[0xf7][0xff][0xa8][0xd7]q[0x95][0x8f]][0xb6][0xfb][0xdb][0xd4]<`[0xb8][0xcf][0xb7][0xba][0xac]#}[0x8a][0xde][0x97][0xfe][0xfd][0xb3][0x95]eX[0xe7][0xb5][0xd0][0x95][0xd3][0xbc][0xac][0x8f][0xed]N[0xb7][0xe6][0xff][0xd3]e[0xbc][0xa8]z[0x1f]d}[0xf][0xfa][0xa2]~[0xab][0xd3]H[0xf7]-[0x8f][0xcb][0xdf][0xe3]Z/[0xeb][0xfc][0x85][0xde][0xf7][0xff][0xfe][0xfd]=[0x89][0xfd][0xb4][0x97][0x18][0xad]K[0xee]_[0x97][0xa5][0xee][0xd7][0xcc]?[0xc7][0x1b][0xd0][0xb3]?f[0x92][0xe7]7ZN}[0x93]5[0x8e][0xc3]2[0xd2][0xcb]L[0xe3][0xdf][0xe3][0xad][0x15][0xdd]p[0x9d]o[0xf3]cx[0xaf][0x85].[0x1e]j[0xc1][0xf7]u[0x19]&[0xfa][0x18]}[0xfa][0xeb][0xf6][0xd7]H[[0xf2]~#[0x99][0x8d][0xeb]8.[0xc3][0xb7][0xf9][0xb6]}[0xac]e[0xad][0x3]=[0xe5]1[0xf][0xdf][0xea]Mo[0xdc][0x8][0xe9]Q[0xc7][0xcb]H[0xf][0x19][0x97][0xb7][0x89]_[0xa0]|[0xd0][0xe3][0xca]}[0x98][0xe6]i[0xb8][0xd6]w[0xba][0xd7]B7X[0x96][0xf1][0xbe]-[0x3]_ [0xf][0xa4];-[0xf4][0xe5]FzpNF?[0xef]eDK[0xb0][0xf7]Xd[0x9b]Xw[0xea][0xe3]B[0xc2] [0xbd][0x99][0xea]=[0xf4][0x8c][0x9f]:~,[0x85][0x84]#{[0xd6][0x89]t[0x1d][0xc6]mY[0xe7]a[0xa9]W[0xba]x[0xa6][0xef][0x1e]$[0x12][0x17][0xc0]=[0xe9][0xe7]|[0xa7]7[0x1f][0xea]m[0xfc][0x8b][0xd7],j][0xae][0xcd][0xb5]"[0xd8][0xf1][0x9d]V[0xcb][0x12]+[0x17][0xd1][0xc3]u[0xa4][\r][0xa3][0xf7] Y[0x14][0x12][0xf]i[0xe2][0xdb][0x14]b[0x84][0x80]+[0xbd][0xc4]0_I[0xe9][0xe9][0x85]n[0xe5][0x9d][0xf7][0x96][0xbe][0xa2][0xbb][0xe8]k[0x9f][0x12][0xd4]/[0x9d][0xa0]XYW[0xd1]'_[0xc6]^[0x2][0xbc][0xf]r[0xd5]RHhiO[0x87][0xb4][0xb0]r%[0xcb]"[0xf3]"U[0xe3][0x17][0xba]W3[0x80][0xb2],[0xdb][0x9d]./[0xc9][0xa2][0xa1][0xa2][0x97][0xed][0xf6]QD/[0x96][0xe1][0xef][0xf1]B[0xa6]x[0xbf][0xd3][\n]"
2024-04-25 19:08:44 [main] DEBUG org.apache.http.wire -  << "I[0x7][0xe8]>f6k[0x9d]*[0x9b]&4[0xf2][0xce][0xda][0xc1][0xbb]u[0xd7]m[0x90][0xf][0x8b][0x8d][0xa5]w[0xc1][0xed][0xc7][0xdb]m[0x86]|[0xce][0xc9][0xe6][0xd7][0xbd]l[0xfc]=[0xc4][0xce]Y[0xf6]{[0xc9][0x90][0x12]m[0xd7][0x11][0x8e][0x84][0xcd][0xbb][0xf0]6[0x96][0xfa](+[0xde][0x89]T[0xe6]m*7VBqq0#U4v[0xe][0xa4]R$[0xfa]V[0x9b]D[0x87][0xdc]([0xd8][0xca]}m[0xa2]8[0xbc][0xe4][0xb7]I=L+[0x1f][0x98][0xcf][0xb9][0xe5][0xfe][0xb6]_[0xae]Jx`[0x95][0xb8][0x97][0xbf]&2[0x99]yq[0x8b]eo[0xda])[0x6][0xbd][0xc2]B[0xbf][0x9f]Xei[0xfb][0x1e][0xa4][0xaa][0xbc][0x97][0x85][0xc5][0xf]o[0x0][0xad][0xf6][0x8d][0x17]7$[0xca]M[0xdb]B[0xee]y[0x9a][0xdf][0xe9][0xf7]$![0xfa][0xf1]5\[0xc7][0xdb]Dw]>H[0xcf][\n]"
2024-04-25 19:08:44 [main] DEBUG org.apache.http.wire -  << "{[0x8]VP[0xba][0xb6][0xde][0xe7][0xa1][0xbc][0xef]<WkBeI[0xb2]t/[0x6]#[0xa9]kV"[0xd6]9i[0xfd][0xbe][0x97][0x16]K[0x88][0xc4]BQk[0xbc][0x8d][0xb][0xf6]s/[0x1f]<n[0xf8][0xb8]Qh[0x83][0xa7][0xa1][0xfd][0xbb][0xb2]-[0x15][0xf1]$[0xea][0x9b]!l[0x91][0x14][0xe9][0x90][0x88][0x1a][0xdf][0xf1]5X[0xf5][0xa6][0xc6]'[\n]"
2024-04-25 19:08:44 [main] DEBUG org.apache.http.wire -  << "[0xcd][0xee]+B[0xa2][0x4][0xa4][0xb1]p[0x98][0x9b]$<[0xc1][0xe7][0xf3]&[0xd2][0xf3][0xe0][0xbd][0xca]rn[0xb9]<S[0xe]][0x12]k[0x9f][0x98]a[0xb7][0xe4][0x91][0xd6][0xc2][0xaa][0x9b]T[0xc7]>+o[0xc3]Q[0xd5][0x84][0x16][0x2])[0xb4]n[\r]O[0x1e][0xa4]=`[0xb9]-HH6[0x3][0x83][0xd4][0xee]e[0x94]-v1[0xbc]Mp[0xf][0xb4]~[0xf3]'0[\r]S[0xb][0xd6][0xee]Y[0x9d][0xb3]l[0xc0]9[0x89][0xfc][0xf9][0xd4];[0xb0]#R[0xab][0xb5][0x95]"[0xf8][\n]"
2024-04-25 19:08:44 [main] DEBUG org.apache.http.wire -  << "[0x8c]H[0xfa][0xb9][0x97][0x95]@[0x8f][0xcb]*[0xe6][0xb][0x1][0xb4][0xf7][0xc4][0xdd][0xc8][0xd4]U)[\n]"
2024-04-25 19:08:44 [main] DEBUG org.apache.http.wire -  << "[0x82][0x9][0xfc][0xc][0x1c][0x8]@[0x88]|[0x7][[0xa2][0xab]WC[0x1f][0xac]?W[0xf9]"[0xc]P[0xa5][0xa0][\n]"
2024-04-25 19:08:44 [main] DEBUG org.apache.http.wire -  << "[0xeb][0xdf][0x9e][0x93][0xc1][0x8f]?[0xec][0x85][0x0][0x18][0x16][0xa1]v[0xbc][0xe2]Ek[0xbf]ZVf~7[0x83]X[0xb2][0x9][0xb4][0xa3][0xc3][0xfc][0xf5]+[0x1b][0xba][0x4]D[0xd9][0xd4][0xb7])[0xa2]$+A[0xf2][0xb2][0xbc]|[\n]"
2024-04-25 19:08:44 [main] DEBUG org.apache.http.wire -  << "[0x86][0x82][0xf][0x16][0x86]tt[0xd7]%\/-[0x97][0xf5][0x1c]2[0xbf]K[0x90]}H[0xc8]'[0x5][0xa1] [0xfa]x[0xba][0xcc][0x9f][0x9a]ev [0x15][0xe]H[0x1e]-[0xcb][0xbb][0x95][0xed][0xaa]>[0xe7][0xd8][0xf0][0xeb][0x8d]6[0x96][0x9e][0x9f]be[0x4][0xf4][0xc0][0xb][0xc][0x83][0xee]#moqx[0xc8][0xb][0xce][0xee][0x9e][0xe2][0x87][0xaf]f[0x9c][0xc4]9+L[0x93][0xf5][0xb3][0xd0][0x2]7[0xb9][0xeb][[0xb2][0xfe][0xb][0xc2][0x99].[0xe3][0x95]4[0xeb]mb[0xa7]-[0xca][0xa6][0xbf]>)[0x93][0xe][0x86][0xd2][0xcb][0x84][0xfd][0x1a][0xda][0xa4][0xfb]A[0xfd][0xd4][0x12][0xf6][0x82][0xa1][0xcd][0x90][0x8][0xe][0xb5][0x84][0xf]%g[0xff](u[0xa9][0xe][0x83][0x8a]:|[0xdc][0xc][0xa2]7[0xb5][0xad][0xc][0xe3][0xcb][0x7][0xc9][0x94][0xfc][0xbb]\[0x8b]8#[0x80]#[0x4]+[0xbf][0xa1][0xa7]D\%[0xbf][0xa0]"[0xe0][0xfb][0xc9]+[0x8e][0xb4][0x1d][0xd3][0x85][0x15]Xb[0xfb]99tPSV[0xba][0x89])[0x92]H[0xfc]E=[0xc4]9nb[0x3][0x10][0xc9][0xef][0x85][0xc2][0xa2][0xb8][0x8e][0x17][0xb2][0x9][0xf7]t[0xe2][0xf7][0xfc][0x16]~[0xd3][0xd8][0xd1]9[0xc5]2Z[0xda][0xb2]r&[0xf3]x[0xd0]e[0xe3][0x13][0x80]&[0x0]R[0x90][0x11] [0x1a][0x99][0x1e]o[0x85][0x18][0x8d]#V[0x1][0x96][0xec]!E)%[0xc][0xa5][0xac]L[0xee][0x95][0x92][0xa6][0xc0]t[0xd9][0x87][0x1][0xa8]F~[0xc3][0x11][0x82]q[0x98][0xc4][0x89]s[0xd2][0xed][0xf0]i^[0x80][0xbd][0xa4]8[0x9d][0xbd][0x10][0x9][%[0xcb]2[0xb4][0x8d][0xc9]k[0x0]&Tqr[0xd2]6eL[0x0]#B"Jv'[0xbe][0xcc]o[0x13][0xf6][0xb][0xfb][0xe3][0x9c][\n]"
2024-04-25 19:08:44 [main] DEBUG org.apache.http.wire -  << "j[0xec][0xdb]#[0xa9][0xa0][0xc0];z[0xce]vv[0xcd][0x1d][0xee][0xc]W@[[0x3][0xcb]b;;[0x0][0x9f][0x9][0x7][0x89]#T[0xa4]!n[0x81][0xf3]U[0xb8][0x16]s[0xb0][0x6][0x87][0xc6][0xbb][0xb8][0xe0][0xec]W[0xd3][0xea][0xc4]"}Ii[0xd3][0x5][0x92][0x98]g{[0x9b]pW[0x87]{[0x8a]m_G[0xd4]v[0xe1][0x1d][0x2]m[0xe3][0x3][0x1][0xb1] [0xdb][0xb][0x5][0xf8][0x9c][0xb5][0x89][0xc6][0x8e]3[0x87][0xfc]#[0x84][0xee]wc[0xb0]&aC[0xcc]P[0x91][0x9][0xed][0x1e][0xed]3CXE[0x11]$C^[0xc8][0xea][0xb8]b[0x8f][0xbc]K[0x83][0xd5]E$H[0x8f][0xe0]d[0x7][0x80]}81[0x6][0xf6]J/[0x8]@V[0xc4]bV[0x1d][0x9a][0xca][0xe0][0x96]_-!Wv[0x7]'[0xc5][0xd8]AS[0xac][0xc0][0xb7][0x90][0xd5]4"tz{G[0x5]][0xca];/[0xd9][0xe3][0x8a][0x92][0x8b]3f[0xa0][0xcf][0xaf]+N$A1[0xbe][0x94][0xf8][0xb3]D([0x8a][0x93]SH[0x1e][0x87][0xa4]{P8[\n]"
2024-04-25 19:08:44 [main] DEBUG org.apache.http.wire -  << "*@i[0x8][0xfd][0x95][0xc0]\l[0xf2][0x86][0x7][\n]"
2024-04-25 19:08:44 [main] DEBUG org.apache.http.wire -  << "[0x94]8[0xeb][0x95];[0xbc][0x1a][0xa2][0xe4][0xfc][0x1d]QG[0xe2][0xb7]A[0xb3][0xc0][0xff][0xfb][0xc5][0x87][0xf5]i[0xaa]eN[0x11][0xe6][0x9d]w[0xd4][0xfd][0x87][0x84]UE^[\r]\[0xe1][0x1f]$[0x91]s[0xb8]6[0xde][0xa3]Z[0x0]<[0xb9][0xc6][0xe][0x81]Z[0xca][0xed][0x9][0x86]x[0x1d][0x11]^[\n]"
2024-04-25 19:08:44 [main] DEBUG org.apache.http.wire -  << "[0x1][0xb4][0x86].[\n]"
2024-04-25 19:08:44 [main] DEBUG org.apache.http.wire -  << "[0xcb]u[0xa2][0xbc][0x97][0xed]cd8[0xc6]DNdic[0xc4]fM[0x1d]D[0x5][0x18][0xe3]:[0x0]5[0xb][0x81][0xfa]g[0xa9][0x94]U[0x82][0x92][0xbf][0x9e][0x90]&[0x1c][0xa1][0x1c][0xfb]-[0xe6][0xb0][0xbe][0x8b]?[0x1b][0x11][0xfc][0xd4][0xe1][0xcf][0x0][0x8a][0xe4][0xad][0xd3][0x2][0xcc][0xea][0xcb][0x11]+[0xd8]r~[0xd7][0xed]"!7[0xd3]P[0xb]@5c[\n]"
2024-04-25 19:08:44 [main] DEBUG org.apache.http.wire -  << "[0xfa][0xd9][0xc8][0xe9]iM[0xf4]![0x2][0x1d][0xf2][0xc][0xbe][0x88][0xa4]4g[0xac][0xe9][0xae]q[0xc7]9[0xf1][0xee][0xc3]8[0x5][0xaf][0xd7][0xb]%[0xf7][0xa3]9[0x17][0xe5][0x11][0x91]H(A[0x92][0x84][0xea][0xb2][0xd3][0x4]P[0xc3]7[0xfd][0xf8]6^HA[0x9f]J[0xf0][0xe7]F[0x82][0x1d][0xb4][0xcd][0xde][0xaf][0xe8][0x9a][0x1a][0xa7]'[0x80]C#[0x89][0xf8]5[0xf6][0xd2][0x7][0xb1][0x8][0xe9][0xa8][0xa5][0xf2][0x19][0xd2]E[0xfe]7#h[0xc2][0x90][0xe8][0x9e]t{6![0xd8]'[0x85]cq[0x9]Jn[0x85];[0x91]|[0x16]I[0x9c][0x19]'[0xd3]E)4A%[0xdf][0xa6][0x94]w[0x19]/[0x12]:Gw9)[0xa4][0xe][0xeb][0xe2][0xe1][0x12][0x9e]$|[0x18][0xa3]`[0xc2]W$[0xda][0xa7][0xc3][0xac][0x17][0xe2][0xf5][0xd6][0xc][0x86][0x92]~r[0x0]b[0x91]`[0xdb]Y[0x18][0x1c][0xc5]H[0xa1][0x9c][0x89].[\n]"
2024-04-25 19:08:44 [main] DEBUG org.apache.http.wire -  << ">[0x10]4B*B.[0xb2][0xa5][0x9]M[0x16]$7[0x7]:[0x8b][0xf0]B[0x11][0x9f][s[0x87]k[0xef][0xe5]s[0xbc][0xb]T[0x97][0x98][0xae][0xfe]zb[0xb5][0xeb][0xd7][0x19][0xba][0xbf][0x91][0xdb]W e[0x80][\r]9[0xbb]f[0xa3][0x81][0xe][0xc1]n[0x88]c[0x6][0xf]"[0xa4][0x2][0x3]4v[0xf][0xb6][0x95][0x9][0x9e][0xc1]t[0xf8]6[0xc8]r[0x85][0xfd][0xf4]lH[0xc8][0xe]8#[0xd1]1[0xdd][0xff][0x8c]"N[0x8a][0xa2][0x3][0xa1][0xc8][0x95]Y[0xe7]T7C#[0x19]Ni^[0xd1][0xed]=[0xa7][0xed][0x92][0xf1][0x82][0xca]6[0xdb][0xf6][0xc8]*J#|X[0x8a][0x10]Mx[0x81][0xb0]aT[0x5][0xb5][0x4]Rr[0xb1][0x9e][0xa4][0xfd][0xb4]E[\r][0xed]"[0xd4][0xcf]uH[0x96]m[0x91][0xf8][0xa4][0x0]:D[0xca][0x1a][0x6]d[0x93][0x92]&[0xb][0x90][0xc7]tq^[0x7]+9[0xd6][0xe][0xba]v[0xc4][0xce]e7[0xc][0xda]&0>[0xac]%[0xb4][0xbd][0xae]F[0xae]s[0x1e]?h[0xb5]%[0xd3][0xe4][0xa2]9[0x96][0x87]Z[0x16][0x19][0xaf]{r[0xe9][0x1d]&[0x95]J[0x8b][0xb0],[0x9a][0xdd][\n]"
2024-04-25 19:08:44 [main] DEBUG org.apache.http.wire -  << "v[0x99][0xa7][0xe]hZ[0x9c][0x0]c[0x1b][0x81]I[0xf3]S[0x3]{&[0x9]s[0x8a][0x2][0x9d][0x9a][0x80][0xd4][0xe2]z(}[0xda][0xed]H[0x8]v,[0xe9][0x5]Ihp[0x13][0xf6](I[0xb5]]N,yFB'[0x5][0xd2][0xa1]KTSH[0xe7]X[0xb5]I[0xdd][0xcc][0xd0][0x94]p:&D[0x98][0xb6]`[0x9d]t[0x9b][0x81][0x1b]l[0xd8]=[0xc3]E[0x9e][0xc5]3[0x82][0xc4][0x8f][0x94][0x11][0x95][0xec][0x9f][0xe9],[0xc5];[0xb0]0q[0x90][0xe]Q[0x95][l[0x91]wd[0x1]m[0xcc]E[0x98][0xe5][0x17][0x1b][0x19][0xd6][0xac][0xac]:![0xdf][0xac][0xc3]'[0xa5][0xd5][0xf3][0xa6][0xc6][0x4]y[0x11][0xc5]irq[\n]"
2024-04-25 19:08:44 [main] DEBUG org.apache.http.wire -  << "[0x19][0xa6][0x1f] 5[0xe][0x8][0xaa]}[0xf]!{[0xa1][0x88][0x4]v[0x14]~1{[0xc][0x1b][0xcf]*"[0x1e][0x82]E[0x92]*v[0x1e]B[0xa4][0x9a][0xc1][0xd6]"[0xb2]lb}[0xa6]KB[0xa1][0xad][0xb4]Y_[0xa4][0xb4][0xad][0x18]:[0xa8][0x8a][\n]"
2024-04-25 19:08:44 [main] DEBUG org.apache.http.wire -  << "[0x9a]P[0x10][0x12][0x6]v[0xfb] [0x95] [0xda][0xc9][0xfd][0xf2]eG[0x95]i7[\n]"
2024-04-25 19:08:44 [main] DEBUG org.apache.http.wire -  << "\[0xb6][0x8b][0xe5]"[0x9e][0xd3][0xc2][0x4]"[0xa1][0xd8]Z[0xc3][0x98][0x9][0xd2][\r]c[0x14]'[0xa1][0x88][0xdd]}M[0xce][0x83][0xfd][0x89]c ?y[0xe2]es[0xc8]{N[0x8]?w`[0x15][0xa4][0xff][0xfe][0xe6][0x89][0x9e][0xe8][0x88]![0xb8]\[0x1][0x1f][0xc0]{[0xe4]&5[0xb4][0xa7][0x9d][0x15]%Q`$[0x15]B[0x84][0xee][0xb7])]#XV[0xe5]?.[0x1e]][0xc1]*o([0x9a]qN[0x97]@t[0xe3]\[0xa4][0xfc][0xf3]l[0xdd][0xbf]4[0xeb][0xee] &T[0x1f][0xe5][0x9][0x86][0xae][0xca][0xfe][0xed]C@O[0xa2]j[0x9e][0xc4]o[0x8d][0xf2][0x85][0xd1][0x8d][0xba][0xfd]KC?)[0x8a]0[0x1][0xe1]yM[0x1c][0xb2]Df[0x9c][0xbc][0x8e][0xc2][0xb1][0xc8][0xf5];[0xd2]~[0xcf]]4[0x97]1[0x3]<(xf[0xf5]9)[0xa1]c|[0xa9][0xc5]M[0xe4]p[\n]"
2024-04-25 19:08:44 [main] DEBUG org.apache.http.wire -  << "[0xa3][0x97][0x3]\[0xe1]i5{_-[0xa0]%[0x10]/[0xe0][0x18]`[0xca]$[0xe8][0xe8]<q[0xd0][0xcc][0xa1][0x19][0xe2][0xb6]$|[0xc3]=[0x15]Q[0x85][0xb8]S[0xd0]w[0xb7][0x3][0xb7][0x9b][0x8]g[0xe5][0x9]\,\[0x82]oI[0x94]E[0x15][0xf3][0xa4][0x94]:D*[0x11][0xc0]!w[0xac][0xe5][0x9][0xd7][0xc][0xe7][0x8e][0xbc][0xdc][0x90][0x94][0xa5][0xf2][0xce]S[0xb][0x89][0x8e][0xaa][0x5][0xc2][0x11]t[0x83]C[0x9c][0x5]6[0xc3][0x14]F[0x1a]%[0xc][0xd2][0x87][0xdb]D[0x1e]^[0xc8][0x18][0xd5][0x95]g[0x82][0xf5][0xe4][0x8a];[0xe0][0x19][0xae]O[0x19][0xaf][0xed][0xd1][0xf3][0x15][0x96][0x8d]d[0x9e][0x13][0xbb][0xb3][0xb5][0xdc][0x83]S"[0xc6][0xc2][0xb3]S6<i[0x9d][0x7][0xb2][0x1e][0xb0]1[0x7][0x1f][0xb5][0xba][0x13][0x9c][0x98]s)[0xc8][0xe][0xf9][0x93];b]z>[0x9c],N[0xdc]l[0xc2][0xab]FOz[0xf1]Kt[0xfa][0xa4][0xc8]:[0xa8]J{[0x9][0xa5]n[0x98]7[0xa7][0xbf]P[0xfa]x[0xca]|[0x9][\r][0x7][0x88][0xe9][0x91][0xdb][0x1][\n]"
2024-04-25 19:08:44 [main] DEBUG org.apache.http.wire -  << "[0xab][0x92][0xc5][0xc]u6[0x8e]Df[0xe3]A[0x13][0xa1]be[0xce][0x16][0xd0]%Y[0x1a][0x91][0x8c]*[0xa5][0xf2][0x10][0xc2][0x96][0x88][0x13][0x8][\n]"
2024-04-25 19:08:44 [main] DEBUG org.apache.http.wire -  << "[0xce][0x13][0xa9][0xaa][0xd2][0x81][0xe3][0x16]lxRP[0x1d][0xb0][0x15][0xe0][0xc9][0xda][0x95][0xaa]e[0xc1][0xfa]:}[0x4]][0xe9]"[0xd3][0xb5])p[0x0]g"[0xa1]O[0x19][0x1e][Y[0xe2][0x92]s[0xf5][0x1d][0xc9]%[0xca][0x96][0x13][0x98]\[0xd1][0x15][0x89]x[0x96][0xce][0xa7][0xf8][0x5][0x84]P[0xb4][0xc6]m[[0xc][0xb][0xd3][0xce][0xb1]\[0x0][0xd2]n[0xa3]`([0x91][0x10][0x88][0xda][0xb3][0x93]RSv[0xd4]wR[0x88][0x1d][0x18]N[0x85]U[0x8a]f[0x1b][0xa8]3s[0xa7][0xa4]rOc[0xda][0xaa]/#[0x19][0xbf][0x1a][0x80][0x0][0x1b]3[0x2][0xb7]G[0xba]q[0x93] [\n]"
2024-04-25 19:08:44 [main] DEBUG org.apache.http.wire -  << "[0x93]&T[0xa6][0xdc][0x84][0x8c][0xd5][0xb2][0xc4]-UW[0x91]?[0x1]b[0xb2]]&G[0x8d][0xcd]j[0x8][0xbb]M[0xb1][0xb4]{0)[0xee][0x81][0xd5]>)[0x9a][0xe][0xf9][0x86][0xa7][0xd6]D[0x81][\r]j[0x1a][0xa5][0xea][0x89]x[[0xde][0x19][\n]"
2024-04-25 19:08:44 [main] DEBUG org.apache.http.wire -  << " 8[0x91][0xb2][0xf5][0x15][0xe][0x18][0xab][0xe4]S[0xda]3[0x83]xm2[\n]"
2024-04-25 19:08:44 [main] DEBUG org.apache.http.wire -  << "[0xcf]R[0x93][0xb9][0xc8][0xde][0x97][0x16][0xd8][0xc6]>A}Z[0xf8][0xc9]R[0x84][0x83][0xcd]P[0xb0][0xb9][0xb][0xb7]>[0x98]C[0x8][\n]"
2024-04-25 19:08:44 [main] DEBUG org.apache.http.wire -  << "O[0xcb][0xdd][0xf4]i[0xdd]r[0xd4][0xc3]y[0xb5]@[0xbc][0xca][0x95][0x8a][0xdf]>'[0xc7][0xe]:[0x8b][0xe8]4Y[0x94][0xbd][0xcf][0x1d]/[0x92][0x9d][0x16][0x84][0x99][0x9e][0x95][0xf1]T[0x3][0x8b]3[0xf][0xc3][0xaa][0xca][0x2]K7[0xe2]4[0x2][0x16][0x19]&S[0x94][0xe7]t[0xff]'OW[0x12]X[0xb8][0x9a])[0xf6]4![0x10]q,BlEnc[0x15][[0xe1][0xbf][0xd1]B[0x2]o[0x91][0x15][0xdb][0xeb][0xb3][0x9f][0xe7]d[0xf5]K[0x87][0xb0][0xb5]SbV[0xcf]p[0xd0][0xaf][0x94][0xba]@[0xc]c)q[0x80]`/[0x91][0xf][0xf1][0x9b][0xef][0xe3][0xd9]$[0xec][0x89][0xf7][0xc0][[0x1e]"[0x9b]j[0xec]3[0xab]"r[0x14][0xa1][0xc4][0x1a][0xee]G[0x96][0xbb][0x9]O[0xc1]HCe[0xef][0x9f]zU[0x13][0xf8][0xb5][0x91]@[0x87][0xb5]%[0x17]X[0xac][0x9b]v/[0x80][0xa6]Q[0xc3]9[0x94]h![0xda]c[0xaa][0xc1][0xd8]h7[0xd1][0xe8]oC;R[0x6][0xe0][0xa2][0x1f][0xf6]{[0xa7][0x5]B1R[0xc1][0xeb]S8[0xa1][0x9][0x1e][0x86]q[0xb8][0xe0][0x6][0xd5]O[0xb0]k[0xea])[0xe5]9'[0xa5][0xd1][0xe1]j[0xab][0x97]+-[0xc8][0xf8][0xae][0xe6][0x96])D[0xfa][0xf0]T[0x99][0xb5][0xf6][0xd2]D[0x9f][0x93][0xce]CSb[[0x93]m9[0x1b][0xa1]kr[0xa5][0xce][0xa9][0xf5][0x8c][0xea][0xab][0xc7][0xd8][0xcc][0xef][0xa9][0xf2][0xc1]s[0xab][0xdd][0xa3]P[0xdd]4Hc3[0x92]Wo[0xfd][0x10][0xb0][0x8][0x88][0xdb][0x17][0xbd][0xa1][0xad][0xf8][0xfa].Zg[0xe3]xg[0xcd]m7dU[0xd4][0xa0][0x92][0xe8][0xd8]Ik[0x12][0xf1]"[0xbb][0x8d][0x14][0x18][0xd2][0x94]z)[0x90]O[0x8d]R/VR[0x93][0x0][0xdd][0xe1][0xb1][0xe2][0xb0][0xf6]65[0x16])+MB@b[0xef]s[0xf7][0x18][0xd2]cc[0xb2][0x85][0x93][0xb5][0xe7][0xec]n[0xa3][0xc8][0x9b][0x14][0x95][0xf3][0x9a][0x96]J4[0xdd]<)[0xd6][0xe][0xd5][0xc3][0x83] [0xad][0xf][0x8b]\[0xfa][0xe][0xf6]DE[0xb1].e[[0xf3][0xde][0xb0]u[0xb8][0x8d][0xef][0x8c][0x6][0xcc]`[0xc0][0xef]qB[0x90]J[0xe3][0xd0][0xe]8[0xb1][0xc8][0xeb]$}A. N[0xfb]Q[0xb5]$^e[0xc5][0xe6][0xa1][0xc0][0x90][0xa9][0x93][0xda]v[0xf8][0xfe]E[0xd2][0xdb][0x8a][0xa1]C[0xea][[0xa4]e[0xbe]G[0xca][0xf1]J[0xc6]o[0x9c]]j[0xb6]:[0xcc][0x16][0xab]K'[0x8b][0xc2][0x16][0xfb]m[0x9b][0x1e]8V[0x19][0xd7]0i[0xf1][0xd7][0x81][0x3]C\[0xa2][0x88][0x80][0xd9][0x8e][\n]"
2024-04-25 19:08:44 [main] DEBUG org.apache.http.wire -  << "[0xdc][0xe4],[0x14][0x83][0xe6]<[0xb7][0xf4][0xe]{[0x1b]W[0xaa][0xed][0xce][0x99]dSG[0xd2][0x15]X[0xda][0xa6][0x3][0x91][0x1a][e[0x84][0x1e][0x90][0xcd]"[0x8][0x87]q[0x96][0x81][0xb8][0x1f][0xd1][0xb6][0xd2][0xa2][0xc],[0xfa][0xc7]j[0xe3][0xc9][0xd0][0xc4][0xc0][0xd6]uru[0x7][0xc][0xb1])[0x98][0x2]t[0x95]W[0x94]![0x9e]/. [0x9d][0xf2]7[0xdc][0xc7][0x16])[0x95][0x80].%x,KH[0xed]t[0x1c][0xbc][0x9b][0xdc][0x89]o[0x99][0x9][0xf1]}[0x13][0x8f][0x8d]k[0x14]([0xfb]B[0x9f]ZK[0x8a][0x8c][0xe6][0x0][0xb3][0xff]9)[0x96][0xe][0x10][0xb7][0xd9][0xb8]:[0xba][0x92][0xc9]I[0x98]"[0x1][0xbe][0xa7][0x2]Bz[0x98]nc;[0x8c]&[0xd4]Hd[0xba][0xc0]e[0x99][0xf9][0x89]",:[0x1e][0xdf]P|[0x4][0xc7][\r][0xce]q[0xcf][0x83][0x1b]][0xd4]v[0xaf][0xca][0xa6][0x18]a[0x98][0x87]o[0xce][0x9][0xa5]C[0xb7]F[0xc8]p[0x80][0xf3]Q[0xa0]-C[0xfb][0xb6][\r][0xe8]IP[0xe][0xfa][0x9e]V[0xc1]q[0x9e][0xc1]E`uF;[0x12]P[0x11]\S[0x8a]j][0xea][0x2]ZP[0xc7]7[0xe4]B[0x86][0xa0][\r][0x97]Q[0xdd][0xa4][0xd7][0x14]#R[0xfd]vC[0xcb]m[0xf0][0xd0][0xf9][0x92][0x1a]0_[0x8d]g4[0xf2][0xf9][0xb5]C[0xb4]-[0xf4][0x1a][0x9b][0xb2]_[0x7]-[0xe2][0xdd][0xf9]R[0xf5][0xa5]M\[0xeb][0x9c][0xa7][0x0] w[0xb5][0x96][0x4]XP[0xdf][0xd5][0xa5][0xec][0xd1][0x9][0xd9]g[0xb][0xd1]RY[0xbc][0x8e]fb)^[0xd0][0xee][0x8][0x13][0xed]M[0xdc][0xb9][0xc0][0xa7][0x9c][0x8a]?[0xdd][0xc]][0x11]QLc[0xb4][0xc4][0xef]S[0xd1][0xfe][0xd6][0x88][0xb6][0x9f]<[0x83][0xb1][0x1b][0xf8]2N '[0xc6][0x92][0x1a][0xc8][0xf3][0x9e])^S[0x9][0x16][0x1f]g[0xe6][0xac][0xd0]"[0x97][0x2][0x9b][0x8d][0xb2]N[0x5][0xbb][0xe][0xed][0x1c]+[0xba]$[0x18][0xab]$[0xe4],[0xfd][0x9a]][0xf4][0x1e]~[0xda][0x95][0x1f]O[0x90]iu[0xba][0xd9]b[0x94][0x3]$[0xeb][0xce][0xab]^[0x13][0x19][0xdc]Y[0x1e]*;K[0x1e]o[0x10]0!Qf[0xbf][0xcf][0xdc][0xce][0x8c]Gk.[0x9f]r[0x2][0xfa][0xa9][0xd5]s[0xe0][0xe][0xe5][0xce]9[0xdb][0x8d],>,[0xf8]m[0xd2]}[0x14][0x9a]`[0xdf][0x13][0xe9][0x1d][0xad]'E[0xd5]A[0xe0](j:[0xc4][0x17][0x8e][0xaa][0xcb][0xac]@[0x81][0x2][0xad]f,\[0xb7]f[0x1e][0xc9]p[0xdb][0x93][0x99]4q[0x85][0xd2][0x12]-[0xa9][0xb7]l[0x2][0xf0][0x1][0xd4]"s[0x9a][0x92]?[0x3]Ej[0x12][0x15]~j[0x1][0x8f]:[0xa5][0xdc][0xc6][0xe1][0xf6]IQt[0xb0]U[0xb6]+t[0x12]%[0xdc][0xa6][0xee][0xa4]e[0x99][0xae][0x8c]g[0x8d]s[0xca]F$[0xf2][0x97]<[0x89][0xe4]([0x86][0xaa][0xb6][0xdc][0xc4][0x9d]j[0xe6][0x84][0xd8][0xb4][0x3]T![0x4]:@[0xf6][0xed]U[0xdc][0x95]e^[0xd1][0xdb][0xa1]-U?[0xb9][0xee][0xe][0xa7]Z[0xbb]B[0xce][0xf1]!\ [0xef][0xa7][0x1c]_[0xa4][0x99][0xa5]![0xe7][0xa1]$[\n]"
2024-04-25 19:08:44 [main] DEBUG org.apache.http.wire -  << "[0xdb][0xb5][0x10]#[0xa3]Vn[0xb][0x97]M[0x8d]H[0x8a][0x9e][0xca][0x9d][0xb4]}[0x85]+[0x1a][0xce]u[0xb1]J[0xc0][0xc6][0xfc][0x14][0xe2][0x1a][0x87]k[0xad]v[0x9c]\}[0x7]U[0xb5]{[0xa9]X[0x9][0xa2][0xa5][0xce][0x8e]Z[0xd9]e[0x96]0[0xf5]8p[0x9f]u[0x5][0xc]|l:[0xa5]Q[\r][0x93]h[0xe9][0xc2][0xa0][0xb7]M[0xa0][0xc6]4O=[0x9c]^[0xb1][0xcd]e[0x93]h[0xa6][0xce][0xe][0xc6]ZkD[0xa9][0x93]B[0xe8][0x10][0xad][0x14][0xe][0xdf]u[0xea][0xb6][0x83][0xaf]9wh[0xc7][0x89][0xb][0x16][0x8c]DU[0x6]`[0x96]&[0x9f]Q[0xd7][0x95][0xb9][0x81][0xe8]b[0xaa][0x9a][0x12]c[0x16]9[0xd6][0x9e][0xb0]zL[0x81]-g7[0xf8]i[0xa7],{([0x0]P[0x1f][0xfe][0x95]b[0x8][0xc6][0x1f][0xbb][0xce][0x4]e6[0xd3][0xa7][0xb5]3[0xc1][0x82]7[0x9a][0xb4]| h[0x96][0x16][0xcd][0x98][0xc1][0x93][0xb9]H[0xe5][0x98]m[0xa0][0xc7][0x8a][0x9a][0xde][0xbe][0xc6][0xe8]D[0x1a][0xf1][0x83]+[0xc0]sO.[0xb6][0x83][0x9b][0xa8][0x8][0xe7][0xb1][0xb0][0x12]E[0xdf][0xaa][0xd8]b[0xbc][0xbe][0x9a][0xda][0xda]O&[0xca][0x1a][0xaa]U[0xd1]S[0xfc]b[0xf][0xb1]o[0x1f][0x9b]T[0xc3][0xad][0xb1][0xaf]+~[0x99][0xf0][0x1d][0x93]5[0xa3]/[0x88][0xcd][0x81](.[0x1e]]$[0xdc]jK1[0xcc][0x86][0xfb][0xd5][0x0][0xa6]m[0xc5][0xe7]z![0x1b][0x11][0xfe][0xd6]![0xd2][0x1c][0x83][0xac][0xfc][0x15][0xcd]]V5([0x87]mL[0x11][0xa0][0x8e][0xf9][0xc9][0xc]y$[0x19]x[0xcf][0xa3]&[0x9b][0xe]nr[0xf9][0x8d][0xdd][0x6][0x8c]E[0xe2][0xbe][0xb5]&[0xe7][0xae]oq[0xa0][0xd9][0xef]F[0x81]@B[0xb1]qe6[0xab][0xec][0x85][0xac][0xa7][0x92][0xf9][0xbd][0x91]L[0x7]([0xf][0xc7][0xbc]3lc[0xeb][0xf] [0xd1]-[0xfe][0x1d][0x9],[0xe8]![0xb4][0x81]z[0xcd][0xc1][0x80][0xbd][0xbb][0xbb][0xdc][0x9e][0xf3][0xbe][0xe3]h5[0xdd][0x93]Mq[0x6][[0xa2]c[0xaa][0xa8]Y[0x98][0xa2][0x1c][0xa7]U>ym[0xcc]#[0xb9][0x3]W:L9[0xfb][0x97]3[0xd5][0xad][0x90]:[0xec]i[0x1e][0xde]g[0x1a][0xe9]n[0x87][0x9d][0x93])[0xa5][0x2]rjY[0xa7][0xc][0xb2][0xc2][0xaa]0j[0xcd][0x1b][0xea][0x92][0xcb][0x3]u5[0xdd]EiX![0x85]3[0xc8][0x84][0x1d][0xab]B[0x81][0xa4][0xf1][0xa6][0x9]dT1[0xac][0x87]I[0xa4]s[0x92][0xe8][0xa0][0xa5][0x1b]v[0xda][0x94][0xbc][0x8b]j[0xeb]F,#S30[0x90][0xce][0xb5]8[0x96][0x9e]7[0xb0][0x84][0x18]Y[0xbb][0xa2]\[0xe8][0xea]Q[0x1f][0x81][0xbf][0xb4][0xcb][0xfa]3w[0x9][0x1][0x8c][0xfb][0xfc][0xa0][0xd2][0x4]"[TeYH[0xad][0xb5][0xe7][0xc6]#7i[0xeb][0xcb][0x82][0x98]mru[0xdc]9I[0x97][\n]"
2024-04-25 19:08:44 [main] DEBUG org.apache.http.wire -  << "[0xf0][0xe5][0xeb]A[0x98]V[0xc2][0xfd][0xe1][0x6][0xab][0xf7][0xc][0xb3]s[0x4][0xb9][0xc5][0xfc][0x96][0xcf][0xb4][0xcf][0xd7].[0x9f][0xb9]*&[0x89]5[0x90]7[0x5]U[0x93][0xe3]tjO[0x1f][0xdb]3J[0x16][0x4][0xb1][0x1c]'[0xd2][0xf0]a[0xd1][0x9d][0xc]P[0x3]:[0xbb]l6[0xb3][0xfb][0x1c][0xa5][0xb4][0xcb][0xed][0x80]j[0x93][0xb9]^ab[0x88][0xa9][0xfc][0xef][0x19][0xa7][0x4]z[0xf9]S[0xfc](w[0xfd]M[0xb9][0xaf]]&[0x89][0xb5]Nf[0xc4][0x86]i[0x96]R[0xc6][0x8a]@[0xd0][0x19][0x9d][0xe5][0xe2][0x0][0x9c]n[0x8e][0xce][0xbd][0xb2][0xee]:[0x95][0x92]w6[0xc2][0x86]_[0x9c]=[0xba][0xb][0xcc][0xa0][0xd5]I[0xa9]t[0x0]6[0x97]t[0xab]e[0xb7][0x92][v[0x95][0x1d][0x1f]D[0xb6](e^[0xd7]&}R[0x1][0x7][0xa9]P[0x80][0xd7] [0x82]&[0xfe][0xaa][0xd4]U[0xe4]HH[0x8e][0xe7]<[0xfd][0xeb][0xe4]b<&[0x1d][0xc][0xb0]*[0x89][0x89][0x13]G^[0xd6][0xbe][0xda]uw[0x98][0xd5][0xb6][0x8d][0x9f][0xce]/[0x87][0x1][0xc9][0xc5]I[0x9e][0x17]u[0xf7][0xd6][0x98]s[0xa9][0xf0][0xa8][0x97][0xc3][0xb1][0xaf][0xd5][0xd7]v[0xa7][0x9a][0x14][0xed][0xfc]wG$[0xe8]D[0xe7][0x5]1>#[0xec]_rmM[0x13]|[[0xab][0xff][0xfe][0xb9][\r][0xad]\:[0xbc]+[0x99][0xaa][0xb8]7[0xf5]}[0x89][\r]L[0x15][0x84][0xc3]!S[0xb][0x83]q6K[0x82][0x17][0x6][0x0]K[0x80][0xcc][0xf2][0xe9]7`B[0xa0][0x12][0xa2][0x18][0xa0]9q)E[0x17][0xd0]eVS[0xb7][0x16]E[0xb1][0x1d]?f[0xe7]t[0xe8][0xed][0xc0][0xaf][0x8a]\v[0xc3]7[\r][\r][0xaf][0xc2]^[0x1c][0xdb][0x83][0xf7][0xdc][0xc3][0xd9][0xb7]mU[0xd7][0xb1][0xb5][0xe8][0xa8][0xa7][0x5]n[0xcb][0x93][0x84]6[0xae]n[0xfd][0x9f]:[0x8f][0xdc]d[0x11][\n]"
2024-04-25 19:08:44 [main] DEBUG org.apache.http.wire -  << ""[0xbb][0xf6][0xd3][0x83][0xa1]([0x10][0xb]([0xc1]k[0xd3][0x9d]B[0xdd]l[0xf5][0xad][0xcf]QWtN[0x88][0xbf]w[0xf0][0xb7]),[0xe8][0xb0]4C[0xee]Cbp_8[0xd7]c[RI|[c[0xbf][0xc5][0xef][0x5][0x9][0xb0][0xa3]~[0xb5][0xa7][0x2]*bt[0x9][0x99]([0xa2][0x93][0xf3][0x89]>|[0xf0][0xdc]@[0xfe]hVxt[0xd8]A[0xd3][0xbc]R[0xf3]`!{[0x91]NO[0x82][0xb1][0xc9][0xf4][0xa7][0x14][0x8d]![0xed]fJ[0xdc]Z[0xe6]r[0x95][0xc6]WT[0x15][0xd5][0xeb]pII[0xa0][0xdd][0xfb]9-[0xb6][0xe9][0x10][0xd6][0xd2][0xc4][0x91][0x93][0xab][0xee]p[0xa9]8/[0xb6][0xc8][0x1d]t[0xb7][0xf1][0xbb]YG[0xd5]:[0xc0][0x0]0[0x95]O[0x1e][0x88][0x1d]M[0xeb]n[0xc9][0xbb]t[0xe0][0x19][0xb0]I[0xcb]dYj[0xcc][0xef][0x93][0xa6][0xd5][0xab][0x9e][0x9d]`[0x7][0xbc][0x8]f[0x8][0x92]l[0x1][0xed][0x95][0xf2][\r][0xef][0x6][0xf3][0xf2][0xc8]k[0x7][0xd2][0xca][0xa8]C[0xac][0xed][0xdc][0xa4][0xab][0xed][0xac][0xfa][0x99][0xe0]"'n[0x1a][0xfa][0x11][0xcc]<[0xed][0x4]L[0x11][0xd9][0xcd][0xc1][0xc0][0xa3][0xb6][0xb2]qX[0x4][0x95]`[0xe8][0x84][0x0][0xa5][0x12]\[0xca][0xbe][0xa6][0x8f][0x1b][0x93]\[0xa3][\r][0xb7]T[0xad]P[0x80][0x98][0x98]Z[0xae][0xe6][0xa8][0xdb]uyY[0xb9]i[0x85][0xd5][0x83]Oa[0xb9][0xb9][0xf5][0xc7][0x12][0xcd]|[0xaa]IY[0x1a][0x1a][0xdc][0x82][0xdf][0xe1][0x0][0x84]Rp[0xb5][0x1b]_[0x11][0x9d][0xb5]2h[0xcc][0x95][0xdf][0x9f][0x9c]t[0xe4][0xce]1rGks[0x0][0x18]o:.[0xa5]{E[0xe1][0x8e][0x9e][0xdd]b[0xdb][0xe4][0xdd]n[0xae][0xf5][0xf1][0xc]uD'[0xa5][0xd6]a[0xd8][0xdc][0x18]\mtc[0xb0][0xfe][0xc4][0x9c][0xd7][0x8d][0xdd][0x8][0x96][0x9f][0x1f]Fv*}[0x95]H[0xd7][0xf2](<[0x93][0x6]z,[0x99][0x9d][0x98][0x93]d[0x10]mj[0x9][0xe8][0xdb]qk[0xdb][0xee][0xcc][0xb8]h[0x7][0xd4][0x12]l[0x1e][0xcc][0x82][0xaf][0xc2][0xd0][0x85]B[0xba][0xc4]M[0x98]fG[0xaf]<:[0x8e][0xbf]S[0xd5]iE[0xf7][0xec][0xfc].[0xde][0xd6][0xa8]K^[0x8d][0xab]~[0xd1][0x88][0xe3]'[0xc2][0xd8][0xc9][0x17][0x8][0xab][0x8][0x2]jF[0x19][0xd8]W[0x8d][0x5][0xa1]f[0x96]Q[0x5][0xcc][0xe9][0xa6][0x91]^[0x1e][0xb1][0xd2][0xae][0xac][0x83][0xb2];[0xb5]?[0xac][0x9d][0x1c][0x1d][0xfe][0x80][0xde]/[0xb1]u[0x94]3*0[0xa0][0xe2][0xd3][0x1f]\[0x8d]@[0xd5]6[0x9c][0x90][0xd2][0x0][0x99]j[0xf]z[0x1b]3[0xed]f:[0xc9]k[0xb8][0x1e]ym1"[0xbe][0xe]l[0xdc]k[0xaa]P[0xe4][0xd7][0x8a][0xd6][0xf4]s[0xc2][0xea][0xf0][0xad]<[0xb0]I[0xee][0x8c]i[0xd7]t[0xa3][0x9f]1{O[0xad]"[0xe2]q[0xc2]wz[0xe7][0x5]:[0x88][0x2][0xd5][0x85]33[0xfe]q[0x94]>Zo[0xe0][0xe2][0x1f][0xe8]L;[0xd0][0x9e][0x80][0x89][0x9c]u[0x9c][`[0x7]c[0xf7]\{[0xf4]w[0xab]%'[0x6]GT[0x9f][0x85][0xbd]_[0xb4]V_[0x9a]^Z[0xd1]h[0x8d][0xca][0xbe][0xdd][0xcb][0x98](kT[0xd4][0xac][0xac][0xa3]S[0x89]h[0xdc][0xce]]&[0x8e]aS?[0xa5][0xd1]8[0xcc][0xe8][0x7][0xb0]f[0xb4][0x96]FX][0xa1][0xe6][0x93][0xd2][0xf9][0xa3][0xc3][0xa7]:[0xa1][0xcc][0x9d][0xb][0x9f]z[0xde][0x96][0xe6][0xf2]N[0x1d][0x16]=[0xba][0xb4]#[0x8e]>[0x91][0x1b]8[0x16]C_[0xb5][0xb6][0x81][0x8d][0xb9][0xfc]z[0xaf][0x6]E[0xf9][0x17][0xd6][0x80][0x1f][0x5][0xaf][0xdd])[0x18]I[0xff][0xa3][0xe1]-5d[0x81]W[0x8c][0x86][0x6][0xde][0x1a][0x1b]|[0x95][0x9]M[0x1c][0xc]3[0xe5][0xde][0xcd][0xef][0x1b][0xca][0x9f][0x8d][0xa4]:[0x9c]k[0x90][0xf9][0xd1]TNS[0xeb][0xee][0xec]d[0xfc][0xb7][0x83]2[0x9f][0xc3][0xb7][0xd4][0x9a][0x90]O[0xfb]h[0x9b][0x90][0xb8][0xc0]a9[0x8a][0xf7]Ltm[0xe8]Qf[0xb3][0xc8][0xab]g)[0x6][0xd3]p[0xd8][0xdb][0xb7]4XF[0xca][0xa5][0xae]c[0x8a][0x8d]Rt[0xf0]%n[0xaf]O[0xe]m[0xe5][0xd7]![0xe6]T[0xc7][0x8a][0xd8][0xe6]e[0xb][0xec][0x96][0x4]m[0xfa][0xdf]A[0xc8]Q[0xb][0xb4][0xc6]~[0x8d]9[0xe]T1[0xeb][0x8e][0xac]W[0xf]^[0xd0][\n]"
2024-04-25 19:08:44 [main] DEBUG org.apache.http.wire -  << "Q[0xaa]rf[0xf][0xd0][0xfa]*[0xd8][0x92][0x97][0xec][0xfd]pR%8A0[0x9b]/[0xd3]2\[0x92][0xa9][0xf8]g[0xdc][0xc2][0xc2]<a[0xf1][0x93][0x92][0xea]p[0xb3][0x1d]d[0x96]BD:[0xb8]D8k=[0xd9][0xf5][0xa8][0xb9]1[0xfc]C:71:H[0x8c][0xcf][0xf5][0xf3]6s[0x19][0xc4]#Q[0x83][0xac][0xd1][0xac][0xc1][0x9]E[0xa3][0x1][0x8c]d[0x1e][0xc7]X[0xd2]([0x96]U{[0xd8][0xfe]`d=[,[0xf5][0x96][0x9e][0x14][0xd5][0x93][0xde]Xp[0xbf][0xe1]*v/[0x1a][0xb8][0xd3]$[0x12][0xf6][0x9b]zq[0xfa][0x86][0xe3][0xac]=:[0xc3]V[0xcc][0xe1]2[0x1][0xe3]-8[0x85][0xad][0xd5][0xc7][0xee][0xbc][0x17]}W[0x85]d18[0xcc][0xc9][0xc8][0x15]Z[0x96]Z[0x11][0x12][0xa2]x[0x85][0x83]Z[0xe1][0xf4][0xe0][0x18][0x9b][0x10][0x8b][0xd5][0x1][0x8d][0xf0][0xcb][0x6](3[0x8e]_[0xf][0xa7]H[0xdb][0xe9][0xe6]|[0xfc][0x94][0xd1][0x96][0x8a]}[0xf2][0x9c][0x97]4[0xa1]$[0xbb]1c7[0xe6]T[0x3]0[0xdc]u[0xb5][0xc3][0xcb][0x8a][0x1e]a[0x99]F[0x8b]-[0x84][0xe7]N[0x19][0x8c]p'~L=[0xde]Iiux8[0x1d][0xbb]*/[0xaf][0xa7][0xf6],}[0x96]e[0x80][0xd2]BKC[0xa4]/h;mk[0xbb][0xf9]L[0xad]8[0x10].O[0xea][0xe3][0xf0][0x95]![0x8d][0xc1][0xb4]GE+[0x19][0x16][0xe1]Y[0x9e][0xd1][0x84]J[0x97][0x92]O[0xfc][0xbe][0xae]7[0xb5][0xf2][0xe8]Q[0xb4][0x2]][0xef][0x1][0xf6][0x83][0xa3][0x8e]N[0xad][0xa9][0x8d][0xa3][0xf5][0x8][0xc7]![0xc3]:[0xd6][0xda][0x1a][0xc7][0xae][0x2][0xd9][0x9e][0x7][0xe4][0x15]DQ[\r][0x19]e[0x92][0xac][0xfe]U[0xdf]B[0xbb][0x9c][0xe][0xe7][0xba]k[0xd3]B[0x16]f[0x8][0xfa][0xde][0xd9][0xe][0xce][0x83]1[0xca][0xd5]C[0xb][0x13]B[0xf0]HS5[0xa8][0x16][0xa1][0x83][0xbc][0xe1][0xa8]-S[0x1][0xce]^[0x80][0x1b][0xfd][0x1c][0x89][0x93][0x8b][0xe9]0-,F[0x1b][0xd9]V?[\n]"
2024-04-25 19:08:44 [main] DEBUG org.apache.http.wire -  << "U[0xa7][0xfa][0xf4]@[0x97][0x83][0xf3]!B[0xce]i[0xaa][0x11][0xa1]4[0xb3]1[0x18]G[0xe1][0xdc]7[0xb8]n[0x9f]-n[0xc3]([0xb8]k[0xf][0xa5][0xe][0xee]=Jf?[0x87][0x98][0x83][0x93][0xb8][0xe3][0xe8][0x95][0xb2][0x9c][0xdf][0xd7]?[0xfb]S[0x12][0xae][0xd9][0xff] [0x1f]iO[0xf0]=j<[0x2][0x82][0xc4]G[0xf4]E[0x91][0xb1][0x8]l[0xe0][0xf6][0x1d]s[0x8d])[0x8]#Wi[0xcf][0xbc][0xaa][0xb9][0xed][0xdb][0xfc][0x9a][0x9e][0x19] [0xa5][0x14][0xdc]<Q([0x9][0xd0][0x86]3[0xb][0x7][0xfc][0xfc]h[0xdd][0x1f][0x1a]A[0xf4]'smz[0x8e]:[0xeb][0xd5]q[0xfa][0x92]8[0x5][0xfb][0xeb][0x2][0xaa][0x3]r[0xf2][0xb8][0xc0]%s[0x83][0xd1][0xe4][0x1b][0xbd][0x98][0xfb][0x11][0x1c]9$[0xb1][0xac][0xe8][0xb8]S[0x92][0xa2][0xc1]X[0xe9]k[0xf3][0x1][0xde][0xde]S[0xfd]Yg[0x97][0xdc]AJ[0x9f][0x9c][0xfd][0xcc][0xe7]7==[0x1e]c[0xdb][0x8d]s[0xa1]i![0xf7]W[0x8d]~[0xd8][0xbc][0x1e][\r][0x92]~)]m[0xdc][0x8f][\n]"
2024-04-25 19:08:44 [main] DEBUG org.apache.http.wire -  << "c[0xdf][0x1d][0x96][0x99][0x8f]~3[0xac]Z[0xc5]V@25[0xad][0xb1]g[0x17][0xdc]!C;[0xbc][\n]"
2024-04-25 19:08:44 [main] DEBUG org.apache.http.wire -  << "J[0x15]h[0xe2][0xf8]$[0xf1]<[0xbb]c>[0xab][0xe5]dE[0x0]6][0x12]x[0xb6]?[0xb4]R[0x2]rB/[0xea]b[0x80][0xba][0x9d][0x12]Y[0xf4]P[0x1d][0xcd][0xe3][0x17][0xeb][0xc9][0xf2]k][0xef][0x9a][0x1][0xdb][0xef][0xfd][0xe9][0x86]V([0x1d][0x6][0xd4][0xbc]zg[0xa9]z[0x86][0xe0]q[0xa9]*u9D[0x93][0x93][0xb9][0x1]i;[0xdf][0x9a][0xa3][0xfc][0xfc]"[0x87][0x8b][0x92][0xd1][0x6]f[0xd1]&[0x98]t[0xee][0x5][0xc2][0x97][0x94]3bL[0xa2][0xe9][0xb1][0x11][0xf3]Q[0xb6]Zj[0xd9][0xf0][0xea][0xae]E[0xaf][0x9b][0x8b]vR9:[0xd8][0x0]NN[0x95][0x11][0xce]KB[0xc4][0xd5][0xb3][0xbd][0xfe]p[0x88]G[0x9b][0x87]j[0xd6][0x1a][0xdb][0x95][0xff][0xa6][0xc7].[0xb3][0xa4][0xf4][0xcb][0x10]HT[0xa5]$Q[0xb1][0xe1]OP[0xeb][0xde][0x83][0xcc][0xf5][0x1f]h[0xe0][0xfb][0x93]2[0x8a]bJ[0xa7]"R[0xa4][0xd1]6[0x88]8,"[0x86][0xe1][0xcf][0xca][0xec][0xa0]yU[0x8f]m[0x91][0x95][0xd9][0xc9][0xe9][0xc2][0xbd][0xb5]3E[0x96]D[0xd9][0xa9][0xf9][0xfd]|[0x89][0x9f][0xcd][0x97][0xfc][\r][\n]"
2024-04-25 19:08:44 [main] DEBUG org.apache.http.wire -  << "[0xde][0x8c] [0x94]uI[0x1a][0x8b][0xbe]f[0xa7]Hd[0xe6][0xc6][0x93][m[0xb4][0xb4][0xea]'[0xde][0xb][0xe4]RCjz[0xf2][0xf9][0xf2][0xf]|[0xb4]B8<[0xb0][0xcb][0xca][0xed][w[0xac]n[0xce][0x1f][0x8e]N[0xed][0xe2][0xb7]J:[0xa2]F[0xe5][0xed][0xe9][0xea][0x8d][0xa2]H[0xb5][0xeb][0x94][0x16][0xde]H#P[0x8a][0x18][0xf1]wK[0xf0][0x89]4[0xbf][0xb3][0xf9][0xd1][0xd4]z*T d[0xaf]([0xed][0xff]>[0xc4]n[0xf0][0xe4]~[0x94][0x8c]A[0xe4][0xb][0xa2][0xdc]Yav[0xa8]3q[0x4]-([0xa9][0x9d][0xed][0xe5][0xb1][0x8e]O[0xf7][0x11][0x8b][0xf5][0x9c][0xe9]_?[0xb1])[0x94]8[0xca][0xc0][0xd9]![0x92][0xfc][0x86][0xdc][0xda][0x98][0xa3]<[0xc1][0xaf]Ij:[0xe1][0xde][0x8f]]?[0xed]d:[0x1c][0x9a]S[0x9c]q[0xb5]3[0xff]L[0xb][0xfd][0xd5]|[0xb0][0xf2][0xb0][0xf4]-[0xcc][0x99]U[0x7][0x9b][0x83]@[0xc5]9`J[0x80][0xf]q[0xb4]n[0xf1][0x84]H[0x2]M[0xd5]H+1[0x6][0x81][0x0][0xde][0xf4]([0xeb][0x9f]%9[0xb7][0xda][0x1f][0xe8][0xb1][0xe6][0xaa][0xa3][0xc2][0x89][0x1c])[0xfe][0xd7]ut[0x9c][0xa3]K(2[0xd1][0xa4]-RC[0xfb][0x87]k[0xb0][0xa9]z[0xa6]a[0xf4]?H[0xe8][0xb4][0x5][0x88],[0x18]U[0x2][0x9d][0xf3][0xf6][0xc2][0xbf]G=*[0xc5][0x1f][0xf1]2[0xa9]7[0xc0][0x80][0x92][0xdc][0xd2][0xbc]"
2024-04-25 19:08:44 [main] DEBUG org.apache.http.wire -  << "[0xc3][0xbf][0xfe][0xfb][0xff][0x1]:=[0x9c][0xeb][0x80]k[0x0][0x0]"
2024-04-25 19:08:44 [main] DEBUG org.apache.http.wire -  << "[\r][\n]"
2024-04-25 19:08:44 [main] DEBUG org.apache.http.wire -  << "0[\r][\n]"
2024-04-25 19:08:44 [main] DEBUG org.apache.http.wire -  << "[\r][\n]"
2024-04-25 19:08:44 [main] DEBUG i.r.internal.RestAssuredHttpBuilder - Parsed data to instance of: class org.apache.http.conn.EofSensorInputStream
2024-04-25 19:08:44 [main] DEBUG o.a.h.i.c.BasicClientConnectionManager - Releasing connection org.apache.http.impl.conn.ManagedClientConnectionImpl@7f42b194
2024-04-25 19:08:44 [main] DEBUG o.a.h.i.c.BasicClientConnectionManager - Connection can be kept alive indefinitely
2024-04-25 19:08:44 [main] DEBUG utils.HttpClient - Received response: [
  {
    "userId": 1,
    "id": 1,
    "title": "sunt aut facere repellat provident occaecati excepturi optio reprehenderit",
    "body": "quia et suscipit\nsuscipit recusandae consequuntur expedita et cum\nreprehenderit molestiae ut ut quas totam\nnostrum rerum est autem sunt rem eveniet architecto"
  },
  {
    "userId": 1,
    "id": 2,
    "title": "qui est esse",
    "body": "est rerum tempore vitae\nsequi sint nihil reprehenderit dolor beatae ea dolores neque\nfugiat blanditiis voluptate porro vel nihil molestiae ut reiciendis\nqui aperiam non debitis possimus qui neque nisi nulla"
  },
  {
    "userId": 1,
    "id": 3,
    "title": "ea molestias quasi exercitationem repellat qui ipsa sit aut",
    "body": "et iusto sed quo iure\nvoluptatem occaecati omnis eligendi aut ad\nvoluptatem doloribus vel accusantium quis pariatur\nmolestiae porro eius odio et labore et velit aut"
  },
  {
    "userId": 1,
    "id": 4,
    "title": "eum et est occaecati",
    "body": "ullam et saepe reiciendis voluptatem adipisci\nsit amet autem assumenda provident rerum culpa\nquis hic commodi nesciunt rem tenetur doloremque ipsam iure\nquis sunt voluptatem rerum illo velit"
  },
  {
    "userId": 1,
    "id": 5,
    "title": "nesciunt quas odio",
    "body": "repudiandae veniam quaerat sunt sed\nalias aut fugiat sit autem sed est\nvoluptatem omnis possimus esse voluptatibus quis\nest aut tenetur dolor neque"
  },
  {
    "userId": 1,
    "id": 6,
    "title": "dolorem eum magni eos aperiam quia",
    "body": "ut aspernatur corporis harum nihil quis provident sequi\nmollitia nobis aliquid molestiae\nperspiciatis et ea nemo ab reprehenderit accusantium quas\nvoluptate dolores velit et doloremque molestiae"
  },
  {
    "userId": 1,
    "id": 7,
    "title": "magnam facilis autem",
    "body": "dolore placeat quibusdam ea quo vitae\nmagni quis enim qui quis quo nemo aut saepe\nquidem repellat excepturi ut quia\nsunt ut sequi eos ea sed quas"
  },
  {
    "userId": 1,
    "id": 8,
    "title": "dolorem dolore est ipsam",
    "body": "dignissimos aperiam dolorem qui eum\nfacilis quibusdam animi sint suscipit qui sint possimus cum\nquaerat magni maiores excepturi\nipsam ut commodi dolor voluptatum modi aut vitae"
  },
  {
    "userId": 1,
    "id": 9,
    "title": "nesciunt iure omnis dolorem tempora et accusantium",
    "body": "consectetur animi nesciunt iure dolore\nenim quia ad\nveniam autem ut quam aut nobis\net est aut quod aut provident voluptas autem voluptas"
  },
  {
    "userId": 1,
    "id": 10,
    "title": "optio molestias id quia eum",
    "body": "quo et expedita modi cum officia vel magni\ndoloribus qui repudiandae\nvero nisi sit\nquos veniam quod sed accusamus veritatis error"
  },
  {
    "userId": 2,
    "id": 11,
    "title": "et ea vero quia laudantium autem",
    "body": "delectus reiciendis molestiae occaecati non minima eveniet qui voluptatibus\naccusamus in eum beatae sit\nvel qui neque voluptates ut commodi qui incidunt\nut animi commodi"
  },
  {
    "userId": 2,
    "id": 12,
    "title": "in quibusdam tempore odit est dolorem",
    "body": "itaque id aut magnam\npraesentium quia et ea odit et ea voluptas et\nsapiente quia nihil amet occaecati quia id voluptatem\nincidunt ea est distinctio odio"
  },
  {
    "userId": 2,
    "id": 13,
    "title": "dolorum ut in voluptas mollitia et saepe quo animi",
    "body": "aut dicta possimus sint mollitia voluptas commodi quo doloremque\niste corrupti reiciendis voluptatem eius rerum\nsit cumque quod eligendi laborum minima\nperferendis recusandae assumenda consectetur porro architecto ipsum ipsam"
  },
  {
    "userId": 2,
    "id": 14,
    "title": "voluptatem eligendi optio",
    "body": "fuga et accusamus dolorum perferendis illo voluptas\nnon doloremque neque facere\nad qui dolorum molestiae beatae\nsed aut voluptas totam sit illum"
  },
  {
    "userId": 2,
    "id": 15,
    "title": "eveniet quod temporibus",
    "body": "reprehenderit quos placeat\nvelit minima officia dolores impedit repudiandae molestiae nam\nvoluptas recusandae quis delectus\nofficiis harum fugiat vitae"
  },
  {
    "userId": 2,
    "id": 16,
    "title": "sint suscipit perspiciatis velit dolorum rerum ipsa laboriosam odio",
    "body": "suscipit nam nisi quo aperiam aut\nasperiores eos fugit maiores voluptatibus quia\nvoluptatem quis ullam qui in alias quia est\nconsequatur magni mollitia accusamus ea nisi voluptate dicta"
  },
  {
    "userId": 2,
    "id": 17,
    "title": "fugit voluptas sed molestias voluptatem provident",
    "body": "eos voluptas et aut odit natus earum\naspernatur fuga molestiae ullam\ndeserunt ratione qui eos\nqui nihil ratione nemo velit ut aut id quo"
  },
  {
    "userId": 2,
    "id": 18,
    "title": "voluptate et itaque vero tempora molestiae",
    "body": "eveniet quo quis\nlaborum totam consequatur non dolor\nut et est repudiandae\nest voluptatem vel debitis et magnam"
  },
  {
    "userId": 2,
    "id": 19,
    "title": "adipisci placeat illum aut reiciendis qui",
    "body": "illum quis cupiditate provident sit magnam\nea sed aut omnis\nveniam maiores ullam consequatur atque\nadipisci quo iste expedita sit quos voluptas"
  },
  {
    "userId": 2,
    "id": 20,
    "title": "doloribus ad provident suscipit at",
    "body": "qui consequuntur ducimus possimus quisquam amet similique\nsuscipit porro ipsam amet\neos veritatis officiis exercitationem vel fugit aut necessitatibus totam\nomnis rerum consequatur expedita quidem cumque explicabo"
  },
  {
    "userId": 3,
    "id": 21,
    "title": "asperiores ea ipsam voluptatibus modi minima quia sint",
    "body": "repellat aliquid praesentium dolorem quo\nsed totam minus non itaque\nnihil labore molestiae sunt dolor eveniet hic recusandae veniam\ntempora et tenetur expedita sunt"
  },
  {
    "userId": 3,
    "id": 22,
    "title": "dolor sint quo a velit explicabo quia nam",
    "body": "eos qui et ipsum ipsam suscipit aut\nsed omnis non odio\nexpedita earum mollitia molestiae aut atque rem suscipit\nnam impedit esse"
  },
  {
    "userId": 3,
    "id": 23,
    "title": "maxime id vitae nihil numquam",
    "body": "veritatis unde neque eligendi\nquae quod architecto quo neque vitae\nest illo sit tempora doloremque fugit quod\net et vel beatae sequi ullam sed tenetur perspiciatis"
  },
  {
    "userId": 3,
    "id": 24,
    "title": "autem hic labore sunt dolores incidunt",
    "body": "enim et ex nulla\nomnis voluptas quia qui\nvoluptatem consequatur numquam aliquam sunt\ntotam recusandae id dignissimos aut sed asperiores deserunt"
  },
  {
    "userId": 3,
    "id": 25,
    "title": "rem alias distinctio quo quis",
    "body": "ullam consequatur ut\nomnis quis sit vel consequuntur\nipsa eligendi ipsum molestiae et omnis error nostrum\nmolestiae illo tempore quia et distinctio"
  },
  {
    "userId": 3,
    "id": 26,
    "title": "est et quae odit qui non",
    "body": "similique esse doloribus nihil accusamus\nomnis dolorem fuga consequuntur reprehenderit fugit recusandae temporibus\nperspiciatis cum ut laudantium\nomnis aut molestiae vel vero"
  },
  {
    "userId": 3,
    "id": 27,
    "title": "quasi id et eos tenetur aut quo autem",
    "body": "eum sed dolores ipsam sint possimus debitis occaecati\ndebitis qui qui et\nut placeat enim earum aut odit facilis\nconsequatur suscipit necessitatibus rerum sed inventore temporibus consequatur"
  },
  {
    "userId": 3,
    "id": 28,
    "title": "delectus ullam et corporis nulla voluptas sequi",
    "body": "non et quaerat ex quae ad maiores\nmaiores recusandae totam aut blanditiis mollitia quas illo\nut voluptatibus voluptatem\nsimilique nostrum eum"
  },
  {
    "userId": 3,
    "id": 29,
    "title": "iusto eius quod necessitatibus culpa ea",
    "body": "odit magnam ut saepe sed non qui\ntempora atque nihil\naccusamus illum doloribus illo dolor\neligendi repudiandae odit magni similique sed cum maiores"
  },
  {
    "userId": 3,
    "id": 30,
    "title": "a quo magni similique perferendis",
    "body": "alias dolor cumque\nimpedit blanditiis non eveniet odio maxime\nblanditiis amet eius quis tempora quia autem rem\na provident perspiciatis quia"
  },
  {
    "userId": 4,
    "id": 31,
    "title": "ullam ut quidem id aut vel consequuntur",
    "body": "debitis eius sed quibusdam non quis consectetur vitae\nimpedit ut qui consequatur sed aut in\nquidem sit nostrum et maiores adipisci atque\nquaerat voluptatem adipisci repudiandae"
  },
  {
    "userId": 4,
    "id": 32,
    "title": "doloremque illum aliquid sunt",
    "body": "deserunt eos nobis asperiores et hic\nest debitis repellat molestiae optio\nnihil ratione ut eos beatae quibusdam distinctio maiores\nearum voluptates et aut adipisci ea maiores voluptas maxime"
  },
  {
    "userId": 4,
    "id": 33,
    "title": "qui explicabo molestiae dolorem",
    "body": "rerum ut et numquam laborum odit est sit\nid qui sint in\nquasi tenetur tempore aperiam et quaerat qui in\nrerum officiis sequi cumque quod"
  },
  {
    "userId": 4,
    "id": 34,
    "title": "magnam ut rerum iure",
    "body": "ea velit perferendis earum ut voluptatem voluptate itaque iusto\ntotam pariatur in\nnemo voluptatem voluptatem autem magni tempora minima in\nest distinctio qui assumenda accusamus dignissimos officia nesciunt nobis"
  },
  {
    "userId": 4,
    "id": 35,
    "title": "id nihil consequatur molestias animi provident",
    "body": "nisi error delectus possimus ut eligendi vitae\nplaceat eos harum cupiditate facilis reprehenderit voluptatem beatae\nmodi ducimus quo illum voluptas eligendi\net nobis quia fugit"
  },
  {
    "userId": 4,
    "id": 36,
    "title": "fuga nam accusamus voluptas reiciendis itaque",
    "body": "ad mollitia et omnis minus architecto odit\nvoluptas doloremque maxime aut non ipsa qui alias veniam\nblanditiis culpa aut quia nihil cumque facere et occaecati\nqui aspernatur quia eaque ut aperiam inventore"
  },
  {
    "userId": 4,
    "id": 37,
    "title": "provident vel ut sit ratione est",
    "body": "debitis et eaque non officia sed nesciunt pariatur vel\nvoluptatem iste vero et ea\nnumquam aut expedita ipsum nulla in\nvoluptates omnis consequatur aut enim officiis in quam qui"
  },
  {
    "userId": 4,
    "id": 38,
    "title": "explicabo et eos deleniti nostrum ab id repellendus",
    "body": "animi esse sit aut sit nesciunt assumenda eum voluptas\nquia voluptatibus provident quia necessitatibus ea\nrerum repudiandae quia voluptatem delectus fugit aut id quia\nratione optio eos iusto veniam iure"
  },
  {
    "userId": 4,
    "id": 39,
    "title": "eos dolorem iste accusantium est eaque quam",
    "body": "corporis rerum ducimus vel eum accusantium\nmaxime aspernatur a porro possimus iste omnis\nest in deleniti asperiores fuga aut\nvoluptas sapiente vel dolore minus voluptatem incidunt ex"
  },
  {
    "userId": 4,
    "id": 40,
    "title": "enim quo cumque",
    "body": "ut voluptatum aliquid illo tenetur nemo sequi quo facilis\nipsum rem optio mollitia quas\nvoluptatem eum voluptas qui\nunde omnis voluptatem iure quasi maxime voluptas nam"
  },
  {
    "userId": 5,
    "id": 41,
    "title": "non est facere",
    "body": "molestias id nostrum\nexcepturi molestiae dolore omnis repellendus quaerat saepe\nconsectetur iste quaerat tenetur asperiores accusamus ex ut\nnam quidem est ducimus sunt debitis saepe"
  },
  {
    "userId": 5,
    "id": 42,
    "title": "commodi ullam sint et excepturi error explicabo praesentium voluptas",
    "body": "odio fugit voluptatum ducimus earum autem est incidunt voluptatem\nodit reiciendis aliquam sunt sequi nulla dolorem\nnon facere repellendus voluptates quia\nratione harum vitae ut"
  },
  {
    "userId": 5,
    "id": 43,
    "title": "eligendi iste nostrum consequuntur adipisci praesentium sit beatae perferendis",
    "body": "similique fugit est\nillum et dolorum harum et voluptate eaque quidem\nexercitationem quos nam commodi possimus cum odio nihil nulla\ndolorum exercitationem magnam ex et a et distinctio debitis"
  },
  {
    "userId": 5,
    "id": 44,
    "title": "optio dolor molestias sit",
    "body": "temporibus est consectetur dolore\net libero debitis vel velit laboriosam quia\nipsum quibusdam qui itaque fuga rem aut\nea et iure quam sed maxime ut distinctio quae"
  },
  {
    "userId": 5,
    "id": 45,
    "title": "ut numquam possimus omnis eius suscipit laudantium iure",
    "body": "est natus reiciendis nihil possimus aut provident\nex et dolor\nrepellat pariatur est\nnobis rerum repellendus dolorem autem"
  },
  {
    "userId": 5,
    "id": 46,
    "title": "aut quo modi neque nostrum ducimus",
    "body": "voluptatem quisquam iste\nvoluptatibus natus officiis facilis dolorem\nquis quas ipsam\nvel et voluptatum in aliquid"
  },
  {
    "userId": 5,
    "id": 47,
    "title": "quibusdam cumque rem aut deserunt",
    "body": "voluptatem assumenda ut qui ut cupiditate aut impedit veniam\noccaecati nemo illum voluptatem laudantium\nmolestiae beatae rerum ea iure soluta nostrum\neligendi et voluptate"
  },
  {
    "userId": 5,
    "id": 48,
    "title": "ut voluptatem illum ea doloribus itaque eos",
    "body": "voluptates quo voluptatem facilis iure occaecati\nvel assumenda rerum officia et\nillum perspiciatis ab deleniti\nlaudantium repellat ad ut et autem reprehenderit"
  },
  {
    "userId": 5,
    "id": 49,
    "title": "laborum non sunt aut ut assumenda perspiciatis voluptas",
    "body": "inventore ab sint\nnatus fugit id nulla sequi architecto nihil quaerat\neos tenetur in in eum veritatis non\nquibusdam officiis aspernatur cumque aut commodi aut"
  },
  {
    "userId": 5,
    "id": 50,
    "title": "repellendus qui recusandae incidunt voluptates tenetur qui omnis exercitationem",
    "body": "error suscipit maxime adipisci consequuntur recusandae\nvoluptas eligendi et est et voluptates\nquia distinctio ab amet quaerat molestiae et vitae\nadipisci impedit sequi nesciunt quis consectetur"
  },
  {
    "userId": 6,
    "id": 51,
    "title": "soluta aliquam aperiam consequatur illo quis voluptas",
    "body": "sunt dolores aut doloribus\ndolore doloribus voluptates tempora et\ndoloremque et quo\ncum asperiores sit consectetur dolorem"
  },
  {
    "userId": 6,
    "id": 52,
    "title": "qui enim et consequuntur quia animi quis voluptate quibusdam",
    "body": "iusto est quibusdam fuga quas quaerat molestias\na enim ut sit accusamus enim\ntemporibus iusto accusantium provident architecto\nsoluta esse reprehenderit qui laborum"
  },
  {
    "userId": 6,
    "id": 53,
    "title": "ut quo aut ducimus alias",
    "body": "minima harum praesentium eum rerum illo dolore\nquasi exercitationem rerum nam\nporro quis neque quo\nconsequatur minus dolor quidem veritatis sunt non explicabo similique"
  },
  {
    "userId": 6,
    "id": 54,
    "title": "sit asperiores ipsam eveniet odio non quia",
    "body": "totam corporis dignissimos\nvitae dolorem ut occaecati accusamus\nex velit deserunt\net exercitationem vero incidunt corrupti mollitia"
  },
  {
    "userId": 6,
    "id": 55,
    "title": "sit vel voluptatem et non libero",
    "body": "debitis excepturi ea perferendis harum libero optio\neos accusamus cum fuga ut sapiente repudiandae\net ut incidunt omnis molestiae\nnihil ut eum odit"
  },
  {
    "userId": 6,
    "id": 56,
    "title": "qui et at rerum necessitatibus",
    "body": "aut est omnis dolores\nneque rerum quod ea rerum velit pariatur beatae excepturi\net provident voluptas corrupti\ncorporis harum reprehenderit dolores eligendi"
  },
  {
    "userId": 6,
    "id": 57,
    "title": "sed ab est est",
    "body": "at pariatur consequuntur earum quidem\nquo est laudantium soluta voluptatem\nqui ullam et est\net cum voluptas voluptatum repellat est"
  },
  {
    "userId": 6,
    "id": 58,
    "title": "voluptatum itaque dolores nisi et quasi",
    "body": "veniam voluptatum quae adipisci id\net id quia eos ad et dolorem\naliquam quo nisi sunt eos impedit error\nad similique veniam"
  },
  {
    "userId": 6,
    "id": 59,
    "title": "qui commodi dolor at maiores et quis id accusantium",
    "body": "perspiciatis et quam ea autem temporibus non voluptatibus qui\nbeatae a earum officia nesciunt dolores suscipit voluptas et\nanimi doloribus cum rerum quas et magni\net hic ut ut commodi expedita sunt"
  },
  {
    "userId": 6,
    "id": 60,
    "title": "consequatur placeat omnis quisquam quia reprehenderit fugit veritatis facere",
    "body": "asperiores sunt ab assumenda cumque modi velit\nqui esse omnis\nvoluptate et fuga perferendis voluptas\nillo ratione amet aut et omnis"
  },
  {
    "userId": 7,
    "id": 61,
    "title": "voluptatem doloribus consectetur est ut ducimus",
    "body": "ab nemo optio odio\ndelectus tenetur corporis similique nobis repellendus rerum omnis facilis\nvero blanditiis debitis in nesciunt doloribus dicta dolores\nmagnam minus velit"
  },
  {
    "userId": 7,
    "id": 62,
    "title": "beatae enim quia vel",
    "body": "enim aspernatur illo distinctio quae praesentium\nbeatae alias amet delectus qui voluptate distinctio\nodit sint accusantium autem omnis\nquo molestiae omnis ea eveniet optio"
  },
  {
    "userId": 7,
    "id": 63,
    "title": "voluptas blanditiis repellendus animi ducimus error sapiente et suscipit",
    "body": "enim adipisci aspernatur nemo\nnumquam omnis facere dolorem dolor ex quis temporibus incidunt\nab delectus culpa quo reprehenderit blanditiis asperiores\naccusantium ut quam in voluptatibus voluptas ipsam dicta"
  },
  {
    "userId": 7,
    "id": 64,
    "title": "et fugit quas eum in in aperiam quod",
    "body": "id velit blanditiis\neum ea voluptatem\nmolestiae sint occaecati est eos perspiciatis\nincidunt a error provident eaque aut aut qui"
  },
  {
    "userId": 7,
    "id": 65,
    "title": "consequatur id enim sunt et et",
    "body": "voluptatibus ex esse\nsint explicabo est aliquid cumque adipisci fuga repellat labore\nmolestiae corrupti ex saepe at asperiores et perferendis\nnatus id esse incidunt pariatur"
  },
  {
    "userId": 7,
    "id": 66,
    "title": "repudiandae ea animi iusto",
    "body": "officia veritatis tenetur vero qui itaque\nsint non ratione\nsed et ut asperiores iusto eos molestiae nostrum\nveritatis quibusdam et nemo iusto saepe"
  },
  {
    "userId": 7,
    "id": 67,
    "title": "aliquid eos sed fuga est maxime repellendus",
    "body": "reprehenderit id nostrum\nvoluptas doloremque pariatur sint et accusantium quia quod aspernatur\net fugiat amet\nnon sapiente et consequatur necessitatibus molestiae"
  },
  {
    "userId": 7,
    "id": 68,
    "title": "odio quis facere architecto reiciendis optio",
    "body": "magnam molestiae perferendis quisquam\nqui cum reiciendis\nquaerat animi amet hic inventore\nea quia deleniti quidem saepe porro velit"
  },
  {
    "userId": 7,
    "id": 69,
    "title": "fugiat quod pariatur odit minima",
    "body": "officiis error culpa consequatur modi asperiores et\ndolorum assumenda voluptas et vel qui aut vel rerum\nvoluptatum quisquam perspiciatis quia rerum consequatur totam quas\nsequi commodi repudiandae asperiores et saepe a"
  },
  {
    "userId": 7,
    "id": 70,
    "title": "voluptatem laborum magni",
    "body": "sunt repellendus quae\nest asperiores aut deleniti esse accusamus repellendus quia aut\nquia dolorem unde\neum tempora esse dolore"
  },
  {
    "userId": 8,
    "id": 71,
    "title": "et iusto veniam et illum aut fuga",
    "body": "occaecati a doloribus\niste saepe consectetur placeat eum voluptate dolorem et\nqui quo quia voluptas\nrerum ut id enim velit est perferendis"
  },
  {
    "userId": 8,
    "id": 72,
    "title": "sint hic doloribus consequatur eos non id",
    "body": "quam occaecati qui deleniti consectetur\nconsequatur aut facere quas exercitationem aliquam hic voluptas\nneque id sunt ut aut accusamus\nsunt consectetur expedita inventore velit"
  },
  {
    "userId": 8,
    "id": 73,
    "title": "consequuntur deleniti eos quia temporibus ab aliquid at",
    "body": "voluptatem cumque tenetur consequatur expedita ipsum nemo quia explicabo\naut eum minima consequatur\ntempore cumque quae est et\net in consequuntur voluptatem voluptates aut"
  },
  {
    "userId": 8,
    "id": 74,
    "title": "enim unde ratione doloribus quas enim ut sit sapiente",
    "body": "odit qui et et necessitatibus sint veniam\nmollitia amet doloremque molestiae commodi similique magnam et quam\nblanditiis est itaque\nquo et tenetur ratione occaecati molestiae tempora"
  },
  {
    "userId": 8,
    "id": 75,
    "title": "dignissimos eum dolor ut enim et delectus in",
    "body": "commodi non non omnis et voluptas sit\nautem aut nobis magnam et sapiente voluptatem\net laborum repellat qui delectus facilis temporibus\nrerum amet et nemo voluptate expedita adipisci error dolorem"
  },
  {
    "userId": 8,
    "id": 76,
    "title": "doloremque officiis ad et non perferendis",
    "body": "ut animi facere\ntotam iusto tempore\nmolestiae eum aut et dolorem aperiam\nquaerat recusandae totam odio"
  },
  {
    "userId": 8,
    "id": 77,
    "title": "necessitatibus quasi exercitationem odio",
    "body": "modi ut in nulla repudiandae dolorum nostrum eos\naut consequatur omnis\nut incidunt est omnis iste et quam\nvoluptates sapiente aliquam asperiores nobis amet corrupti repudiandae provident"
  },
  {
    "userId": 8,
    "id": 78,
    "title": "quam voluptatibus rerum veritatis",
    "body": "nobis facilis odit tempore cupiditate quia\nassumenda doloribus rerum qui ea\nillum et qui totam\naut veniam repellendus"
  },
  {
    "userId": 8,
    "id": 79,
    "title": "pariatur consequatur quia magnam autem omnis non amet",
    "body": "libero accusantium et et facere incidunt sit dolorem\nnon excepturi qui quia sed laudantium\nquisquam molestiae ducimus est\nofficiis esse molestiae iste et quos"
  },
  {
    "userId": 8,
    "id": 80,
    "title": "labore in ex et explicabo corporis aut quas",
    "body": "ex quod dolorem ea eum iure qui provident amet\nquia qui facere excepturi et repudiandae\nasperiores molestias provident\nminus incidunt vero fugit rerum sint sunt excepturi provident"
  },
  {
    "userId": 9,
    "id": 81,
    "title": "tempora rem veritatis voluptas quo dolores vero",
    "body": "facere qui nesciunt est voluptatum voluptatem nisi\nsequi eligendi necessitatibus ea at rerum itaque\nharum non ratione velit laboriosam quis consequuntur\nex officiis minima doloremque voluptas ut aut"
  },
  {
    "userId": 9,
    "id": 82,
    "title": "laudantium voluptate suscipit sunt enim enim",
    "body": "ut libero sit aut totam inventore sunt\nporro sint qui sunt molestiae\nconsequatur cupiditate qui iste ducimus adipisci\ndolor enim assumenda soluta laboriosam amet iste delectus hic"
  },
  {
    "userId": 9,
    "id": 83,
    "title": "odit et voluptates doloribus alias odio et",
    "body": "est molestiae facilis quis tempora numquam nihil qui\nvoluptate sapiente consequatur est qui\nnecessitatibus autem aut ipsa aperiam modi dolore numquam\nreprehenderit eius rem quibusdam"
  },
  {
    "userId": 9,
    "id": 84,
    "title": "optio ipsam molestias necessitatibus occaecati facilis veritatis dolores aut",
    "body": "sint molestiae magni a et quos\neaque et quasi\nut rerum debitis similique veniam\nrecusandae dignissimos dolor incidunt consequatur odio"
  },
  {
    "userId": 9,
    "id": 85,
    "title": "dolore veritatis porro provident adipisci blanditiis et sunt",
    "body": "similique sed nisi voluptas iusto omnis\nmollitia et quo\nassumenda suscipit officia magnam sint sed tempora\nenim provident pariatur praesentium atque animi amet ratione"
  },
  {
    "userId": 9,
    "id": 86,
    "title": "placeat quia et porro iste",
    "body": "quasi excepturi consequatur iste autem temporibus sed molestiae beatae\net quaerat et esse ut\nvoluptatem occaecati et vel explicabo autem\nasperiores pariatur deserunt optio"
  },
  {
    "userId": 9,
    "id": 87,
    "title": "nostrum quis quasi placeat",
    "body": "eos et molestiae\nnesciunt ut a\ndolores perspiciatis repellendus repellat aliquid\nmagnam sint rem ipsum est"
  },
  {
    "userId": 9,
    "id": 88,
    "title": "sapiente omnis fugit eos",
    "body": "consequatur omnis est praesentium\nducimus non iste\nneque hic deserunt\nvoluptatibus veniam cum et rerum sed"
  },
  {
    "userId": 9,
    "id": 89,
    "title": "sint soluta et vel magnam aut ut sed qui",
    "body": "repellat aut aperiam totam temporibus autem et\narchitecto magnam ut\nconsequatur qui cupiditate rerum quia soluta dignissimos nihil iure\ntempore quas est"
  },
  {
    "userId": 9,
    "id": 90,
    "title": "ad iusto omnis odit dolor voluptatibus",
    "body": "minus omnis soluta quia\nqui sed adipisci voluptates illum ipsam voluptatem\neligendi officia ut in\neos soluta similique molestias praesentium blanditiis"
  },
  {
    "userId": 10,
    "id": 91,
    "title": "aut amet sed",
    "body": "libero voluptate eveniet aperiam sed\nsunt placeat suscipit molestias\nsimilique fugit nam natus\nexpedita consequatur consequatur dolores quia eos et placeat"
  },
  {
    "userId": 10,
    "id": 92,
    "title": "ratione ex tenetur perferendis",
    "body": "aut et excepturi dicta laudantium sint rerum nihil\nlaudantium et at\na neque minima officia et similique libero et\ncommodi voluptate qui"
  },
  {
    "userId": 10,
    "id": 93,
    "title": "beatae soluta recusandae",
    "body": "dolorem quibusdam ducimus consequuntur dicta aut quo laboriosam\nvoluptatem quis enim recusandae ut sed sunt\nnostrum est odit totam\nsit error sed sunt eveniet provident qui nulla"
  },
  {
    "userId": 10,
    "id": 94,
    "title": "qui qui voluptates illo iste minima",
    "body": "aspernatur expedita soluta quo ab ut similique\nexpedita dolores amet\nsed temporibus distinctio magnam saepe deleniti\nomnis facilis nam ipsum natus sint similique omnis"
  },
  {
    "userId": 10,
    "id": 95,
    "title": "id minus libero illum nam ad officiis",
    "body": "earum voluptatem facere provident blanditiis velit laboriosam\npariatur accusamus odio saepe\ncumque dolor qui a dicta ab doloribus consequatur omnis\ncorporis cupiditate eaque assumenda ad nesciunt"
  },
  {
    "userId": 10,
    "id": 96,
    "title": "quaerat velit veniam amet cupiditate aut numquam ut sequi",
    "body": "in non odio excepturi sint eum\nlabore voluptates vitae quia qui et\ninventore itaque rerum\nveniam non exercitationem delectus aut"
  },
  {
    "userId": 10,
    "id": 97,
    "title": "quas fugiat ut perspiciatis vero provident",
    "body": "eum non blanditiis soluta porro quibusdam voluptas\nvel voluptatem qui placeat dolores qui velit aut\nvel inventore aut cumque culpa explicabo aliquid at\nperspiciatis est et voluptatem dignissimos dolor itaque sit nam"
  },
  {
    "userId": 10,
    "id": 98,
    "title": "laboriosam dolor voluptates",
    "body": "doloremque ex facilis sit sint culpa\nsoluta assumenda eligendi non ut eius\nsequi ducimus vel quasi\nveritatis est dolores"
  },
  {
    "userId": 10,
    "id": 99,
    "title": "temporibus sit alias delectus eligendi possimus magni",
    "body": "quo deleniti praesentium dicta non quod\naut est molestias\nmolestias et officia quis nihil\nitaque dolorem quia"
  },
  {
    "userId": 10,
    "id": 100,
    "title": "at nam consequatur ea labore ea harum",
    "body": "cupiditate quo est a modi nesciunt soluta\nipsa voluptas error itaque dicta in\nautem qui minus magnam et distinctio eum\naccusamus ratione error aut"
  }
]
  And the count of posts should "decrease" by 1                                  # stepDefinitions.posts.PostSteps.theResponseShouldContainTheNewlyCreatedPost(java.lang.String,int)
]]></system-out>
  </testcase>
  <testcase name="User deletes a post #2" classname="Social Network - Posts and Comments" time="1.273">
    <system-out><![CDATA[
@RegressionTest
Scenario Outline: User deletes a post                                                      # src/test/resources/features/social-network-test.feature:55
2024-04-25 19:08:44 [main] INFO  stepDefinitions.utils.TestContext - TestContext initialized with base URL: http://jsonplaceholder.typicode.com
  Given a user is registered on the social network                                         # stepDefinitions.posts.PostSteps.aUserIsRegisteredOnTheSocialNetwork()
2024-04-25 19:08:44 [main] DEBUG utils.HttpClient - Making GET request to /posts
2024-04-25 19:08:44 [main] DEBUG o.a.h.i.c.BasicClientConnectionManager - Get connection for route {}->http://jsonplaceholder.typicode.com:80
2024-04-25 19:08:44 [main] DEBUG o.a.h.i.c.DefaultClientConnectionOperator - Connecting to jsonplaceholder.typicode.com:80
2024-04-25 19:08:44 [main] DEBUG o.a.h.c.protocol.RequestAddCookies - CookieSpec selected: ignoreCookies
2024-04-25 19:08:44 [main] DEBUG o.a.h.c.protocol.RequestAuthCache - Auth cache not set in the context
2024-04-25 19:08:44 [main] DEBUG o.a.h.c.p.RequestTargetAuthentication - Target auth state: UNCHALLENGED
2024-04-25 19:08:44 [main] DEBUG o.a.h.c.p.RequestProxyAuthentication - Proxy auth state: UNCHALLENGED
2024-04-25 19:08:44 [main] DEBUG o.a.h.impl.client.DefaultHttpClient - Attempt 1 to execute request
2024-04-25 19:08:44 [main] DEBUG o.a.h.i.conn.DefaultClientConnection - Sending request: GET /posts HTTP/1.1
2024-04-25 19:08:44 [main] DEBUG org.apache.http.wire -  >> "GET /posts HTTP/1.1[\r][\n]"
2024-04-25 19:08:44 [main] DEBUG org.apache.http.wire -  >> "Content-Type: application/json[\r][\n]"
2024-04-25 19:08:44 [main] DEBUG org.apache.http.wire -  >> "Accept: */*[\r][\n]"
2024-04-25 19:08:44 [main] DEBUG org.apache.http.wire -  >> "Host: jsonplaceholder.typicode.com[\r][\n]"
2024-04-25 19:08:44 [main] DEBUG org.apache.http.wire -  >> "Connection: Keep-Alive[\r][\n]"
2024-04-25 19:08:44 [main] DEBUG org.apache.http.wire -  >> "User-Agent: Apache-HttpClient/4.5.13 (Java/21.0.1)[\r][\n]"
2024-04-25 19:08:44 [main] DEBUG org.apache.http.wire -  >> "Accept-Encoding: gzip,deflate[\r][\n]"
2024-04-25 19:08:44 [main] DEBUG org.apache.http.wire -  >> "[\r][\n]"
2024-04-25 19:08:44 [main] DEBUG org.apache.http.headers - >> GET /posts HTTP/1.1
2024-04-25 19:08:44 [main] DEBUG org.apache.http.headers - >> Content-Type: application/json
2024-04-25 19:08:44 [main] DEBUG org.apache.http.headers - >> Accept: */*
2024-04-25 19:08:44 [main] DEBUG org.apache.http.headers - >> Host: jsonplaceholder.typicode.com
2024-04-25 19:08:44 [main] DEBUG org.apache.http.headers - >> Connection: Keep-Alive
2024-04-25 19:08:44 [main] DEBUG org.apache.http.headers - >> User-Agent: Apache-HttpClient/4.5.13 (Java/21.0.1)
2024-04-25 19:08:44 [main] DEBUG org.apache.http.headers - >> Accept-Encoding: gzip,deflate
2024-04-25 19:08:44 [main] DEBUG org.apache.http.wire -  << "HTTP/1.1 200 OK[\r][\n]"
2024-04-25 19:08:44 [main] DEBUG org.apache.http.wire -  << "Date: Thu, 25 Apr 2024 13:38:44 GMT[\r][\n]"
2024-04-25 19:08:44 [main] DEBUG org.apache.http.wire -  << "Content-Type: application/json; charset=utf-8[\r][\n]"
2024-04-25 19:08:44 [main] DEBUG org.apache.http.wire -  << "Transfer-Encoding: chunked[\r][\n]"
2024-04-25 19:08:44 [main] DEBUG org.apache.http.wire -  << "Connection: keep-alive[\r][\n]"
2024-04-25 19:08:44 [main] DEBUG org.apache.http.wire -  << "Report-To: {"group":"heroku-nel","max_age":3600,"endpoints":[{"url":"https://nel.heroku.com/reports?ts=1713518703&sid=e11707d5-02a7-43ef-b45e-2cf4d2036f7d&s=yJ02WDs1VPRDdJhhno5VxXxQf5ECAL%2FY1tE3SPSTgHw%3D"}]}[\r][\n]"
2024-04-25 19:08:44 [main] DEBUG org.apache.http.wire -  << "Reporting-Endpoints: heroku-nel=https://nel.heroku.com/reports?ts=1713518703&sid=e11707d5-02a7-43ef-b45e-2cf4d2036f7d&s=yJ02WDs1VPRDdJhhno5VxXxQf5ECAL%2FY1tE3SPSTgHw%3D[\r][\n]"
2024-04-25 19:08:44 [main] DEBUG org.apache.http.wire -  << "Nel: {"report_to":"heroku-nel","max_age":3600,"success_fraction":0.005,"failure_fraction":0.05,"response_headers":["Via"]}[\r][\n]"
2024-04-25 19:08:44 [main] DEBUG org.apache.http.wire -  << "X-Powered-By: Express[\r][\n]"
2024-04-25 19:08:44 [main] DEBUG org.apache.http.wire -  << "X-Ratelimit-Limit: 1000[\r][\n]"
2024-04-25 19:08:44 [main] DEBUG org.apache.http.wire -  << "X-Ratelimit-Remaining: 992[\r][\n]"
2024-04-25 19:08:44 [main] DEBUG org.apache.http.wire -  << "X-Ratelimit-Reset: 1713518735[\r][\n]"
2024-04-25 19:08:44 [main] DEBUG org.apache.http.wire -  << "Vary: Origin, Accept-Encoding[\r][\n]"
2024-04-25 19:08:44 [main] DEBUG org.apache.http.wire -  << "Access-Control-Allow-Credentials: true[\r][\n]"
2024-04-25 19:08:44 [main] DEBUG org.apache.http.wire -  << "Cache-Control: max-age=43200[\r][\n]"
2024-04-25 19:08:44 [main] DEBUG org.apache.http.wire -  << "Pragma: no-cache[\r][\n]"
2024-04-25 19:08:44 [main] DEBUG org.apache.http.wire -  << "Expires: -1[\r][\n]"
2024-04-25 19:08:44 [main] DEBUG org.apache.http.wire -  << "X-Content-Type-Options: nosniff[\r][\n]"
2024-04-25 19:08:44 [main] DEBUG org.apache.http.wire -  << "Etag: W/"6b80-Ybsq/K6GwwqrYkAsFxqDXGC7DoM"[\r][\n]"
2024-04-25 19:08:44 [main] DEBUG org.apache.http.wire -  << "Content-Encoding: gzip[\r][\n]"
2024-04-25 19:08:44 [main] DEBUG org.apache.http.wire -  << "Via: 1.1 vegur[\r][\n]"
2024-04-25 19:08:44 [main] DEBUG org.apache.http.wire -  << "CF-Cache-Status: HIT[\r][\n]"
2024-04-25 19:08:44 [main] DEBUG org.apache.http.wire -  << "Age: 1[\r][\n]"
2024-04-25 19:08:44 [main] DEBUG org.apache.http.wire -  << "Server: cloudflare[\r][\n]"
2024-04-25 19:08:44 [main] DEBUG org.apache.http.wire -  << "CF-RAY: 879ebc350db23d00-BOM[\r][\n]"
2024-04-25 19:08:44 [main] DEBUG org.apache.http.wire -  << "alt-svc: h3=":443"; ma=86400[\r][\n]"
2024-04-25 19:08:44 [main] DEBUG org.apache.http.wire -  << "[\r][\n]"
2024-04-25 19:08:44 [main] DEBUG o.a.h.i.conn.DefaultClientConnection - Receiving response: HTTP/1.1 200 OK
2024-04-25 19:08:44 [main] DEBUG org.apache.http.headers - << HTTP/1.1 200 OK
2024-04-25 19:08:44 [main] DEBUG org.apache.http.headers - << Date: Thu, 25 Apr 2024 13:38:44 GMT
2024-04-25 19:08:44 [main] DEBUG org.apache.http.headers - << Content-Type: application/json; charset=utf-8
2024-04-25 19:08:44 [main] DEBUG org.apache.http.headers - << Transfer-Encoding: chunked
2024-04-25 19:08:44 [main] DEBUG org.apache.http.headers - << Connection: keep-alive
2024-04-25 19:08:44 [main] DEBUG org.apache.http.headers - << Report-To: {"group":"heroku-nel","max_age":3600,"endpoints":[{"url":"https://nel.heroku.com/reports?ts=1713518703&sid=e11707d5-02a7-43ef-b45e-2cf4d2036f7d&s=yJ02WDs1VPRDdJhhno5VxXxQf5ECAL%2FY1tE3SPSTgHw%3D"}]}
2024-04-25 19:08:44 [main] DEBUG org.apache.http.headers - << Reporting-Endpoints: heroku-nel=https://nel.heroku.com/reports?ts=1713518703&sid=e11707d5-02a7-43ef-b45e-2cf4d2036f7d&s=yJ02WDs1VPRDdJhhno5VxXxQf5ECAL%2FY1tE3SPSTgHw%3D
2024-04-25 19:08:44 [main] DEBUG org.apache.http.headers - << Nel: {"report_to":"heroku-nel","max_age":3600,"success_fraction":0.005,"failure_fraction":0.05,"response_headers":["Via"]}
2024-04-25 19:08:44 [main] DEBUG org.apache.http.headers - << X-Powered-By: Express
2024-04-25 19:08:44 [main] DEBUG org.apache.http.headers - << X-Ratelimit-Limit: 1000
2024-04-25 19:08:44 [main] DEBUG org.apache.http.headers - << X-Ratelimit-Remaining: 992
2024-04-25 19:08:44 [main] DEBUG org.apache.http.headers - << X-Ratelimit-Reset: 1713518735
2024-04-25 19:08:44 [main] DEBUG org.apache.http.headers - << Vary: Origin, Accept-Encoding
2024-04-25 19:08:44 [main] DEBUG org.apache.http.headers - << Access-Control-Allow-Credentials: true
2024-04-25 19:08:44 [main] DEBUG org.apache.http.headers - << Cache-Control: max-age=43200
2024-04-25 19:08:44 [main] DEBUG org.apache.http.headers - << Pragma: no-cache
2024-04-25 19:08:44 [main] DEBUG org.apache.http.headers - << Expires: -1
2024-04-25 19:08:44 [main] DEBUG org.apache.http.headers - << X-Content-Type-Options: nosniff
2024-04-25 19:08:44 [main] DEBUG org.apache.http.headers - << Etag: W/"6b80-Ybsq/K6GwwqrYkAsFxqDXGC7DoM"
2024-04-25 19:08:44 [main] DEBUG org.apache.http.headers - << Content-Encoding: gzip
2024-04-25 19:08:44 [main] DEBUG org.apache.http.headers - << Via: 1.1 vegur
2024-04-25 19:08:44 [main] DEBUG org.apache.http.headers - << CF-Cache-Status: HIT
2024-04-25 19:08:44 [main] DEBUG org.apache.http.headers - << Age: 1
2024-04-25 19:08:44 [main] DEBUG org.apache.http.headers - << Server: cloudflare
2024-04-25 19:08:44 [main] DEBUG org.apache.http.headers - << CF-RAY: 879ebc350db23d00-BOM
2024-04-25 19:08:44 [main] DEBUG org.apache.http.headers - << alt-svc: h3=":443"; ma=86400
2024-04-25 19:08:44 [main] DEBUG o.a.h.impl.client.DefaultHttpClient - Connection can be kept alive indefinitely
2024-04-25 19:08:44 [main] DEBUG i.r.internal.RestAssuredHttpBuilder - Parsing response as: application/json; charset=utf-8
2024-04-25 19:08:44 [main] DEBUG org.apache.http.wire -  << "1b9a[\r][\n]"
2024-04-25 19:08:44 [main] DEBUG org.apache.http.wire -  << "[0x1f][0x8b][0x8][0x0][0x0][0x0][0x0][0x0][0x0][0x3][0x8d]]I[0x8e][0xe4][0xc8][0x8e][0xdd][0xff]S[0x8][0xb9][0xfe][0x8b][0x9a][0x87][0xbe]A[0x9f][0xa1][0xa3][0x17][0x16][0xee][0x96]U[0x2][0xdc][0xa5]([0x97][0x94][0x88]F[0xa3][0xef][0xde]$[0x1f]'[0x93][0xc9]=[0x5]d[0x15]b[0x90]K2[0x1a][0x87][0xc7]G[0xd2][0xe2][0xbf][0xfe]5[0xc][0xff]K[0xff][\r][0xc3][0x97]m[0xa9][0x8f][0xff][0xbc]~[0xf9][0x8f][0xe1][0xc7][0xe3][0x7]c[0xfe]f[0x1d][0xd7][[0xa5][0xef][0xbf],[0xdb][0xb4][0xe]e[[0x87][0xaf][0xe5]R[0x1f]ux[0xd4][0x8f]z[0xbb][0x95]u[0xf8]x[0xcc][0xdf][0xc6]k[0xa5][0xdf][0xce][0x97]K[0xa9][0x97][0xb2][0x8e]C[0xfd][0xbc][0xd4][0x8f]u{[0x8c][0xc3][0xfc][0xb1][0x8e]3_[0xfc][0xa8][0xd7][0xe9]Z[0x1f][0xe3][0xfa]Eo[0xfd]>_[0xff][0x87][0xef][0xfc][0xcf]6[0x96][0xa1][0xae][0xc3][0xb2]-[0x97][0xf1]c\[0xdf]&[0xfb][0x8a]>w[0xd9][0x96]2]K[0x1d].[0xf3][0xb4][0xd4]6z[0x8b][0xed]A[0xf7][0xff][0xa8][0xd7]q[0x95][0x8f]][0xb6][0xfb][0xdb][0xd4]<`[0xb8][0xcf][0xb7][0xba][0xac]#}[0x8a][0xde][0x97][0xfe][0xfd][0xb3][0x95]eX[0xe7][0xb5][0xd0][0x95][0xd3][0xbc][0xac][0x8f][0xed]N[0xb7][0xe6][0xff][0xd3]e[0xbc][0xa8]z[0x1f]d}[0xf][0xfa][0xa2]~[0xab][0xd3]H[0xf7]-[0x8f][0xcb][0xdf][0xe3]Z/[0xeb][0xfc][0x85][0xde][0xf7][0xff][0xfe][0xfd]=[0x89][0xfd][0xb4][0x97][0x18][0xad]K[0xee]_[0x97][0xa5][0xee][0xd7][0xcc]?[0xc7][0x1b][0xd0][0xb3]?f[0x92][0xe7]7ZN}[0x93]5[0x8e][0xc3]2[0xd2][0xcb]L[0xe3][0xdf][0xe3][0xad][0x15][0xdd]p[0x9d]o[0xf3]cx[0xaf][0x85].[0x1e]j[0xc1][0xf7]u[0x19]&[0xfa][0x18]}[0xfa][0xeb][0xf6][0xd7]H[[0xf2]~#[0x99][0x8d][0xeb]8.[0xc3][0xb7][0xf9][0xb6]}[0xac]e[0xad][0x3]=[0xe5]1[0xf][0xdf][0xea]Mo[0xdc][0x8][0xe9]Q[0xc7][0xcb]H[0xf][0x19][0x97][0xb7][0x89]_[0xa0]|[0xd0][0xe3][0xca]}[0x98][0xe6]i[0xb8][0xd6]w[0xba][0xd7]B7X[0x96][0xf1][0xbe]-[0x3]_ [0xf][0xa4];-[0xf4][0xe5]FzpNF?[0xef]eDK[0xb0][0xf7]Xd[0x9b]Xw[0xea][0xe3]B[0xc2] [0xbd][0x99][0xea]=[0xf4][0x8c][0x9f]:~,[0x85][0x84]#{[0xd6][0x89]t[0x1d][0xc6]mY[0xe7]a[0xa9]W[0xba]x[0xa6][0xef][0x1e]$[0x12][0x17][0xc0]=[0xe9][0xe7]|[0xa7]7[0x1f][0xea]m[0xfc][0x8b][0xd7],j][0xae][0xcd][0xb5]"[0xd8][0xf1][0x9d]V[0xcb][0x12]+[0x17][0xd1][0xc3]u[0xa4][\r][0xa3][0xf7] Y[0x14][0x12][0xf]i[0xe2][0xdb][0x14]b[0x84][0x80]+[0xbd][0xc4]0_I[0xe9][0xe9][0x85]n[0xe5][0x9d][0xf7][0x96][0xbe][0xa2][0xbb][0xe8]k[0x9f][0x12][0xd4]/[0x9d][0xa0]XYW[0xd1]'_[0xc6]^[0x2][0xbc][0xf]r[0xd5]RHhiO[0x87][0xb4][0xb0]r%[0xcb]"[0xf3]"U[0xe3][0x17][0xba]W3[0x80][0xb2],[0xdb][0x9d]./[0xc9][0xa2][0xa1][0xa2][0x97][0xed][0xf6]QD/[0x96][0xe1][0xef][0xf1]B[0xa6]x[0xbf][0xd3][\n]"
2024-04-25 19:08:44 [main] DEBUG org.apache.http.wire -  << "I[0x7][0xe8]>f6k[0x9d]*[0x9b]&4[0xf2][0xce][0xda][0xc1][0xbb]u[0xd7]m[0x90][0xf][0x8b][0x8d][0xa5]w[0xc1][0xed][0xc7][0xdb]m[0x86]|[0xce][0xc9][0xe6][0xd7][0xbd]l[0xfc]=[0xc4][0xce]Y[0xf6]{[0xc9][0x90][0x12]m[0xd7][0x11][0x8e][0x84][0xcd][0xbb][0xf0]6[0x96][0xfa](+[0xde][0x89]T[0xe6]m*7VBqq0#U4v[0xe][0xa4]R$[0xfa]V[0x9b]D[0x87][0xdc]([0xd8][0xca]}m[0xa2]8[0xbc][0xe4][0xb7]I=L+[0x1f][0x98][0xcf][0xb9][0xe5][0xfe][0xb6]_[0xae]Jx`[0x95][0xb8][0x97][0xbf]&2[0x99]yq[0x8b]eo[0xda])[0x6][0xbd][0xc2]B[0xbf][0x9f]Xei[0xfb][0x1e][0xa4][0xaa][0xbc][0x97][0x85][0xc5][0xf]o[0x0][0xad][0xf6][0x8d][0x17]7$[0xca]M[0xdb]B[0xee]y[0x9a][0xdf][0xe9][0xf7]$![0xfa][0xf1]5\[0xc7][0xdb]Dw]>H[0xcf][\n]"
2024-04-25 19:08:44 [main] DEBUG org.apache.http.wire -  << "{[0x8]VP[0xba][0xb6][0xde][0xe7][0xa1][0xbc][0xef]<WkBeI[0xb2]t/[0x6]#[0xa9]kV"[0xd6]9i[0xfd][0xbe][0x97][0x16]K[0x88][0xc4]BQk[0xbc][0x8d][0xb][0xf6]s/[0x1f]<n[0xf8][0xb8]Qh[0x83][0xa7][0xa1][0xfd][0xbb][0xb2]-[0x15][0xf1]$[0xea][0x9b]!l[0x91][0x14][0xe9][0x90][0x88][0x1a][0xdf][0xf1]5X[0xf5][0xa6][0xc6]'[\n]"
2024-04-25 19:08:44 [main] DEBUG org.apache.http.wire -  << "[0xcd][0xee]+B[0xa2][0x4][0xa4][0xb1]p[0x98][0x9b]$<[0xc1][0xe7][0xf3]&[0xd2][0xf3][0xe0][0xbd][0xca]rn[0xb9]<S[0xe]][0x12]k[0x9f][0x98]a[0xb7][0xe4][0x91][0xd6][0xc2][0xaa][0x9b]T[0xc7]>+o[0xc3]Q[0xd5][0x84][0x16][0x2])[0xb4]n[\r]O[0x1e][0xa4]=`[0xb9]-HH6[0x3][0x83][0xd4][0xee]e[0x94]-v1[0xbc]Mp[0xf][0xb4]~[0xf3]'0[\r]S[0xb][0xd6][0xee]Y[0x9d][0xb3]l[0xc0]9[0x89][0xfc][0xf9][0xd4];[0xb0]#R[0xab][0xb5][0x95]"[0xf8][\n]"
2024-04-25 19:08:44 [main] DEBUG org.apache.http.wire -  << "[0x8c]H[0xfa][0xb9][0x97][0x95]@[0x8f][0xcb]*[0xe6][0xb][0x1][0xb4][0xf7][0xc4][0xdd][0xc8][0xd4]U)[\n]"
2024-04-25 19:08:44 [main] DEBUG org.apache.http.wire -  << "[0x82][0x9][0xfc][0xc][0x1c][0x8]@[0x88]|[0x7][[0xa2][0xab]WC[0x1f][0xac]?W[0xf9]"[0xc]P[0xa5][0xa0][\n]"
2024-04-25 19:08:44 [main] DEBUG org.apache.http.wire -  << "[0xeb][0xdf][0x9e][0x93][0xc1][0x8f]?[0xec][0x85][0x0][0x18][0x16][0xa1]v[0xbc][0xe2]Ek[0xbf]ZVf~7[0x83]X[0xb2][0x9][0xb4][0xa3][0xc3][0xfc][0xf5]+[0x1b][0xba][0x4]D[0xd9][0xd4][0xb7])[0xa2]$+A[0xf2][0xb2][0xbc]|[\n]"
2024-04-25 19:08:44 [main] DEBUG org.apache.http.wire -  << "[0x86][0x82][0xf][0x16][0x86]tt[0xd7]%\/-[0x97][0xf5][0x1c]2[0xbf]K[0x90]}H[0xc8]'[0x5][0xa1] [0xfa]x[0xba][0xcc][0x9f][0x9a]ev [0x15][0xe]H[0x1e]-[0xcb][0xbb][0x95][0xed][0xaa]>[0xe7][0xd8][0xf0][0xeb][0x8d]6[0x96][0x9e][0x9f]be[0x4][0xf4][0xc0][0xb][0xc][0x83][0xee]#moqx[0xc8][0xb][0xce][0xee][0x9e][0xe2][0x87][0xaf]f[0x9c][0xc4]9+L[0x93][0xf5][0xb3][0xd0][0x2]7[0xb9][0xeb][[0xb2][0xfe][0xb][0xc2][0x99].[0xe3][0x95]4[0xeb]mb[0xa7]-[0xca][0xa6][0xbf]>)[0x93][0xe][0x86][0xd2][0xcb][0x84][0xfd][0x1a][0xda][0xa4][0xfb]A[0xfd][0xd4][0x12][0xf6][0x82][0xa1][0xcd][0x90][0x8][0xe][0xb5][0x84][0xf]%g[0xff](u[0xa9][0xe][0x83][0x8a]:|[0xdc][0xc][0xa2]7[0xb5][0xad][0xc][0xe3][0xcb][0x7][0xc9][0x94][0xfc][0xbb]\[0x8b]8#[0x80]#[0x4]+[0xbf][0xa1][0xa7]D\%[0xbf][0xa0]"[0xe0][0xfb][0xc9]+[0x8e][0xb4][0x1d][0xd3][0x85][0x15]Xb[0xfb]99tPSV[0xba][0x89])[0x92]H[0xfc]E=[0xc4]9nb[0x3][0x10][0xc9][0xef][0x85][0xc2][0xa2][0xb8][0x8e][0x17][0xb2][0x9][0xf7]t[0xe2][0xf7][0xfc][0x16]~[0xd3][0xd8][0xd1]9[0xc5]2Z[0xda][0xb2]r&[0xf3]x[0xd0]e[0xe3][0x13][0x80]&[0x0]R[0x90][0x11] [0x1a][0x99][0x1e]o[0x85][0x18][0x8d]#V[0x1][0x96][0xec]!E)%[0xc][0xa5][0xac]L[0xee][0x95][0x92][0xa6][0xc0]t[0xd9][0x87][0x1][0xa8]F~[0xc3][0x11][0x82]q[0x98][0xc4][0x89]s[0xd2][0xed][0xf0]i^[0x80][0xbd][0xa4]8[0x9d][0xbd][0x10][0x9][%[0xcb]2[0xb4][0x8d][0xc9]k[0x0]&Tqr[0xd2]6eL[0x0]#B"Jv'[0xbe][0xcc]o[0x13][0xf6][0xb][0xfb][0xe3][0x9c][\n]"
2024-04-25 19:08:44 [main] DEBUG org.apache.http.wire -  << "j[0xec][0xdb]#[0xa9][0xa0][0xc0];z[0xce]vv[0xcd][0x1d][0xee][0xc]W@[[0x3][0xcb]b;;[0x0][0x9f][0x9][0x7][0x89]#T[0xa4]!n[0x81][0xf3]U[0xb8][0x16]s[0xb0][0x6][0x87][0xc6][0xbb][0xb8][0xe0][0xec]W[0xd3][0xea][0xc4]"}Ii[0xd3][0x5][0x92][0x98]g{[0x9b]pW[0x87]{[0x8a]m_G[0xd4]v[0xe1][0x1d][0x2]m[0xe3][0x3][0x1][0xb1] [0xdb][0xb][0x5][0xf8][0x9c][0xb5][0x89][0xc6][0x8e]3[0x87][0xfc]#[0x84][0xee]wc[0xb0]&aC[0xcc]P[0x91][0x9][0xed][0x1e][0xed]3CXE[0x11]$C^[0xc8][0xea][0xb8]b[0x8f][0xbc]K[0x83][0xd5]E$H[0x8f][0xe0]d[0x7][0x80]}81[0x6][0xf6]J/[0x8]@V[0xc4]bV[0x1d][0x9a][0xca][0xe0][0x96]_-!Wv[0x7]'[0xc5][0xd8]AS[0xac][0xc0][0xb7][0x90][0xd5]4"tz{G[0x5]][0xca];/[0xd9][0xe3][0x8a][0x92][0x8b]3f[0xa0][0xcf][0xaf]+N$A1[0xbe][0x94][0xf8][0xb3]D([0x8a][0x93]SH[0x1e][0x87][0xa4]{P8[\n]"
2024-04-25 19:08:44 [main] DEBUG org.apache.http.wire -  << "*@i[0x8][0xfd][0x95][0xc0]\l[0xf2][0x86][0x7][\n]"
2024-04-25 19:08:44 [main] DEBUG org.apache.http.wire -  << "[0x94]8[0xeb][0x95];[0xbc][0x1a][0xa2][0xe4][0xfc][0x1d]QG[0xe2][0xb7]A[0xb3][0xc0][0xff][0xfb][0xc5][0x87][0xf5]i[0xaa]eN[0x11][0xe6][0x9d]w[0xd4][0xfd][0x87][0x84]UE^[\r]\[0xe1][0x1f]$[0x91]s[0xb8]6[0xde][0xa3]Z[0x0]<[0xb9][0xc6][0xe][0x81]Z[0xca][0xed][0x9][0x86]x[0x1d][0x11]^[\n]"
2024-04-25 19:08:44 [main] DEBUG org.apache.http.wire -  << "[0x1][0xb4][0x86].[\n]"
2024-04-25 19:08:44 [main] DEBUG org.apache.http.wire -  << "[0xcb]u[0xa2][0xbc][0x97][0xed]cd8[0xc6]DNdic[0xc4]fM[0x1d]D[0x5][0x18][0xe3]:[0x0]5[0xb][0x81][0xfa]g[0xa9][0x94]U[0x82][0x92][0xbf][0x9e][0x90]&[0x1c][0xa1][0x1c][0xfb]-[0xe6][0xb0][0xbe][0x8b]?[0x1b][0x11][0xfc][0xd4][0xe1][0xcf][0x0][0x8a][0xe4][0xad][0xd3][0x2][0xcc][0xea][0xcb][0x11]+[0xd8]r~[0xd7][0xed]"!7[0xd3]P[0xb]@5c[\n]"
2024-04-25 19:08:44 [main] DEBUG org.apache.http.wire -  << "[0xfa][0xd9][0xc8][0xe9]iM[0xf4]![0x2][0x1d][0xf2][0xc][0xbe][0x88][0xa4]4g[0xac][0xe9][0xae]q[0xc7]9[0xf1][0xee][0xc3]8[0x5][0xaf][0xd7][0xb]%[0xf7][0xa3]9[0x17][0xe5][0x11][0x91]H(A[0x92][0x84][0xea][0xb2][0xd3][0x4]P[0xc3]7[0xfd][0xf8]6^HA[0x9f]J[0xf0][0xe7]F[0x82][0x1d][0xb4][0xcd][0xde][0xaf][0xe8][0x9a][0x1a][0xa7]'[0x80]C#[0x89][0xf8]5[0xf6][0xd2][0x7][0xb1][0x8][0xe9][0xa8][0xa5][0xf2][0x19][0xd2]E[0xfe]7#h[0xc2][0x90][0xe8][0x9e]t{6![0xd8]'[0x85]cq[0x9]Jn[0x85];[0x91]|[0x16]I[0x9c][0x19]'[0xd3]E)4A%[0xdf][0xa6][0x94]w[0x19]/[0x12]:Gw9)[0xa4][0xe][0xeb][0xe2][0xe1][0x12][0x9e]$|[0x18][0xa3]`[0xc2]W$[0xda][0xa7][0xc3][0xac][0x17][0xe2][0xf5][0xd6][0xc][0x86][0x92]~r[0x0]b[0x91]`[0xdb]Y[0x18][0x1c][0xc5]H[0xa1][0x9c][0x89].[\n]"
2024-04-25 19:08:44 [main] DEBUG org.apache.http.wire -  << ">[0x10]4B*B.[0xb2][0xa5][0x9]M[0x16]$7[0x7]:[0x8b][0xf0]B[0x11][0x9f][s[0x87]k[0xef][0xe5]s[0xbc][0xb]T[0x97][0x98][0xae][0xfe]zb[0xb5][0xeb][0xd7][0x19][0xba][0xbf][0x91][0xdb]W e[0x80][\r]9[0xbb]f[0xa3][0x81][0xe][0xc1]n[0x88]c[0x6][0xf]"[0xa4][0x2][0x3]4v[0xf][0xb6][0x95][0x9][0x9e][0xc1]t[0xf8]6[0xc8]r[0x85][0xfd][0xf4]lH[0xc8][0xe]8#[0xd1]1[0xdd][0xff][0x8c]"N[0x8a][0xa2][0x3][0xa1][0xc8][0x95]Y[0xe7]T7C#[0x19]Ni^[0xd1][0xed]=[0xa7][0xed][0x92][0xf1][0x82][0xca]6[0xdb][0xf6][0xc8]*J#|X[0x8a][0x10]Mx[0x81][0xb0]aT[0x5][0xb5][0x4]Rr[0xb1][0x9e][0xa4][0xfd][0xb4]E[\r][0xed]"[0xd4][0xcf]uH[0x96]m[0x91][0xf8][0xa4][0x0]:D[0xca][0x1a][0x6]d[0x93][0x92]&[0xb][0x90][0xc7]tq^[0x7]+9[0xd6][0xe][0xba]v[0xc4][0xce]e7[0xc][0xda]&0>[0xac]%[0xb4][0xbd][0xae]F[0xae]s[0x1e]?h[0xb5]%[0xd3][0xe4][0xa2]9[0x96][0x87]Z[0x16][0x19][0xaf]{r[0xe9][0x1d]&[0x95]J[0x8b][0xb0],[0x9a][0xdd][\n]"
2024-04-25 19:08:44 [main] DEBUG org.apache.http.wire -  << "v[0x99][0xa7][0xe]hZ[0x9c][0x0]c[0x1b][0x81]I[0xf3]S[0x3]{&[0x9]s[0x8a][0x2][0x9d][0x9a][0x80][0xd4][0xe2]z(}[0xda][0xed]H[0x8]v,[0xe9][0x5]Ihp[0x13][0xf6](I[0xb5]]N,yFB'[0x5][0xd2][0xa1]KTSH[0xe7]X[0xb5]I[0xdd][0xcc][0xd0][0x94]p:&D[0x98][0xb6]`[0x9d]t[0x9b][0x81][0x1b]l[0xd8]=[0xc3]E[0x9e][0xc5]3[0x82][0xc4][0x8f][0x94][0x11][0x95][0xec][0x9f][0xe9],[0xc5];[0xb0]0q[0x90][0xe]Q[0x95][l[0x91]wd[0x1]m[0xcc]E[0x98][0xe5][0x17][0x1b][0x19][0xd6][0xac][0xac]:![0xdf][0xac][0xc3]'[0xa5][0xd5][0xf3][0xa6][0xc6][0x4]y[0x11][0xc5]irq[\n]"
2024-04-25 19:08:44 [main] DEBUG org.apache.http.wire -  << "[0x19][0xa6][0x1f] 5[0xe][0x8][0xaa]}[0xf]!{[0xa1][0x88][0x4]v[0x14]~1{[0xc][0x1b][0xcf]*"[0x1e][0x82]E[0x92]*v[0x1e]B[0xa4][0x9a][0xc1][0xd6]"[0xb2]lb}[0xa6]KB[0xa1][0xad][0xb4]Y_[0xa4][0xb4][0xad][0x18]:[0xa8][0x8a][\n]"
2024-04-25 19:08:44 [main] DEBUG org.apache.http.wire -  << "[0x9a]P[0x10][0x12][0x6]v[0xfb] [0x95] [0xda][0xc9][0xfd][0xf2]eG[0x95]i7[\n]"
2024-04-25 19:08:44 [main] DEBUG org.apache.http.wire -  << "\[0xb6][0x8b][0xe5]"[0x9e][0xd3][0xc2][0x4]"[0xa1][0xd8]Z[0xc3][0x98][0x9][0xd2][\r]c[0x14]'[0xa1][0x88][0xdd]}M[0xce][0x83][0xfd][0x89]c ?y[0xe2]es[0xc8]{N[0x8]?w`[0x15][0xa4][0xff][0xfe][0xe6][0x89][0x9e][0xe8][0x88]![0xb8]\[0x1][0x1f][0xc0]{[0xe4]&5[0xb4][0xa7][0x9d][0x15]%Q`$[0x15]B[0x84][0xee][0xb7])]#XV[0xe5]?.[0x1e]][0xc1]*o([0x9a]qN[0x97]@t[0xe3]\[0xa4][0xfc][0xf3]l[0xdd][0xbf]4[0xeb][0xee] &T[0x1f][0xe5][0x9][0x86][0xae][0xca][0xfe][0xed]C@O[0xa2]j[0x9e][0xc4]o[0x8d][0xf2][0x85][0xd1][0x8d][0xba][0xfd]KC?)[0x8a]0[0x1][0xe1]yM[0x1c][0xb2]Df[0x9c][0xbc][0x8e][0xc2][0xb1][0xc8][0xf5];[0xd2]~[0xcf]]4[0x97]1[0x3]<(xf[0xf5]9)[0xa1]c|[0xa9][0xc5]M[0xe4]p[\n]"
2024-04-25 19:08:44 [main] DEBUG org.apache.http.wire -  << "[0xa3][0x97][0x3]\[0xe1]i5{_-[0xa0]%[0x10]/[0xe0][0x18]`[0xca]$[0xe8][0xe8]<q[0xd0][0xcc][0xa1][0x19][0xe2][0xb6]$|[0xc3]=[0x15]Q[0x85][0xb8]S[0xd0]w[0xb7][0x3][0xb7][0x9b][0x8]g[0xe5][0x9]\,\[0x82]oI[0x94]E[0x15][0xf3][0xa4][0x94]:D*[0x11][0xc0]!w[0xac][0xe5][0x9][0xd7][0xc][0xe7][0x8e][0xbc][0xdc][0x90][0x94][0xa5][0xf2][0xce]S[0xb][0x89][0x8e][0xaa][0x5][0xc2][0x11]t[0x83]C[0x9c][0x5]6[0xc3][0x14]F[0x1a]%[0xc][0xd2][0x87][0xdb]D[0x1e]^[0xc8][0x18][0xd5][0x95]g[0x82][0xf5][0xe4][0x8a];[0xe0][0x19][0xae]O[0x19][0xaf][0xed][0xd1][0xf3][0x15][0x96][0x8d]d[0x9e][0x13][0xbb][0xb3][0xb5][0xdc][0x83]S"[0xc6][0xc2][0xb3]S6<i[0x9d][0x7][0xb2][0x1e][0xb0]1[0x7][0x1f][0xb5][0xba][0x13][0x9c][0x98]s)[0xc8][0xe][0xf9][0x93];b]z>[0x9c],N[0xdc]l[0xc2][0xab]FOz[0xf1]Kt[0xfa][0xa4][0xc8]:[0xa8]J{[0x9][0xa5]n[0x98]7[0xa7][0xbf]P[0xfa]x[0xca]|[0x9][\r][0x7][0x88][0xe9][0x91][0xdb][0x1][\n]"
2024-04-25 19:08:44 [main] DEBUG org.apache.http.wire -  << "[0xab][0x92][0xc5][0xc]u6[0x8e]Df[0xe3]A[0x13][0xa1]be[0xce][0x16][0xd0]%Y[0x1a][0x91][0x8c]*[0xa5][0xf2][0x10][0xc2][0x96][0x88][0x13][0x8][\n]"
2024-04-25 19:08:44 [main] DEBUG org.apache.http.wire -  << "[0xce][0x13][0xa9][0xaa][0xd2][0x81][0xe3][0x16]lxRP[0x1d][0xb0][0x15][0xe0][0xc9][0xda][0x95][0xaa]e[0xc1][0xfa]:}[0x4]][0xe9]"[0xd3][0xb5])p[0x0]g"[0xa1]O[0x19][0x1e][Y[0xe2][0x92]s[0xf5][0x1d][0xc9]%[0xca][0x96][0x13][0x98]\[0xd1][0x15][0x89]x[0x96][0xce][0xa7][0xf8][0x5][0x84]P[0xb4][0xc6]m[[0xc][0xb][0xd3][0xce][0xb1]\[0x0][0xd2]n[0xa3]`([0x91][0x10][0x88][0xda][0xb3][0x93]RSv[0xd4]wR[0x88][0x1d][0x18]N[0x85]U[0x8a]f[0x1b][0xa8]3s[0xa7][0xa4]rOc[0xda][0xaa]/#[0x19][0xbf][0x1a][0x80][0x0][0x1b]3[0x2][0xb7]G[0xba]q[0x93] [\n]"
2024-04-25 19:08:44 [main] DEBUG org.apache.http.wire -  << "[0x93]&T[0xa6][0xdc][0x84][0x8c][0xd5][0xb2][0xc4]-UW[0x91]?[0x1]b[0xb2]]&G[0x8d][0xcd]j[0x8][0xbb]M[0xb1][0xb4]{0)[0xee][0x81][0xd5]>)[0x9a][0xe][0xf9][0x86][0xa7][0xd6]D[0x81][\r]j[0x1a][0xa5][0xea][0x89]x[[0xde][0x19][\n]"
2024-04-25 19:08:44 [main] DEBUG org.apache.http.wire -  << " 8[0x91][0xb2][0xf5][0x15][0xe][0x18][0xab][0xe4]S[0xda]3[0x83]xm2[\n]"
2024-04-25 19:08:44 [main] DEBUG org.apache.http.wire -  << "[0xcf]R[0x93][0xb9][0xc8][0xde][0x97][0x16][0xd8][0xc6]>A}Z[0xf8][0xc9]R[0x84][0x83][0xcd]P[0xb0][0xb9][0xb][0xb7]>[0x98]C[0x8][\n]"
2024-04-25 19:08:44 [main] DEBUG org.apache.http.wire -  << "O[0xcb][0xdd][0xf4]i[0xdd]r[0xd4][0xc3]y[0xb5]@[0xbc][0xca][0x95][0x8a][0xdf]>'[0xc7][0xe]:[0x8b][0xe8]4Y[0x94][0xbd][0xcf][0x1d]/[0x92][0x9d][0x16][0x84][0x99][0x9e][0x95][0xf1]T[0x3][0x8b]3[0xf][0xc3][0xaa][0xca][0x2]K7[0xe2]4[0x2][0x16][0x19]&S[0x94][0xe7]t[0xff]'OW[0x12]X[0xb8][0x9a])[0xf6]4![0x10]q,BlEnc[0x15][[0xe1][0xbf][0xd1]B[0x2]o[0x91][0x15][0xdb][0xeb][0xb3][0x9f][0xe7]d[0xf5]K[0x87][0xb0][0xb5]SbV[0xcf]p[0xd0][0xaf][0x94][0xba]@[0xc]c)q[0x80]`/[0x91][0xf][0xf1][0x9b][0xef][0xe3][0xd9]$[0xec][0x89][0xf7][0xc0][[0x1e]"[0x9b]j[0xec]3[0xab]"r[0x14][0xa1][0xc4][0x1a][0xee]G[0x96][0xbb][0x9]O[0xc1]HCe[0xef][0x9f]zU[0x13][0xf8][0xb5][0x91]@[0x87][0xb5]%[0x17]X[0xac][0x9b]v/[0x80][0xa6]Q[0xc3]9[0x94]h![0xda]c[0xaa][0xc1][0xd8]h7[0xd1][0xe8]oC;R[0x6][0xe0][0xa2][0x1f][0xf6]{[0xa7][0x5]B1R[0xc1][0xeb]S8[0xa1][0x9][0x1e][0x86]q[0xb8][0xe0][0x6][0xd5]O[0xb0]k[0xea])[0xe5]9'[0xa5][0xd1][0xe1]j[0xab][0x97]+-[0xc8][0xf8][0xae][0xe6][0x96])D[0xfa][0xf0]T[0x99][0xb5][0xf6][0xd2]D[0x9f][0x93][0xce]CSb[[0x93]m9[0x1b][0xa1]kr[0xa5][0xce][0xa9][0xf5][0x8c][0xea][0xab][0xc7][0xd8][0xcc][0xef][0xa9][0xf2][0xc1]s[0xab][0xdd][0xa3]P[0xdd]4Hc3[0x92]Wo[0xfd][0x10][0xb0][0x8][0x88][0xdb][0x17][0xbd][0xa1][0xad][0xf8][0xfa].Zg[0xe3]xg[0xcd]m7dU[0xd4][0xa0][0x92][0xe8][0xd8]Ik[0x12][0xf1]"[0xbb][0x8d][0x14][0x18][0xd2][0x94]z)[0x90]O[0x8d]R/VR[0x93][0x0][0xdd][0xe1][0xb1][0xe2][0xb0][0xf6]65[0x16])+MB@b[0xef]s[0xf7][0x18][0xd2]cc[0xb2][0x85][0x93][0xb5][0xe7][0xec]n[0xa3][0xc8][0x9b][0x14][0x95][0xf3][0x9a][0x96]J4[0xdd]<)[0xd6][0xe][0xd5][0xc3][0x83] [0xad][0xf][0x8b]\[0xfa][0xe][0xf6]DE[0xb1].e[[0xf3][0xde][0xb0]u[0xb8][0x8d][0xef][0x8c][0x6][0xcc]`[0xc0][0xef]qB[0x90]J[0xe3][0xd0][0xe]8[0xb1][0xc8][0xeb]$}A. N[0xfb]Q[0xb5]$^e[0xc5][0xe6][0xa1][0xc0][0x90][0xa9][0x93][0xda]v[0xf8][0xfe]E[0xd2][0xdb][0x8a][0xa1]C[0xea][[0xa4]e[0xbe]G[0xca][0xf1]J[0xc6]o[0x9c]]j[0xb6]:[0xcc][0x16][0xab]K'[0x8b][0xc2][0x16][0xfb]m[0x9b][0x1e]8V[0x19][0xd7]0i[0xf1][0xd7][0x81][0x3]C\[0xa2][0x88][0x80][0xd9][0x8e][\n]"
2024-04-25 19:08:44 [main] DEBUG org.apache.http.wire -  << "[0xdc][0xe4],[0x14][0x83][0xe6]<[0xb7][0xf4][0xe]{[0x1b]W[0xaa][0xed][0xce][0x99]dSG[0xd2][0x15]X[0xda][0xa6][0x3][0x91][0x1a][e[0x84][0x1e][0x90][0xcd]"[0x8][0x87]q[0x96][0x81][0xb8][0x1f][0xd1][0xb6][0xd2][0xa2][0xc],[0xfa][0xc7]j[0xe3][0xc9][0xd0][0xc4][0xc0][0xd6]uru[0x7][0xc][0xb1])[0x98][0x2]t[0x95]W[0x94]![0x9e]/. [0x9d][0xf2]7[0xdc][0xc7][0x16])[0x95][0x80].%x,KH[0xed]t[0x1c][0xbc][0x9b][0xdc][0x89]o[0x99][0x9][0xf1]}[0x13][0x8f][0x8d]k[0x14]([0xfb]B[0x9f]ZK[0x8a][0x8c][0xe6][0x0][0xb3][0xff]9)[0x96][0xe][0x10][0xb7][0xd9][0xb8]:[0xba][0x92][0xc9]I[0x98]"[0x1][0xbe][0xa7][0x2]Bz[0x98]nc;[0x8c]&[0xd4]Hd[0xba][0xc0]e[0x99][0xf9][0x89]",:[0x1e][0xdf]P|[0x4][0xc7][\r][0xce]q[0xcf][0x83][0x1b]][0xd4]v[0xaf][0xca][0xa6][0x18]a[0x98][0x87]o[0xce][0x9][0xa5]C[0xb7]F[0xc8]p[0x80][0xf3]Q[0xa0]-C[0xfb][0xb6][\r][0xe8]IP[0xe][0xfa][0x9e]V[0xc1]q[0x9e][0xc1]E`uF;[0x12]P[0x11]\S[0x8a]j][0xea][0x2]ZP[0xc7]7[0xe4]B[0x86][0xa0][\r][0x97]Q[0xdd][0xa4][0xd7][0x14]#R[0xfd]vC[0xcb]m[0xf0][0xd0][0xf9][0x92][0x1a]0_[0x8d]g4[0xf2][0xf9][0xb5]C[0xb4]-[0xf4][0x1a][0x9b][0xb2]_[0x7]-[0xe2][0xdd][0xf9]R[0xf5][0xa5]M\[0xeb][0x9c][0xa7][0x0] w[0xb5][0x96][0x4]XP[0xdf][0xd5][0xa5][0xec][0xd1][0x9][0xd9]g[0xb][0xd1]RY[0xbc][0x8e]fb)^[0xd0][0xee][0x8][0x13][0xed]M[0xdc][0xb9][0xc0][0xa7][0x9c][0x8a]?[0xdd][0xc]][0x11]QLc[0xb4][0xc4][0xef]S[0xd1][0xfe][0xd6][0x88][0xb6][0x9f]<[0x83][0xb1][0x1b][0xf8]2N '[0xc6][0x92][0x1a][0xc8][0xf3][0x9e])^S[0x9][0x16][0x1f]g[0xe6][0xac][0xd0]"[0x97][0x2][0x9b][0x8d][0xb2]N[0x5][0xbb][0xe][0xed][0x1c]+[0xba]$[0x18][0xab]$[0xe4],[0xfd][0x9a]][0xf4][0x1e]~[0xda][0x95][0x1f]O[0x90]iu[0xba][0xd9]b[0x94][0x3]$[0xeb][0xce][0xab]^[0x13][0x19][0xdc]Y[0x1e]*;K[0x1e]o[0x10]0!Qf[0xbf][0xcf][0xdc][0xce][0x8c]Gk.[0x9f]r[0x2][0xfa][0xa9][0xd5]s[0xe0][0xe][0xe5][0xce]9[0xdb][0x8d],>,[0xf8]m[0xd2]}[0x14][0x9a]`[0xdf][0x13][0xe9][0x1d][0xad]'E[0xd5]A[0xe0](j:[0xc4][0x17][0x8e][0xaa][0xcb][0xac]@[0x81][0x2][0xad]f,\[0xb7]f[0x1e][0xc9]p[0xdb][0x93][0x99]4q[0x85][0xd2][0x12]-[0xa9][0xb7]l[0x2][0xf0][0x1][0xd4]"s[0x9a][0x92]?[0x3]Ej[0x12][0x15]~j[0x1][0x8f]:[0xa5][0xdc][0xc6][0xe1][0xf6]IQt[0xb0]U[0xb6]+t[0x12]%[0xdc][0xa6][0xee][0xa4]e[0x99][0xae][0x8c]g[0x8d]s[0xca]F$[0xf2][0x97]<[0x89][0xe4]([0x86][0xaa][0xb6][0xdc][0xc4][0x9d]j[0xe6][0x84][0xd8][0xb4][0x3]T![0x4]:@[0xf6][0xed]U[0xdc][0x95]e^[0xd1][0xdb][0xa1]-U?[0xb9][0xee][0xe][0xa7]Z[0xbb]B[0xce][0xf1]!\ [0xef][0xa7][0x1c]_[0xa4][0x99][0xa5]![0xe7][0xa1]$[\n]"
2024-04-25 19:08:44 [main] DEBUG org.apache.http.wire -  << "[0xdb][0xb5][0x10]#[0xa3]Vn[0xb][0x97]M[0x8d]H[0x8a][0x9e][0xca][0x9d][0xb4]}[0x85]+[0x1a][0xce]u[0xb1]J[0xc0][0xc6][0xfc][0x14][0xe2][0x1a][0x87]k[0xad]v[0x9c]\}[0x7]U[0xb5]{[0xa9]X[0x9][0xa2][0xa5][0xce][0x8e]Z[0xd9]e[0x96]0[0xf5]8p[0x9f]u[0x5][0xc]|l:[0xa5]Q[\r][0x93]h[0xe9][0xc2][0xa0][0xb7]M[0xa0][0xc6]4O=[0x9c]^[0xb1][0xcd]e[0x93]h[0xa6][0xce][0xe][0xc6]ZkD[0xa9][0x93]B[0xe8][0x10][0xad][0x14][0xe][0xdf]u[0xea][0xb6][0x83][0xaf]9wh[0xc7][0x89][0xb][0x16][0x8c]DU[0x6]`[0x96]&[0x9f]Q[0xd7][0x95][0xb9][0x81][0xe8]b[0xaa][0x9a][0x12]c[0x16]9[0xd6][0x9e][0xb0]zL[0x81]-g7[0xf8]i[0xa7],{([0x0]P[0x1f][0xfe][0x95]b[0x8][0xc6][0x1f][0xbb][0xce][0x4]e6[0xd3][0xa7][0xb5]3[0xc1][0x82]7[0x9a][0xb4]| h[0x96][0x16][0xcd][0x98][0xc1][0x93][0xb9]H[0xe5][0x98]m[0xa0][0xc7][0x8a][0x9a][0xde][0xbe][0xc6][0xe8]D[0x1a][0xf1][0x83]+[0xc0]sO.[0xb6][0x83][0x9b][0xa8][0x8][0xe7][0xb1][0xb0][0x12]E[0xdf][0xaa][0xd8]b[0xbc][0xbe][0x9a][0xda][0xda]O&[0xca][0x1a][0xaa]U[0xd1]S[0xfc]b[0xf][0xb1]o[0x1f][0x9b]T[0xc3][0xad][0xb1][0xaf]+~[0x99][0xf0][0x1d][0x93]5[0xa3]/[0x88][0xcd][0x81](.[0x1e]]$[0xdc]jK1[0xcc][0x86][0xfb][0xd5][0x0][0xa6]m[0xc5][0xe7]z![0x1b][0x11][0xfe][0xd6]![0xd2][0x1c][0x83][0xac][0xfc][0x15][0xcd]]V5([0x87]mL[0x11][0xa0][0x8e][0xf9][0xc9][0xc]y$[0x19]x[0xcf][0xa3]&[0x9b][0xe]nr[0xf9][0x8d][0xdd][0x6][0x8c]E[0xe2][0xbe][0xb5]&[0xe7][0xae]oq[0xa0][0xd9][0xef]F[0x81]@B[0xb1]qe6[0xab][0xec][0x85][0xac][0xa7][0x92][0xf9][0xbd][0x91]L[0x7]([0xf][0xc7][0xbc]3lc[0xeb][0xf] [0xd1]-[0xfe][0x1d][0x9],[0xe8]![0xb4][0x81]z[0xcd][0xc1][0x80][0xbd][0xbb][0xbb][0xdc][0x9e][0xf3][0xbe][0xe3]h5[0xdd][0x93]Mq[0x6][[0xa2]c[0xaa][0xa8]Y[0x98][0xa2][0x1c][0xa7]U>ym[0xcc]#[0xb9][0x3]W:L9[0xfb][0x97]3[0xd5][0xad][0x90]:[0xec]i[0x1e][0xde]g[0x1a][0xe9]n[0x87][0x9d][0x93])[0xa5][0x2]rjY[0xa7][0xc][0xb2][0xc2][0xaa]0j[0xcd][0x1b][0xea][0x92][0xcb][0x3]u5[0xdd]EiX![0x85]3[0xc8][0x84][0x1d][0xab]B[0x81][0xa4][0xf1][0xa6][0x9]dT1[0xac][0x87]I[0xa4]s[0x92][0xe8][0xa0][0xa5][0x1b]v[0xda][0x94][0xbc][0x8b]j[0xeb]F,#S30[0x90][0xce][0xb5]8[0x96][0x9e]7[0xb0][0x84][0x18]Y[0xbb][0xa2]\[0xe8][0xea]Q[0x1f][0x81][0xbf][0xb4][0xcb][0xfa]3w[0x9][0x1][0x8c][0xfb][0xfc][0xa0][0xd2][0x4]"[TeYH[0xad][0xb5][0xe7][0xc6]#7i[0xeb][0xcb][0x82][0x98]mru[0xdc]9I[0x97][\n]"
2024-04-25 19:08:44 [main] DEBUG org.apache.http.wire -  << "[0xf0][0xe5][0xeb]A[0x98]V[0xc2][0xfd][0xe1][0x6][0xab][0xf7][0xc][0xb3]s[0x4][0xb9][0xc5][0xfc][0x96][0xcf][0xb4][0xcf][0xd7].[0x9f][0xb9]*&[0x89]5[0x90]7[0x5]U[0x93][0xe3]tjO[0x1f][0xdb]3J[0x16][0x4][0xb1][0x1c]'[0xd2][0xf0]a[0xd1][0x9d][0xc]P[0x3]:[0xbb]l6[0xb3][0xfb][0x1c][0xa5][0xb4][0xcb][0xed][0x80]j[0x93][0xb9]^ab[0x88][0xa9][0xfc][0xef][0x19][0xa7][0x4]z[0xf9]S[0xfc](w[0xfd]M[0xb9][0xaf]]&[0x89][0xb5]Nf[0xc4][0x86]i[0x96]R[0xc6][0x8a]@[0xd0][0x19][0x9d][0xe5][0xe2][0x0][0x9c]n[0x8e][0xce][0xbd][0xb2][0xee]:[0x95][0x92]w6[0xc2][0x86]_[0x9c]=[0xba][0xb][0xcc][0xa0][0xd5]I[0xa9]t[0x0]6[0x97]t[0xab]e[0xb7][0x92][v[0x95][0x1d][0x1f]D[0xb6](e^[0xd7]&}R[0x1][0x7][0xa9]P[0x80][0xd7] [0x82]&[0xfe][0xaa][0xd4]U[0xe4]HH[0x8e][0xe7]<[0xfd][0xeb][0xe4]b<&[0x1d][0xc][0xb0]*[0x89][0x89][0x13]G^[0xd6][0xbe][0xda]uw[0x98][0xd5][0xb6][0x8d][0x9f][0xce]/[0x87][0x1][0xc9][0xc5]I[0x9e][0x17]u[0xf7][0xd6][0x98]s[0xa9][0xf0][0xa8][0x97][0xc3][0xb1][0xaf][0xd5][0xd7]v[0xa7][0x9a][0x14][0xed][0xfc]wG$[0xe8]D[0xe7][0x5]1>#[0xec]_rmM[0x13]|[[0xab][0xff][0xfe][0xb9][\r][0xad]\:[0xbc]+[0x99][0xaa][0xb8]7[0xf5]}[0x89][\r]L[0x15][0x84][0xc3]!S[0xb][0x83]q6K[0x82][0x17][0x6][0x0]K[0x80][0xcc][0xf2][0xe9]7`B[0xa0][0x12][0xa2][0x18][0xa0]9q)E[0x17][0xd0]eVS[0xb7][0x16]E[0xb1][0x1d]?f[0xe7]t[0xe8][0xed][0xc0][0xaf][0x8a]\v[0xc3]7[\r][\r][0xaf][0xc2]^[0x1c][0xdb][0x83][0xf7][0xdc][0xc3][0xd9][0xb7]mU[0xd7][0xb1][0xb5][0xe8][0xa8][0xa7][0x5]n[0xcb][0x93][0x84]6[0xae]n[0xfd][0x9f]:[0x8f][0xdc]d[0x11][\n]"
2024-04-25 19:08:44 [main] DEBUG org.apache.http.wire -  << ""[0xbb][0xf6][0xd3][0x83][0xa1]([0x10][0xb]([0xc1]k[0xd3][0x9d]B[0xdd]l[0xf5][0xad][0xcf]QWtN[0x88][0xbf]w[0xf0][0xb7]),[0xe8][0xb0]4C[0xee]Cbp_8[0xd7]c[RI|[c[0xbf][0xc5][0xef][0x5][0x9][0xb0][0xa3]~[0xb5][0xa7][0x2]*bt[0x9][0x99]([0xa2][0x93][0xf3][0x89]>|[0xf0][0xdc]@[0xfe]hVxt[0xd8]A[0xd3][0xbc]R[0xf3]`!{[0x91]NO[0x82][0xb1][0xc9][0xf4][0xa7][0x14][0x8d]![0xed]fJ[0xdc]Z[0xe6]r[0x95][0xc6]WT[0x15][0xd5][0xeb]pII[0xa0][0xdd][0xfb]9-[0xb6][0xe9][0x10][0xd6][0xd2][0xc4][0x91][0x93][0xab][0xee]p[0xa9]8/[0xb6][0xc8][0x1d]t[0xb7][0xf1][0xbb]YG[0xd5]:[0xc0][0x0]0[0x95]O[0x1e][0x88][0x1d]M[0xeb]n[0xc9][0xbb]t[0xe0][0x19][0xb0]I[0xcb]dYj[0xcc][0xef][0x93][0xa6][0xd5][0xab][0x9e][0x9d]`[0x7][0xbc][0x8]f[0x8][0x92]l[0x1][0xed][0x95][0xf2][\r][0xef][0x6][0xf3][0xf2][0xc8]k[0x7][0xd2][0xca][0xa8]C[0xac][0xed][0xdc][0xa4][0xab][0xed][0xac][0xfa][0x99][0xe0]"'n[0x1a][0xfa][0x11][0xcc]<[0xed][0x4]L[0x11][0xd9][0xcd][0xc1][0xc0][0xa3][0xb6][0xb2]qX[0x4][0x95]`[0xe8][0x84][0x0][0xa5][0x12]\[0xca][0xbe][0xa6][0x8f][0x1b][0x93]\[0xa3][\r][0xb7]T[0xad]P[0x80][0x98][0x98]Z[0xae][0xe6][0xa8][0xdb]uyY[0xb9]i[0x85][0xd5][0x83]Oa[0xb9][0xb9][0xf5][0xc7][0x12][0xcd]|[0xaa]IY[0x1a][0x1a][0xdc][0x82][0xdf][0xe1][0x0][0x84]Rp[0xb5][0x1b]_[0x11][0x9d][0xb5]2h[0xcc][0x95][0xdf][0x9f][0x9c]t[0xe4][0xce]1rGks[0x0][0x18]o:.[0xa5]{E[0xe1][0x8e][0x9e][0xdd]b[0xdb][0xe4][0xdd]n[0xae][0xf5][0xf1][0xc]uD'[0xa5][0xd6]a[0xd8][0xdc][0x18]\mtc[0xb0][0xfe][0xc4][0x9c][0xd7][0x8d][0xdd][0x8][0x96][0x9f][0x1f]Fv*}[0x95]H[0xd7][0xf2](<[0x93][0x6]z,[0x99][0x9d][0x98][0x93]d[0x10]mj[0x9][0xe8][0xdb]qk[0xdb][0xee][0xcc][0xb8]h[0x7][0xd4][0x12]l[0x1e][0xcc][0x82][0xaf][0xc2][0xd0][0x85]B[0xba][0xc4]M[0x98]fG[0xaf]<:[0x8e][0xbf]S[0xd5]iE[0xf7][0xec][0xfc].[0xde][0xd6][0xa8]K^[0x8d][0xab]~[0xd1][0x88][0xe3]'[0xc2][0xd8][0xc9][0x17][0x8][0xab][0x8][0x2]jF[0x19][0xd8]W[0x8d][0x5][0xa1]f[0x96]Q[0x5][0xcc][0xe9][0xa6][0x91]^[0x1e][0xb1][0xd2][0xae][0xac][0x83][0xb2];[0xb5]?[0xac][0x9d][0x1c][0x1d][0xfe][0x80][0xde]/[0xb1]u[0x94]3*0[0xa0][0xe2][0xd3][0x1f]\[0x8d]@[0xd5]6[0x9c][0x90][0xd2][0x0][0x99]j[0xf]z[0x1b]3[0xed]f:[0xc9]k[0xb8][0x1e]ym1"[0xbe][0xe]l[0xdc]k[0xaa]P[0xe4][0xd7][0x8a][0xd6][0xf4]s[0xc2][0xea][0xf0][0xad]<[0xb0]I[0xee][0x8c]i[0xd7]t[0xa3][0x9f]1{O[0xad]"[0xe2]q[0xc2]wz[0xe7][0x5]:[0x88][0x2][0xd5][0x85]33[0xfe]q[0x94]>Zo[0xe0][0xe2][0x1f][0xe8]L;[0xd0][0x9e][0x80][0x89][0x9c]u[0x9c][`[0x7]c[0xf7]\{[0xf4]w[0xab]%'[0x6]GT[0x9f][0x85][0xbd]_[0xb4]V_[0x9a]^Z[0xd1]h[0x8d][0xca][0xbe][0xdd][0xcb][0x98](kT[0xd4][0xac][0xac][0xa3]S[0x89]h[0xdc][0xce]]&[0x8e]aS?[0xa5][0xd1]8[0xcc][0xe8][0x7][0xb0]f[0xb4][0x96]FX][0xa1][0xe6][0x93][0xd2][0xf9][0xa3][0xc3][0xa7]:[0xa1][0xcc][0x9d][0xb][0x9f]z[0xde][0x96][0xe6][0xf2]N[0x1d][0x16]=[0xba][0xb4]#[0x8e]>[0x91][0x1b]8[0x16]C_[0xb5][0xb6][0x81][0x8d][0xb9][0xfc]z[0xaf][0x6]E[0xf9][0x17][0xd6][0x80][0x1f][0x5][0xaf][0xdd])[0x18]I[0xff][0xa3][0xe1]-5d[0x81]W[0x8c][0x86][0x6][0xde][0x1a][0x1b]|[0x95][0x9]M[0x1c][0xc]3[0xe5][0xde][0xcd][0xef][0x1b][0xca][0x9f][0x8d][0xa4]:[0x9c]k[0x90][0xf9][0xd1]TNS[0xeb][0xee][0xec]d[0xfc][0xb7][0x83]2[0x9f][0xc3][0xb7][0xd4][0x9a][0x90]O[0xfb]h[0x9b][0x90][0xb8][0xc0]a9[0x8a][0xf7]Ltm[0xe8]Qf[0xb3][0xc8][0xab]g)[0x6][0xd3]p[0xd8][0xdb][0xb7]4XF[0xca][0xa5][0xae]c[0x8a][0x8d]Rt[0xf0]%n[0xaf]O[0xe]m[0xe5][0xd7]![0xe6]T[0xc7][0x8a][0xd8][0xe6]e[0xb][0xec][0x96][0x4]m[0xfa][0xdf]A[0xc8]Q[0xb][0xb4][0xc6]~[0x8d]9[0xe]T1[0xeb][0x8e][0xac]W[0xf]^[0xd0][\n]"
2024-04-25 19:08:44 [main] DEBUG org.apache.http.wire -  << "Q[0xaa]rf[0xf][0xd0][0xfa]*[0xd8][0x92][0x97][0xec][0xfd]pR%8A0[0x9b]/[0xd3]2\[0x92][0xa9][0xf8]g[0xdc][0xc2][0xc2]<a[0xf1][0x93][0x92][0xea]p[0xb3][0x1d]d[0x96]BD:[0xb8]D8k=[0xd9][0xf5][0xa8][0xb9]1[0xfc]C:71:H[0x8c][0xcf][0xf5][0xf3]6s[0x19][0xc4]#Q[0x83][0xac][0xd1][0xac][0xc1][0x9]E[0xa3][0x1][0x8c]d[0x1e][0xc7]X[0xd2]([0x96]U{[0xd8][0xfe]`d=[,[0xf5][0x96][0x9e][0x14][0xd5][0x93][0xde]Xp[0xbf][0xe1]*v/[0x1a][0xb8][0xd3]$[0x12][0xf6][0x9b]zq[0xfa][0x86][0xe3][0xac]=:[0xc3]V[0xcc][0xe1]2[0x1][0xe3]-8[0x85][0xad][0xd5][0xc7][0xee][0xbc][0x17]}W[0x85]d18[0xcc][0xc9][0xc8][0x15]Z[0x96]Z[0x11][0x12][0xa2]x[0x85][0x83]Z[0xe1][0xf4][0xe0][0x18][0x9b][0x10][0x8b][0xd5][0x1][0x8d][0xf0][0xcb][0x6](3[0x8e]_[0xf][0xa7]H[0xdb][0xe9][0xe6]|[0xfc][0x94][0xd1][0x96][0x8a]}[0xf2][0x9c][0x97]4[0xa1]$[0xbb]1c7[0xe6]T[0x3]0[0xdc]u[0xb5][0xc3][0xcb][0x8a][0x1e]a[0x99]F[0x8b]-[0x84][0xe7]N[0x19][0x8c]p'~L=[0xde]Iiux8[0x1d][0xbb]*/[0xaf][0xa7][0xf6],}[0x96]e[0x80][0xd2]BKC[0xa4]/h;mk[0xbb][0xf9]L[0xad]8[0x10].O[0xea][0xe3][0xf0][0x95]![0x8d][0xc1][0xb4]GE+[0x19][0x16][0xe1]Y[0x9e][0xd1][0x84]J[0x97][0x92]O[0xfc][0xbe][0xae]7[0xb5][0xf2][0xe8]Q[0xb4][0x2]][0xef][0x1][0xf6][0x83][0xa3][0x8e]N[0xad][0xa9][0x8d][0xa3][0xf5][0x8][0xc7]![0xc3]:[0xd6][0xda][0x1a][0xc7][0xae][0x2][0xd9][0x9e][0x7][0xe4][0x15]DQ[\r][0x19]e[0x92][0xac][0xfe]U[0xdf]B[0xbb][0x9c][0xe][0xe7][0xba]k[0xd3]B[0x16]f[0x8][0xfa][0xde][0xd9][0xe][0xce][0x83]1[0xca][0xd5]C[0xb][0x13]B[0xf0]HS5[0xa8][0x16][0xa1][0x83][0xbc][0xe1][0xa8]-S[0x1][0xce]^[0x80][0x1b][0xfd][0x1c][0x89][0x93][0x8b][0xe9]0-,F[0x1b][0xd9]V?[\n]"
2024-04-25 19:08:44 [main] DEBUG org.apache.http.wire -  << "U[0xa7][0xfa][0xf4]@[0x97][0x83][0xf3]!B[0xce]i[0xaa][0x11][0xa1]4[0xb3]1[0x18]G[0xe1][0xdc]7[0xb8]n[0x9f]-n[0xc3]([0xb8]k[0xf][0xa5][0xe][0xee]=Jf?[0x87][0x98][0x83][0x93][0xb8][0xe3][0xe8][0x95][0xb2][0x9c][0xdf][0xd7]?[0xfb]S[0x12][0xae][0xd9][0xff] [0x1f]iO[0xf0]=j<[0x2][0x82][0xc4]G[0xf4]E[0x91][0xb1][0x8]l[0xe0][0xf6][0x1d]s[0x8d])[0x8]#Wi[0xcf][0xbc][0xaa][0xb9][0xed][0xdb][0xfc][0x9a][0x9e][0x19] [0xa5][0x14][0xdc]<Q([0x9][0xd0][0x86]3[0xb][0x7][0xfc][0xfc]h[0xdd][0x1f][0x1a]A[0xf4]'smz[0x8e]:[0xeb][0xd5]q[0xfa][0x92]8[0x5][0xfb][0xeb][0x2][0xaa][0x3]r[0xf2][0xb8][0xc0]%s[0x83][0xd1][0xe4][0x1b][0xbd][0x98][0xfb][0x11][0x1c]9$[0xb1][0xac][0xe8][0xb8]S[0x92][0xa2][0xc1]X[0xe9]k[0xf3][0x1][0xde][0xde]S[0xfd]Yg[0x97][0xdc]AJ[0x9f][0x9c][0xfd][0xcc][0xe7]7==[0x1e]c[0xdb][0x8d]s[0xa1]i![0xf7]W[0x8d]~[0xd8][0xbc][0x1e][\r][0x92]~)]m[0xdc][0x8f][\n]"
2024-04-25 19:08:44 [main] DEBUG org.apache.http.wire -  << "c[0xdf][0x1d][0x96][0x99][0x8f]~3[0xac]Z[0xc5]V@25[0xad][0xb1]g[0x17][0xdc]!C;[0xbc][\n]"
2024-04-25 19:08:44 [main] DEBUG org.apache.http.wire -  << "J[0x15]h[0xe2][0xf8]$[0xf1]<[0xbb]c>[0xab][0xe5]dE[0x0]6][0x12]x[0xb6]?[0xb4]R[0x2]rB/[0xea]b[0x80][0xba][0x9d][0x12]Y[0xf4]P[0x1d][0xcd][0xe3][0x17][0xeb][0xc9][0xf2]k][0xef][0x9a][0x1][0xdb][0xef][0xfd][0xe9][0x86]V([0x1d][0x6][0xd4][0xbc]zg[0xa9]z[0x86][0xe0]q[0xa9]*u9D[0x93][0x93][0xb9][0x1]i;[0xdf][0x9a][0xa3][0xfc][0xfc]"[0x87][0x8b][0x92][0xd1][0x6]f[0xd1]&[0x98]t[0xee][0x5][0xc2][0x97][0x94]3bL[0xa2][0xe9][0xb1][0x11][0xf3]Q[0xb6]Zj[0xd9][0xf0][0xea][0xae]E[0xaf][0x9b][0x8b]vR9:[0xd8][0x0]NN[0x95][0x11][0xce]KB[0xc4][0xd5][0xb3][0xbd][0xfe]p[0x88]G[0x9b][0x87]j[0xd6][0x1a][0xdb][0x95][0xff][0xa6][0xc7].[0xb3][0xa4][0xf4][0xcb][0x10]HT[0xa5]$Q[0xb1][0xe1]OP[0xeb][0xde][0x83][0xcc][0xf5][0x1f]h[0xe0][0xfb][0x93]2[0x8a]bJ[0xa7]"R[0xa4][0xd1]6[0x88]8,"[0x86][0xe1][0xcf][0xca][0xec][0xa0]yU[0x8f]m[0x91][0x95][0xd9][0xc9][0xe9][0xc2][0xbd][0xb5]3E[0x96]D[0xd9][0xa9][0xf9][0xfd]|[0x89][0x9f][0xcd][0x97][0xfc][\r][\n]"
2024-04-25 19:08:44 [main] DEBUG org.apache.http.wire -  << "[0xde][0x8c] [0x94]uI[0x1a][0x8b][0xbe]f[0xa7]Hd[0xe6][0xc6][0x93][m[0xb4][0xb4][0xea]'[0xde][0xb][0xe4]RCjz[0xf2][0xf9][0xf2][0xf]|[0xb4]B8<[0xb0][0xcb][0xca][0xed][w[0xac]n[0xce][0x1f][0x8e]N[0xed][0xe2][0xb7]J:[0xa2]F[0xe5][0xed][0xe9][0xea][0x8d][0xa2]H[0xb5][0xeb][0x94][0x16][0xde]H#P[0x8a][0x18][0xf1]wK[0xf0][0x89]4[0xbf][0xb3][0xf9][0xd1][0xd4]z*T d[0xaf]([0xed][0xff]>[0xc4]n[0xf0][0xe4]~[0x94][0x8c]A[0xe4][0xb][0xa2][0xdc]Yav[0xa8]3q[0x4]-([0xa9][0x9d][0xed][0xe5][0xb1][0x8e]O[0xf7][0x11][0x8b][0xf5][0x9c][0xe9]_?[0xb1])[0x94]8[0xca][0xc0][0xd9]![0x92][0xfc][0x86][0xdc][0xda][0x98][0xa3]<[0xc1][0xaf]Ij:[0xe1][0xde][0x8f]]?[0xed]d:[0x1c][0x9a]S[0x9c]q[0xb5]3[0xff]L[0xb][0xfd][0xd5]|[0xb0][0xf2][0xb0][0xf4]-[0xcc][0x99]U[0x7][0x9b][0x83]@[0xc5]9`J[0x80][0xf]q[0xb4]n[0xf1][0x84]H[0x2]M[0xd5]H+1[0x6][0x81][0x0][0xde][0xf4]([0xeb][0x9f]%9[0xb7][0xda][0x1f][0xe8][0xb1][0xe6][0xaa][0xa3][0xc2][0x89][0x1c])[0xfe][0xd7]ut[0x9c][0xa3]K(2[0xd1][0xa4]-RC[0xfb][0x87]k[0xb0][0xa9]z[0xa6]a[0xf4]?H[0xe8][0xb4][0x5][0x88],[0x18]U[0x2][0x9d][0xf3][0xf6][0xc2][0xbf]G=*[0xc5][0x1f][0xf1]2[0xa9]7[0xc0][0x80][0x92][0xdc][0xd2][0xbc][0xc3][0xbf][0xfe][0xfb][0xff][0x1]:="
2024-04-25 19:08:44 [main] DEBUG org.apache.http.wire -  << "[0x9c][0xeb][0x80]k[0x0][0x0]"
2024-04-25 19:08:44 [main] DEBUG org.apache.http.wire -  << "[\r][\n]"
2024-04-25 19:08:44 [main] DEBUG org.apache.http.wire -  << "0[\r][\n]"
2024-04-25 19:08:44 [main] DEBUG org.apache.http.wire -  << "[\r][\n]"
2024-04-25 19:08:44 [main] DEBUG i.r.internal.RestAssuredHttpBuilder - Parsed data to instance of: class org.apache.http.conn.EofSensorInputStream
2024-04-25 19:08:44 [main] DEBUG o.a.h.i.c.BasicClientConnectionManager - Releasing connection org.apache.http.impl.conn.ManagedClientConnectionImpl@13ef7fa1
2024-04-25 19:08:44 [main] DEBUG o.a.h.i.c.BasicClientConnectionManager - Connection can be kept alive indefinitely
2024-04-25 19:08:44 [main] DEBUG utils.HttpClient - Received response: [
  {
    "userId": 1,
    "id": 1,
    "title": "sunt aut facere repellat provident occaecati excepturi optio reprehenderit",
    "body": "quia et suscipit\nsuscipit recusandae consequuntur expedita et cum\nreprehenderit molestiae ut ut quas totam\nnostrum rerum est autem sunt rem eveniet architecto"
  },
  {
    "userId": 1,
    "id": 2,
    "title": "qui est esse",
    "body": "est rerum tempore vitae\nsequi sint nihil reprehenderit dolor beatae ea dolores neque\nfugiat blanditiis voluptate porro vel nihil molestiae ut reiciendis\nqui aperiam non debitis possimus qui neque nisi nulla"
  },
  {
    "userId": 1,
    "id": 3,
    "title": "ea molestias quasi exercitationem repellat qui ipsa sit aut",
    "body": "et iusto sed quo iure\nvoluptatem occaecati omnis eligendi aut ad\nvoluptatem doloribus vel accusantium quis pariatur\nmolestiae porro eius odio et labore et velit aut"
  },
  {
    "userId": 1,
    "id": 4,
    "title": "eum et est occaecati",
    "body": "ullam et saepe reiciendis voluptatem adipisci\nsit amet autem assumenda provident rerum culpa\nquis hic commodi nesciunt rem tenetur doloremque ipsam iure\nquis sunt voluptatem rerum illo velit"
  },
  {
    "userId": 1,
    "id": 5,
    "title": "nesciunt quas odio",
    "body": "repudiandae veniam quaerat sunt sed\nalias aut fugiat sit autem sed est\nvoluptatem omnis possimus esse voluptatibus quis\nest aut tenetur dolor neque"
  },
  {
    "userId": 1,
    "id": 6,
    "title": "dolorem eum magni eos aperiam quia",
    "body": "ut aspernatur corporis harum nihil quis provident sequi\nmollitia nobis aliquid molestiae\nperspiciatis et ea nemo ab reprehenderit accusantium quas\nvoluptate dolores velit et doloremque molestiae"
  },
  {
    "userId": 1,
    "id": 7,
    "title": "magnam facilis autem",
    "body": "dolore placeat quibusdam ea quo vitae\nmagni quis enim qui quis quo nemo aut saepe\nquidem repellat excepturi ut quia\nsunt ut sequi eos ea sed quas"
  },
  {
    "userId": 1,
    "id": 8,
    "title": "dolorem dolore est ipsam",
    "body": "dignissimos aperiam dolorem qui eum\nfacilis quibusdam animi sint suscipit qui sint possimus cum\nquaerat magni maiores excepturi\nipsam ut commodi dolor voluptatum modi aut vitae"
  },
  {
    "userId": 1,
    "id": 9,
    "title": "nesciunt iure omnis dolorem tempora et accusantium",
    "body": "consectetur animi nesciunt iure dolore\nenim quia ad\nveniam autem ut quam aut nobis\net est aut quod aut provident voluptas autem voluptas"
  },
  {
    "userId": 1,
    "id": 10,
    "title": "optio molestias id quia eum",
    "body": "quo et expedita modi cum officia vel magni\ndoloribus qui repudiandae\nvero nisi sit\nquos veniam quod sed accusamus veritatis error"
  },
  {
    "userId": 2,
    "id": 11,
    "title": "et ea vero quia laudantium autem",
    "body": "delectus reiciendis molestiae occaecati non minima eveniet qui voluptatibus\naccusamus in eum beatae sit\nvel qui neque voluptates ut commodi qui incidunt\nut animi commodi"
  },
  {
    "userId": 2,
    "id": 12,
    "title": "in quibusdam tempore odit est dolorem",
    "body": "itaque id aut magnam\npraesentium quia et ea odit et ea voluptas et\nsapiente quia nihil amet occaecati quia id voluptatem\nincidunt ea est distinctio odio"
  },
  {
    "userId": 2,
    "id": 13,
    "title": "dolorum ut in voluptas mollitia et saepe quo animi",
    "body": "aut dicta possimus sint mollitia voluptas commodi quo doloremque\niste corrupti reiciendis voluptatem eius rerum\nsit cumque quod eligendi laborum minima\nperferendis recusandae assumenda consectetur porro architecto ipsum ipsam"
  },
  {
    "userId": 2,
    "id": 14,
    "title": "voluptatem eligendi optio",
    "body": "fuga et accusamus dolorum perferendis illo voluptas\nnon doloremque neque facere\nad qui dolorum molestiae beatae\nsed aut voluptas totam sit illum"
  },
  {
    "userId": 2,
    "id": 15,
    "title": "eveniet quod temporibus",
    "body": "reprehenderit quos placeat\nvelit minima officia dolores impedit repudiandae molestiae nam\nvoluptas recusandae quis delectus\nofficiis harum fugiat vitae"
  },
  {
    "userId": 2,
    "id": 16,
    "title": "sint suscipit perspiciatis velit dolorum rerum ipsa laboriosam odio",
    "body": "suscipit nam nisi quo aperiam aut\nasperiores eos fugit maiores voluptatibus quia\nvoluptatem quis ullam qui in alias quia est\nconsequatur magni mollitia accusamus ea nisi voluptate dicta"
  },
  {
    "userId": 2,
    "id": 17,
    "title": "fugit voluptas sed molestias voluptatem provident",
    "body": "eos voluptas et aut odit natus earum\naspernatur fuga molestiae ullam\ndeserunt ratione qui eos\nqui nihil ratione nemo velit ut aut id quo"
  },
  {
    "userId": 2,
    "id": 18,
    "title": "voluptate et itaque vero tempora molestiae",
    "body": "eveniet quo quis\nlaborum totam consequatur non dolor\nut et est repudiandae\nest voluptatem vel debitis et magnam"
  },
  {
    "userId": 2,
    "id": 19,
    "title": "adipisci placeat illum aut reiciendis qui",
    "body": "illum quis cupiditate provident sit magnam\nea sed aut omnis\nveniam maiores ullam consequatur atque\nadipisci quo iste expedita sit quos voluptas"
  },
  {
    "userId": 2,
    "id": 20,
    "title": "doloribus ad provident suscipit at",
    "body": "qui consequuntur ducimus possimus quisquam amet similique\nsuscipit porro ipsam amet\neos veritatis officiis exercitationem vel fugit aut necessitatibus totam\nomnis rerum consequatur expedita quidem cumque explicabo"
  },
  {
    "userId": 3,
    "id": 21,
    "title": "asperiores ea ipsam voluptatibus modi minima quia sint",
    "body": "repellat aliquid praesentium dolorem quo\nsed totam minus non itaque\nnihil labore molestiae sunt dolor eveniet hic recusandae veniam\ntempora et tenetur expedita sunt"
  },
  {
    "userId": 3,
    "id": 22,
    "title": "dolor sint quo a velit explicabo quia nam",
    "body": "eos qui et ipsum ipsam suscipit aut\nsed omnis non odio\nexpedita earum mollitia molestiae aut atque rem suscipit\nnam impedit esse"
  },
  {
    "userId": 3,
    "id": 23,
    "title": "maxime id vitae nihil numquam",
    "body": "veritatis unde neque eligendi\nquae quod architecto quo neque vitae\nest illo sit tempora doloremque fugit quod\net et vel beatae sequi ullam sed tenetur perspiciatis"
  },
  {
    "userId": 3,
    "id": 24,
    "title": "autem hic labore sunt dolores incidunt",
    "body": "enim et ex nulla\nomnis voluptas quia qui\nvoluptatem consequatur numquam aliquam sunt\ntotam recusandae id dignissimos aut sed asperiores deserunt"
  },
  {
    "userId": 3,
    "id": 25,
    "title": "rem alias distinctio quo quis",
    "body": "ullam consequatur ut\nomnis quis sit vel consequuntur\nipsa eligendi ipsum molestiae et omnis error nostrum\nmolestiae illo tempore quia et distinctio"
  },
  {
    "userId": 3,
    "id": 26,
    "title": "est et quae odit qui non",
    "body": "similique esse doloribus nihil accusamus\nomnis dolorem fuga consequuntur reprehenderit fugit recusandae temporibus\nperspiciatis cum ut laudantium\nomnis aut molestiae vel vero"
  },
  {
    "userId": 3,
    "id": 27,
    "title": "quasi id et eos tenetur aut quo autem",
    "body": "eum sed dolores ipsam sint possimus debitis occaecati\ndebitis qui qui et\nut placeat enim earum aut odit facilis\nconsequatur suscipit necessitatibus rerum sed inventore temporibus consequatur"
  },
  {
    "userId": 3,
    "id": 28,
    "title": "delectus ullam et corporis nulla voluptas sequi",
    "body": "non et quaerat ex quae ad maiores\nmaiores recusandae totam aut blanditiis mollitia quas illo\nut voluptatibus voluptatem\nsimilique nostrum eum"
  },
  {
    "userId": 3,
    "id": 29,
    "title": "iusto eius quod necessitatibus culpa ea",
    "body": "odit magnam ut saepe sed non qui\ntempora atque nihil\naccusamus illum doloribus illo dolor\neligendi repudiandae odit magni similique sed cum maiores"
  },
  {
    "userId": 3,
    "id": 30,
    "title": "a quo magni similique perferendis",
    "body": "alias dolor cumque\nimpedit blanditiis non eveniet odio maxime\nblanditiis amet eius quis tempora quia autem rem\na provident perspiciatis quia"
  },
  {
    "userId": 4,
    "id": 31,
    "title": "ullam ut quidem id aut vel consequuntur",
    "body": "debitis eius sed quibusdam non quis consectetur vitae\nimpedit ut qui consequatur sed aut in\nquidem sit nostrum et maiores adipisci atque\nquaerat voluptatem adipisci repudiandae"
  },
  {
    "userId": 4,
    "id": 32,
    "title": "doloremque illum aliquid sunt",
    "body": "deserunt eos nobis asperiores et hic\nest debitis repellat molestiae optio\nnihil ratione ut eos beatae quibusdam distinctio maiores\nearum voluptates et aut adipisci ea maiores voluptas maxime"
  },
  {
    "userId": 4,
    "id": 33,
    "title": "qui explicabo molestiae dolorem",
    "body": "rerum ut et numquam laborum odit est sit\nid qui sint in\nquasi tenetur tempore aperiam et quaerat qui in\nrerum officiis sequi cumque quod"
  },
  {
    "userId": 4,
    "id": 34,
    "title": "magnam ut rerum iure",
    "body": "ea velit perferendis earum ut voluptatem voluptate itaque iusto\ntotam pariatur in\nnemo voluptatem voluptatem autem magni tempora minima in\nest distinctio qui assumenda accusamus dignissimos officia nesciunt nobis"
  },
  {
    "userId": 4,
    "id": 35,
    "title": "id nihil consequatur molestias animi provident",
    "body": "nisi error delectus possimus ut eligendi vitae\nplaceat eos harum cupiditate facilis reprehenderit voluptatem beatae\nmodi ducimus quo illum voluptas eligendi\net nobis quia fugit"
  },
  {
    "userId": 4,
    "id": 36,
    "title": "fuga nam accusamus voluptas reiciendis itaque",
    "body": "ad mollitia et omnis minus architecto odit\nvoluptas doloremque maxime aut non ipsa qui alias veniam\nblanditiis culpa aut quia nihil cumque facere et occaecati\nqui aspernatur quia eaque ut aperiam inventore"
  },
  {
    "userId": 4,
    "id": 37,
    "title": "provident vel ut sit ratione est",
    "body": "debitis et eaque non officia sed nesciunt pariatur vel\nvoluptatem iste vero et ea\nnumquam aut expedita ipsum nulla in\nvoluptates omnis consequatur aut enim officiis in quam qui"
  },
  {
    "userId": 4,
    "id": 38,
    "title": "explicabo et eos deleniti nostrum ab id repellendus",
    "body": "animi esse sit aut sit nesciunt assumenda eum voluptas\nquia voluptatibus provident quia necessitatibus ea\nrerum repudiandae quia voluptatem delectus fugit aut id quia\nratione optio eos iusto veniam iure"
  },
  {
    "userId": 4,
    "id": 39,
    "title": "eos dolorem iste accusantium est eaque quam",
    "body": "corporis rerum ducimus vel eum accusantium\nmaxime aspernatur a porro possimus iste omnis\nest in deleniti asperiores fuga aut\nvoluptas sapiente vel dolore minus voluptatem incidunt ex"
  },
  {
    "userId": 4,
    "id": 40,
    "title": "enim quo cumque",
    "body": "ut voluptatum aliquid illo tenetur nemo sequi quo facilis\nipsum rem optio mollitia quas\nvoluptatem eum voluptas qui\nunde omnis voluptatem iure quasi maxime voluptas nam"
  },
  {
    "userId": 5,
    "id": 41,
    "title": "non est facere",
    "body": "molestias id nostrum\nexcepturi molestiae dolore omnis repellendus quaerat saepe\nconsectetur iste quaerat tenetur asperiores accusamus ex ut\nnam quidem est ducimus sunt debitis saepe"
  },
  {
    "userId": 5,
    "id": 42,
    "title": "commodi ullam sint et excepturi error explicabo praesentium voluptas",
    "body": "odio fugit voluptatum ducimus earum autem est incidunt voluptatem\nodit reiciendis aliquam sunt sequi nulla dolorem\nnon facere repellendus voluptates quia\nratione harum vitae ut"
  },
  {
    "userId": 5,
    "id": 43,
    "title": "eligendi iste nostrum consequuntur adipisci praesentium sit beatae perferendis",
    "body": "similique fugit est\nillum et dolorum harum et voluptate eaque quidem\nexercitationem quos nam commodi possimus cum odio nihil nulla\ndolorum exercitationem magnam ex et a et distinctio debitis"
  },
  {
    "userId": 5,
    "id": 44,
    "title": "optio dolor molestias sit",
    "body": "temporibus est consectetur dolore\net libero debitis vel velit laboriosam quia\nipsum quibusdam qui itaque fuga rem aut\nea et iure quam sed maxime ut distinctio quae"
  },
  {
    "userId": 5,
    "id": 45,
    "title": "ut numquam possimus omnis eius suscipit laudantium iure",
    "body": "est natus reiciendis nihil possimus aut provident\nex et dolor\nrepellat pariatur est\nnobis rerum repellendus dolorem autem"
  },
  {
    "userId": 5,
    "id": 46,
    "title": "aut quo modi neque nostrum ducimus",
    "body": "voluptatem quisquam iste\nvoluptatibus natus officiis facilis dolorem\nquis quas ipsam\nvel et voluptatum in aliquid"
  },
  {
    "userId": 5,
    "id": 47,
    "title": "quibusdam cumque rem aut deserunt",
    "body": "voluptatem assumenda ut qui ut cupiditate aut impedit veniam\noccaecati nemo illum voluptatem laudantium\nmolestiae beatae rerum ea iure soluta nostrum\neligendi et voluptate"
  },
  {
    "userId": 5,
    "id": 48,
    "title": "ut voluptatem illum ea doloribus itaque eos",
    "body": "voluptates quo voluptatem facilis iure occaecati\nvel assumenda rerum officia et\nillum perspiciatis ab deleniti\nlaudantium repellat ad ut et autem reprehenderit"
  },
  {
    "userId": 5,
    "id": 49,
    "title": "laborum non sunt aut ut assumenda perspiciatis voluptas",
    "body": "inventore ab sint\nnatus fugit id nulla sequi architecto nihil quaerat\neos tenetur in in eum veritatis non\nquibusdam officiis aspernatur cumque aut commodi aut"
  },
  {
    "userId": 5,
    "id": 50,
    "title": "repellendus qui recusandae incidunt voluptates tenetur qui omnis exercitationem",
    "body": "error suscipit maxime adipisci consequuntur recusandae\nvoluptas eligendi et est et voluptates\nquia distinctio ab amet quaerat molestiae et vitae\nadipisci impedit sequi nesciunt quis consectetur"
  },
  {
    "userId": 6,
    "id": 51,
    "title": "soluta aliquam aperiam consequatur illo quis voluptas",
    "body": "sunt dolores aut doloribus\ndolore doloribus voluptates tempora et\ndoloremque et quo\ncum asperiores sit consectetur dolorem"
  },
  {
    "userId": 6,
    "id": 52,
    "title": "qui enim et consequuntur quia animi quis voluptate quibusdam",
    "body": "iusto est quibusdam fuga quas quaerat molestias\na enim ut sit accusamus enim\ntemporibus iusto accusantium provident architecto\nsoluta esse reprehenderit qui laborum"
  },
  {
    "userId": 6,
    "id": 53,
    "title": "ut quo aut ducimus alias",
    "body": "minima harum praesentium eum rerum illo dolore\nquasi exercitationem rerum nam\nporro quis neque quo\nconsequatur minus dolor quidem veritatis sunt non explicabo similique"
  },
  {
    "userId": 6,
    "id": 54,
    "title": "sit asperiores ipsam eveniet odio non quia",
    "body": "totam corporis dignissimos\nvitae dolorem ut occaecati accusamus\nex velit deserunt\net exercitationem vero incidunt corrupti mollitia"
  },
  {
    "userId": 6,
    "id": 55,
    "title": "sit vel voluptatem et non libero",
    "body": "debitis excepturi ea perferendis harum libero optio\neos accusamus cum fuga ut sapiente repudiandae\net ut incidunt omnis molestiae\nnihil ut eum odit"
  },
  {
    "userId": 6,
    "id": 56,
    "title": "qui et at rerum necessitatibus",
    "body": "aut est omnis dolores\nneque rerum quod ea rerum velit pariatur beatae excepturi\net provident voluptas corrupti\ncorporis harum reprehenderit dolores eligendi"
  },
  {
    "userId": 6,
    "id": 57,
    "title": "sed ab est est",
    "body": "at pariatur consequuntur earum quidem\nquo est laudantium soluta voluptatem\nqui ullam et est\net cum voluptas voluptatum repellat est"
  },
  {
    "userId": 6,
    "id": 58,
    "title": "voluptatum itaque dolores nisi et quasi",
    "body": "veniam voluptatum quae adipisci id\net id quia eos ad et dolorem\naliquam quo nisi sunt eos impedit error\nad similique veniam"
  },
  {
    "userId": 6,
    "id": 59,
    "title": "qui commodi dolor at maiores et quis id accusantium",
    "body": "perspiciatis et quam ea autem temporibus non voluptatibus qui\nbeatae a earum officia nesciunt dolores suscipit voluptas et\nanimi doloribus cum rerum quas et magni\net hic ut ut commodi expedita sunt"
  },
  {
    "userId": 6,
    "id": 60,
    "title": "consequatur placeat omnis quisquam quia reprehenderit fugit veritatis facere",
    "body": "asperiores sunt ab assumenda cumque modi velit\nqui esse omnis\nvoluptate et fuga perferendis voluptas\nillo ratione amet aut et omnis"
  },
  {
    "userId": 7,
    "id": 61,
    "title": "voluptatem doloribus consectetur est ut ducimus",
    "body": "ab nemo optio odio\ndelectus tenetur corporis similique nobis repellendus rerum omnis facilis\nvero blanditiis debitis in nesciunt doloribus dicta dolores\nmagnam minus velit"
  },
  {
    "userId": 7,
    "id": 62,
    "title": "beatae enim quia vel",
    "body": "enim aspernatur illo distinctio quae praesentium\nbeatae alias amet delectus qui voluptate distinctio\nodit sint accusantium autem omnis\nquo molestiae omnis ea eveniet optio"
  },
  {
    "userId": 7,
    "id": 63,
    "title": "voluptas blanditiis repellendus animi ducimus error sapiente et suscipit",
    "body": "enim adipisci aspernatur nemo\nnumquam omnis facere dolorem dolor ex quis temporibus incidunt\nab delectus culpa quo reprehenderit blanditiis asperiores\naccusantium ut quam in voluptatibus voluptas ipsam dicta"
  },
  {
    "userId": 7,
    "id": 64,
    "title": "et fugit quas eum in in aperiam quod",
    "body": "id velit blanditiis\neum ea voluptatem\nmolestiae sint occaecati est eos perspiciatis\nincidunt a error provident eaque aut aut qui"
  },
  {
    "userId": 7,
    "id": 65,
    "title": "consequatur id enim sunt et et",
    "body": "voluptatibus ex esse\nsint explicabo est aliquid cumque adipisci fuga repellat labore\nmolestiae corrupti ex saepe at asperiores et perferendis\nnatus id esse incidunt pariatur"
  },
  {
    "userId": 7,
    "id": 66,
    "title": "repudiandae ea animi iusto",
    "body": "officia veritatis tenetur vero qui itaque\nsint non ratione\nsed et ut asperiores iusto eos molestiae nostrum\nveritatis quibusdam et nemo iusto saepe"
  },
  {
    "userId": 7,
    "id": 67,
    "title": "aliquid eos sed fuga est maxime repellendus",
    "body": "reprehenderit id nostrum\nvoluptas doloremque pariatur sint et accusantium quia quod aspernatur\net fugiat amet\nnon sapiente et consequatur necessitatibus molestiae"
  },
  {
    "userId": 7,
    "id": 68,
    "title": "odio quis facere architecto reiciendis optio",
    "body": "magnam molestiae perferendis quisquam\nqui cum reiciendis\nquaerat animi amet hic inventore\nea quia deleniti quidem saepe porro velit"
  },
  {
    "userId": 7,
    "id": 69,
    "title": "fugiat quod pariatur odit minima",
    "body": "officiis error culpa consequatur modi asperiores et\ndolorum assumenda voluptas et vel qui aut vel rerum\nvoluptatum quisquam perspiciatis quia rerum consequatur totam quas\nsequi commodi repudiandae asperiores et saepe a"
  },
  {
    "userId": 7,
    "id": 70,
    "title": "voluptatem laborum magni",
    "body": "sunt repellendus quae\nest asperiores aut deleniti esse accusamus repellendus quia aut\nquia dolorem unde\neum tempora esse dolore"
  },
  {
    "userId": 8,
    "id": 71,
    "title": "et iusto veniam et illum aut fuga",
    "body": "occaecati a doloribus\niste saepe consectetur placeat eum voluptate dolorem et\nqui quo quia voluptas\nrerum ut id enim velit est perferendis"
  },
  {
    "userId": 8,
    "id": 72,
    "title": "sint hic doloribus consequatur eos non id",
    "body": "quam occaecati qui deleniti consectetur\nconsequatur aut facere quas exercitationem aliquam hic voluptas\nneque id sunt ut aut accusamus\nsunt consectetur expedita inventore velit"
  },
  {
    "userId": 8,
    "id": 73,
    "title": "consequuntur deleniti eos quia temporibus ab aliquid at",
    "body": "voluptatem cumque tenetur consequatur expedita ipsum nemo quia explicabo\naut eum minima consequatur\ntempore cumque quae est et\net in consequuntur voluptatem voluptates aut"
  },
  {
    "userId": 8,
    "id": 74,
    "title": "enim unde ratione doloribus quas enim ut sit sapiente",
    "body": "odit qui et et necessitatibus sint veniam\nmollitia amet doloremque molestiae commodi similique magnam et quam\nblanditiis est itaque\nquo et tenetur ratione occaecati molestiae tempora"
  },
  {
    "userId": 8,
    "id": 75,
    "title": "dignissimos eum dolor ut enim et delectus in",
    "body": "commodi non non omnis et voluptas sit\nautem aut nobis magnam et sapiente voluptatem\net laborum repellat qui delectus facilis temporibus\nrerum amet et nemo voluptate expedita adipisci error dolorem"
  },
  {
    "userId": 8,
    "id": 76,
    "title": "doloremque officiis ad et non perferendis",
    "body": "ut animi facere\ntotam iusto tempore\nmolestiae eum aut et dolorem aperiam\nquaerat recusandae totam odio"
  },
  {
    "userId": 8,
    "id": 77,
    "title": "necessitatibus quasi exercitationem odio",
    "body": "modi ut in nulla repudiandae dolorum nostrum eos\naut consequatur omnis\nut incidunt est omnis iste et quam\nvoluptates sapiente aliquam asperiores nobis amet corrupti repudiandae provident"
  },
  {
    "userId": 8,
    "id": 78,
    "title": "quam voluptatibus rerum veritatis",
    "body": "nobis facilis odit tempore cupiditate quia\nassumenda doloribus rerum qui ea\nillum et qui totam\naut veniam repellendus"
  },
  {
    "userId": 8,
    "id": 79,
    "title": "pariatur consequatur quia magnam autem omnis non amet",
    "body": "libero accusantium et et facere incidunt sit dolorem\nnon excepturi qui quia sed laudantium\nquisquam molestiae ducimus est\nofficiis esse molestiae iste et quos"
  },
  {
    "userId": 8,
    "id": 80,
    "title": "labore in ex et explicabo corporis aut quas",
    "body": "ex quod dolorem ea eum iure qui provident amet\nquia qui facere excepturi et repudiandae\nasperiores molestias provident\nminus incidunt vero fugit rerum sint sunt excepturi provident"
  },
  {
    "userId": 9,
    "id": 81,
    "title": "tempora rem veritatis voluptas quo dolores vero",
    "body": "facere qui nesciunt est voluptatum voluptatem nisi\nsequi eligendi necessitatibus ea at rerum itaque\nharum non ratione velit laboriosam quis consequuntur\nex officiis minima doloremque voluptas ut aut"
  },
  {
    "userId": 9,
    "id": 82,
    "title": "laudantium voluptate suscipit sunt enim enim",
    "body": "ut libero sit aut totam inventore sunt\nporro sint qui sunt molestiae\nconsequatur cupiditate qui iste ducimus adipisci\ndolor enim assumenda soluta laboriosam amet iste delectus hic"
  },
  {
    "userId": 9,
    "id": 83,
    "title": "odit et voluptates doloribus alias odio et",
    "body": "est molestiae facilis quis tempora numquam nihil qui\nvoluptate sapiente consequatur est qui\nnecessitatibus autem aut ipsa aperiam modi dolore numquam\nreprehenderit eius rem quibusdam"
  },
  {
    "userId": 9,
    "id": 84,
    "title": "optio ipsam molestias necessitatibus occaecati facilis veritatis dolores aut",
    "body": "sint molestiae magni a et quos\neaque et quasi\nut rerum debitis similique veniam\nrecusandae dignissimos dolor incidunt consequatur odio"
  },
  {
    "userId": 9,
    "id": 85,
    "title": "dolore veritatis porro provident adipisci blanditiis et sunt",
    "body": "similique sed nisi voluptas iusto omnis\nmollitia et quo\nassumenda suscipit officia magnam sint sed tempora\nenim provident pariatur praesentium atque animi amet ratione"
  },
  {
    "userId": 9,
    "id": 86,
    "title": "placeat quia et porro iste",
    "body": "quasi excepturi consequatur iste autem temporibus sed molestiae beatae\net quaerat et esse ut\nvoluptatem occaecati et vel explicabo autem\nasperiores pariatur deserunt optio"
  },
  {
    "userId": 9,
    "id": 87,
    "title": "nostrum quis quasi placeat",
    "body": "eos et molestiae\nnesciunt ut a\ndolores perspiciatis repellendus repellat aliquid\nmagnam sint rem ipsum est"
  },
  {
    "userId": 9,
    "id": 88,
    "title": "sapiente omnis fugit eos",
    "body": "consequatur omnis est praesentium\nducimus non iste\nneque hic deserunt\nvoluptatibus veniam cum et rerum sed"
  },
  {
    "userId": 9,
    "id": 89,
    "title": "sint soluta et vel magnam aut ut sed qui",
    "body": "repellat aut aperiam totam temporibus autem et\narchitecto magnam ut\nconsequatur qui cupiditate rerum quia soluta dignissimos nihil iure\ntempore quas est"
  },
  {
    "userId": 9,
    "id": 90,
    "title": "ad iusto omnis odit dolor voluptatibus",
    "body": "minus omnis soluta quia\nqui sed adipisci voluptates illum ipsam voluptatem\neligendi officia ut in\neos soluta similique molestias praesentium blanditiis"
  },
  {
    "userId": 10,
    "id": 91,
    "title": "aut amet sed",
    "body": "libero voluptate eveniet aperiam sed\nsunt placeat suscipit molestias\nsimilique fugit nam natus\nexpedita consequatur consequatur dolores quia eos et placeat"
  },
  {
    "userId": 10,
    "id": 92,
    "title": "ratione ex tenetur perferendis",
    "body": "aut et excepturi dicta laudantium sint rerum nihil\nlaudantium et at\na neque minima officia et similique libero et\ncommodi voluptate qui"
  },
  {
    "userId": 10,
    "id": 93,
    "title": "beatae soluta recusandae",
    "body": "dolorem quibusdam ducimus consequuntur dicta aut quo laboriosam\nvoluptatem quis enim recusandae ut sed sunt\nnostrum est odit totam\nsit error sed sunt eveniet provident qui nulla"
  },
  {
    "userId": 10,
    "id": 94,
    "title": "qui qui voluptates illo iste minima",
    "body": "aspernatur expedita soluta quo ab ut similique\nexpedita dolores amet\nsed temporibus distinctio magnam saepe deleniti\nomnis facilis nam ipsum natus sint similique omnis"
  },
  {
    "userId": 10,
    "id": 95,
    "title": "id minus libero illum nam ad officiis",
    "body": "earum voluptatem facere provident blanditiis velit laboriosam\npariatur accusamus odio saepe\ncumque dolor qui a dicta ab doloribus consequatur omnis\ncorporis cupiditate eaque assumenda ad nesciunt"
  },
  {
    "userId": 10,
    "id": 96,
    "title": "quaerat velit veniam amet cupiditate aut numquam ut sequi",
    "body": "in non odio excepturi sint eum\nlabore voluptates vitae quia qui et\ninventore itaque rerum\nveniam non exercitationem delectus aut"
  },
  {
    "userId": 10,
    "id": 97,
    "title": "quas fugiat ut perspiciatis vero provident",
    "body": "eum non blanditiis soluta porro quibusdam voluptas\nvel voluptatem qui placeat dolores qui velit aut\nvel inventore aut cumque culpa explicabo aliquid at\nperspiciatis est et voluptatem dignissimos dolor itaque sit nam"
  },
  {
    "userId": 10,
    "id": 98,
    "title": "laboriosam dolor voluptates",
    "body": "doloremque ex facilis sit sint culpa\nsoluta assumenda eligendi non ut eius\nsequi ducimus vel quasi\nveritatis est dolores"
  },
  {
    "userId": 10,
    "id": 99,
    "title": "temporibus sit alias delectus eligendi possimus magni",
    "body": "quo deleniti praesentium dicta non quod\naut est molestias\nmolestias et officia quis nihil\nitaque dolorem quia"
  },
  {
    "userId": 10,
    "id": 100,
    "title": "at nam consequatur ea labore ea harum",
    "body": "cupiditate quo est a modi nesciunt soluta\nipsa voluptas error itaque dicta in\nautem qui minus magnam et distinctio eum\naccusamus ratione error aut"
  }
]
  Given the user retrieves the count of all posts                                          # stepDefinitions.posts.PostSteps.theUserRetrievesTheCountOfAllPosts()
2024-04-25 19:08:44 [main] DEBUG utils.HttpClient - Making POST request to /posts with body {"id":0,"userId":1,"title":"my another post","body":"reposting something","comments":[]}
2024-04-25 19:08:44 [main] DEBUG o.a.h.i.c.BasicClientConnectionManager - Get connection for route {}->http://jsonplaceholder.typicode.com:80
2024-04-25 19:08:44 [main] DEBUG o.a.h.i.c.DefaultClientConnectionOperator - Connecting to jsonplaceholder.typicode.com:80
2024-04-25 19:08:44 [main] DEBUG o.a.h.c.protocol.RequestAddCookies - CookieSpec selected: ignoreCookies
2024-04-25 19:08:44 [main] DEBUG o.a.h.c.protocol.RequestAuthCache - Auth cache not set in the context
2024-04-25 19:08:44 [main] DEBUG o.a.h.c.p.RequestTargetAuthentication - Target auth state: UNCHALLENGED
2024-04-25 19:08:44 [main] DEBUG o.a.h.c.p.RequestProxyAuthentication - Proxy auth state: UNCHALLENGED
2024-04-25 19:08:44 [main] DEBUG o.a.h.impl.client.DefaultHttpClient - Attempt 1 to execute request
2024-04-25 19:08:44 [main] DEBUG o.a.h.i.conn.DefaultClientConnection - Sending request: POST /posts HTTP/1.1
2024-04-25 19:08:44 [main] DEBUG org.apache.http.wire -  >> "POST /posts HTTP/1.1[\r][\n]"
2024-04-25 19:08:44 [main] DEBUG org.apache.http.wire -  >> "Accept: */*[\r][\n]"
2024-04-25 19:08:44 [main] DEBUG org.apache.http.wire -  >> "Content-Type: application/json[\r][\n]"
2024-04-25 19:08:44 [main] DEBUG org.apache.http.wire -  >> "Content-Length: 88[\r][\n]"
2024-04-25 19:08:44 [main] DEBUG org.apache.http.wire -  >> "Host: jsonplaceholder.typicode.com[\r][\n]"
2024-04-25 19:08:44 [main] DEBUG org.apache.http.wire -  >> "Connection: Keep-Alive[\r][\n]"
2024-04-25 19:08:44 [main] DEBUG org.apache.http.wire -  >> "User-Agent: Apache-HttpClient/4.5.13 (Java/21.0.1)[\r][\n]"
2024-04-25 19:08:44 [main] DEBUG org.apache.http.wire -  >> "Accept-Encoding: gzip,deflate[\r][\n]"
2024-04-25 19:08:44 [main] DEBUG org.apache.http.wire -  >> "[\r][\n]"
2024-04-25 19:08:44 [main] DEBUG org.apache.http.headers - >> POST /posts HTTP/1.1
2024-04-25 19:08:44 [main] DEBUG org.apache.http.headers - >> Accept: */*
2024-04-25 19:08:44 [main] DEBUG org.apache.http.headers - >> Content-Type: application/json
2024-04-25 19:08:44 [main] DEBUG org.apache.http.headers - >> Content-Length: 88
2024-04-25 19:08:44 [main] DEBUG org.apache.http.headers - >> Host: jsonplaceholder.typicode.com
2024-04-25 19:08:44 [main] DEBUG org.apache.http.headers - >> Connection: Keep-Alive
2024-04-25 19:08:44 [main] DEBUG org.apache.http.headers - >> User-Agent: Apache-HttpClient/4.5.13 (Java/21.0.1)
2024-04-25 19:08:44 [main] DEBUG org.apache.http.headers - >> Accept-Encoding: gzip,deflate
2024-04-25 19:08:44 [main] DEBUG org.apache.http.wire -  >> "{"id":0,"userId":1,"title":"my another post","body":"reposting something","comments":[]}"
2024-04-25 19:08:45 [main] DEBUG org.apache.http.wire -  << "HTTP/1.1 201 Created[\r][\n]"
2024-04-25 19:08:45 [main] DEBUG org.apache.http.wire -  << "Date: Thu, 25 Apr 2024 13:38:45 GMT[\r][\n]"
2024-04-25 19:08:45 [main] DEBUG org.apache.http.wire -  << "Content-Type: application/json; charset=utf-8[\r][\n]"
2024-04-25 19:08:45 [main] DEBUG org.apache.http.wire -  << "Content-Length: 111[\r][\n]"
2024-04-25 19:08:45 [main] DEBUG org.apache.http.wire -  << "Connection: keep-alive[\r][\n]"
2024-04-25 19:08:45 [main] DEBUG org.apache.http.wire -  << "Report-To: {"group":"heroku-nel","max_age":3600,"endpoints":[{"url":"https://nel.heroku.com/reports?ts=1714052325&sid=e11707d5-02a7-43ef-b45e-2cf4d2036f7d&s=eE61ENEko%2BIMb52ybErIkdtkToYW6rbyulHHoz7m7JE%3D"}]}[\r][\n]"
2024-04-25 19:08:45 [main] DEBUG org.apache.http.wire -  << "Reporting-Endpoints: heroku-nel=https://nel.heroku.com/reports?ts=1714052325&sid=e11707d5-02a7-43ef-b45e-2cf4d2036f7d&s=eE61ENEko%2BIMb52ybErIkdtkToYW6rbyulHHoz7m7JE%3D[\r][\n]"
2024-04-25 19:08:45 [main] DEBUG org.apache.http.wire -  << "Nel: {"report_to":"heroku-nel","max_age":3600,"success_fraction":0.005,"failure_fraction":0.05,"response_headers":["Via"]}[\r][\n]"
2024-04-25 19:08:45 [main] DEBUG org.apache.http.wire -  << "X-Powered-By: Express[\r][\n]"
2024-04-25 19:08:45 [main] DEBUG org.apache.http.wire -  << "X-Ratelimit-Limit: 1000[\r][\n]"
2024-04-25 19:08:45 [main] DEBUG org.apache.http.wire -  << "X-Ratelimit-Remaining: 987[\r][\n]"
2024-04-25 19:08:45 [main] DEBUG org.apache.http.wire -  << "X-Ratelimit-Reset: 1714052359[\r][\n]"
2024-04-25 19:08:45 [main] DEBUG org.apache.http.wire -  << "Vary: Origin, X-HTTP-Method-Override, Accept-Encoding[\r][\n]"
2024-04-25 19:08:45 [main] DEBUG org.apache.http.wire -  << "Access-Control-Allow-Credentials: true[\r][\n]"
2024-04-25 19:08:45 [main] DEBUG org.apache.http.wire -  << "Cache-Control: no-cache[\r][\n]"
2024-04-25 19:08:45 [main] DEBUG org.apache.http.wire -  << "Pragma: no-cache[\r][\n]"
2024-04-25 19:08:45 [main] DEBUG org.apache.http.wire -  << "Expires: -1[\r][\n]"
2024-04-25 19:08:45 [main] DEBUG org.apache.http.wire -  << "Access-Control-Expose-Headers: Location[\r][\n]"
2024-04-25 19:08:45 [main] DEBUG org.apache.http.wire -  << "Location: http://jsonplaceholder.typicode.com/posts/101[\r][\n]"
2024-04-25 19:08:45 [main] DEBUG org.apache.http.wire -  << "X-Content-Type-Options: nosniff[\r][\n]"
2024-04-25 19:08:45 [main] DEBUG org.apache.http.wire -  << "Etag: W/"6f-0HuJH891h0ZBlg2GULeH+62VHlU"[\r][\n]"
2024-04-25 19:08:45 [main] DEBUG org.apache.http.wire -  << "Via: 1.1 vegur[\r][\n]"
2024-04-25 19:08:45 [main] DEBUG org.apache.http.wire -  << "CF-Cache-Status: DYNAMIC[\r][\n]"
2024-04-25 19:08:45 [main] DEBUG org.apache.http.wire -  << "Server: cloudflare[\r][\n]"
2024-04-25 19:08:45 [main] DEBUG org.apache.http.wire -  << "CF-RAY: 879ebc358ec33a2a-BOM[\r][\n]"
2024-04-25 19:08:45 [main] DEBUG org.apache.http.wire -  << "alt-svc: h3=":443"; ma=86400[\r][\n]"
2024-04-25 19:08:45 [main] DEBUG org.apache.http.wire -  << "[\r][\n]"
2024-04-25 19:08:45 [main] DEBUG o.a.h.i.conn.DefaultClientConnection - Receiving response: HTTP/1.1 201 Created
2024-04-25 19:08:45 [main] DEBUG org.apache.http.headers - << HTTP/1.1 201 Created
2024-04-25 19:08:45 [main] DEBUG org.apache.http.headers - << Date: Thu, 25 Apr 2024 13:38:45 GMT
2024-04-25 19:08:45 [main] DEBUG org.apache.http.headers - << Content-Type: application/json; charset=utf-8
2024-04-25 19:08:45 [main] DEBUG org.apache.http.headers - << Content-Length: 111
2024-04-25 19:08:45 [main] DEBUG org.apache.http.headers - << Connection: keep-alive
2024-04-25 19:08:45 [main] DEBUG org.apache.http.headers - << Report-To: {"group":"heroku-nel","max_age":3600,"endpoints":[{"url":"https://nel.heroku.com/reports?ts=1714052325&sid=e11707d5-02a7-43ef-b45e-2cf4d2036f7d&s=eE61ENEko%2BIMb52ybErIkdtkToYW6rbyulHHoz7m7JE%3D"}]}
2024-04-25 19:08:45 [main] DEBUG org.apache.http.headers - << Reporting-Endpoints: heroku-nel=https://nel.heroku.com/reports?ts=1714052325&sid=e11707d5-02a7-43ef-b45e-2cf4d2036f7d&s=eE61ENEko%2BIMb52ybErIkdtkToYW6rbyulHHoz7m7JE%3D
2024-04-25 19:08:45 [main] DEBUG org.apache.http.headers - << Nel: {"report_to":"heroku-nel","max_age":3600,"success_fraction":0.005,"failure_fraction":0.05,"response_headers":["Via"]}
2024-04-25 19:08:45 [main] DEBUG org.apache.http.headers - << X-Powered-By: Express
2024-04-25 19:08:45 [main] DEBUG org.apache.http.headers - << X-Ratelimit-Limit: 1000
2024-04-25 19:08:45 [main] DEBUG org.apache.http.headers - << X-Ratelimit-Remaining: 987
2024-04-25 19:08:45 [main] DEBUG org.apache.http.headers - << X-Ratelimit-Reset: 1714052359
2024-04-25 19:08:45 [main] DEBUG org.apache.http.headers - << Vary: Origin, X-HTTP-Method-Override, Accept-Encoding
2024-04-25 19:08:45 [main] DEBUG org.apache.http.headers - << Access-Control-Allow-Credentials: true
2024-04-25 19:08:45 [main] DEBUG org.apache.http.headers - << Cache-Control: no-cache
2024-04-25 19:08:45 [main] DEBUG org.apache.http.headers - << Pragma: no-cache
2024-04-25 19:08:45 [main] DEBUG org.apache.http.headers - << Expires: -1
2024-04-25 19:08:45 [main] DEBUG org.apache.http.headers - << Access-Control-Expose-Headers: Location
2024-04-25 19:08:45 [main] DEBUG org.apache.http.headers - << Location: http://jsonplaceholder.typicode.com/posts/101
2024-04-25 19:08:45 [main] DEBUG org.apache.http.headers - << X-Content-Type-Options: nosniff
2024-04-25 19:08:45 [main] DEBUG org.apache.http.headers - << Etag: W/"6f-0HuJH891h0ZBlg2GULeH+62VHlU"
2024-04-25 19:08:45 [main] DEBUG org.apache.http.headers - << Via: 1.1 vegur
2024-04-25 19:08:45 [main] DEBUG org.apache.http.headers - << CF-Cache-Status: DYNAMIC
2024-04-25 19:08:45 [main] DEBUG org.apache.http.headers - << Server: cloudflare
2024-04-25 19:08:45 [main] DEBUG org.apache.http.headers - << CF-RAY: 879ebc358ec33a2a-BOM
2024-04-25 19:08:45 [main] DEBUG org.apache.http.headers - << alt-svc: h3=":443"; ma=86400
2024-04-25 19:08:45 [main] DEBUG o.a.h.impl.client.DefaultHttpClient - Connection can be kept alive indefinitely
2024-04-25 19:08:45 [main] DEBUG i.r.internal.RestAssuredHttpBuilder - Parsing response as: application/json; charset=utf-8
2024-04-25 19:08:45 [main] DEBUG i.r.internal.RestAssuredHttpBuilder - Parsed data to instance of: class org.apache.http.conn.EofSensorInputStream
2024-04-25 19:08:45 [main] DEBUG org.apache.http.wire -  << "{[\n]"
2024-04-25 19:08:45 [main] DEBUG org.apache.http.wire -  << "  "id": 101,[\n]"
2024-04-25 19:08:45 [main] DEBUG org.apache.http.wire -  << "  "userId": 1,[\n]"
2024-04-25 19:08:45 [main] DEBUG org.apache.http.wire -  << "  "title": "my another post",[\n]"
2024-04-25 19:08:45 [main] DEBUG org.apache.http.wire -  << "  "body": "reposting something",[\n]"
2024-04-25 19:08:45 [main] DEBUG org.apache.http.wire -  << "  "comments": [][\n]"
2024-04-25 19:08:45 [main] DEBUG org.apache.http.wire -  << "}"
2024-04-25 19:08:45 [main] DEBUG o.a.h.i.c.BasicClientConnectionManager - Releasing connection org.apache.http.impl.conn.ManagedClientConnectionImpl@6c07add6
2024-04-25 19:08:45 [main] DEBUG o.a.h.i.c.BasicClientConnectionManager - Connection can be kept alive indefinitely
2024-04-25 19:08:45 [main] DEBUG utils.HttpClient - Received response: {
  "id": 101,
  "userId": 1,
  "title": "my another post",
  "body": "reposting something",
  "comments": []
}
  When the user creates a post with title "my another post" and body "reposting something" # stepDefinitions.posts.PostSteps.theUserCreatesAPostWithTitleAndBody(java.lang.String,java.lang.String)
2024-04-25 19:08:45 [main] DEBUG o.a.h.i.c.BasicClientConnectionManager - Get connection for route {}->http://jsonplaceholder.typicode.com:80
2024-04-25 19:08:45 [main] DEBUG o.a.h.i.c.DefaultClientConnectionOperator - Connecting to jsonplaceholder.typicode.com:80
2024-04-25 19:08:45 [main] DEBUG o.a.h.c.protocol.RequestAddCookies - CookieSpec selected: ignoreCookies
2024-04-25 19:08:45 [main] DEBUG o.a.h.c.protocol.RequestAuthCache - Auth cache not set in the context
2024-04-25 19:08:45 [main] DEBUG o.a.h.c.p.RequestTargetAuthentication - Target auth state: UNCHALLENGED
2024-04-25 19:08:45 [main] DEBUG o.a.h.c.p.RequestProxyAuthentication - Proxy auth state: UNCHALLENGED
2024-04-25 19:08:45 [main] DEBUG o.a.h.impl.client.DefaultHttpClient - Attempt 1 to execute request
2024-04-25 19:08:45 [main] DEBUG o.a.h.i.conn.DefaultClientConnection - Sending request: DELETE /posts/101 HTTP/1.1
2024-04-25 19:08:45 [main] DEBUG org.apache.http.wire -  >> "DELETE /posts/101 HTTP/1.1[\r][\n]"
2024-04-25 19:08:45 [main] DEBUG org.apache.http.wire -  >> "Content-Type: application/json[\r][\n]"
2024-04-25 19:08:45 [main] DEBUG org.apache.http.wire -  >> "Accept: */*[\r][\n]"
2024-04-25 19:08:45 [main] DEBUG org.apache.http.wire -  >> "Host: jsonplaceholder.typicode.com[\r][\n]"
2024-04-25 19:08:45 [main] DEBUG org.apache.http.wire -  >> "Connection: Keep-Alive[\r][\n]"
2024-04-25 19:08:45 [main] DEBUG org.apache.http.wire -  >> "User-Agent: Apache-HttpClient/4.5.13 (Java/21.0.1)[\r][\n]"
2024-04-25 19:08:45 [main] DEBUG org.apache.http.wire -  >> "Accept-Encoding: gzip,deflate[\r][\n]"
2024-04-25 19:08:45 [main] DEBUG org.apache.http.wire -  >> "[\r][\n]"
2024-04-25 19:08:45 [main] DEBUG org.apache.http.headers - >> DELETE /posts/101 HTTP/1.1
2024-04-25 19:08:45 [main] DEBUG org.apache.http.headers - >> Content-Type: application/json
2024-04-25 19:08:45 [main] DEBUG org.apache.http.headers - >> Accept: */*
2024-04-25 19:08:45 [main] DEBUG org.apache.http.headers - >> Host: jsonplaceholder.typicode.com
2024-04-25 19:08:45 [main] DEBUG org.apache.http.headers - >> Connection: Keep-Alive
2024-04-25 19:08:45 [main] DEBUG org.apache.http.headers - >> User-Agent: Apache-HttpClient/4.5.13 (Java/21.0.1)
2024-04-25 19:08:45 [main] DEBUG org.apache.http.headers - >> Accept-Encoding: gzip,deflate
2024-04-25 19:08:45 [main] DEBUG org.apache.http.wire -  << "HTTP/1.1 200 OK[\r][\n]"
2024-04-25 19:08:45 [main] DEBUG org.apache.http.wire -  << "Date: Thu, 25 Apr 2024 13:38:45 GMT[\r][\n]"
2024-04-25 19:08:45 [main] DEBUG org.apache.http.wire -  << "Content-Type: application/json; charset=utf-8[\r][\n]"
2024-04-25 19:08:45 [main] DEBUG org.apache.http.wire -  << "Content-Length: 2[\r][\n]"
2024-04-25 19:08:45 [main] DEBUG org.apache.http.wire -  << "Connection: keep-alive[\r][\n]"
2024-04-25 19:08:45 [main] DEBUG org.apache.http.wire -  << "Report-To: {"group":"heroku-nel","max_age":3600,"endpoints":[{"url":"https://nel.heroku.com/reports?ts=1714052325&sid=e11707d5-02a7-43ef-b45e-2cf4d2036f7d&s=eE61ENEko%2BIMb52ybErIkdtkToYW6rbyulHHoz7m7JE%3D"}]}[\r][\n]"
2024-04-25 19:08:45 [main] DEBUG org.apache.http.wire -  << "Reporting-Endpoints: heroku-nel=https://nel.heroku.com/reports?ts=1714052325&sid=e11707d5-02a7-43ef-b45e-2cf4d2036f7d&s=eE61ENEko%2BIMb52ybErIkdtkToYW6rbyulHHoz7m7JE%3D[\r][\n]"
2024-04-25 19:08:45 [main] DEBUG org.apache.http.wire -  << "Nel: {"report_to":"heroku-nel","max_age":3600,"success_fraction":0.005,"failure_fraction":0.05,"response_headers":["Via"]}[\r][\n]"
2024-04-25 19:08:45 [main] DEBUG org.apache.http.wire -  << "X-Powered-By: Express[\r][\n]"
2024-04-25 19:08:45 [main] DEBUG org.apache.http.wire -  << "X-Ratelimit-Limit: 1000[\r][\n]"
2024-04-25 19:08:45 [main] DEBUG org.apache.http.wire -  << "X-Ratelimit-Remaining: 986[\r][\n]"
2024-04-25 19:08:45 [main] DEBUG org.apache.http.wire -  << "X-Ratelimit-Reset: 1714052359[\r][\n]"
2024-04-25 19:08:45 [main] DEBUG org.apache.http.wire -  << "Vary: Origin, Accept-Encoding[\r][\n]"
2024-04-25 19:08:45 [main] DEBUG org.apache.http.wire -  << "Access-Control-Allow-Credentials: true[\r][\n]"
2024-04-25 19:08:45 [main] DEBUG org.apache.http.wire -  << "Cache-Control: no-cache[\r][\n]"
2024-04-25 19:08:45 [main] DEBUG org.apache.http.wire -  << "Pragma: no-cache[\r][\n]"
2024-04-25 19:08:45 [main] DEBUG org.apache.http.wire -  << "Expires: -1[\r][\n]"
2024-04-25 19:08:45 [main] DEBUG org.apache.http.wire -  << "X-Content-Type-Options: nosniff[\r][\n]"
2024-04-25 19:08:45 [main] DEBUG org.apache.http.wire -  << "Etag: W/"2-vyGp6PvFo4RvsFtPoIWeCReyIC8"[\r][\n]"
2024-04-25 19:08:45 [main] DEBUG org.apache.http.wire -  << "Via: 1.1 vegur[\r][\n]"
2024-04-25 19:08:45 [main] DEBUG org.apache.http.wire -  << "CF-Cache-Status: DYNAMIC[\r][\n]"
2024-04-25 19:08:45 [main] DEBUG org.apache.http.wire -  << "Server: cloudflare[\r][\n]"
2024-04-25 19:08:45 [main] DEBUG org.apache.http.wire -  << "CF-RAY: 879ebc387a987f6b-MAA[\r][\n]"
2024-04-25 19:08:45 [main] DEBUG org.apache.http.wire -  << "alt-svc: h3=":443"; ma=86400[\r][\n]"
2024-04-25 19:08:45 [main] DEBUG org.apache.http.wire -  << "[\r][\n]"
2024-04-25 19:08:45 [main] DEBUG o.a.h.i.conn.DefaultClientConnection - Receiving response: HTTP/1.1 200 OK
2024-04-25 19:08:45 [main] DEBUG org.apache.http.headers - << HTTP/1.1 200 OK
2024-04-25 19:08:45 [main] DEBUG org.apache.http.headers - << Date: Thu, 25 Apr 2024 13:38:45 GMT
2024-04-25 19:08:45 [main] DEBUG org.apache.http.headers - << Content-Type: application/json; charset=utf-8
2024-04-25 19:08:45 [main] DEBUG org.apache.http.headers - << Content-Length: 2
2024-04-25 19:08:45 [main] DEBUG org.apache.http.headers - << Connection: keep-alive
2024-04-25 19:08:45 [main] DEBUG org.apache.http.headers - << Report-To: {"group":"heroku-nel","max_age":3600,"endpoints":[{"url":"https://nel.heroku.com/reports?ts=1714052325&sid=e11707d5-02a7-43ef-b45e-2cf4d2036f7d&s=eE61ENEko%2BIMb52ybErIkdtkToYW6rbyulHHoz7m7JE%3D"}]}
2024-04-25 19:08:45 [main] DEBUG org.apache.http.headers - << Reporting-Endpoints: heroku-nel=https://nel.heroku.com/reports?ts=1714052325&sid=e11707d5-02a7-43ef-b45e-2cf4d2036f7d&s=eE61ENEko%2BIMb52ybErIkdtkToYW6rbyulHHoz7m7JE%3D
2024-04-25 19:08:45 [main] DEBUG org.apache.http.headers - << Nel: {"report_to":"heroku-nel","max_age":3600,"success_fraction":0.005,"failure_fraction":0.05,"response_headers":["Via"]}
2024-04-25 19:08:45 [main] DEBUG org.apache.http.headers - << X-Powered-By: Express
2024-04-25 19:08:45 [main] DEBUG org.apache.http.headers - << X-Ratelimit-Limit: 1000
2024-04-25 19:08:45 [main] DEBUG org.apache.http.headers - << X-Ratelimit-Remaining: 986
2024-04-25 19:08:45 [main] DEBUG org.apache.http.headers - << X-Ratelimit-Reset: 1714052359
2024-04-25 19:08:45 [main] DEBUG org.apache.http.headers - << Vary: Origin, Accept-Encoding
2024-04-25 19:08:45 [main] DEBUG org.apache.http.headers - << Access-Control-Allow-Credentials: true
2024-04-25 19:08:45 [main] DEBUG org.apache.http.headers - << Cache-Control: no-cache
2024-04-25 19:08:45 [main] DEBUG org.apache.http.headers - << Pragma: no-cache
2024-04-25 19:08:45 [main] DEBUG org.apache.http.headers - << Expires: -1
2024-04-25 19:08:45 [main] DEBUG org.apache.http.headers - << X-Content-Type-Options: nosniff
2024-04-25 19:08:45 [main] DEBUG org.apache.http.headers - << Etag: W/"2-vyGp6PvFo4RvsFtPoIWeCReyIC8"
2024-04-25 19:08:45 [main] DEBUG org.apache.http.headers - << Via: 1.1 vegur
2024-04-25 19:08:45 [main] DEBUG org.apache.http.headers - << CF-Cache-Status: DYNAMIC
2024-04-25 19:08:45 [main] DEBUG org.apache.http.headers - << Server: cloudflare
2024-04-25 19:08:45 [main] DEBUG org.apache.http.headers - << CF-RAY: 879ebc387a987f6b-MAA
2024-04-25 19:08:45 [main] DEBUG org.apache.http.headers - << alt-svc: h3=":443"; ma=86400
2024-04-25 19:08:45 [main] DEBUG o.a.h.impl.client.DefaultHttpClient - Connection can be kept alive indefinitely
2024-04-25 19:08:45 [main] DEBUG i.r.internal.RestAssuredHttpBuilder - Parsing response as: application/json; charset=utf-8
2024-04-25 19:08:45 [main] DEBUG i.r.internal.RestAssuredHttpBuilder - Parsed data to instance of: class org.apache.http.conn.EofSensorInputStream
  When the user deletes the post                                                           # stepDefinitions.posts.PostSteps.theUserDeletesThePost()
  Then the post should be deleted successfully                                             # stepDefinitions.posts.PostSteps.thePostShouldBeDeletedSuccessfully()
  And the response should contain 200 status code                                          # stepDefinitions.posts.PostSteps.the_post_should_successful(int)
2024-04-25 19:08:45 [main] DEBUG utils.HttpClient - Making GET request to /posts
2024-04-25 19:08:45 [main] DEBUG o.a.h.i.c.BasicClientConnectionManager - Get connection for route {}->http://jsonplaceholder.typicode.com:80
2024-04-25 19:08:45 [main] DEBUG o.a.h.i.c.DefaultClientConnectionOperator - Connecting to jsonplaceholder.typicode.com:80
2024-04-25 19:08:45 [main] DEBUG o.a.h.c.protocol.RequestAddCookies - CookieSpec selected: ignoreCookies
2024-04-25 19:08:45 [main] DEBUG o.a.h.c.protocol.RequestAuthCache - Auth cache not set in the context
2024-04-25 19:08:45 [main] DEBUG o.a.h.c.p.RequestTargetAuthentication - Target auth state: UNCHALLENGED
2024-04-25 19:08:45 [main] DEBUG o.a.h.c.p.RequestProxyAuthentication - Proxy auth state: UNCHALLENGED
2024-04-25 19:08:45 [main] DEBUG o.a.h.impl.client.DefaultHttpClient - Attempt 1 to execute request
2024-04-25 19:08:45 [main] DEBUG o.a.h.i.conn.DefaultClientConnection - Sending request: GET /posts HTTP/1.1
2024-04-25 19:08:45 [main] DEBUG org.apache.http.wire -  >> "GET /posts HTTP/1.1[\r][\n]"
2024-04-25 19:08:45 [main] DEBUG org.apache.http.wire -  >> "Content-Type: application/json[\r][\n]"
2024-04-25 19:08:45 [main] DEBUG org.apache.http.wire -  >> "Accept: */*[\r][\n]"
2024-04-25 19:08:45 [main] DEBUG org.apache.http.wire -  >> "Host: jsonplaceholder.typicode.com[\r][\n]"
2024-04-25 19:08:45 [main] DEBUG org.apache.http.wire -  >> "Connection: Keep-Alive[\r][\n]"
2024-04-25 19:08:45 [main] DEBUG org.apache.http.wire -  >> "User-Agent: Apache-HttpClient/4.5.13 (Java/21.0.1)[\r][\n]"
2024-04-25 19:08:45 [main] DEBUG org.apache.http.wire -  >> "Accept-Encoding: gzip,deflate[\r][\n]"
2024-04-25 19:08:45 [main] DEBUG org.apache.http.wire -  >> "[\r][\n]"
2024-04-25 19:08:45 [main] DEBUG org.apache.http.headers - >> GET /posts HTTP/1.1
2024-04-25 19:08:45 [main] DEBUG org.apache.http.headers - >> Content-Type: application/json
2024-04-25 19:08:45 [main] DEBUG org.apache.http.headers - >> Accept: */*
2024-04-25 19:08:45 [main] DEBUG org.apache.http.headers - >> Host: jsonplaceholder.typicode.com
2024-04-25 19:08:45 [main] DEBUG org.apache.http.headers - >> Connection: Keep-Alive
2024-04-25 19:08:45 [main] DEBUG org.apache.http.headers - >> User-Agent: Apache-HttpClient/4.5.13 (Java/21.0.1)
2024-04-25 19:08:45 [main] DEBUG org.apache.http.headers - >> Accept-Encoding: gzip,deflate
2024-04-25 19:08:46 [main] DEBUG org.apache.http.wire -  << "HTTP/1.1 200 OK[\r][\n]"
2024-04-25 19:08:46 [main] DEBUG org.apache.http.wire -  << "Date: Thu, 25 Apr 2024 13:38:45 GMT[\r][\n]"
2024-04-25 19:08:46 [main] DEBUG org.apache.http.wire -  << "Content-Type: application/json; charset=utf-8[\r][\n]"
2024-04-25 19:08:46 [main] DEBUG org.apache.http.wire -  << "Transfer-Encoding: chunked[\r][\n]"
2024-04-25 19:08:46 [main] DEBUG org.apache.http.wire -  << "Connection: keep-alive[\r][\n]"
2024-04-25 19:08:46 [main] DEBUG org.apache.http.wire -  << "Report-To: {"group":"heroku-nel","max_age":3600,"endpoints":[{"url":"https://nel.heroku.com/reports?ts=1714052322&sid=e11707d5-02a7-43ef-b45e-2cf4d2036f7d&s=Jd%2FsvT3dpIjo8KwsN9QjUCMfnlx%2B7hWFcwbnXA%2BxXjk%3D"}]}[\r][\n]"
2024-04-25 19:08:46 [main] DEBUG org.apache.http.wire -  << "Reporting-Endpoints: heroku-nel=https://nel.heroku.com/reports?ts=1714052322&sid=e11707d5-02a7-43ef-b45e-2cf4d2036f7d&s=Jd%2FsvT3dpIjo8KwsN9QjUCMfnlx%2B7hWFcwbnXA%2BxXjk%3D[\r][\n]"
2024-04-25 19:08:46 [main] DEBUG org.apache.http.wire -  << "Nel: {"report_to":"heroku-nel","max_age":3600,"success_fraction":0.005,"failure_fraction":0.05,"response_headers":["Via"]}[\r][\n]"
2024-04-25 19:08:46 [main] DEBUG org.apache.http.wire -  << "X-Powered-By: Express[\r][\n]"
2024-04-25 19:08:46 [main] DEBUG org.apache.http.wire -  << "X-Ratelimit-Limit: 1000[\r][\n]"
2024-04-25 19:08:46 [main] DEBUG org.apache.http.wire -  << "X-Ratelimit-Remaining: 991[\r][\n]"
2024-04-25 19:08:46 [main] DEBUG org.apache.http.wire -  << "X-Ratelimit-Reset: 1714052359[\r][\n]"
2024-04-25 19:08:46 [main] DEBUG org.apache.http.wire -  << "Vary: Origin, Accept-Encoding[\r][\n]"
2024-04-25 19:08:46 [main] DEBUG org.apache.http.wire -  << "Access-Control-Allow-Credentials: true[\r][\n]"
2024-04-25 19:08:46 [main] DEBUG org.apache.http.wire -  << "Cache-Control: max-age=43200[\r][\n]"
2024-04-25 19:08:46 [main] DEBUG org.apache.http.wire -  << "Pragma: no-cache[\r][\n]"
2024-04-25 19:08:46 [main] DEBUG org.apache.http.wire -  << "Expires: -1[\r][\n]"
2024-04-25 19:08:46 [main] DEBUG org.apache.http.wire -  << "X-Content-Type-Options: nosniff[\r][\n]"
2024-04-25 19:08:46 [main] DEBUG org.apache.http.wire -  << "Etag: W/"6b80-Ybsq/K6GwwqrYkAsFxqDXGC7DoM"[\r][\n]"
2024-04-25 19:08:46 [main] DEBUG org.apache.http.wire -  << "Content-Encoding: gzip[\r][\n]"
2024-04-25 19:08:46 [main] DEBUG org.apache.http.wire -  << "Via: 1.1 vegur[\r][\n]"
2024-04-25 19:08:46 [main] DEBUG org.apache.http.wire -  << "CF-Cache-Status: HIT[\r][\n]"
2024-04-25 19:08:46 [main] DEBUG org.apache.http.wire -  << "Age: 3[\r][\n]"
2024-04-25 19:08:46 [main] DEBUG org.apache.http.wire -  << "Server: cloudflare[\r][\n]"
2024-04-25 19:08:46 [main] DEBUG org.apache.http.wire -  << "CF-RAY: 879ebc3c5d8c7f2b-MAA[\r][\n]"
2024-04-25 19:08:46 [main] DEBUG org.apache.http.wire -  << "alt-svc: h3=":443"; ma=86400[\r][\n]"
2024-04-25 19:08:46 [main] DEBUG org.apache.http.wire -  << "[\r][\n]"
2024-04-25 19:08:46 [main] DEBUG o.a.h.i.conn.DefaultClientConnection - Receiving response: HTTP/1.1 200 OK
2024-04-25 19:08:46 [main] DEBUG org.apache.http.headers - << HTTP/1.1 200 OK
2024-04-25 19:08:46 [main] DEBUG org.apache.http.headers - << Date: Thu, 25 Apr 2024 13:38:45 GMT
2024-04-25 19:08:46 [main] DEBUG org.apache.http.headers - << Content-Type: application/json; charset=utf-8
2024-04-25 19:08:46 [main] DEBUG org.apache.http.headers - << Transfer-Encoding: chunked
2024-04-25 19:08:46 [main] DEBUG org.apache.http.headers - << Connection: keep-alive
2024-04-25 19:08:46 [main] DEBUG org.apache.http.headers - << Report-To: {"group":"heroku-nel","max_age":3600,"endpoints":[{"url":"https://nel.heroku.com/reports?ts=1714052322&sid=e11707d5-02a7-43ef-b45e-2cf4d2036f7d&s=Jd%2FsvT3dpIjo8KwsN9QjUCMfnlx%2B7hWFcwbnXA%2BxXjk%3D"}]}
2024-04-25 19:08:46 [main] DEBUG org.apache.http.headers - << Reporting-Endpoints: heroku-nel=https://nel.heroku.com/reports?ts=1714052322&sid=e11707d5-02a7-43ef-b45e-2cf4d2036f7d&s=Jd%2FsvT3dpIjo8KwsN9QjUCMfnlx%2B7hWFcwbnXA%2BxXjk%3D
2024-04-25 19:08:46 [main] DEBUG org.apache.http.headers - << Nel: {"report_to":"heroku-nel","max_age":3600,"success_fraction":0.005,"failure_fraction":0.05,"response_headers":["Via"]}
2024-04-25 19:08:46 [main] DEBUG org.apache.http.headers - << X-Powered-By: Express
2024-04-25 19:08:46 [main] DEBUG org.apache.http.headers - << X-Ratelimit-Limit: 1000
2024-04-25 19:08:46 [main] DEBUG org.apache.http.headers - << X-Ratelimit-Remaining: 991
2024-04-25 19:08:46 [main] DEBUG org.apache.http.headers - << X-Ratelimit-Reset: 1714052359
2024-04-25 19:08:46 [main] DEBUG org.apache.http.headers - << Vary: Origin, Accept-Encoding
2024-04-25 19:08:46 [main] DEBUG org.apache.http.headers - << Access-Control-Allow-Credentials: true
2024-04-25 19:08:46 [main] DEBUG org.apache.http.headers - << Cache-Control: max-age=43200
2024-04-25 19:08:46 [main] DEBUG org.apache.http.headers - << Pragma: no-cache
2024-04-25 19:08:46 [main] DEBUG org.apache.http.headers - << Expires: -1
2024-04-25 19:08:46 [main] DEBUG org.apache.http.headers - << X-Content-Type-Options: nosniff
2024-04-25 19:08:46 [main] DEBUG org.apache.http.headers - << Etag: W/"6b80-Ybsq/K6GwwqrYkAsFxqDXGC7DoM"
2024-04-25 19:08:46 [main] DEBUG org.apache.http.headers - << Content-Encoding: gzip
2024-04-25 19:08:46 [main] DEBUG org.apache.http.headers - << Via: 1.1 vegur
2024-04-25 19:08:46 [main] DEBUG org.apache.http.headers - << CF-Cache-Status: HIT
2024-04-25 19:08:46 [main] DEBUG org.apache.http.headers - << Age: 3
2024-04-25 19:08:46 [main] DEBUG org.apache.http.headers - << Server: cloudflare
2024-04-25 19:08:46 [main] DEBUG org.apache.http.headers - << CF-RAY: 879ebc3c5d8c7f2b-MAA
2024-04-25 19:08:46 [main] DEBUG org.apache.http.headers - << alt-svc: h3=":443"; ma=86400
2024-04-25 19:08:46 [main] DEBUG o.a.h.impl.client.DefaultHttpClient - Connection can be kept alive indefinitely
2024-04-25 19:08:46 [main] DEBUG i.r.internal.RestAssuredHttpBuilder - Parsing response as: application/json; charset=utf-8
2024-04-25 19:08:46 [main] DEBUG org.apache.http.wire -  << "1b9a[\r][\n]"
2024-04-25 19:08:46 [main] DEBUG org.apache.http.wire -  << "[0x1f][0x8b][0x8][0x0][0x0][0x0][0x0][0x0][0x0][0x3][0x8d]]I[0x8e][0xe4][0xc8][0x8e][0xdd][0xff]S[0x8][0xb9][0xfe][0x8b][0x9a][0x87][0xbe]A[0x9f][0xa1][0xa3][0x17][0x16][0xee][0x96]U[0x2][0xdc][0xa5]([0x97][0x94][0x88]F[0xa3][0xef][0xde]$[0x1f]'[0x93][0xc9]=[0x5]d[0x15]b[0x90]K2[0x1a][0x87][0xc7]G[0xd2][0xe2][0xbf][0xfe]5[0xc][0xff]K[0xff][\r][0xc3][0x97]m[0xa9][0x8f][0xff][0xbc]~[0xf9][0x8f][0xe1][0xc7][0xe3][0x7]c[0xfe]f[0x1d][0xd7][[0xa5][0xef][0xbf],[0xdb][0xb4][0xe]e[[0x87][0xaf][0xe5]R[0x1f]ux[0xd4][0x8f]z[0xbb][0x95]u[0xf8]x[0xcc][0xdf][0xc6]k[0xa5][0xdf][0xce][0x97]K[0xa9][0x97][0xb2][0x8e]C[0xfd][0xbc][0xd4][0x8f]u{[0x8c][0xc3][0xfc][0xb1][0x8e]3_[0xfc][0xa8][0xd7][0xe9]Z[0x1f][0xe3][0xfa]Eo[0xfd]>_[0xff][0x87][0xef][0xfc][0xcf]6[0x96][0xa1][0xae][0xc3][0xb2]-[0x97][0xf1]c\[0xdf]&[0xfb][0x8a]>w[0xd9][0x96]2]K[0x1d].[0xf3][0xb4][0xd4]6z[0x8b][0xed]A[0xf7][0xff][0xa8][0xd7]q[0x95][0x8f]][0xb6][0xfb][0xdb][0xd4]<`[0xb8][0xcf][0xb7][0xba][0xac]#}[0x8a][0xde][0x97][0xfe][0xfd][0xb3][0x95]eX[0xe7][0xb5][0xd0][0x95][0xd3][0xbc][0xac][0x8f][0xed]N[0xb7][0xe6][0xff][0xd3]e[0xbc][0xa8]z[0x1f]d}[0xf][0xfa][0xa2]~[0xab][0xd3]H[0xf7]-[0x8f][0xcb][0xdf][0xe3]Z/[0xeb][0xfc][0x85][0xde][0xf7][0xff][0xfe][0xfd]=[0x89][0xfd][0xb4][0x97][0x18][0xad]K[0xee]_[0x97][0xa5][0xee][0xd7][0xcc]?[0xc7][0x1b][0xd0][0xb3]?f[0x92][0xe7]7ZN}[0x93]5[0x8e][0xc3]2[0xd2][0xcb]L[0xe3][0xdf][0xe3][0xad][0x15][0xdd]p[0x9d]o[0xf3]cx[0xaf][0x85].[0x1e]j[0xc1][0xf7]u[0x19]&[0xfa][0x18]}[0xfa][0xeb][0xf6][0xd7]H[[0xf2]~#[0x99][0x8d][0xeb]8.[0xc3][0xb7][0xf9][0xb6]}[0xac]e[0xad][0x3]=[0xe5]1[0xf][0xdf][0xea]Mo[0xdc][0x8][0xe9]Q[0xc7][0xcb]H[0xf][0x19][0x97][0xb7][0x89]_[0xa0]|[0xd0][0xe3][0xca]}[0x98][0xe6]i[0xb8][0xd6]w[0xba][0xd7]B7X[0x96][0xf1][0xbe]-[0x3]_ [0xf][0xa4];-[0xf4][0xe5]FzpNF?[0xef]eDK[0xb0][0xf7]Xd[0x9b]Xw[0xea][0xe3]B[0xc2] [0xbd][0x99][0xea]=[0xf4][0x8c][0x9f]:~,[0x85][0x84]#{[0xd6][0x89]t[0x1d][0xc6]mY[0xe7]a[0xa9]W[0xba]x[0xa6][0xef][0x1e]$[0x12][0x17][0xc0]=[0xe9][0xe7]|[0xa7]7[0x1f][0xea]m[0xfc][0x8b][0xd7],j][0xae][0xcd][0xb5]"[0xd8][0xf1][0x9d]V[0xcb][0x12]+[0x17][0xd1][0xc3]u[0xa4][\r][0xa3][0xf7] Y[0x14][0x12][0xf]i[0xe2][0xdb][0x14]b[0x84][0x80]+[0xbd][0xc4]0_I[0xe9][0xe9][0x85]n[0xe5][0x9d][0xf7][0x96][0xbe][0xa2][0xbb][0xe8]k[0x9f][0x12][0xd4]/[0x9d][0xa0]XYW[0xd1]'_[0xc6]^[0x2][0xbc][0xf]r[0xd5]RHhiO[0x87][0xb4][0xb0]r%[0xcb]"[0xf3]"U[0xe3][0x17][0xba]W3[0x80][0xb2],[0xdb][0x9d]./[0xc9][0xa2][0xa1][0xa2][0x97][0xed][0xf6]QD/[0x96][0xe1][0xef][0xf1]B[0xa6]x[0xbf][0xd3][\n]"
2024-04-25 19:08:46 [main] DEBUG org.apache.http.wire -  << "I[0x7][0xe8]>f6k[0x9d]*[0x9b]&4[0xf2][0xce][0xda][0xc1][0xbb]u[0xd7]m[0x90][0xf][0x8b][0x8d][0xa5]w[0xc1][0xed][0xc7][0xdb]m[0x86]|[0xce][0xc9][0xe6][0xd7][0xbd]l[0xfc]=[0xc4][0xce]Y[0xf6]{[0xc9][0x90][0x12]m[0xd7][0x11][0x8e][0x84][0xcd][0xbb][0xf0]6[0x96][0xfa](+[0xde][0x89]T[0xe6]m*7VBqq0#U4v[0xe][0xa4]R$[0xfa]V[0x9b]D[0x87][0xdc]([0xd8][0xca]}m[0xa2]8[0xbc][0xe4][0xb7]I=L+[0x1f][0x98][0xcf][0xb9][0xe5][0xfe][0xb6]_[0xae]Jx`[0x95][0xb8][0x97][0xbf]&2[0x99]yq[0x8b]eo[0xda])[0x6][0xbd][0xc2]B[0xbf][0x9f]Xei[0xfb][0x1e][0xa4][0xaa][0xbc][0x97][0x85][0xc5][0xf]o[0x0][0xad][0xf6][0x8d][0x17]7$[0xca]M[0xdb]B[0xee]y[0x9a][0xdf][0xe9][0xf7]$![0xfa][0xf1]5\[0xc7][0xdb]Dw]>H[0xcf][\n]"
2024-04-25 19:08:46 [main] DEBUG org.apache.http.wire -  << "{[0x8]VP[0xba][0xb6][0xde][0xe7][0xa1][0xbc][0xef]<WkBeI[0xb2]t/[0x6]#[0xa9]kV"[0xd6]9i[0xfd][0xbe][0x97][0x16]K[0x88][0xc4]BQk[0xbc][0x8d][0xb][0xf6]s/[0x1f]<n[0xf8][0xb8]Qh[0x83][0xa7][0xa1][0xfd][0xbb][0xb2]-[0x15][0xf1]$[0xea][0x9b]!l[0x91][0x14][0xe9][0x90][0x88][0x1a][0xdf][0xf1]5X[0xf5][0xa6][0xc6]'[\n]"
2024-04-25 19:08:46 [main] DEBUG org.apache.http.wire -  << "[0xcd][0xee]+B[0xa2][0x4][0xa4][0xb1]p[0x98][0x9b]$<[0xc1][0xe7][0xf3]&[0xd2][0xf3][0xe0][0xbd][0xca]rn[0xb9]<S[0xe]][0x12]k[0x9f][0x98]a[0xb7][0xe4][0x91][0xd6][0xc2][0xaa][0x9b]T[0xc7]>+o[0xc3]Q[0xd5][0x84][0x16][0x2])[0xb4]n[\r]O[0x1e][0xa4]=`[0xb9]-HH6[0x3][0x83][0xd4][0xee]e[0x94]-v1[0xbc]Mp[0xf][0xb4]~[0xf3]'0[\r]S[0xb][0xd6][0xee]Y[0x9d][0xb3]l[0xc0]9[0x89][0xfc][0xf9][0xd4];[0xb0]#R[0xab][0xb5][0x95]"[0xf8][\n]"
2024-04-25 19:08:46 [main] DEBUG org.apache.http.wire -  << "[0x8c]H[0xfa][0xb9][0x97][0x95]@[0x8f][0xcb]*[0xe6][0xb][0x1][0xb4][0xf7][0xc4][0xdd][0xc8][0xd4]U)[\n]"
2024-04-25 19:08:46 [main] DEBUG org.apache.http.wire -  << "[0x82][0x9][0xfc][0xc][0x1c][0x8]@[0x88]|[0x7][[0xa2][0xab]WC[0x1f][0xac]?W[0xf9]"[0xc]P[0xa5][0xa0][\n]"
2024-04-25 19:08:46 [main] DEBUG org.apache.http.wire -  << "[0xeb][0xdf][0x9e][0x93][0xc1][0x8f]?[0xec][0x85][0x0][0x18][0x16][0xa1]v[0xbc][0xe2]Ek[0xbf]ZVf~7[0x83]X[0xb2][0x9][0xb4][0xa3][0xc3][0xfc][0xf5]+[0x1b][0xba][0x4]D[0xd9][0xd4][0xb7])[0xa2]$+A[0xf2][0xb2][0xbc]|[\n]"
2024-04-25 19:08:46 [main] DEBUG org.apache.http.wire -  << "[0x86][0x82][0xf][0x16][0x86]tt[0xd7]%\/-[0x97][0xf5][0x1c]2[0xbf]K[0x90]}H[0xc8]'[0x5][0xa1] [0xfa]x[0xba][0xcc][0x9f][0x9a]ev [0x15][0xe]H[0x1e]-[0xcb][0xbb][0x95][0xed][0xaa]>[0xe7][0xd8][0xf0][0xeb][0x8d]6[0x96][0x9e][0x9f]be[0x4][0xf4][0xc0][0xb][0xc][0x83][0xee]#moqx[0xc8][0xb][0xce][0xee][0x9e][0xe2][0x87][0xaf]f[0x9c][0xc4]9+L[0x93][0xf5][0xb3][0xd0][0x2]7[0xb9][0xeb][[0xb2][0xfe][0xb][0xc2][0x99].[0xe3][0x95]4[0xeb]mb[0xa7]-[0xca][0xa6][0xbf]>)[0x93][0xe][0x86][0xd2][0xcb][0x84][0xfd][0x1a][0xda][0xa4][0xfb]A[0xfd][0xd4][0x12][0xf6][0x82][0xa1][0xcd][0x90][0x8][0xe][0xb5][0x84][0xf]%g[0xff](u[0xa9][0xe][0x83][0x8a]:|[0xdc][0xc][0xa2]7[0xb5][0xad][0xc][0xe3][0xcb][0x7][0xc9][0x94][0xfc][0xbb]\[0x8b]8#[0x80]#[0x4]+[0xbf][0xa1][0xa7]D\%[0xbf][0xa0]"[0xe0][0xfb][0xc9]+[0x8e][0xb4][0x1d][0xd3][0x85][0x15]Xb[0xfb]99tPSV[0xba][0x89])[0x92]H[0xfc]E=[0xc4]9nb[0x3][0x10][0xc9][0xef][0x85][0xc2][0xa2][0xb8][0x8e][0x17][0xb2][0x9][0xf7]t[0xe2][0xf7][0xfc][0x16]~[0xd3][0xd8][0xd1]9[0xc5]2Z[0xda][0xb2]r&[0xf3]x[0xd0]e[0xe3][0x13][0x80]&[0x0]R[0x90][0x11] [0x1a][0x99][0x1e]o[0x85][0x18][0x8d]#V[0x1][0x96][0xec]!E)%[0xc][0xa5][0xac]L[0xee][0x95][0x92][0xa6][0xc0]t[0xd9][0x87][0x1][0xa8]F~[0xc3][0x11][0x82]q[0x98][0xc4][0x89]s[0xd2][0xed][0xf0]i^[0x80][0xbd][0xa4]8[0x9d][0xbd][0x10][0x9][%[0xcb]2[0xb4][0x8d][0xc9]k[0x0]&Tqr[0xd2]6eL[0x0]#B"Jv'[0xbe][0xcc]o[0x13][0xf6][0xb][0xfb][0xe3][0x9c][\n]"
2024-04-25 19:08:46 [main] DEBUG org.apache.http.wire -  << "j[0xec][0xdb]#[0xa9][0xa0][0xc0];z[0xce]vv[0xcd][0x1d][0xee][0xc]W@[[0x3][0xcb]b;;[0x0][0x9f][0x9][0x7][0x89]#T[0xa4]!n[0x81][0xf3]U[0xb8][0x16]s[0xb0][0x6][0x87][0xc6][0xbb][0xb8][0xe0][0xec]W[0xd3][0xea][0xc4]"}Ii[0xd3][0x5][0x92][0x98]g{[0x9b]pW[0x87]{[0x8a]m_G[0xd4]v[0xe1][0x1d][0x2]m[0xe3][0x3][0x1][0xb1] [0xdb][0xb][0x5][0xf8][0x9c][0xb5][0x89][0xc6][0x8e]3[0x87][0xfc]#[0x84][0xee]wc[0xb0]&aC[0xcc]P[0x91][0x9][0xed][0x1e][0xed]3CXE[0x11]$C^[0xc8][0xea][0xb8]b[0x8f][0xbc]K[0x83][0xd5]E$H[0x8f][0xe0]d[0x7][0x80]}81[0x6][0xf6]J/[0x8]@V[0xc4]bV[0x1d][0x9a][0xca][0xe0][0x96]_-!Wv[0x7]'[0xc5][0xd8]AS[0xac][0xc0][0xb7][0x90][0xd5]4"tz{G[0x5]][0xca];/[0xd9][0xe3][0x8a][0x92][0x8b]3f[0xa0][0xcf][0xaf]+N$A1[0xbe][0x94][0xf8][0xb3]D([0x8a][0x93]SH[0x1e][0x87][0xa4]{P8[\n]"
2024-04-25 19:08:46 [main] DEBUG org.apache.http.wire -  << "*@i[0x8][0xfd][0x95][0xc0]\l[0xf2][0x86][0x7][\n]"
2024-04-25 19:08:46 [main] DEBUG org.apache.http.wire -  << "[0x94]8[0xeb][0x95];[0xbc][0x1a][0xa2][0xe4][0xfc][0x1d]QG[0xe2][0xb7]A[0xb3][0xc0][0xff][0xfb][0xc5][0x87][0xf5]i[0xaa]eN[0x11][0xe6][0x9d]w[0xd4][0xfd][0x87][0x84]UE^[\r]\[0xe1][0x1f]$[0x91]s[0xb8]6[0xde][0xa3]Z[0x0]<[0xb9][0xc6][0xe][0x81]Z[0xca][0xed][0x9][0x86]x[0x1d][0x11]^[\n]"
2024-04-25 19:08:46 [main] DEBUG org.apache.http.wire -  << "[0x1][0xb4][0x86].[\n]"
2024-04-25 19:08:46 [main] DEBUG org.apache.http.wire -  << "[0xcb]u[0xa2][0xbc][0x97][0xed]cd8[0xc6]DNdic[0xc4]fM[0x1d]D[0x5][0x18][0xe3]:[0x0]5[0xb][0x81][0xfa]g[0xa9][0x94]U[0x82][0x92][0xbf][0x9e][0x90]&[0x1c][0xa1][0x1c][0xfb]-[0xe6][0xb0][0xbe][0x8b]?[0x1b][0x11][0xfc][0xd4][0xe1][0xcf][0x0][0x8a][0xe4][0xad][0xd3][0x2][0xcc][0xea][0xcb][0x11]+[0xd8]r~[0xd7][0xed]"!7[0xd3]P[0xb]@5c[\n]"
2024-04-25 19:08:46 [main] DEBUG org.apache.http.wire -  << "[0xfa][0xd9][0xc8][0xe9]iM[0xf4]![0x2][0x1d][0xf2][0xc][0xbe][0x88][0xa4]4g[0xac][0xe9][0xae]q[0xc7]9[0xf1][0xee][0xc3]8[0x5][0xaf][0xd7][0xb]%[0xf7][0xa3]9[0x17][0xe5][0x11][0x91]H(A[0x92][0x84][0xea][0xb2][0xd3][0x4]P[0xc3]7[0xfd][0xf8]6^HA[0x9f]J[0xf0][0xe7]F[0x82][0x1d][0xb4][0xcd][0xde][0xaf][0xe8][0x9a][0x1a][0xa7]'[0x80]C#[0x89][0xf8]5[0xf6][0xd2][0x7][0xb1][0x8][0xe9][0xa8][0xa5][0xf2][0x19][0xd2]E[0xfe]7#h[0xc2][0x90][0xe8][0x9e]t{6![0xd8]'[0x85]cq[0x9]Jn[0x85];[0x91]|[0x16]I[0x9c][0x19]'[0xd3]E)4A%[0xdf][0xa6][0x94]w[0x19]/[0x12]:Gw9)[0xa4][0xe][0xeb][0xe2][0xe1][0x12][0x9e]$|[0x18][0xa3]`[0xc2]W$[0xda][0xa7][0xc3][0xac][0x17][0xe2][0xf5][0xd6][0xc][0x86][0x92]~r[0x0]b[0x91]`[0xdb]Y[0x18][0x1c][0xc5]H[0xa1][0x9c][0x89].[\n]"
2024-04-25 19:08:46 [main] DEBUG org.apache.http.wire -  << ">[0x10]4B*B.[0xb2][0xa5][0x9]M[0x16]$7[0x7]:[0x8b][0xf0]B[0x11][0x9f][s[0x87]k[0xef][0xe5]s[0xbc][0xb]T[0x97][0x98][0xae][0xfe]zb[0xb5][0xeb][0xd7][0x19][0xba][0xbf][0x91][0xdb]W e[0x80][\r]9[0xbb]f[0xa3][0x81][0xe][0xc1]n[0x88]c[0x6][0xf]"[0xa4][0x2][0x3]4v[0xf][0xb6][0x95][0x9][0x9e][0xc1]t[0xf8]6[0xc8]r[0x85][0xfd][0xf4]lH[0xc8][0xe]8#[0xd1]1[0xdd][0xff][0x8c]"N[0x8a][0xa2][0x3][0xa1][0xc8][0x95]Y[0xe7]T7C#[0x19]Ni^[0xd1][0xed]=[0xa7][0xed][0x92][0xf1][0x82][0xca]6[0xdb][0xf6][0xc8]*J#|X[0x8a][0x10]Mx[0x81][0xb0]aT[0x5][0xb5][0x4]Rr[0xb1][0x9e][0xa4][0xfd][0xb4]E[\r][0xed]"[0xd4][0xcf]uH[0x96]m[0x91][0xf8][0xa4][0x0]:D[0xca][0x1a][0x6]d[0x93][0x92]&[0xb][0x90][0xc7]tq^[0x7]+9[0xd6][0xe][0xba]v[0xc4][0xce]e7[0xc][0xda]&0>[0xac]%[0xb4][0xbd][0xae]F[0xae]s[0x1e]?h[0xb5]%[0xd3][0xe4][0xa2]9[0x96][0x87]Z[0x16][0x19][0xaf]{r[0xe9][0x1d]&[0x95]J[0x8b][0xb0],[0x9a][0xdd][\n]"
2024-04-25 19:08:46 [main] DEBUG org.apache.http.wire -  << "v[0x99][0xa7][0xe]hZ[0x9c][0x0]c[0x1b][0x81]I[0xf3]S[0x3]{&[0x9]s[0x8a][0x2][0x9d][0x9a][0x80][0xd4][0xe2]z(}[0xda][0xed]H[0x8]v,[0xe9][0x5]Ihp[0x13][0xf6](I[0xb5]]N,yFB'[0x5][0xd2][0xa1]KTSH[0xe7]X[0xb5]I[0xdd][0xcc][0xd0][0x94]p:&D[0x98][0xb6]`[0x9d]t[0x9b][0x81][0x1b]l[0xd8]=[0xc3]E[0x9e][0xc5]3[0x82][0xc4][0x8f][0x94][0x11][0x95][0xec][0x9f][0xe9],[0xc5];[0xb0]0q[0x90][0xe]Q[0x95][l[0x91]wd[0x1]m[0xcc]E[0x98][0xe5][0x17][0x1b][0x19][0xd6][0xac][0xac]:![0xdf][0xac][0xc3]'[0xa5][0xd5][0xf3][0xa6][0xc6][0x4]y[0x11][0xc5]irq[\n]"
2024-04-25 19:08:46 [main] DEBUG org.apache.http.wire -  << "[0x19][0xa6][0x1f] 5[0xe][0x8][0xaa]}[0xf]!{[0xa1][0x88][0x4]v[0x14]~1{[0xc][0x1b][0xcf]*"[0x1e][0x82]E[0x92]*v[0x1e]B[0xa4][0x9a][0xc1][0xd6]"[0xb2]lb}[0xa6]KB[0xa1][0xad][0xb4]Y_[0xa4][0xb4][0xad][0x18]:[0xa8][0x8a][\n]"
2024-04-25 19:08:46 [main] DEBUG org.apache.http.wire -  << "[0x9a]P[0x10][0x12][0x6]v[0xfb] [0x95] [0xda][0xc9][0xfd][0xf2]eG[0x95]i7[\n]"
2024-04-25 19:08:46 [main] DEBUG org.apache.http.wire -  << "\[0xb6][0x8b][0xe5]"[0x9e][0xd3][0xc2][0x4]"[0xa1][0xd8]Z[0xc3][0x98][0x9][0xd2][\r]c[0x14]'[0xa1][0x88][0xdd]}M[0xce][0x83][0xfd][0x89]c ?y[0xe2]es[0xc8]{N[0x8]?w`[0x15][0xa4][0xff][0xfe][0xe6][0x89][0x9e][0xe8][0x88]![0xb8]\[0x1][0x1f][0xc0]{[0xe4]&5[0xb4][0xa7][0x9d][0x15]%Q`$[0x15]B[0x84][0xee][0xb7])]#XV[0xe5]?.[0x1e]][0xc1]*o([0x9a]qN[0x97]@t[0xe3]\[0xa4][0xfc][0xf3]l[0xdd][0xbf]4[0xeb][0xee] &T[0x1f][0xe5][0x9][0x86][0xae][0xca][0xfe][0xed]C@O[0xa2]j[0x9e][0xc4]o[0x8d][0xf2][0x85][0xd1][0x8d][0xba][0xfd]KC?)[0x8a]0[0x1][0xe1]yM[0x1c][0xb2]Df[0x9c][0xbc][0x8e][0xc2][0xb1][0xc8][0xf5];[0xd2]~[0xcf]]4[0x97]1[0x3]<(xf[0xf5]9)[0xa1]c|[0xa9][0xc5]M[0xe4]p[\n]"
2024-04-25 19:08:46 [main] DEBUG org.apache.http.wire -  << "[0xa3][0x97][0x3]\[0xe1]i5{_-[0xa0]%[0x10]/[0xe0][0x18]`[0xca]$[0xe8][0xe8]<q[0xd0][0xcc][0xa1][0x19][0xe2][0xb6]$|[0xc3]=[0x15]Q[0x85][0xb8]S[0xd0]w[0xb7][0x3][0xb7][0x9b][0x8]g[0xe5][0x9]\,\[0x82]oI[0x94]E[0x15][0xf3][0xa4][0x94]:D*[0x11][0xc0]!w[0xac][0xe5][0x9][0xd7][0xc][0xe7][0x8e][0xbc][0xdc][0x90][0x94][0xa5][0xf2][0xce]S[0xb][0x89][0x8e][0xaa][0x5][0xc2][0x11]t[0x83]C[0x9c][0x5]6[0xc3][0x14]F[0x1a]%[0xc][0xd2][0x87][0xdb]D[0x1e]^[0xc8][0x18][0xd5][0x95]g[0x82][0xf5][0xe4][0x8a];[0xe0][0x19][0xae]O[0x19][0xaf][0xed][0xd1][0xf3][0x15][0x96][0x8d]d[0x9e][0x13][0xbb][0xb3][0xb5][0xdc][0x83]S"[0xc6][0xc2][0xb3]S6<i[0x9d][0x7][0xb2][0x1e][0xb0]1[0x7][0x1f][0xb5][0xba][0x13][0x9c][0x98]s)[0xc8][0xe][0xf9][0x93];b]z>[0x9c],N[0xdc]l[0xc2][0xab]FOz[0xf1]Kt[0xfa][0xa4][0xc8]:[0xa8]J{[0x9][0xa5]n[0x98]7[0xa7][0xbf]P[0xfa]x[0xca]|[0x9][\r][0x7][0x88][0xe9][0x91][0xdb][0x1][\n]"
2024-04-25 19:08:46 [main] DEBUG org.apache.http.wire -  << "[0xab][0x92][0xc5][0xc]u6[0x8e]Df[0xe3]A[0x13][0xa1]be[0xce][0x16][0xd0]%Y[0x1a][0x91][0x8c]*[0xa5][0xf2][0x10][0xc2][0x96][0x88][0x13][0x8][\n]"
2024-04-25 19:08:46 [main] DEBUG org.apache.http.wire -  << "[0xce][0x13][0xa9][0xaa][0xd2][0x81][0xe3][0x16]lxRP[0x1d][0xb0][0x15][0xe0][0xc9][0xda][0x95][0xaa]e[0xc1][0xfa]:}[0x4]][0xe9]"[0xd3][0xb5])p[0x0]g"[0xa1]O[0x19][0x1e][Y[0xe2][0x92]s[0xf5][0x1d][0xc9]%[0xca][0x96][0x13][0x98]\[0xd1][0x15][0x89]x[0x96][0xce][0xa7][0xf8][0x5][0x84]P[0xb4][0xc6]m[[0xc][0xb][0xd3][0xce][0xb1]\[0x0][0xd2]n[0xa3]`([0x91][0x10][0x88][0xda][0xb3][0x93]RSv[0xd4]wR[0x88][0x1d][0x18]N[0x85]U[0x8a]f[0x1b][0xa8]3s[0xa7][0xa4]rOc[0xda][0xaa]/#[0x19][0xbf][0x1a][0x80][0x0][0x1b]3[0x2][0xb7]G[0xba]q[0x93] [\n]"
2024-04-25 19:08:46 [main] DEBUG org.apache.http.wire -  << "[0x93]&T[0xa6][0xdc][0x84][0x8c][0xd5][0xb2][0xc4]-UW[0x91]?[0x1]b[0xb2]]&G[0x8d][0xcd]j[0x8][0xbb]M[0xb1][0xb4]{0)[0xee][0x81][0xd5]>)[0x9a][0xe][0xf9][0x86][0xa7][0xd6]D[0x81][\r]j[0x1a][0xa5][0xea][0x89]x[[0xde][0x19][\n]"
2024-04-25 19:08:46 [main] DEBUG org.apache.http.wire -  << " 8[0x91][0xb2][0xf5][0x15][0xe][0x18][0xab][0xe4]S[0xda]3[0x83]xm2[\n]"
2024-04-25 19:08:46 [main] DEBUG org.apache.http.wire -  << "[0xcf]R[0x93][0xb9][0xc8][0xde][0x97][0x16][0xd8][0xc6]>A}Z[0xf8][0xc9]R[0x84][0x83][0xcd]P[0xb0][0xb9][0xb][0xb7]>[0x98]C[0x8][\n]"
2024-04-25 19:08:46 [main] DEBUG org.apache.http.wire -  << "O[0xcb][0xdd][0xf4]i[0xdd]r[0xd4][0xc3]y[0xb5]@[0xbc][0xca][0x95][0x8a][0xdf]>'[0xc7][0xe]:[0x8b][0xe8]4Y[0x94][0xbd][0xcf][0x1d]/[0x92][0x9d][0x16][0x84][0x99][0x9e][0x95][0xf1]T[0x3][0x8b]3[0xf][0xc3][0xaa][0xca][0x2]K7[0xe2]4[0x2][0x16][0x19]&S[0x94][0xe7]t[0xff]'OW[0x12]X[0xb8][0x9a])[0xf6]4![0x10]q,BlEnc[0x15][[0xe1][0xbf][0xd1]B[0x2]o[0x91][0x15][0xdb][0xeb][0xb3][0x9f][0xe7]d[0xf5]K[0x87][0xb0][0xb5]SbV[0xcf]p[0xd0][0xaf][0x94][0xba]@[0xc]c)q[0x80]`/[0x91][0xf][0xf1][0x9b][0xef][0xe3][0xd9]$[0xec][0x89][0xf7][0xc0][[0x1e]"[0x9b]j[0xec]3[0xab]"r[0x14][0xa1][0xc4][0x1a][0xee]G[0x96][0xbb][0x9]O[0xc1]HCe[0xef][0x9f]zU[0x13][0xf8][0xb5][0x91]@[0x87][0xb5]%[0x17]X[0xac][0x9b]v/[0x80][0xa6]Q[0xc3]9[0x94]h![0xda]c[0xaa][0xc1][0xd8]h7[0xd1][0xe8]oC;R[0x6][0xe0][0xa2][0x1f][0xf6]{[0xa7][0x5]B1R[0xc1][0xeb]S8[0xa1][0x9][0x1e][0x86]q[0xb8][0xe0][0x6][0xd5]O[0xb0]k[0xea])[0xe5]9'[0xa5][0xd1][0xe1]j[0xab][0x97]+-[0xc8][0xf8][0xae][0xe6][0x96])D[0xfa][0xf0]T[0x99][0xb5][0xf6][0xd2]D[0x9f][0x93][0xce]CSb[[0x93]m9[0x1b][0xa1]kr[0xa5][0xce][0xa9][0xf5][0x8c][0xea][0xab][0xc7][0xd8][0xcc][0xef][0xa9][0xf2][0xc1]s[0xab][0xdd][0xa3]P[0xdd]4Hc3[0x92]Wo[0xfd][0x10][0xb0][0x8][0x88][0xdb][0x17][0xbd][0xa1][0xad][0xf8][0xfa].Zg[0xe3]xg[0xcd]m7dU[0xd4][0xa0][0x92][0xe8][0xd8]Ik[0x12][0xf1]"[0xbb][0x8d][0x14][0x18][0xd2][0x94]z)[0x90]O[0x8d]R/VR[0x93][0x0][0xdd][0xe1][0xb1][0xe2][0xb0][0xf6]65[0x16])+MB@b[0xef]s[0xf7][0x18][0xd2]cc[0xb2][0x85][0x93][0xb5][0xe7][0xec]n[0xa3][0xc8][0x9b][0x14][0x95][0xf3][0x9a][0x96]J4[0xdd]<)[0xd6][0xe][0xd5][0xc3][0x83] [0xad][0xf][0x8b]\[0xfa][0xe][0xf6]DE[0xb1].e[[0xf3][0xde][0xb0]u[0xb8][0x8d][0xef][0x8c][0x6][0xcc]`[0xc0][0xef]qB[0x90]J[0xe3][0xd0][0xe]8[0xb1][0xc8][0xeb]$}A. N[0xfb]Q[0xb5]$^e[0xc5][0xe6][0xa1][0xc0][0x90][0xa9][0x93][0xda]v[0xf8][0xfe]E[0xd2][0xdb][0x8a][0xa1]C[0xea][[0xa4]e[0xbe]G[0xca][0xf1]J[0xc6]o[0x9c]]j[0xb6]:[0xcc][0x16][0xab]K'[0x8b][0xc2][0x16][0xfb]m[0x9b][0x1e]8V[0x19][0xd7]0i[0xf1][0xd7][0x81][0x3]C\[0xa2][0x88][0x80][0xd9][0x8e][\n]"
2024-04-25 19:08:46 [main] DEBUG org.apache.http.wire -  << "[0xdc][0xe4],[0x14][0x83][0xe6]<[0xb7][0xf4][0xe]{[0x1b]W[0xaa][0xed][0xce][0x99]dSG[0xd2][0x15]X[0xda][0xa6][0x3][0x91][0x1a][e[0x84][0x1e][0x90][0xcd]"[0x8][0x87]q[0x96][0x81][0xb8][0x1f][0xd1][0xb6][0xd2][0xa2][0xc],[0xfa][0xc7]j[0xe3][0xc9][0xd0][0xc4][0xc0][0xd6]uru[0x7][0xc][0xb1])[0x98][0x2]t[0x95]W[0x94]![0x9e]/. [0x9d][0xf2]7[0xdc][0xc7][0x16])[0x95][0x80].%x,KH[0xed]t[0x1c][0xbc][0x9b][0xdc][0x89]o[0x99][0x9][0xf1]}[0x13][0x8f][0x8d]k[0x14]([0xfb]B[0x9f]ZK[0x8a][0x8c][0xe6][0x0][0xb3][0xff]9)[0x96][0xe][0x10][0xb7][0xd9][0xb8]:[0xba][0x92][0xc9]I[0x98]"[0x1][0xbe][0xa7][0x2]Bz[0x98]nc;[0x8c]&[0xd4]Hd[0xba][0xc0]e[0x99][0xf9][0x89]",:[0x1e][0xdf]P|[0x4][0xc7][\r][0xce]q[0xcf][0x83][0x1b]][0xd4]v[0xaf][0xca][0xa6][0x18]a[0x98][0x87]o[0xce][0x9][0xa5]C[0xb7]F[0xc8]p[0x80][0xf3]Q[0xa0]-C[0xfb][0xb6][\r][0xe8]IP[0xe][0xfa][0x9e]V[0xc1]q[0x9e][0xc1]E`uF;[0x12]P[0x11]\S[0x8a]j][0xea][0x2]ZP[0xc7]7[0xe4]B[0x86][0xa0][\r][0x97]Q[0xdd][0xa4][0xd7][0x14]#R[0xfd]vC[0xcb]m[0xf0][0xd0][0xf9][0x92][0x1a]0_[0x8d]g4[0xf2][0xf9][0xb5]C[0xb4]-[0xf4][0x1a][0x9b][0xb2]_[0x7]-[0xe2][0xdd][0xf9]R[0xf5][0xa5]M\[0xeb][0x9c][0xa7][0x0] w[0xb5][0x96][0x4]XP[0xdf][0xd5][0xa5][0xec][0xd1][0x9][0xd9]g[0xb][0xd1]RY[0xbc][0x8e]fb)^[0xd0][0xee][0x8][0x13][0xed]M[0xdc][0xb9][0xc0][0xa7][0x9c][0x8a]?[0xdd][0xc]][0x11]QLc[0xb4][0xc4][0xef]S[0xd1][0xfe][0xd6][0x88][0xb6][0x9f]<[0x83][0xb1][0x1b][0xf8]2N '[0xc6][0x92][0x1a][0xc8][0xf3][0x9e])^S[0x9][0x16][0x1f]g[0xe6][0xac][0xd0]"[0x97][0x2][0x9b][0x8d][0xb2]N[0x5][0xbb][0xe][0xed][0x1c]+[0xba]$[0x18][0xab]$[0xe4],[0xfd][0x9a]][0xf4][0x1e]~[0xda][0x95][0x1f]O[0x90]iu[0xba][0xd9]b[0x94][0x3]$[0xeb][0xce][0xab]^[0x13][0x19][0xdc]Y[0x1e]*;K[0x1e]o[0x10]0!Qf[0xbf][0xcf][0xdc][0xce][0x8c]Gk.[0x9f]r[0x2][0xfa][0xa9][0xd5]s[0xe0][0xe][0xe5][0xce]9[0xdb][0x8d],>,[0xf8]m[0xd2]}[0x14][0x9a]`[0xdf][0x13][0xe9][0x1d][0xad]'E[0xd5]A[0xe0](j:[0xc4][0x17][0x8e][0xaa][0xcb][0xac]@[0x81][0x2][0xad]f,\[0xb7]f[0x1e][0xc9]p[0xdb][0x93][0x99]4q[0x85][0xd2][0x12]-[0xa9][0xb7]l[0x2][0xf0][0x1][0xd4]"s[0x9a][0x92]?[0x3]Ej[0x12][0x15]~j[0x1][0x8f]:[0xa5][0xdc][0xc6][0xe1][0xf6]IQt[0xb0]U[0xb6]+t[0x12]%[0xdc][0xa6][0xee][0xa4]e[0x99][0xae][0x8c]g[0x8d]s[0xca]F$[0xf2][0x97]<[0x89][0xe4]([0x86][0xaa][0xb6][0xdc][0xc4][0x9d]j[0xe6][0x84][0xd8][0xb4][0x3]T![0x4]:@[0xf6][0xed]U[0xdc][0x95]e^[0xd1][0xdb][0xa1]-U?[0xb9][0xee][0xe][0xa7]Z[0xbb]B[0xce][0xf1]!\ [0xef][0xa7][0x1c]_[0xa4][0x99][0xa5]![0xe7][0xa1]$[\n]"
2024-04-25 19:08:46 [main] DEBUG org.apache.http.wire -  << "[0xdb][0xb5][0x10]#[0xa3]Vn[0xb][0x97]M[0x8d]H[0x8a][0x9e][0xca][0x9d][0xb4]}[0x85]+[0x1a][0xce]u[0xb1]J[0xc0][0xc6][0xfc][0x14][0xe2][0x1a][0x87]k[0xad]v[0x9c]\}[0x7]U[0xb5]{[0xa9]X[0x9][0xa2][0xa5][0xce][0x8e]Z[0xd9]e[0x96]0[0xf5]8p[0x9f]u[0x5][0xc]|l:[0xa5]Q[\r][0x93]h[0xe9][0xc2][0xa0][0xb7]M[0xa0][0xc6]4O=[0x9c]^[0xb1][0xcd]e[0x93]h[0xa6][0xce][0xe][0xc6]ZkD[0xa9][0x93]B[0xe8][0x10][0xad][0x14][0xe][0xdf]u[0xea][0xb6][0x83][0xaf]9wh[0xc7][0x89][0xb][0x16][0x8c]DU[0x6]`[0x96]&[0x9f]Q[0xd7][0x95][0xb9][0x81][0xe8]b[0xaa][0x9a][0x12]c[0x16]9[0xd6][0x9e][0xb0]zL[0x81]-g7[0xf8]i[0xa7],{([0x0]P[0x1f][0xfe][0x95]b[0x8][0xc6][0x1f][0xbb][0xce][0x4]e6[0xd3][0xa7][0xb5]3[0xc1][0x82]7[0x9a][0xb4]| h[0x96][0x16][0xcd][0x98][0xc1][0x93][0xb9]H[0xe5][0x98]m[0xa0][0xc7][0x8a][0x9a][0xde][0xbe][0xc6][0xe8]D[0x1a][0xf1][0x83]+[0xc0]sO.[0xb6][0x83][0x9b][0xa8][0x8][0xe7][0xb1][0xb0][0x12]E[0xdf][0xaa][0xd8]b[0xbc][0xbe][0x9a][0xda][0xda]O&[0xca][0x1a][0xaa]U[0xd1]S[0xfc]b[0xf][0xb1]o[0x1f][0x9b]T[0xc3][0xad][0xb1][0xaf]+~[0x99][0xf0][0x1d][0x93]5[0xa3]/[0x88][0xcd][0x81](.[0x1e]]$[0xdc]jK1[0xcc][0x86][0xfb][0xd5][0x0][0xa6]m[0xc5][0xe7]z![0x1b][0x11][0xfe][0xd6]![0xd2][0x1c][0x83][0xac][0xfc][0x15][0xcd]]V5([0x87]mL[0x11][0xa0][0x8e][0xf9][0xc9][0xc]y$[0x19]x[0xcf][0xa3]&[0x9b][0xe]nr[0xf9][0x8d][0xdd][0x6][0x8c]E[0xe2][0xbe][0xb5]&[0xe7][0xae]oq[0xa0][0xd9][0xef]F[0x81]@B[0xb1]qe6[0xab][0xec][0x85][0xac][0xa7][0x92][0xf9][0xbd][0x91]L[0x7]([0xf][0xc7][0xbc]3lc[0xeb][0xf] [0xd1]-[0xfe][0x1d][0x9],[0xe8]![0xb4][0x81]z[0xcd][0xc1][0x80][0xbd][0xbb][0xbb][0xdc][0x9e][0xf3][0xbe][0xe3]h5[0xdd][0x93]Mq[0x6][[0xa2]c[0xaa][0xa8]Y[0x98][0xa2][0x1c][0xa7]U>ym[0xcc]#[0xb9][0x3]W:L9[0xfb][0x97]3[0xd5][0xad][0x90]:[0xec]i[0x1e][0xde]g[0x1a][0xe9]n[0x87][0x9d][0x93])[0xa5][0x2]rjY[0xa7][0xc][0xb2][0xc2][0xaa]0j[0xcd][0x1b][0xea][0x92][0xcb][0x3]u5[0xdd]EiX![0x85]3[0xc8][0x84][0x1d][0xab]B[0x81][0xa4][0xf1][0xa6][0x9]dT1[0xac][0x87]I[0xa4]s[0x92][0xe8][0xa0][0xa5][0x1b]v[0xda][0x94][0xbc][0x8b]j[0xeb]F,#S30[0x90][0xce][0xb5]8[0x96][0x9e]7[0xb0][0x84][0x18]Y[0xbb][0xa2]\[0xe8][0xea]Q[0x1f][0x81][0xbf][0xb4][0xcb][0xfa]3w[0x9][0x1][0x8c][0xfb][0xfc][0xa0][0xd2][0x4]"[TeYH[0xad][0xb5][0xe7][0xc6]#7i[0xeb][0xcb][0x82][0x98]mru[0xdc]9I[0x97][\n]"
2024-04-25 19:08:46 [main] DEBUG org.apache.http.wire -  << "[0xf0][0xe5][0xeb]A[0x98]V[0xc2][0xfd][0xe1][0x6][0xab][0xf7][0xc][0xb3]s[0x4][0xb9][0xc5][0xfc][0x96][0xcf][0xb4][0xcf][0xd7].[0x9f][0xb9]*&[0x89]5[0x90]7[0x5]U[0x93][0xe3]tjO[0x1f][0xdb]3J[0x16][0x4][0xb1][0x1c]'[0xd2][0xf0]a[0xd1][0x9d][0xc]P[0x3]:[0xbb]l6[0xb3][0xfb][0x1c][0xa5][0xb4][0xcb][0xed][0x80]j[0x93][0xb9]^ab[0x88][0xa9][0xfc][0xef][0x19][0xa7][0x4]z[0xf9]S[0xfc](w[0xfd]M[0xb9][0xaf]]&[0x89][0xb5]Nf[0xc4][0x86]i[0x96]R[0xc6][0x8a]@[0xd0][0x19][0x9d][0xe5][0xe2][0x0][0x9c]n[0x8e][0xce][0xbd][0xb2][0xee]:[0x95][0x92]w6[0xc2][0x86]_[0x9c]=[0xba][0xb][0xcc][0xa0][0xd5]I[0xa9]t[0x0]6[0x97]t[0xab]e[0xb7][0x92][v[0x95][0x1d][0x1f]D[0xb6](e^[0xd7]&}R[0x1][0x7][0xa9]P[0x80][0xd7] [0x82]&[0xfe][0xaa][0xd4]U[0xe4]HH[0x8e][0xe7]<[0xfd][0xeb][0xe4]b<&[0x1d][0xc][0xb0]*[0x89][0x89][0x13]G^[0xd6][0xbe][0xda]uw[0x98][0xd5][0xb6][0x8d][0x9f][0xce]/[0x87][0x1][0xc9][0xc5]I[0x9e][0x17]u[0xf7][0xd6][0x98]s[0xa9][0xf0][0xa8][0x97][0xc3][0xb1][0xaf][0xd5][0xd7]v[0xa7][0x9a][0x14][0xed][0xfc]wG$[0xe8]D[0xe7][0x5]1>#[0xec]_rmM[0x13]|[[0xab][0xff][0xfe][0xb9][\r][0xad]\:[0xbc]+[0x99][0xaa][0xb8]7[0xf5]}[0x89][\r]L[0x15][0x84][0xc3]!S[0xb][0x83]q6K[0x82][0x17][0x6][0x0]K[0x80][0xcc][0xf2][0xe9]7`B[0xa0][0x12][0xa2][0x18][0xa0]9q)E[0x17][0xd0]eVS[0xb7][0x16]E[0xb1][0x1d]?f[0xe7]t[0xe8][0xed][0xc0][0xaf][0x8a]\v[0xc3]7[\r][\r][0xaf][0xc2]^[0x1c][0xdb][0x83][0xf7][0xdc][0xc3][0xd9][0xb7]mU[0xd7][0xb1][0xb5][0xe8][0xa8][0xa7][0x5]n[0xcb][0x93][0x84]6[0xae]n[0xfd][0x9f]:[0x8f][0xdc]d[0x11][\n]"
2024-04-25 19:08:46 [main] DEBUG org.apache.http.wire -  << ""[0xbb][0xf6][0xd3][0x83][0xa1]([0x10][0xb]([0xc1]k[0xd3][0x9d]B[0xdd]l[0xf5][0xad][0xcf]QWtN[0x88][0xbf]w[0xf0][0xb7]),[0xe8][0xb0]4C[0xee]Cbp_8[0xd7]c[RI|[c[0xbf][0xc5][0xef][0x5][0x9][0xb0][0xa3]~[0xb5][0xa7][0x2]*bt[0x9][0x99]([0xa2][0x93][0xf3][0x89]>|[0xf0][0xdc]@[0xfe]hVxt[0xd8]A[0xd3][0xbc]R[0xf3]`!{[0x91]NO[0x82][0xb1][0xc9][0xf4][0xa7][0x14][0x8d]![0xed]fJ[0xdc]Z[0xe6]r[0x95][0xc6]WT[0x15][0xd5][0xeb]pII[0xa0][0xdd][0xfb]9-[0xb6][0xe9][0x10][0xd6][0xd2][0xc4][0x91][0x93][0xab][0xee]p[0xa9]8/[0xb6][0xc8][0x1d]t[0xb7][0xf1][0xbb]YG[0xd5]:[0xc0][0x0]0[0x95]O[0x1e][0x88][0x1d]M[0xeb]n[0xc9][0xbb]t[0xe0][0x19][0xb0]I[0xcb]dYj[0xcc][0xef][0x93][0xa6][0xd5][0xab][0x9e][0x9d]`[0x7][0xbc][0x8]f[0x8][0x92]l[0x1][0xed][0x95][0xf2][\r][0xef][0x6][0xf3][0xf2][0xc8]k[0x7][0xd2][0xca][0xa8]C[0xac][0xed][0xdc][0xa4][0xab][0xed][0xac][0xfa][0x99][0xe0]"'n[0x1a][0xfa][0x11][0xcc]<[0xed][0x4]L[0x11][0xd9][0xcd][0xc1][0xc0][0xa3][0xb6][0xb2]qX[0x4][0x95]`[0xe8][0x84][0x0][0xa5][0x12]\[0xca][0xbe][0xa6][0x8f][0x1b][0x93]\[0xa3][\r][0xb7]T[0xad]P[0x80][0x98][0x98]Z[0xae][0xe6][0xa8][0xdb]uyY[0xb9]i[0x85][0xd5][0x83]Oa[0xb9][0xb9][0xf5][0xc7][0x12][0xcd]|[0xaa]IY[0x1a][0x1a][0xdc][0x82][0xdf][0xe1][0x0][0x84]Rp[0xb5][0x1b]_[0x11][0x9d][0xb5]2h[0xcc][0x95][0xdf][0x9f][0x9c]t[0xe4][0xce]1rGks[0x0][0x18]o:.[0xa5]{E[0xe1][0x8e][0x9e][0xdd]b[0xdb][0xe4][0xdd]n[0xae][0xf5][0xf1][0xc]uD'[0xa5][0xd6]a[0xd8][0xdc][0x18]\mtc[0xb0][0xfe][0xc4][0x9c][0xd7][0x8d][0xdd][0x8][0x96][0x9f][0x1f]Fv*}[0x95]H[0xd7][0xf2](<[0x93][0x6]z,[0x99][0x9d][0x98][0x93]d[0x10]mj[0x9][0xe8][0xdb]qk[0xdb][0xee][0xcc][0xb8]h[0x7][0xd4][0x12]l[0x1e][0xcc][0x82][0xaf][0xc2][0xd0][0x85]B[0xba][0xc4]M[0x98]fG[0xaf]<:[0x8e][0xbf]S[0xd5]iE[0xf7][0xec][0xfc].[0xde][0xd6][0xa8]K^[0x8d][0xab]~[0xd1][0x88][0xe3]'[0xc2][0xd8][0xc9][0x17][0x8][0xab][0x8][0x2]jF[0x19][0xd8]W[0x8d][0x5][0xa1]f[0x96]Q[0x5][0xcc][0xe9][0xa6][0x91]^[0x1e][0xb1][0xd2][0xae][0xac][0x83][0xb2];[0xb5]?[0xac][0x9d][0x1c][0x1d][0xfe][0x80][0xde]/[0xb1]u[0x94]3*0[0xa0][0xe2][0xd3][0x1f]\[0x8d]@[0xd5]6[0x9c][0x90][0xd2][0x0][0x99]j[0xf]z[0x1b]3[0xed]f:[0xc9]k[0xb8][0x1e]ym1"[0xbe][0xe]l[0xdc]k[0xaa]P[0xe4][0xd7][0x8a][0xd6][0xf4]s[0xc2][0xea][0xf0][0xad]<[0xb0]I[0xee][0x8c]i[0xd7]t[0xa3][0x9f]1{O[0xad]"[0xe2]q[0xc2]wz[0xe7][0x5]:[0x88][0x2][0xd5][0x85]33[0xfe]q[0x94]>Zo[0xe0][0xe2][0x1f][0xe8]L;[0xd0][0x9e][0x80][0x89][0x9c]u[0x9c][`[0x7]c[0xf7]\{[0xf4]w[0xab]%'[0x6]GT[0x9f][0x85][0xbd]_[0xb4]V_[0x9a]^Z[0xd1]h[0x8d][0xca][0xbe][0xdd][0xcb][0x98](kT[0xd4][0xac][0xac][0xa3]S[0x89]h[0xdc][0xce]]&[0x8e]aS?[0xa5][0xd1]8[0xcc][0xe8][0x7][0xb0]f[0xb4][0x96]FX][0xa1][0xe6][0x93][0xd2][0xf9][0xa3][0xc3][0xa7]:[0xa1][0xcc][0x9d][0xb][0x9f]z[0xde][0x96][0xe6][0xf2]N[0x1d][0x16]=[0xba][0xb4]#[0x8e]>[0x91][0x1b]8[0x16]C_[0xb5][0xb6][0x81][0x8d][0xb9][0xfc]z[0xaf][0x6]E[0xf9][0x17][0xd6][0x80][0x1f][0x5][0xaf][0xdd])[0x18]I[0xff][0xa3][0xe1]-5d[0x81]W[0x8c][0x86][0x6][0xde][0x1a][0x1b]|[0x95][0x9]M[0x1c][0xc]3[0xe5][0xde][0xcd][0xef][0x1b][0xca][0x9f][0x8d][0xa4]:[0x9c]k[0x90][0xf9][0xd1]TNS[0xeb][0xee][0xec]d[0xfc][0xb7][0x83]2[0x9f][0xc3][0xb7][0xd4][0x9a][0x90]O[0xfb]h[0x9b][0x90][0xb8][0xc0]a9[0x8a][0xf7]Ltm[0xe8]Qf[0xb3][0xc8][0xab]g)[0x6][0xd3]p[0xd8][0xdb][0xb7]4XF[0xca][0xa5][0xae]c[0x8a][0x8d]Rt[0xf0]%n[0xaf]O[0xe]m[0xe5][0xd7]![0xe6]T[0xc7][0x8a][0xd8][0xe6]e[0xb][0xec][0x96][0x4]m[0xfa][0xdf]A[0xc8]Q[0xb][0xb4][0xc6]~[0x8d]9[0xe]T1[0xeb][0x8e][0xac]W[0xf]^[0xd0][\n]"
2024-04-25 19:08:46 [main] DEBUG org.apache.http.wire -  << "Q[0xaa]rf[0xf][0xd0][0xfa]*[0xd8][0x92][0x97][0xec][0xfd]pR%8A0[0x9b]/[0xd3]2\[0x92][0xa9][0xf8]g[0xdc][0xc2][0xc2]<a[0xf1][0x93][0x92][0xea]p[0xb3][0x1d]d[0x96]BD:[0xb8]D8k=[0xd9][0xf5][0xa8][0xb9]1[0xfc]C:71:H[0x8c][0xcf][0xf5][0xf3]6s[0x19][0xc4]#Q[0x83][0xac][0xd1][0xac][0xc1][0x9]E[0xa3][0x1][0x8c]d[0x1e][0xc7]X[0xd2]([0x96]U{[0xd8][0xfe]`d=[,[0xf5][0x96][0x9e][0x14][0xd5][0x93][0xde]Xp[0xbf][0xe1]*v/[0x1a][0xb8][0xd3]$[0x12][0xf6][0x9b]zq[0xfa][0x86][0xe3][0xac]=:[0xc3]V[0xcc][0xe1]2[0x1][0xe3]-8[0x85][0xad][0xd5][0xc7][0xee][0xbc][0x17]}W[0x85]d18[0xcc][0xc9][0xc8][0x15]Z[0x96]Z[0x11][0x12][0xa2]x[0x85][0x83]Z[0xe1][0xf4][0xe0][0x18][0x9b][0x10][0x8b][0xd5][0x1][0x8d][0xf0][0xcb][0x6](3[0x8e]_[0xf][0xa7]H[0xdb][0xe9][0xe6]|[0xfc][0x94][0xd1][0x96][0x8a]}[0xf2][0x9c][0x97]4[0xa1]$[0xbb]1c7[0xe6]T[0x3]0[0xdc]u[0xb5][0xc3][0xcb][0x8a][0x1e]a[0x99]F[0x8b]-[0x84][0xe7]N[0x19][0x8c]p'~L=[0xde]Iiux8[0x1d][0xbb]*/[0xaf][0xa7][0xf6],}[0x96]e[0x80][0xd2]BKC[0xa4]/h;mk[0xbb][0xf9]L[0xad]8[0x10].O[0xea][0xe3][0xf0][0x95]![0x8d][0xc1][0xb4]GE+[0x19][0x16][0xe1]Y[0x9e][0xd1][0x84]J[0x97][0x92]O[0xfc][0xbe][0xae]7[0xb5][0xf2][0xe8]Q[0xb4][0x2]][0xef][0x1][0xf6][0x83][0xa3][0x8e]N[0xad][0xa9][0x8d][0xa3][0xf5][0x8][0xc7]![0xc3]:[0xd6][0xda][0x1a][0xc7][0xae][0x2][0xd9][0x9e][0x7][0xe4][0x15]DQ[\r][0x19]e[0x92][0xac][0xfe]U[0xdf]B[0xbb][0x9c][0xe][0xe7][0xba]k[0xd3]B[0x16]f[0x8][0xfa][0xde][0xd9][0xe][0xce][0x83]1[0xca][0xd5]C[0xb][0x13]B[0xf0]HS5[0xa8][0x16][0xa1][0x83][0xbc][0xe1][0xa8]-S[0x1][0xce]^[0x80][0x1b][0xfd][0x1c][0x89][0x93][0x8b][0xe9]0-,F[0x1b][0xd9]V?[\n]"
2024-04-25 19:08:46 [main] DEBUG org.apache.http.wire -  << "U[0xa7][0xfa][0xf4]@[0x97][0x83][0xf3]!B[0xce]i[0xaa][0x11][0xa1]4[0xb3]1[0x18]G[0xe1][0xdc]7[0xb8]n[0x9f]-n[0xc3]([0xb8]k[0xf][0xa5][0xe][0xee]=Jf?[0x87][0x98][0x83][0x93][0xb8][0xe3][0xe8][0x95][0xb2][0x9c][0xdf][0xd7]?[0xfb]S[0x12][0xae][0xd9][0xff] [0x1f]iO[0xf0]=j<[0x2][0x82][0xc4]G[0xf4]E[0x91][0xb1][0x8]l[0xe0][0xf6][0x1d]s[0x8d])[0x8]#Wi[0xcf][0xbc][0xaa][0xb9][0xed][0xdb][0xfc][0x9a][0x9e][0x19] [0xa5][0x14][0xdc]<Q([0x9][0xd0][0x86]3[0xb][0x7][0xfc][0xfc]h[0xdd][0x1f][0x1a]A[0xf4]'smz[0x8e]:[0xeb][0xd5]q[0xfa][0x92]8[0x5][0xfb][0xeb][0x2][0xaa][0x3]r[0xf2][0xb8][0xc0]%s[0x83][0xd1][0xe4][0x1b][0xbd][0x98][0xfb][0x11][0x1c]9$[0xb1][0xac][0xe8][0xb8]S[0x92][0xa2][0xc1]X[0xe9]k[0xf3][0x1][0xde][0xde]S[0xfd]Yg[0x97][0xdc]AJ[0x9f][0x9c][0xfd][0xcc][0xe7]7==[0x1e]c[0xdb][0x8d]s[0xa1]i![0xf7]W[0x8d]~[0xd8][0xbc][0x1e][\r][0x92]~)]m[0xdc][0x8f][\n]"
2024-04-25 19:08:46 [main] DEBUG org.apache.http.wire -  << "c[0xdf][0x1d][0x96][0x99][0x8f]~3[0xac]Z[0xc5]V@25[0xad][0xb1]g[0x17][0xdc]!C;[0xbc][\n]"
2024-04-25 19:08:46 [main] DEBUG org.apache.http.wire -  << "J[0x15]h[0xe2][0xf8]$[0xf1]<[0xbb]c>[0xab][0xe5]dE[0x0]6][0x12]x[0xb6]?[0xb4]R[0x2]rB/[0xea]b[0x80][0xba][0x9d][0x12]Y[0xf4]P[0x1d][0xcd][0xe3][0x17][0xeb][0xc9][0xf2]k][0xef][0x9a][0x1][0xdb][0xef][0xfd][0xe9][0x86]V([0x1d][0x6][0xd4][0xbc]zg[0xa9]z[0x86][0xe0]q[0xa9]*u9D[0x93][0x93][0xb9][0x1]i;[0xdf][0x9a][0xa3][0xfc][0xfc]"[0x87][0x8b][0x92][0xd1][0x6]f[0xd1]&[0x98]t[0xee][0x5][0xc2][0x97][0x94]3bL[0xa2][0xe9][0xb1][0x11][0xf3]Q[0xb6]Zj[0xd9][0xf0][0xea][0xae]E[0xaf][0x9b][0x8b]vR9:[0xd8][0x0]NN[0x95][0x11][0xce]KB[0xc4][0xd5][0xb3][0xbd][0xfe]p[0x88]G[0x9b][0x87]j[0xd6][0x1a][0xdb][0x95][0xff][0xa6][0xc7].[0xb3][0xa4][0xf4][0xcb][0x10]HT[0xa5]$Q[0xb1][0xe1]OP[0xeb][0xde][0x83][0xcc][0xf5][0x1f]h[0xe0][0xfb][0x93]2[0x8a]bJ[0xa7]"R[0xa4][0xd1]6[0x88]8,"[0x86][0xe1][0xcf][0xca][0xec][0xa0]yU[0x8f]m[0x91][0x95][0xd9][0xc9][0xe9][0xc2][0xbd][0xb5]3E[0x96]D[0xd9][0xa9][0xf9][0xfd]|[0x89][0x9f][0xcd][0x97][0xfc][\r][\n]"
2024-04-25 19:08:46 [main] DEBUG org.apache.http.wire -  << "[0xde][0x8c] [0x94]uI[0x1a][0x8b][0xbe]f[0xa7]Hd[0xe6][0xc6][0x93][m[0xb4][0xb4][0xea]'[0xde][0xb][0xe4]RCjz[0xf2][0xf9][0xf2][0xf]|[0xb4]B8<[0xb0][0xcb][0xca][0xed][w[0xac]n[0xce][0x1f][0x8e]N[0xed][0xe2][0xb7]J:[0xa2]F[0xe5][0xed][0xe9][0xea][0x8d][0xa2]H[0xb5][0xeb][0x94][0x16][0xde]H#P[0x8a][0x18][0xf1]wK[0xf0][0x89]4[0xbf][0xb3][0xf9][0xd1][0xd4]z*T d[0xaf]([0xed][0xff]>[0xc4]n[0xf0][0xe4]~[0x94][0x8c]A[0xe4][0xb][0xa2][0xdc]Yav[0xa8]3q[0x4]-([0xa9][0x9d][0xed][0xe5][0xb1][0x8e]O[0xf7][0x11][0x8b][0xf5][0x9c][0xe9]_?[0xb1])[0x94]8[0xca][0xc0][0xd9]![0x92][0xfc][0x86][0xdc][0xda][0x98][0xa3]<[0xc1][0xaf]Ij:[0xe1][0xde][0x8f]]?[0xed]d:[0x1c][0x9a]S[0x9c]q[0xb5]3[0xff]L[0xb][0xfd][0xd5]|[0xb0][0xf2][0xb0][0xf4]-[0xcc][0x99]U[0x7][0x9b][0x83]@[0xc5]9`J[0x80][0xf]q[0xb4]n[0xf1][0x84]H[0x2]M[0xd5]H+1[0x6][0x81][0x0][0xde][0xf4]([0xeb][0x9f]%9[0xb7][0xda][0x1f][0xe8][0xb1][0xe6][0xaa][0xa3][0xc2][0x89][0x1c])[0xfe][0xd7]ut[0x9c][0xa3]K(2[0xd1][0xa4]-RC[0xfb][0x87]k[0xb0][0xa9]z[0xa6]a[0xf4]?H[0xe8][0xb4][0x5][0x88],[0x18]U[0x2][0x9d][0xf3][0xf6][0xc2][0xbf]G=*[0xc5][0x1f][0xf1]2[0xa9]7[0xc0][0x80][0x92][0xdc][0xd2][0xbc]"
2024-04-25 19:08:46 [main] DEBUG org.apache.http.wire -  << "[0xc3][0xbf][0xfe][0xfb][0xff][0x1]:=[0x9c][0xeb][0x80]k[0x0][0x0]"
2024-04-25 19:08:46 [main] DEBUG org.apache.http.wire -  << "[\r][\n]"
2024-04-25 19:08:46 [main] DEBUG org.apache.http.wire -  << "0[\r][\n]"
2024-04-25 19:08:46 [main] DEBUG org.apache.http.wire -  << "[\r][\n]"
2024-04-25 19:08:46 [main] DEBUG i.r.internal.RestAssuredHttpBuilder - Parsed data to instance of: class org.apache.http.conn.EofSensorInputStream
2024-04-25 19:08:46 [main] DEBUG o.a.h.i.c.BasicClientConnectionManager - Releasing connection org.apache.http.impl.conn.ManagedClientConnectionImpl@7d66a126
2024-04-25 19:08:46 [main] DEBUG o.a.h.i.c.BasicClientConnectionManager - Connection can be kept alive indefinitely
2024-04-25 19:08:46 [main] DEBUG utils.HttpClient - Received response: [
  {
    "userId": 1,
    "id": 1,
    "title": "sunt aut facere repellat provident occaecati excepturi optio reprehenderit",
    "body": "quia et suscipit\nsuscipit recusandae consequuntur expedita et cum\nreprehenderit molestiae ut ut quas totam\nnostrum rerum est autem sunt rem eveniet architecto"
  },
  {
    "userId": 1,
    "id": 2,
    "title": "qui est esse",
    "body": "est rerum tempore vitae\nsequi sint nihil reprehenderit dolor beatae ea dolores neque\nfugiat blanditiis voluptate porro vel nihil molestiae ut reiciendis\nqui aperiam non debitis possimus qui neque nisi nulla"
  },
  {
    "userId": 1,
    "id": 3,
    "title": "ea molestias quasi exercitationem repellat qui ipsa sit aut",
    "body": "et iusto sed quo iure\nvoluptatem occaecati omnis eligendi aut ad\nvoluptatem doloribus vel accusantium quis pariatur\nmolestiae porro eius odio et labore et velit aut"
  },
  {
    "userId": 1,
    "id": 4,
    "title": "eum et est occaecati",
    "body": "ullam et saepe reiciendis voluptatem adipisci\nsit amet autem assumenda provident rerum culpa\nquis hic commodi nesciunt rem tenetur doloremque ipsam iure\nquis sunt voluptatem rerum illo velit"
  },
  {
    "userId": 1,
    "id": 5,
    "title": "nesciunt quas odio",
    "body": "repudiandae veniam quaerat sunt sed\nalias aut fugiat sit autem sed est\nvoluptatem omnis possimus esse voluptatibus quis\nest aut tenetur dolor neque"
  },
  {
    "userId": 1,
    "id": 6,
    "title": "dolorem eum magni eos aperiam quia",
    "body": "ut aspernatur corporis harum nihil quis provident sequi\nmollitia nobis aliquid molestiae\nperspiciatis et ea nemo ab reprehenderit accusantium quas\nvoluptate dolores velit et doloremque molestiae"
  },
  {
    "userId": 1,
    "id": 7,
    "title": "magnam facilis autem",
    "body": "dolore placeat quibusdam ea quo vitae\nmagni quis enim qui quis quo nemo aut saepe\nquidem repellat excepturi ut quia\nsunt ut sequi eos ea sed quas"
  },
  {
    "userId": 1,
    "id": 8,
    "title": "dolorem dolore est ipsam",
    "body": "dignissimos aperiam dolorem qui eum\nfacilis quibusdam animi sint suscipit qui sint possimus cum\nquaerat magni maiores excepturi\nipsam ut commodi dolor voluptatum modi aut vitae"
  },
  {
    "userId": 1,
    "id": 9,
    "title": "nesciunt iure omnis dolorem tempora et accusantium",
    "body": "consectetur animi nesciunt iure dolore\nenim quia ad\nveniam autem ut quam aut nobis\net est aut quod aut provident voluptas autem voluptas"
  },
  {
    "userId": 1,
    "id": 10,
    "title": "optio molestias id quia eum",
    "body": "quo et expedita modi cum officia vel magni\ndoloribus qui repudiandae\nvero nisi sit\nquos veniam quod sed accusamus veritatis error"
  },
  {
    "userId": 2,
    "id": 11,
    "title": "et ea vero quia laudantium autem",
    "body": "delectus reiciendis molestiae occaecati non minima eveniet qui voluptatibus\naccusamus in eum beatae sit\nvel qui neque voluptates ut commodi qui incidunt\nut animi commodi"
  },
  {
    "userId": 2,
    "id": 12,
    "title": "in quibusdam tempore odit est dolorem",
    "body": "itaque id aut magnam\npraesentium quia et ea odit et ea voluptas et\nsapiente quia nihil amet occaecati quia id voluptatem\nincidunt ea est distinctio odio"
  },
  {
    "userId": 2,
    "id": 13,
    "title": "dolorum ut in voluptas mollitia et saepe quo animi",
    "body": "aut dicta possimus sint mollitia voluptas commodi quo doloremque\niste corrupti reiciendis voluptatem eius rerum\nsit cumque quod eligendi laborum minima\nperferendis recusandae assumenda consectetur porro architecto ipsum ipsam"
  },
  {
    "userId": 2,
    "id": 14,
    "title": "voluptatem eligendi optio",
    "body": "fuga et accusamus dolorum perferendis illo voluptas\nnon doloremque neque facere\nad qui dolorum molestiae beatae\nsed aut voluptas totam sit illum"
  },
  {
    "userId": 2,
    "id": 15,
    "title": "eveniet quod temporibus",
    "body": "reprehenderit quos placeat\nvelit minima officia dolores impedit repudiandae molestiae nam\nvoluptas recusandae quis delectus\nofficiis harum fugiat vitae"
  },
  {
    "userId": 2,
    "id": 16,
    "title": "sint suscipit perspiciatis velit dolorum rerum ipsa laboriosam odio",
    "body": "suscipit nam nisi quo aperiam aut\nasperiores eos fugit maiores voluptatibus quia\nvoluptatem quis ullam qui in alias quia est\nconsequatur magni mollitia accusamus ea nisi voluptate dicta"
  },
  {
    "userId": 2,
    "id": 17,
    "title": "fugit voluptas sed molestias voluptatem provident",
    "body": "eos voluptas et aut odit natus earum\naspernatur fuga molestiae ullam\ndeserunt ratione qui eos\nqui nihil ratione nemo velit ut aut id quo"
  },
  {
    "userId": 2,
    "id": 18,
    "title": "voluptate et itaque vero tempora molestiae",
    "body": "eveniet quo quis\nlaborum totam consequatur non dolor\nut et est repudiandae\nest voluptatem vel debitis et magnam"
  },
  {
    "userId": 2,
    "id": 19,
    "title": "adipisci placeat illum aut reiciendis qui",
    "body": "illum quis cupiditate provident sit magnam\nea sed aut omnis\nveniam maiores ullam consequatur atque\nadipisci quo iste expedita sit quos voluptas"
  },
  {
    "userId": 2,
    "id": 20,
    "title": "doloribus ad provident suscipit at",
    "body": "qui consequuntur ducimus possimus quisquam amet similique\nsuscipit porro ipsam amet\neos veritatis officiis exercitationem vel fugit aut necessitatibus totam\nomnis rerum consequatur expedita quidem cumque explicabo"
  },
  {
    "userId": 3,
    "id": 21,
    "title": "asperiores ea ipsam voluptatibus modi minima quia sint",
    "body": "repellat aliquid praesentium dolorem quo\nsed totam minus non itaque\nnihil labore molestiae sunt dolor eveniet hic recusandae veniam\ntempora et tenetur expedita sunt"
  },
  {
    "userId": 3,
    "id": 22,
    "title": "dolor sint quo a velit explicabo quia nam",
    "body": "eos qui et ipsum ipsam suscipit aut\nsed omnis non odio\nexpedita earum mollitia molestiae aut atque rem suscipit\nnam impedit esse"
  },
  {
    "userId": 3,
    "id": 23,
    "title": "maxime id vitae nihil numquam",
    "body": "veritatis unde neque eligendi\nquae quod architecto quo neque vitae\nest illo sit tempora doloremque fugit quod\net et vel beatae sequi ullam sed tenetur perspiciatis"
  },
  {
    "userId": 3,
    "id": 24,
    "title": "autem hic labore sunt dolores incidunt",
    "body": "enim et ex nulla\nomnis voluptas quia qui\nvoluptatem consequatur numquam aliquam sunt\ntotam recusandae id dignissimos aut sed asperiores deserunt"
  },
  {
    "userId": 3,
    "id": 25,
    "title": "rem alias distinctio quo quis",
    "body": "ullam consequatur ut\nomnis quis sit vel consequuntur\nipsa eligendi ipsum molestiae et omnis error nostrum\nmolestiae illo tempore quia et distinctio"
  },
  {
    "userId": 3,
    "id": 26,
    "title": "est et quae odit qui non",
    "body": "similique esse doloribus nihil accusamus\nomnis dolorem fuga consequuntur reprehenderit fugit recusandae temporibus\nperspiciatis cum ut laudantium\nomnis aut molestiae vel vero"
  },
  {
    "userId": 3,
    "id": 27,
    "title": "quasi id et eos tenetur aut quo autem",
    "body": "eum sed dolores ipsam sint possimus debitis occaecati\ndebitis qui qui et\nut placeat enim earum aut odit facilis\nconsequatur suscipit necessitatibus rerum sed inventore temporibus consequatur"
  },
  {
    "userId": 3,
    "id": 28,
    "title": "delectus ullam et corporis nulla voluptas sequi",
    "body": "non et quaerat ex quae ad maiores\nmaiores recusandae totam aut blanditiis mollitia quas illo\nut voluptatibus voluptatem\nsimilique nostrum eum"
  },
  {
    "userId": 3,
    "id": 29,
    "title": "iusto eius quod necessitatibus culpa ea",
    "body": "odit magnam ut saepe sed non qui\ntempora atque nihil\naccusamus illum doloribus illo dolor\neligendi repudiandae odit magni similique sed cum maiores"
  },
  {
    "userId": 3,
    "id": 30,
    "title": "a quo magni similique perferendis",
    "body": "alias dolor cumque\nimpedit blanditiis non eveniet odio maxime\nblanditiis amet eius quis tempora quia autem rem\na provident perspiciatis quia"
  },
  {
    "userId": 4,
    "id": 31,
    "title": "ullam ut quidem id aut vel consequuntur",
    "body": "debitis eius sed quibusdam non quis consectetur vitae\nimpedit ut qui consequatur sed aut in\nquidem sit nostrum et maiores adipisci atque\nquaerat voluptatem adipisci repudiandae"
  },
  {
    "userId": 4,
    "id": 32,
    "title": "doloremque illum aliquid sunt",
    "body": "deserunt eos nobis asperiores et hic\nest debitis repellat molestiae optio\nnihil ratione ut eos beatae quibusdam distinctio maiores\nearum voluptates et aut adipisci ea maiores voluptas maxime"
  },
  {
    "userId": 4,
    "id": 33,
    "title": "qui explicabo molestiae dolorem",
    "body": "rerum ut et numquam laborum odit est sit\nid qui sint in\nquasi tenetur tempore aperiam et quaerat qui in\nrerum officiis sequi cumque quod"
  },
  {
    "userId": 4,
    "id": 34,
    "title": "magnam ut rerum iure",
    "body": "ea velit perferendis earum ut voluptatem voluptate itaque iusto\ntotam pariatur in\nnemo voluptatem voluptatem autem magni tempora minima in\nest distinctio qui assumenda accusamus dignissimos officia nesciunt nobis"
  },
  {
    "userId": 4,
    "id": 35,
    "title": "id nihil consequatur molestias animi provident",
    "body": "nisi error delectus possimus ut eligendi vitae\nplaceat eos harum cupiditate facilis reprehenderit voluptatem beatae\nmodi ducimus quo illum voluptas eligendi\net nobis quia fugit"
  },
  {
    "userId": 4,
    "id": 36,
    "title": "fuga nam accusamus voluptas reiciendis itaque",
    "body": "ad mollitia et omnis minus architecto odit\nvoluptas doloremque maxime aut non ipsa qui alias veniam\nblanditiis culpa aut quia nihil cumque facere et occaecati\nqui aspernatur quia eaque ut aperiam inventore"
  },
  {
    "userId": 4,
    "id": 37,
    "title": "provident vel ut sit ratione est",
    "body": "debitis et eaque non officia sed nesciunt pariatur vel\nvoluptatem iste vero et ea\nnumquam aut expedita ipsum nulla in\nvoluptates omnis consequatur aut enim officiis in quam qui"
  },
  {
    "userId": 4,
    "id": 38,
    "title": "explicabo et eos deleniti nostrum ab id repellendus",
    "body": "animi esse sit aut sit nesciunt assumenda eum voluptas\nquia voluptatibus provident quia necessitatibus ea\nrerum repudiandae quia voluptatem delectus fugit aut id quia\nratione optio eos iusto veniam iure"
  },
  {
    "userId": 4,
    "id": 39,
    "title": "eos dolorem iste accusantium est eaque quam",
    "body": "corporis rerum ducimus vel eum accusantium\nmaxime aspernatur a porro possimus iste omnis\nest in deleniti asperiores fuga aut\nvoluptas sapiente vel dolore minus voluptatem incidunt ex"
  },
  {
    "userId": 4,
    "id": 40,
    "title": "enim quo cumque",
    "body": "ut voluptatum aliquid illo tenetur nemo sequi quo facilis\nipsum rem optio mollitia quas\nvoluptatem eum voluptas qui\nunde omnis voluptatem iure quasi maxime voluptas nam"
  },
  {
    "userId": 5,
    "id": 41,
    "title": "non est facere",
    "body": "molestias id nostrum\nexcepturi molestiae dolore omnis repellendus quaerat saepe\nconsectetur iste quaerat tenetur asperiores accusamus ex ut\nnam quidem est ducimus sunt debitis saepe"
  },
  {
    "userId": 5,
    "id": 42,
    "title": "commodi ullam sint et excepturi error explicabo praesentium voluptas",
    "body": "odio fugit voluptatum ducimus earum autem est incidunt voluptatem\nodit reiciendis aliquam sunt sequi nulla dolorem\nnon facere repellendus voluptates quia\nratione harum vitae ut"
  },
  {
    "userId": 5,
    "id": 43,
    "title": "eligendi iste nostrum consequuntur adipisci praesentium sit beatae perferendis",
    "body": "similique fugit est\nillum et dolorum harum et voluptate eaque quidem\nexercitationem quos nam commodi possimus cum odio nihil nulla\ndolorum exercitationem magnam ex et a et distinctio debitis"
  },
  {
    "userId": 5,
    "id": 44,
    "title": "optio dolor molestias sit",
    "body": "temporibus est consectetur dolore\net libero debitis vel velit laboriosam quia\nipsum quibusdam qui itaque fuga rem aut\nea et iure quam sed maxime ut distinctio quae"
  },
  {
    "userId": 5,
    "id": 45,
    "title": "ut numquam possimus omnis eius suscipit laudantium iure",
    "body": "est natus reiciendis nihil possimus aut provident\nex et dolor\nrepellat pariatur est\nnobis rerum repellendus dolorem autem"
  },
  {
    "userId": 5,
    "id": 46,
    "title": "aut quo modi neque nostrum ducimus",
    "body": "voluptatem quisquam iste\nvoluptatibus natus officiis facilis dolorem\nquis quas ipsam\nvel et voluptatum in aliquid"
  },
  {
    "userId": 5,
    "id": 47,
    "title": "quibusdam cumque rem aut deserunt",
    "body": "voluptatem assumenda ut qui ut cupiditate aut impedit veniam\noccaecati nemo illum voluptatem laudantium\nmolestiae beatae rerum ea iure soluta nostrum\neligendi et voluptate"
  },
  {
    "userId": 5,
    "id": 48,
    "title": "ut voluptatem illum ea doloribus itaque eos",
    "body": "voluptates quo voluptatem facilis iure occaecati\nvel assumenda rerum officia et\nillum perspiciatis ab deleniti\nlaudantium repellat ad ut et autem reprehenderit"
  },
  {
    "userId": 5,
    "id": 49,
    "title": "laborum non sunt aut ut assumenda perspiciatis voluptas",
    "body": "inventore ab sint\nnatus fugit id nulla sequi architecto nihil quaerat\neos tenetur in in eum veritatis non\nquibusdam officiis aspernatur cumque aut commodi aut"
  },
  {
    "userId": 5,
    "id": 50,
    "title": "repellendus qui recusandae incidunt voluptates tenetur qui omnis exercitationem",
    "body": "error suscipit maxime adipisci consequuntur recusandae\nvoluptas eligendi et est et voluptates\nquia distinctio ab amet quaerat molestiae et vitae\nadipisci impedit sequi nesciunt quis consectetur"
  },
  {
    "userId": 6,
    "id": 51,
    "title": "soluta aliquam aperiam consequatur illo quis voluptas",
    "body": "sunt dolores aut doloribus\ndolore doloribus voluptates tempora et\ndoloremque et quo\ncum asperiores sit consectetur dolorem"
  },
  {
    "userId": 6,
    "id": 52,
    "title": "qui enim et consequuntur quia animi quis voluptate quibusdam",
    "body": "iusto est quibusdam fuga quas quaerat molestias\na enim ut sit accusamus enim\ntemporibus iusto accusantium provident architecto\nsoluta esse reprehenderit qui laborum"
  },
  {
    "userId": 6,
    "id": 53,
    "title": "ut quo aut ducimus alias",
    "body": "minima harum praesentium eum rerum illo dolore\nquasi exercitationem rerum nam\nporro quis neque quo\nconsequatur minus dolor quidem veritatis sunt non explicabo similique"
  },
  {
    "userId": 6,
    "id": 54,
    "title": "sit asperiores ipsam eveniet odio non quia",
    "body": "totam corporis dignissimos\nvitae dolorem ut occaecati accusamus\nex velit deserunt\net exercitationem vero incidunt corrupti mollitia"
  },
  {
    "userId": 6,
    "id": 55,
    "title": "sit vel voluptatem et non libero",
    "body": "debitis excepturi ea perferendis harum libero optio\neos accusamus cum fuga ut sapiente repudiandae\net ut incidunt omnis molestiae\nnihil ut eum odit"
  },
  {
    "userId": 6,
    "id": 56,
    "title": "qui et at rerum necessitatibus",
    "body": "aut est omnis dolores\nneque rerum quod ea rerum velit pariatur beatae excepturi\net provident voluptas corrupti\ncorporis harum reprehenderit dolores eligendi"
  },
  {
    "userId": 6,
    "id": 57,
    "title": "sed ab est est",
    "body": "at pariatur consequuntur earum quidem\nquo est laudantium soluta voluptatem\nqui ullam et est\net cum voluptas voluptatum repellat est"
  },
  {
    "userId": 6,
    "id": 58,
    "title": "voluptatum itaque dolores nisi et quasi",
    "body": "veniam voluptatum quae adipisci id\net id quia eos ad et dolorem\naliquam quo nisi sunt eos impedit error\nad similique veniam"
  },
  {
    "userId": 6,
    "id": 59,
    "title": "qui commodi dolor at maiores et quis id accusantium",
    "body": "perspiciatis et quam ea autem temporibus non voluptatibus qui\nbeatae a earum officia nesciunt dolores suscipit voluptas et\nanimi doloribus cum rerum quas et magni\net hic ut ut commodi expedita sunt"
  },
  {
    "userId": 6,
    "id": 60,
    "title": "consequatur placeat omnis quisquam quia reprehenderit fugit veritatis facere",
    "body": "asperiores sunt ab assumenda cumque modi velit\nqui esse omnis\nvoluptate et fuga perferendis voluptas\nillo ratione amet aut et omnis"
  },
  {
    "userId": 7,
    "id": 61,
    "title": "voluptatem doloribus consectetur est ut ducimus",
    "body": "ab nemo optio odio\ndelectus tenetur corporis similique nobis repellendus rerum omnis facilis\nvero blanditiis debitis in nesciunt doloribus dicta dolores\nmagnam minus velit"
  },
  {
    "userId": 7,
    "id": 62,
    "title": "beatae enim quia vel",
    "body": "enim aspernatur illo distinctio quae praesentium\nbeatae alias amet delectus qui voluptate distinctio\nodit sint accusantium autem omnis\nquo molestiae omnis ea eveniet optio"
  },
  {
    "userId": 7,
    "id": 63,
    "title": "voluptas blanditiis repellendus animi ducimus error sapiente et suscipit",
    "body": "enim adipisci aspernatur nemo\nnumquam omnis facere dolorem dolor ex quis temporibus incidunt\nab delectus culpa quo reprehenderit blanditiis asperiores\naccusantium ut quam in voluptatibus voluptas ipsam dicta"
  },
  {
    "userId": 7,
    "id": 64,
    "title": "et fugit quas eum in in aperiam quod",
    "body": "id velit blanditiis\neum ea voluptatem\nmolestiae sint occaecati est eos perspiciatis\nincidunt a error provident eaque aut aut qui"
  },
  {
    "userId": 7,
    "id": 65,
    "title": "consequatur id enim sunt et et",
    "body": "voluptatibus ex esse\nsint explicabo est aliquid cumque adipisci fuga repellat labore\nmolestiae corrupti ex saepe at asperiores et perferendis\nnatus id esse incidunt pariatur"
  },
  {
    "userId": 7,
    "id": 66,
    "title": "repudiandae ea animi iusto",
    "body": "officia veritatis tenetur vero qui itaque\nsint non ratione\nsed et ut asperiores iusto eos molestiae nostrum\nveritatis quibusdam et nemo iusto saepe"
  },
  {
    "userId": 7,
    "id": 67,
    "title": "aliquid eos sed fuga est maxime repellendus",
    "body": "reprehenderit id nostrum\nvoluptas doloremque pariatur sint et accusantium quia quod aspernatur\net fugiat amet\nnon sapiente et consequatur necessitatibus molestiae"
  },
  {
    "userId": 7,
    "id": 68,
    "title": "odio quis facere architecto reiciendis optio",
    "body": "magnam molestiae perferendis quisquam\nqui cum reiciendis\nquaerat animi amet hic inventore\nea quia deleniti quidem saepe porro velit"
  },
  {
    "userId": 7,
    "id": 69,
    "title": "fugiat quod pariatur odit minima",
    "body": "officiis error culpa consequatur modi asperiores et\ndolorum assumenda voluptas et vel qui aut vel rerum\nvoluptatum quisquam perspiciatis quia rerum consequatur totam quas\nsequi commodi repudiandae asperiores et saepe a"
  },
  {
    "userId": 7,
    "id": 70,
    "title": "voluptatem laborum magni",
    "body": "sunt repellendus quae\nest asperiores aut deleniti esse accusamus repellendus quia aut\nquia dolorem unde\neum tempora esse dolore"
  },
  {
    "userId": 8,
    "id": 71,
    "title": "et iusto veniam et illum aut fuga",
    "body": "occaecati a doloribus\niste saepe consectetur placeat eum voluptate dolorem et\nqui quo quia voluptas\nrerum ut id enim velit est perferendis"
  },
  {
    "userId": 8,
    "id": 72,
    "title": "sint hic doloribus consequatur eos non id",
    "body": "quam occaecati qui deleniti consectetur\nconsequatur aut facere quas exercitationem aliquam hic voluptas\nneque id sunt ut aut accusamus\nsunt consectetur expedita inventore velit"
  },
  {
    "userId": 8,
    "id": 73,
    "title": "consequuntur deleniti eos quia temporibus ab aliquid at",
    "body": "voluptatem cumque tenetur consequatur expedita ipsum nemo quia explicabo\naut eum minima consequatur\ntempore cumque quae est et\net in consequuntur voluptatem voluptates aut"
  },
  {
    "userId": 8,
    "id": 74,
    "title": "enim unde ratione doloribus quas enim ut sit sapiente",
    "body": "odit qui et et necessitatibus sint veniam\nmollitia amet doloremque molestiae commodi similique magnam et quam\nblanditiis est itaque\nquo et tenetur ratione occaecati molestiae tempora"
  },
  {
    "userId": 8,
    "id": 75,
    "title": "dignissimos eum dolor ut enim et delectus in",
    "body": "commodi non non omnis et voluptas sit\nautem aut nobis magnam et sapiente voluptatem\net laborum repellat qui delectus facilis temporibus\nrerum amet et nemo voluptate expedita adipisci error dolorem"
  },
  {
    "userId": 8,
    "id": 76,
    "title": "doloremque officiis ad et non perferendis",
    "body": "ut animi facere\ntotam iusto tempore\nmolestiae eum aut et dolorem aperiam\nquaerat recusandae totam odio"
  },
  {
    "userId": 8,
    "id": 77,
    "title": "necessitatibus quasi exercitationem odio",
    "body": "modi ut in nulla repudiandae dolorum nostrum eos\naut consequatur omnis\nut incidunt est omnis iste et quam\nvoluptates sapiente aliquam asperiores nobis amet corrupti repudiandae provident"
  },
  {
    "userId": 8,
    "id": 78,
    "title": "quam voluptatibus rerum veritatis",
    "body": "nobis facilis odit tempore cupiditate quia\nassumenda doloribus rerum qui ea\nillum et qui totam\naut veniam repellendus"
  },
  {
    "userId": 8,
    "id": 79,
    "title": "pariatur consequatur quia magnam autem omnis non amet",
    "body": "libero accusantium et et facere incidunt sit dolorem\nnon excepturi qui quia sed laudantium\nquisquam molestiae ducimus est\nofficiis esse molestiae iste et quos"
  },
  {
    "userId": 8,
    "id": 80,
    "title": "labore in ex et explicabo corporis aut quas",
    "body": "ex quod dolorem ea eum iure qui provident amet\nquia qui facere excepturi et repudiandae\nasperiores molestias provident\nminus incidunt vero fugit rerum sint sunt excepturi provident"
  },
  {
    "userId": 9,
    "id": 81,
    "title": "tempora rem veritatis voluptas quo dolores vero",
    "body": "facere qui nesciunt est voluptatum voluptatem nisi\nsequi eligendi necessitatibus ea at rerum itaque\nharum non ratione velit laboriosam quis consequuntur\nex officiis minima doloremque voluptas ut aut"
  },
  {
    "userId": 9,
    "id": 82,
    "title": "laudantium voluptate suscipit sunt enim enim",
    "body": "ut libero sit aut totam inventore sunt\nporro sint qui sunt molestiae\nconsequatur cupiditate qui iste ducimus adipisci\ndolor enim assumenda soluta laboriosam amet iste delectus hic"
  },
  {
    "userId": 9,
    "id": 83,
    "title": "odit et voluptates doloribus alias odio et",
    "body": "est molestiae facilis quis tempora numquam nihil qui\nvoluptate sapiente consequatur est qui\nnecessitatibus autem aut ipsa aperiam modi dolore numquam\nreprehenderit eius rem quibusdam"
  },
  {
    "userId": 9,
    "id": 84,
    "title": "optio ipsam molestias necessitatibus occaecati facilis veritatis dolores aut",
    "body": "sint molestiae magni a et quos\neaque et quasi\nut rerum debitis similique veniam\nrecusandae dignissimos dolor incidunt consequatur odio"
  },
  {
    "userId": 9,
    "id": 85,
    "title": "dolore veritatis porro provident adipisci blanditiis et sunt",
    "body": "similique sed nisi voluptas iusto omnis\nmollitia et quo\nassumenda suscipit officia magnam sint sed tempora\nenim provident pariatur praesentium atque animi amet ratione"
  },
  {
    "userId": 9,
    "id": 86,
    "title": "placeat quia et porro iste",
    "body": "quasi excepturi consequatur iste autem temporibus sed molestiae beatae\net quaerat et esse ut\nvoluptatem occaecati et vel explicabo autem\nasperiores pariatur deserunt optio"
  },
  {
    "userId": 9,
    "id": 87,
    "title": "nostrum quis quasi placeat",
    "body": "eos et molestiae\nnesciunt ut a\ndolores perspiciatis repellendus repellat aliquid\nmagnam sint rem ipsum est"
  },
  {
    "userId": 9,
    "id": 88,
    "title": "sapiente omnis fugit eos",
    "body": "consequatur omnis est praesentium\nducimus non iste\nneque hic deserunt\nvoluptatibus veniam cum et rerum sed"
  },
  {
    "userId": 9,
    "id": 89,
    "title": "sint soluta et vel magnam aut ut sed qui",
    "body": "repellat aut aperiam totam temporibus autem et\narchitecto magnam ut\nconsequatur qui cupiditate rerum quia soluta dignissimos nihil iure\ntempore quas est"
  },
  {
    "userId": 9,
    "id": 90,
    "title": "ad iusto omnis odit dolor voluptatibus",
    "body": "minus omnis soluta quia\nqui sed adipisci voluptates illum ipsam voluptatem\neligendi officia ut in\neos soluta similique molestias praesentium blanditiis"
  },
  {
    "userId": 10,
    "id": 91,
    "title": "aut amet sed",
    "body": "libero voluptate eveniet aperiam sed\nsunt placeat suscipit molestias\nsimilique fugit nam natus\nexpedita consequatur consequatur dolores quia eos et placeat"
  },
  {
    "userId": 10,
    "id": 92,
    "title": "ratione ex tenetur perferendis",
    "body": "aut et excepturi dicta laudantium sint rerum nihil\nlaudantium et at\na neque minima officia et similique libero et\ncommodi voluptate qui"
  },
  {
    "userId": 10,
    "id": 93,
    "title": "beatae soluta recusandae",
    "body": "dolorem quibusdam ducimus consequuntur dicta aut quo laboriosam\nvoluptatem quis enim recusandae ut sed sunt\nnostrum est odit totam\nsit error sed sunt eveniet provident qui nulla"
  },
  {
    "userId": 10,
    "id": 94,
    "title": "qui qui voluptates illo iste minima",
    "body": "aspernatur expedita soluta quo ab ut similique\nexpedita dolores amet\nsed temporibus distinctio magnam saepe deleniti\nomnis facilis nam ipsum natus sint similique omnis"
  },
  {
    "userId": 10,
    "id": 95,
    "title": "id minus libero illum nam ad officiis",
    "body": "earum voluptatem facere provident blanditiis velit laboriosam\npariatur accusamus odio saepe\ncumque dolor qui a dicta ab doloribus consequatur omnis\ncorporis cupiditate eaque assumenda ad nesciunt"
  },
  {
    "userId": 10,
    "id": 96,
    "title": "quaerat velit veniam amet cupiditate aut numquam ut sequi",
    "body": "in non odio excepturi sint eum\nlabore voluptates vitae quia qui et\ninventore itaque rerum\nveniam non exercitationem delectus aut"
  },
  {
    "userId": 10,
    "id": 97,
    "title": "quas fugiat ut perspiciatis vero provident",
    "body": "eum non blanditiis soluta porro quibusdam voluptas\nvel voluptatem qui placeat dolores qui velit aut\nvel inventore aut cumque culpa explicabo aliquid at\nperspiciatis est et voluptatem dignissimos dolor itaque sit nam"
  },
  {
    "userId": 10,
    "id": 98,
    "title": "laboriosam dolor voluptates",
    "body": "doloremque ex facilis sit sint culpa\nsoluta assumenda eligendi non ut eius\nsequi ducimus vel quasi\nveritatis est dolores"
  },
  {
    "userId": 10,
    "id": 99,
    "title": "temporibus sit alias delectus eligendi possimus magni",
    "body": "quo deleniti praesentium dicta non quod\naut est molestias\nmolestias et officia quis nihil\nitaque dolorem quia"
  },
  {
    "userId": 10,
    "id": 100,
    "title": "at nam consequatur ea labore ea harum",
    "body": "cupiditate quo est a modi nesciunt soluta\nipsa voluptas error itaque dicta in\nautem qui minus magnam et distinctio eum\naccusamus ratione error aut"
  }
]
  And the count of posts should "decrease" by 1                                            # stepDefinitions.posts.PostSteps.theResponseShouldContainTheNewlyCreatedPost(java.lang.String,int)
]]></system-out>
  </testcase>
  <testcase name="User retrieves comments for a post #1" classname="Social Network - Posts and Comments" time="0.578">
    <system-out><![CDATA[
@RegressionTest
Scenario Outline: User retrieves comments for a post           # src/test/resources/features/social-network-test.feature:64
2024-04-25 19:08:46 [main] INFO  stepDefinitions.utils.TestContext - TestContext initialized with base URL: http://jsonplaceholder.typicode.com
  Given a user is registered on the social network             # stepDefinitions.posts.PostSteps.aUserIsRegisteredOnTheSocialNetwork()
2024-04-25 19:08:46 [main] INFO  s.comments.CommentSteps - Retrieving comments for post with ID: 1
2024-04-25 19:08:46 [main] DEBUG utils.HttpClient - Making GET request to /posts/1/comments
2024-04-25 19:08:46 [main] DEBUG o.a.h.i.c.BasicClientConnectionManager - Get connection for route {}->http://jsonplaceholder.typicode.com:80
2024-04-25 19:08:46 [main] DEBUG o.a.h.i.c.DefaultClientConnectionOperator - Connecting to jsonplaceholder.typicode.com:80
2024-04-25 19:08:46 [main] DEBUG o.a.h.c.protocol.RequestAddCookies - CookieSpec selected: ignoreCookies
2024-04-25 19:08:46 [main] DEBUG o.a.h.c.protocol.RequestAuthCache - Auth cache not set in the context
2024-04-25 19:08:46 [main] DEBUG o.a.h.c.p.RequestTargetAuthentication - Target auth state: UNCHALLENGED
2024-04-25 19:08:46 [main] DEBUG o.a.h.c.p.RequestProxyAuthentication - Proxy auth state: UNCHALLENGED
2024-04-25 19:08:46 [main] DEBUG o.a.h.impl.client.DefaultHttpClient - Attempt 1 to execute request
2024-04-25 19:08:46 [main] DEBUG o.a.h.i.conn.DefaultClientConnection - Sending request: GET /posts/1/comments HTTP/1.1
2024-04-25 19:08:46 [main] DEBUG org.apache.http.wire -  >> "GET /posts/1/comments HTTP/1.1[\r][\n]"
2024-04-25 19:08:46 [main] DEBUG org.apache.http.wire -  >> "Content-Type: application/json[\r][\n]"
2024-04-25 19:08:46 [main] DEBUG org.apache.http.wire -  >> "Accept: */*[\r][\n]"
2024-04-25 19:08:46 [main] DEBUG org.apache.http.wire -  >> "Host: jsonplaceholder.typicode.com[\r][\n]"
2024-04-25 19:08:46 [main] DEBUG org.apache.http.wire -  >> "Connection: Keep-Alive[\r][\n]"
2024-04-25 19:08:46 [main] DEBUG org.apache.http.wire -  >> "User-Agent: Apache-HttpClient/4.5.13 (Java/21.0.1)[\r][\n]"
2024-04-25 19:08:46 [main] DEBUG org.apache.http.wire -  >> "Accept-Encoding: gzip,deflate[\r][\n]"
2024-04-25 19:08:46 [main] DEBUG org.apache.http.wire -  >> "[\r][\n]"
2024-04-25 19:08:46 [main] DEBUG org.apache.http.headers - >> GET /posts/1/comments HTTP/1.1
2024-04-25 19:08:46 [main] DEBUG org.apache.http.headers - >> Content-Type: application/json
2024-04-25 19:08:46 [main] DEBUG org.apache.http.headers - >> Accept: */*
2024-04-25 19:08:46 [main] DEBUG org.apache.http.headers - >> Host: jsonplaceholder.typicode.com
2024-04-25 19:08:46 [main] DEBUG org.apache.http.headers - >> Connection: Keep-Alive
2024-04-25 19:08:46 [main] DEBUG org.apache.http.headers - >> User-Agent: Apache-HttpClient/4.5.13 (Java/21.0.1)
2024-04-25 19:08:46 [main] DEBUG org.apache.http.headers - >> Accept-Encoding: gzip,deflate
2024-04-25 19:08:46 [main] DEBUG org.apache.http.wire -  << "HTTP/1.1 200 OK[\r][\n]"
2024-04-25 19:08:46 [main] DEBUG org.apache.http.wire -  << "Date: Thu, 25 Apr 2024 13:38:46 GMT[\r][\n]"
2024-04-25 19:08:46 [main] DEBUG org.apache.http.wire -  << "Content-Type: application/json; charset=utf-8[\r][\n]"
2024-04-25 19:08:46 [main] DEBUG org.apache.http.wire -  << "Transfer-Encoding: chunked[\r][\n]"
2024-04-25 19:08:46 [main] DEBUG org.apache.http.wire -  << "Connection: keep-alive[\r][\n]"
2024-04-25 19:08:46 [main] DEBUG org.apache.http.wire -  << "Report-To: {"group":"heroku-nel","max_age":3600,"endpoints":[{"url":"https://nel.heroku.com/reports?ts=1714052326&sid=e11707d5-02a7-43ef-b45e-2cf4d2036f7d&s=x5XcNWiFjdrV0HGGTiUYEBUTesHKt1YfvVC2Jv7yhT8%3D"}]}[\r][\n]"
2024-04-25 19:08:46 [main] DEBUG org.apache.http.wire -  << "Reporting-Endpoints: heroku-nel=https://nel.heroku.com/reports?ts=1714052326&sid=e11707d5-02a7-43ef-b45e-2cf4d2036f7d&s=x5XcNWiFjdrV0HGGTiUYEBUTesHKt1YfvVC2Jv7yhT8%3D[\r][\n]"
2024-04-25 19:08:46 [main] DEBUG org.apache.http.wire -  << "Nel: {"report_to":"heroku-nel","max_age":3600,"success_fraction":0.005,"failure_fraction":0.05,"response_headers":["Via"]}[\r][\n]"
2024-04-25 19:08:46 [main] DEBUG org.apache.http.wire -  << "X-Powered-By: Express[\r][\n]"
2024-04-25 19:08:46 [main] DEBUG org.apache.http.wire -  << "X-Ratelimit-Limit: 1000[\r][\n]"
2024-04-25 19:08:46 [main] DEBUG org.apache.http.wire -  << "X-Ratelimit-Remaining: 985[\r][\n]"
2024-04-25 19:08:46 [main] DEBUG org.apache.http.wire -  << "X-Ratelimit-Reset: 1714052359[\r][\n]"
2024-04-25 19:08:46 [main] DEBUG org.apache.http.wire -  << "Vary: Origin, Accept-Encoding[\r][\n]"
2024-04-25 19:08:46 [main] DEBUG org.apache.http.wire -  << "Access-Control-Allow-Credentials: true[\r][\n]"
2024-04-25 19:08:46 [main] DEBUG org.apache.http.wire -  << "Cache-Control: max-age=43200[\r][\n]"
2024-04-25 19:08:46 [main] DEBUG org.apache.http.wire -  << "Pragma: no-cache[\r][\n]"
2024-04-25 19:08:46 [main] DEBUG org.apache.http.wire -  << "Expires: -1[\r][\n]"
2024-04-25 19:08:46 [main] DEBUG org.apache.http.wire -  << "X-Content-Type-Options: nosniff[\r][\n]"
2024-04-25 19:08:46 [main] DEBUG org.apache.http.wire -  << "Etag: W/"5e6-4bSPS5tq8F8ZDeFJULWh6upjp7U"[\r][\n]"
2024-04-25 19:08:46 [main] DEBUG org.apache.http.wire -  << "Content-Encoding: gzip[\r][\n]"
2024-04-25 19:08:46 [main] DEBUG org.apache.http.wire -  << "Via: 1.1 vegur[\r][\n]"
2024-04-25 19:08:46 [main] DEBUG org.apache.http.wire -  << "CF-Cache-Status: MISS[\r][\n]"
2024-04-25 19:08:46 [main] DEBUG org.apache.http.wire -  << "Server: cloudflare[\r][\n]"
2024-04-25 19:08:46 [main] DEBUG org.apache.http.wire -  << "CF-RAY: 879ebc3cfd4a7ff2-MAA[\r][\n]"
2024-04-25 19:08:46 [main] DEBUG org.apache.http.wire -  << "alt-svc: h3=":443"; ma=86400[\r][\n]"
2024-04-25 19:08:46 [main] DEBUG org.apache.http.wire -  << "[\r][\n]"
2024-04-25 19:08:46 [main] DEBUG o.a.h.i.conn.DefaultClientConnection - Receiving response: HTTP/1.1 200 OK
2024-04-25 19:08:46 [main] DEBUG org.apache.http.headers - << HTTP/1.1 200 OK
2024-04-25 19:08:46 [main] DEBUG org.apache.http.headers - << Date: Thu, 25 Apr 2024 13:38:46 GMT
2024-04-25 19:08:46 [main] DEBUG org.apache.http.headers - << Content-Type: application/json; charset=utf-8
2024-04-25 19:08:46 [main] DEBUG org.apache.http.headers - << Transfer-Encoding: chunked
2024-04-25 19:08:46 [main] DEBUG org.apache.http.headers - << Connection: keep-alive
2024-04-25 19:08:46 [main] DEBUG org.apache.http.headers - << Report-To: {"group":"heroku-nel","max_age":3600,"endpoints":[{"url":"https://nel.heroku.com/reports?ts=1714052326&sid=e11707d5-02a7-43ef-b45e-2cf4d2036f7d&s=x5XcNWiFjdrV0HGGTiUYEBUTesHKt1YfvVC2Jv7yhT8%3D"}]}
2024-04-25 19:08:46 [main] DEBUG org.apache.http.headers - << Reporting-Endpoints: heroku-nel=https://nel.heroku.com/reports?ts=1714052326&sid=e11707d5-02a7-43ef-b45e-2cf4d2036f7d&s=x5XcNWiFjdrV0HGGTiUYEBUTesHKt1YfvVC2Jv7yhT8%3D
2024-04-25 19:08:46 [main] DEBUG org.apache.http.headers - << Nel: {"report_to":"heroku-nel","max_age":3600,"success_fraction":0.005,"failure_fraction":0.05,"response_headers":["Via"]}
2024-04-25 19:08:46 [main] DEBUG org.apache.http.headers - << X-Powered-By: Express
2024-04-25 19:08:46 [main] DEBUG org.apache.http.headers - << X-Ratelimit-Limit: 1000
2024-04-25 19:08:46 [main] DEBUG org.apache.http.headers - << X-Ratelimit-Remaining: 985
2024-04-25 19:08:46 [main] DEBUG org.apache.http.headers - << X-Ratelimit-Reset: 1714052359
2024-04-25 19:08:46 [main] DEBUG org.apache.http.headers - << Vary: Origin, Accept-Encoding
2024-04-25 19:08:46 [main] DEBUG org.apache.http.headers - << Access-Control-Allow-Credentials: true
2024-04-25 19:08:46 [main] DEBUG org.apache.http.headers - << Cache-Control: max-age=43200
2024-04-25 19:08:46 [main] DEBUG org.apache.http.headers - << Pragma: no-cache
2024-04-25 19:08:46 [main] DEBUG org.apache.http.headers - << Expires: -1
2024-04-25 19:08:46 [main] DEBUG org.apache.http.headers - << X-Content-Type-Options: nosniff
2024-04-25 19:08:46 [main] DEBUG org.apache.http.headers - << Etag: W/"5e6-4bSPS5tq8F8ZDeFJULWh6upjp7U"
2024-04-25 19:08:46 [main] DEBUG org.apache.http.headers - << Content-Encoding: gzip
2024-04-25 19:08:46 [main] DEBUG org.apache.http.headers - << Via: 1.1 vegur
2024-04-25 19:08:46 [main] DEBUG org.apache.http.headers - << CF-Cache-Status: MISS
2024-04-25 19:08:46 [main] DEBUG org.apache.http.headers - << Server: cloudflare
2024-04-25 19:08:46 [main] DEBUG org.apache.http.headers - << CF-RAY: 879ebc3cfd4a7ff2-MAA
2024-04-25 19:08:46 [main] DEBUG org.apache.http.headers - << alt-svc: h3=":443"; ma=86400
2024-04-25 19:08:46 [main] DEBUG o.a.h.impl.client.DefaultHttpClient - Connection can be kept alive indefinitely
2024-04-25 19:08:46 [main] DEBUG i.r.internal.RestAssuredHttpBuilder - Parsing response as: application/json; charset=utf-8
2024-04-25 19:08:46 [main] DEBUG org.apache.http.wire -  << "291[\r][\n]"
2024-04-25 19:08:46 [main] DEBUG org.apache.http.wire -  << "[0x1f][0x8b][0x8][0x0][0x0][0x0][0x0][0x0][0x0][0x3][0x8d][0x94][0xcb]n[0x1b]1[0xc]E[0xf7][0xf9][\n]"
2024-04-25 19:08:46 [main] DEBUG org.apache.http.wire -  << "[0xc1][0xeb] @_[0x9b][0xae][0xb2])[0xd0][0x17][0xfa][0x3][0x9d][0xa2][0xa0]%&CT[0x8f][0x89][0x1e]n[0xdc][0xa2][0xff][0xde]K[0xc9]v[0xa6]N[0x80]fa[0xc0][0xc3][0xe1][0x90][0x97][0x87]W[0xfa]za[0xcc]o[0xfc][0x8c][0xd9],[0xa9][0xd4][0xf]n[0xf3][0xd6][0xbc][0xb8][0x1c][0x1]Y?D[\n]"
2024-04-25 19:08:46 [main] DEBUG org.apache.http.wire -  << "[0x8c]G[0x4][0x8d][0xa7]m[0xca]l[0xf8][0xde]p5w[0x8d][0xc2][0x88][0xb4][0xb0]9[0xe4]r [0xf1][0x9a][0xfc][0xce]K[0xe1]t}K[0xd9]E[0xce]W[[0xf9]uL[0xd9]&[0xb7][0xd7][0xc]O[0xcd]Q[0xac][0xd2][0x82][0xe1](A[0xcb][0x15]1\[0xb4][0xb0]8[0xe]&[0xd0]-Z[0x9b]][0xf2]m[0xa9]T[0xd9][0xc8]R[0xf0][0xcc][0xa9]L[0xb1]rXR&[0xa4]&[0x13][0xd9]r)[0x82][0x14][0xd9]6[0xbc]s[0xc9][0xa7]<[0xd4]QC[0xe2][0xa8]<[0xc5][0xcc]b[0x85][0xa3][0x93][0xa2][0xea][0xb5]t[0xa1][0x5][0x1]T&k[[0x19]b6P[0xf9][0xe7][0xf2]l^[0x9e][0xb1]Q[0x1d];[0xce][0xc9][0xac][0x9a][0xec][0xd8]K5E[0x82]x[0xb9]k[0xa0]FO[0x81][0xfa]H[0xfb][0xc8][0xdf]?[0xb5]Y[0xec]u[0xd9][0x3][0xd6][0xfe][0xca][0xa6]p[0xe]K[0xb1]D[0xaa][0xad][0xc]VQf[0xf1][0x9d]U[0x1f][0x96]M[\n]"
2024-04-25 19:08:46 [main] DEBUG org.apache.http.wire -  << "Q;[0x1e]Q![0xa3][0x5]%0E[0x8c]:^&k[0x89]- )4g[0x9a][0xf7][\n]"
2024-04-25 19:08:46 [main] DEBUG org.apache.http.wire -  << "[0xa8]Nq[0xf5][0x15][0xe7][0xc]t|[0xbf][0xb0][0x3]O[0xb3]P[0x16]4[0xcd]S[0x1c][\r][0x8b]D[0xc8][0x0][0x10][0xc][0xb2]n[0xf6][0xf][0xd9][0xe7][0x1]|u[0x6]09I[0x86][0x9c],R[0xac][0xa0][0xa0]v[0xc0][0xf6][0xc]a\y[0x4][0xed][0x8b][0xfc][0x80]>u[0xd7][0x8d][0xb0]wO[0xd9][0xb]&"[0x13][0x92][0x7]$!F[0xc5]%[0xf3][0xc][0x8d][0x9c][0xa5][0x1e][0xbc]Fe[0xe1][0x1c][0xc7][0x80][0xda][0xeb]4[0xf7][0x3]*[0xd2][0xd5][0xa9][0xe9]v[0xe0][0xe][0x94][0xf][0xa6][0x9d][0xe2][0xc0][0x8a]>p[0x9d]C[0x8e]c[0xcf]VWT[0x88][0x17]6][0xc0]0V@[0x10][0xd2][0xb1][0xa8][0xd2]}[0x7]MS[0xb4]j|,[0xb0]Y[0xd1][0xf7][0xf8][0xdb][\r]t[0xc2][0x8a][0xd0][0xbd][0xe5][0x5][0xea][0xa4][0x97][0x8e][0x2]=[0x19][0xa2]R[0xe4][0xe7]1~}[0xc6][0x18][0xc3][0x10]|[0xa0][0xa4]q\[0x1e]A[0xfd][0xcc]?[0xaf][0xc9][0xef][0xcb]LWuw[0x8e]3[0xa6][0xa8][0x12][0xa9][0xc2][0xc9][0x18][0xfd][0x4][0xc8]q[0xc1][0xae][0xe2]@[0xba]>G[0xa6][0x81][0xb5]6S[0xc7]l[0x7][0xa8][0x95]g[0xa6][0xd8][0xf9][0x1c][0x2][0xc5][0xd8][0x14][0xb][0xdf]5Tj[0xd9]`[0x7]z`[0xba][0xb7][0xbb][0x83][0xf5][0xdb][0xe1][0x89][0x13][0x9][0xec][0xeb][0xa4][0xe2]y8[0xde][0x9c][0xe1][0xe8][0xb8][0xb9]w[0xea]k[0xc6][0xfd][0xd6];[0xea]>uV[0xdb][0xfc]B[0x8f]([0xbd][0xa7][0xbd][0xe3][0x8]Pufz[0xca]x[0xb3][0x1e]s[0xa3][0xbc][0xe]7Z=n[0xed]xm[0xe1]&k[0xe3][0x16]]-[[0xe2]C[0xda](A[0xd9][0xce]Ra[0xa9]dn[0xda]-8J[0x84][0xb][0xab]~o[0xdb]"[0xea][0xd4][0xca][0xab][0xe3][[0xfa][0x8d][0xd9][0x8f][0xf7][0xf1][0x18]^|[0xfb][0xb][0xf3][0xf2][0xfd][0xfb][0xe6][0x5][0x0][0x0]"
2024-04-25 19:08:46 [main] DEBUG org.apache.http.wire -  << "[\r][\n]"
2024-04-25 19:08:46 [main] DEBUG org.apache.http.wire -  << "0[\r][\n]"
2024-04-25 19:08:46 [main] DEBUG org.apache.http.wire -  << "[\r][\n]"
2024-04-25 19:08:46 [main] DEBUG i.r.internal.RestAssuredHttpBuilder - Parsed data to instance of: class org.apache.http.conn.EofSensorInputStream
2024-04-25 19:08:46 [main] DEBUG o.a.h.i.c.BasicClientConnectionManager - Releasing connection org.apache.http.impl.conn.ManagedClientConnectionImpl@3a2546d6
2024-04-25 19:08:46 [main] DEBUG o.a.h.i.c.BasicClientConnectionManager - Connection can be kept alive indefinitely
2024-04-25 19:08:46 [main] DEBUG utils.HttpClient - Received response: [
  {
    "postId": 1,
    "id": 1,
    "name": "id labore ex et quam laborum",
    "email": "Eliseo@gardner.biz",
    "body": "laudantium enim quasi est quidem magnam voluptate ipsam eos\ntempora quo necessitatibus\ndolor quam autem quasi\nreiciendis et nam sapiente accusantium"
  },
  {
    "postId": 1,
    "id": 2,
    "name": "quo vero reiciendis velit similique earum",
    "email": "Jayne_Kuhic@sydney.com",
    "body": "est natus enim nihil est dolore omnis voluptatem numquam\net omnis occaecati quod ullam at\nvoluptatem error expedita pariatur\nnihil sint nostrum voluptatem reiciendis et"
  },
  {
    "postId": 1,
    "id": 3,
    "name": "odio adipisci rerum aut animi",
    "email": "Nikita@garfield.biz",
    "body": "quia molestiae reprehenderit quasi aspernatur\naut expedita occaecati aliquam eveniet laudantium\nomnis quibusdam delectus saepe quia accusamus maiores nam est\ncum et ducimus et vero voluptates excepturi deleniti ratione"
  },
  {
    "postId": 1,
    "id": 4,
    "name": "alias odio sit",
    "email": "Lew@alysha.tv",
    "body": "non et atque\noccaecati deserunt quas accusantium unde odit nobis qui voluptatem\nquia voluptas consequuntur itaque dolor\net qui rerum deleniti ut occaecati"
  },
  {
    "postId": 1,
    "id": 5,
    "name": "vero eaque aliquid doloribus et culpa",
    "email": "Hayden@althea.biz",
    "body": "harum non quasi et ratione\ntempore iure ex voluptates in ratione\nharum architecto fugit inventore cupiditate\nvoluptates magni quo et"
  }
]
  When the user retrieves comments for post with ID 1          # stepDefinitions.comments.CommentSteps.theUserRetrievesCommentsForPostWithID(int)
2024-04-25 19:08:46 [main] INFO  s.comments.CommentSteps - Comments found for post with ID: 1
  Then the response should contain comments for post with ID 1 # stepDefinitions.comments.CommentSteps.theResponseShouldContainCommentsForPostWithID(int)
]]></system-out>
  </testcase>
  <testcase name="User retrieves comments for a post #2" classname="Social Network - Posts and Comments" time="0.624">
    <system-out><![CDATA[
@RegressionTest
Scenario Outline: User retrieves comments for a post           # src/test/resources/features/social-network-test.feature:65
2024-04-25 19:08:46 [main] INFO  stepDefinitions.utils.TestContext - TestContext initialized with base URL: http://jsonplaceholder.typicode.com
  Given a user is registered on the social network             # stepDefinitions.posts.PostSteps.aUserIsRegisteredOnTheSocialNetwork()
2024-04-25 19:08:46 [main] INFO  s.comments.CommentSteps - Retrieving comments for post with ID: 2
2024-04-25 19:08:46 [main] DEBUG utils.HttpClient - Making GET request to /posts/2/comments
2024-04-25 19:08:46 [main] DEBUG o.a.h.i.c.BasicClientConnectionManager - Get connection for route {}->http://jsonplaceholder.typicode.com:80
2024-04-25 19:08:46 [main] DEBUG o.a.h.i.c.DefaultClientConnectionOperator - Connecting to jsonplaceholder.typicode.com:80
2024-04-25 19:08:46 [main] DEBUG o.a.h.c.protocol.RequestAddCookies - CookieSpec selected: ignoreCookies
2024-04-25 19:08:46 [main] DEBUG o.a.h.c.protocol.RequestAuthCache - Auth cache not set in the context
2024-04-25 19:08:46 [main] DEBUG o.a.h.c.p.RequestTargetAuthentication - Target auth state: UNCHALLENGED
2024-04-25 19:08:46 [main] DEBUG o.a.h.c.p.RequestProxyAuthentication - Proxy auth state: UNCHALLENGED
2024-04-25 19:08:46 [main] DEBUG o.a.h.impl.client.DefaultHttpClient - Attempt 1 to execute request
2024-04-25 19:08:46 [main] DEBUG o.a.h.i.conn.DefaultClientConnection - Sending request: GET /posts/2/comments HTTP/1.1
2024-04-25 19:08:46 [main] DEBUG org.apache.http.wire -  >> "GET /posts/2/comments HTTP/1.1[\r][\n]"
2024-04-25 19:08:46 [main] DEBUG org.apache.http.wire -  >> "Content-Type: application/json[\r][\n]"
2024-04-25 19:08:46 [main] DEBUG org.apache.http.wire -  >> "Accept: */*[\r][\n]"
2024-04-25 19:08:46 [main] DEBUG org.apache.http.wire -  >> "Host: jsonplaceholder.typicode.com[\r][\n]"
2024-04-25 19:08:46 [main] DEBUG org.apache.http.wire -  >> "Connection: Keep-Alive[\r][\n]"
2024-04-25 19:08:46 [main] DEBUG org.apache.http.wire -  >> "User-Agent: Apache-HttpClient/4.5.13 (Java/21.0.1)[\r][\n]"
2024-04-25 19:08:46 [main] DEBUG org.apache.http.wire -  >> "Accept-Encoding: gzip,deflate[\r][\n]"
2024-04-25 19:08:46 [main] DEBUG org.apache.http.wire -  >> "[\r][\n]"
2024-04-25 19:08:46 [main] DEBUG org.apache.http.headers - >> GET /posts/2/comments HTTP/1.1
2024-04-25 19:08:46 [main] DEBUG org.apache.http.headers - >> Content-Type: application/json
2024-04-25 19:08:46 [main] DEBUG org.apache.http.headers - >> Accept: */*
2024-04-25 19:08:46 [main] DEBUG org.apache.http.headers - >> Host: jsonplaceholder.typicode.com
2024-04-25 19:08:46 [main] DEBUG org.apache.http.headers - >> Connection: Keep-Alive
2024-04-25 19:08:46 [main] DEBUG org.apache.http.headers - >> User-Agent: Apache-HttpClient/4.5.13 (Java/21.0.1)
2024-04-25 19:08:46 [main] DEBUG org.apache.http.headers - >> Accept-Encoding: gzip,deflate
2024-04-25 19:08:47 [main] DEBUG org.apache.http.wire -  << "HTTP/1.1 200 OK[\r][\n]"
2024-04-25 19:08:47 [main] DEBUG org.apache.http.wire -  << "Date: Thu, 25 Apr 2024 13:38:47 GMT[\r][\n]"
2024-04-25 19:08:47 [main] DEBUG org.apache.http.wire -  << "Content-Type: application/json; charset=utf-8[\r][\n]"
2024-04-25 19:08:47 [main] DEBUG org.apache.http.wire -  << "Transfer-Encoding: chunked[\r][\n]"
2024-04-25 19:08:47 [main] DEBUG org.apache.http.wire -  << "Connection: keep-alive[\r][\n]"
2024-04-25 19:08:47 [main] DEBUG org.apache.http.wire -  << "Report-To: {"group":"heroku-nel","max_age":3600,"endpoints":[{"url":"https://nel.heroku.com/reports?ts=1714052326&sid=e11707d5-02a7-43ef-b45e-2cf4d2036f7d&s=x5XcNWiFjdrV0HGGTiUYEBUTesHKt1YfvVC2Jv7yhT8%3D"}]}[\r][\n]"
2024-04-25 19:08:47 [main] DEBUG org.apache.http.wire -  << "Reporting-Endpoints: heroku-nel=https://nel.heroku.com/reports?ts=1714052326&sid=e11707d5-02a7-43ef-b45e-2cf4d2036f7d&s=x5XcNWiFjdrV0HGGTiUYEBUTesHKt1YfvVC2Jv7yhT8%3D[\r][\n]"
2024-04-25 19:08:47 [main] DEBUG org.apache.http.wire -  << "Nel: {"report_to":"heroku-nel","max_age":3600,"success_fraction":0.005,"failure_fraction":0.05,"response_headers":["Via"]}[\r][\n]"
2024-04-25 19:08:47 [main] DEBUG org.apache.http.wire -  << "X-Powered-By: Express[\r][\n]"
2024-04-25 19:08:47 [main] DEBUG org.apache.http.wire -  << "X-Ratelimit-Limit: 1000[\r][\n]"
2024-04-25 19:08:47 [main] DEBUG org.apache.http.wire -  << "X-Ratelimit-Remaining: 984[\r][\n]"
2024-04-25 19:08:47 [main] DEBUG org.apache.http.wire -  << "X-Ratelimit-Reset: 1714052359[\r][\n]"
2024-04-25 19:08:47 [main] DEBUG org.apache.http.wire -  << "Vary: Origin, Accept-Encoding[\r][\n]"
2024-04-25 19:08:47 [main] DEBUG org.apache.http.wire -  << "Access-Control-Allow-Credentials: true[\r][\n]"
2024-04-25 19:08:47 [main] DEBUG org.apache.http.wire -  << "Cache-Control: max-age=43200[\r][\n]"
2024-04-25 19:08:47 [main] DEBUG org.apache.http.wire -  << "Pragma: no-cache[\r][\n]"
2024-04-25 19:08:47 [main] DEBUG org.apache.http.wire -  << "Expires: -1[\r][\n]"
2024-04-25 19:08:47 [main] DEBUG org.apache.http.wire -  << "X-Content-Type-Options: nosniff[\r][\n]"
2024-04-25 19:08:47 [main] DEBUG org.apache.http.wire -  << "Etag: W/"5fe-SNRxXTWeTmW/Q4d2qiV3mieyWj8"[\r][\n]"
2024-04-25 19:08:47 [main] DEBUG org.apache.http.wire -  << "Content-Encoding: gzip[\r][\n]"
2024-04-25 19:08:47 [main] DEBUG org.apache.http.wire -  << "Via: 1.1 vegur[\r][\n]"
2024-04-25 19:08:47 [main] DEBUG org.apache.http.wire -  << "CF-Cache-Status: MISS[\r][\n]"
2024-04-25 19:08:47 [main] DEBUG org.apache.http.wire -  << "Server: cloudflare[\r][\n]"
2024-04-25 19:08:47 [main] DEBUG org.apache.http.wire -  << "CF-RAY: 879ebc40fff47ed4-MAA[\r][\n]"
2024-04-25 19:08:47 [main] DEBUG org.apache.http.wire -  << "alt-svc: h3=":443"; ma=86400[\r][\n]"
2024-04-25 19:08:47 [main] DEBUG org.apache.http.wire -  << "[\r][\n]"
2024-04-25 19:08:47 [main] DEBUG o.a.h.i.conn.DefaultClientConnection - Receiving response: HTTP/1.1 200 OK
2024-04-25 19:08:47 [main] DEBUG org.apache.http.headers - << HTTP/1.1 200 OK
2024-04-25 19:08:47 [main] DEBUG org.apache.http.headers - << Date: Thu, 25 Apr 2024 13:38:47 GMT
2024-04-25 19:08:47 [main] DEBUG org.apache.http.headers - << Content-Type: application/json; charset=utf-8
2024-04-25 19:08:47 [main] DEBUG org.apache.http.headers - << Transfer-Encoding: chunked
2024-04-25 19:08:47 [main] DEBUG org.apache.http.headers - << Connection: keep-alive
2024-04-25 19:08:47 [main] DEBUG org.apache.http.headers - << Report-To: {"group":"heroku-nel","max_age":3600,"endpoints":[{"url":"https://nel.heroku.com/reports?ts=1714052326&sid=e11707d5-02a7-43ef-b45e-2cf4d2036f7d&s=x5XcNWiFjdrV0HGGTiUYEBUTesHKt1YfvVC2Jv7yhT8%3D"}]}
2024-04-25 19:08:47 [main] DEBUG org.apache.http.headers - << Reporting-Endpoints: heroku-nel=https://nel.heroku.com/reports?ts=1714052326&sid=e11707d5-02a7-43ef-b45e-2cf4d2036f7d&s=x5XcNWiFjdrV0HGGTiUYEBUTesHKt1YfvVC2Jv7yhT8%3D
2024-04-25 19:08:47 [main] DEBUG org.apache.http.headers - << Nel: {"report_to":"heroku-nel","max_age":3600,"success_fraction":0.005,"failure_fraction":0.05,"response_headers":["Via"]}
2024-04-25 19:08:47 [main] DEBUG org.apache.http.headers - << X-Powered-By: Express
2024-04-25 19:08:47 [main] DEBUG org.apache.http.headers - << X-Ratelimit-Limit: 1000
2024-04-25 19:08:47 [main] DEBUG org.apache.http.headers - << X-Ratelimit-Remaining: 984
2024-04-25 19:08:47 [main] DEBUG org.apache.http.headers - << X-Ratelimit-Reset: 1714052359
2024-04-25 19:08:47 [main] DEBUG org.apache.http.headers - << Vary: Origin, Accept-Encoding
2024-04-25 19:08:47 [main] DEBUG org.apache.http.headers - << Access-Control-Allow-Credentials: true
2024-04-25 19:08:47 [main] DEBUG org.apache.http.headers - << Cache-Control: max-age=43200
2024-04-25 19:08:47 [main] DEBUG org.apache.http.headers - << Pragma: no-cache
2024-04-25 19:08:47 [main] DEBUG org.apache.http.headers - << Expires: -1
2024-04-25 19:08:47 [main] DEBUG org.apache.http.headers - << X-Content-Type-Options: nosniff
2024-04-25 19:08:47 [main] DEBUG org.apache.http.headers - << Etag: W/"5fe-SNRxXTWeTmW/Q4d2qiV3mieyWj8"
2024-04-25 19:08:47 [main] DEBUG org.apache.http.headers - << Content-Encoding: gzip
2024-04-25 19:08:47 [main] DEBUG org.apache.http.headers - << Via: 1.1 vegur
2024-04-25 19:08:47 [main] DEBUG org.apache.http.headers - << CF-Cache-Status: MISS
2024-04-25 19:08:47 [main] DEBUG org.apache.http.headers - << Server: cloudflare
2024-04-25 19:08:47 [main] DEBUG org.apache.http.headers - << CF-RAY: 879ebc40fff47ed4-MAA
2024-04-25 19:08:47 [main] DEBUG org.apache.http.headers - << alt-svc: h3=":443"; ma=86400
2024-04-25 19:08:47 [main] DEBUG o.a.h.impl.client.DefaultHttpClient - Connection can be kept alive indefinitely
2024-04-25 19:08:47 [main] DEBUG i.r.internal.RestAssuredHttpBuilder - Parsing response as: application/json; charset=utf-8
2024-04-25 19:08:47 [main] DEBUG org.apache.http.wire -  << "2a4[\r][\n]"
2024-04-25 19:08:47 [main] DEBUG org.apache.http.wire -  << "[0x1f][0x8b][0x8][0x0][0x0][0x0][0x0][0x0][0x0][0x3][0x8d][0x94]M[0x8f][0xd3]@[0xc][0x86][0xef][0xfb]+F=[0xaf]*[0xe0][0xc0][0xd7][0xa9][0x12]\[0xd0][0xb2][0x12]w[0x8a]V[0xee][0xc4][0xdb][0xb5]4[0x1f][0xe9]|T[0x14][0xc4][0xe7][0xf5]LH[0xab][0xf4]@[0xf]If[0x12][0xc7]~[0xfd][0xd8][0x9e][0xef]w[0xc6][0xfc][0xc6]e[0xcc]j[0x8c][0xb9]|[0x19]V[0x1f][0xcd][0x9b][0xfb][0xfe]Bt[0xf3]v[0xda][0x4][0xf2][0x8c][0xed][0x8a][0x8b]y[0xae]{)[0x86][0x9d][0xec]9[0xc]b[0x6]v[0x1c][0xa4][0x88]9T[0x19][0xd8][0xeb][0xc3]d[0x9][0xc5][0x4]y[0x11]g[0xa8][0x16][0xf6][0xab][0xc9][0xb]{[0x12][0xa7]n[0xbe]%[0xce][0x8e]O[0xeb][0xc7][0xca][0xce]q[0xda][0xf8]Srk[0x1b]g[0xc3]][0x1c]Nj7D[0x17][0x93][0xec]j6TL[0xe6]A[0xbd]gc[0xab][0x1b][0x9][0x81]3[0xa7][0x8a]@6[0x86][0xcc][0xb6]p[0xa9][0xa9]E[0x1f][0x13][0xe1]S(R[0xfd]6[0x90][0xb5]5[0x93][0x87][0x7][0xd5][\r]/[0x83][0xd8]B[0xdb]p[0x8c][0xae][0x8e][0x85] [0xce]$[0xb8][0xf1][0xa6][0x16]3[0xbf][0xeb][0xaa][0x17]F[0xa3]J[\r][0x83]j[0xc9]#[0xa7]@[0x1a][0xaf][0x9][0xc4]g[0x9]+([0xff]s[0xff]?[0x9e][0xef][0x16]<[0xbb][[0x9a][0x92]8[0xd4][0xe6][0xf4]"[0x1]sdg[0xbc][0x4]D[0xf5][0xd1]q.By[0xd6]Y[0xaf][0xc1]~&x[0xcb][0x1b][0x98][0xae][0x11]`A[0x13]F[0x10][0x9b][0x1b][0xc8].[0x1c]k[0xf1][0xe2][0xe4]P[0xd9]8[0xda][0xe1][0x8d]A[0x85]%[0x1c][0x11][0xbd]o[0xb6][0x1][0xa2][0xb2][0x18]0[0x18][0xa7]Rp[0xce]l[0xb2][0x92][0x97][0xa1]Yp<k[0x2][0xb]R[0xa4][0xec]u[0x1][0x9b]DEb`[0xe4][0x98][0xd4][0xc7]9[0x15][0xd6][0x95]C[0xf3][0x90][0x16][0x8e]4[0xb6][0xa7]=[0xd8]ty[0xb7]!}[0xdd][0xa2][0xd1][0x7]D[0x99]js[0xc5][0xe8][0x11][0x8c]b:==[0xd4][0xf0][0x8b]7[0x9e][0x92][0xf0]:[0xa6][0xfd][0x92][0xd6]eCx[0xd5][0x9e][0xb0][0x16]-[0x88] g[0x1a].[0xbf]Nd[0x81]B[0xfb]>OV[0xb8][0xa7]h[0xce][0x1d]8[[0xcd][0xe6][0x9e][0xf7]?P[0x15][0xc5][0xf3][0x86][0x9][0xe5][0xb8]-[0xf7][0xf][0x8b][0xdc][0xc7][0x14][0x8f][0x98][0xc2]^[0x9a])J[0xbe][0x6][0xc0][0xfb][0x17][\n]"
2024-04-25 19:08:47 [main] DEBUG org.apache.http.wire -  << "O_[0xa5][0x14]v[0x9b][0xc4][0x81][0xd7]5/[0xd3][0xcf]4[\n]"
2024-04-25 19:08:47 [main] DEBUG org.apache.http.wire -  << "[0x1c]a[0x16]r[0xae][0x1e][0x8d]O[0x17]e[0xa3][0x2][0x89][\n]"
2024-04-25 19:08:47 [main] DEBUG org.apache.http.wire -  << "AF[0xc9]Vz[0xef][0xa0][[0x7][0xc1][0xf7]`QnC[0x98][0x11][0xd1]l[0x8a][0xa1][0x9d]NW+J#[0x14][0xad]%[0xb6]h[0x8a][0xcb]I[0x8a][0x3][0x80]e\:N[0xfc]sd[0xec][0xa9]w[0x9f][0xc1][0x1][0x83][0x11][0x1b]A[0xb1][0xcf][0xc2]mp^[0xbf]Zv[0x86][0x82]UA[0xf3][0x99][0xd5][0xf2]@o[0x87]vx@[0xe4][0xa1]F<[0xae][0x88]}[0xa2][0x4][0x4]O[0xf][0x8c][0xb2][0x86][0xfd][0xc6]R[0x8a]X[0xf0][0xba]y^[0x80];[0x9f]"Rs[0x89][0xfd][0xc8][\n]"
2024-04-25 19:08:47 [main] DEBUG org.apache.http.wire -  << "q[0x87];[0xa6]=[0xf1][0xb]X[0x2]M[0xd1][0x84][0x80][0xc][0x1e][0xd0]3ZyM[0xb6]M[0x2][0xe5]y<{[0x1f][0xa9]E[0xc][0xe0][0xdd][0x14][0xc2]&[0xb0][0xc5][0x14][0x2]P[0xd1][0x89][0xdc][0x86][0x0][0x0][0xca][0x1f][0xff]2[0xa6][0xad][0xfb]k[0xe8][0xe7][0xe6]km[0xf9]L[0x16][0xd3][0xde][0xf9][0xdd][0xfd][0xf8][0xb][0xed][0xee];T[0xfe][0x5][0x0][0x0]"
2024-04-25 19:08:47 [main] DEBUG org.apache.http.wire -  << "[\r][\n]"
2024-04-25 19:08:47 [main] DEBUG org.apache.http.wire -  << "0[\r][\n]"
2024-04-25 19:08:47 [main] DEBUG org.apache.http.wire -  << "[\r][\n]"
2024-04-25 19:08:47 [main] DEBUG i.r.internal.RestAssuredHttpBuilder - Parsed data to instance of: class org.apache.http.conn.EofSensorInputStream
2024-04-25 19:08:47 [main] DEBUG o.a.h.i.c.BasicClientConnectionManager - Releasing connection org.apache.http.impl.conn.ManagedClientConnectionImpl@733f1395
2024-04-25 19:08:47 [main] DEBUG o.a.h.i.c.BasicClientConnectionManager - Connection can be kept alive indefinitely
2024-04-25 19:08:47 [main] DEBUG utils.HttpClient - Received response: [
  {
    "postId": 2,
    "id": 6,
    "name": "et fugit eligendi deleniti quidem qui sint nihil autem",
    "email": "Presley.Mueller@myrl.com",
    "body": "doloribus at sed quis culpa deserunt consectetur qui praesentium\naccusamus fugiat dicta\nvoluptatem rerum ut voluptate autem\nvoluptatem repellendus aspernatur dolorem in"
  },
  {
    "postId": 2,
    "id": 7,
    "name": "repellat consequatur praesentium vel minus molestias voluptatum",
    "email": "Dallas@ole.me",
    "body": "maiores sed dolores similique labore et inventore et\nquasi temporibus esse sunt id et\neos voluptatem aliquam\naliquid ratione corporis molestiae mollitia quia et magnam dolor"
  },
  {
    "postId": 2,
    "id": 8,
    "name": "et omnis dolorem",
    "email": "Mallory_Kunze@marie.org",
    "body": "ut voluptatem corrupti velit\nad voluptatem maiores\net nisi velit vero accusamus maiores\nvoluptates quia aliquid ullam eaque"
  },
  {
    "postId": 2,
    "id": 9,
    "name": "provident id voluptas",
    "email": "Meghan_Littel@rene.us",
    "body": "sapiente assumenda molestiae atque\nadipisci laborum distinctio aperiam et ab ut omnis\net occaecati aspernatur odit sit rem expedita\nquas enim ipsam minus"
  },
  {
    "postId": 2,
    "id": 10,
    "name": "eaque et deleniti atque tenetur ut quo ut",
    "email": "Carmen_Keeling@caroline.name",
    "body": "voluptate iusto quis nobis reprehenderit ipsum amet nulla\nquia quas dolores velit et non\naut quia necessitatibus\nnostrum quaerat nulla et accusamus nisi facilis"
  }
]
  When the user retrieves comments for post with ID 2          # stepDefinitions.comments.CommentSteps.theUserRetrievesCommentsForPostWithID(int)
2024-04-25 19:08:47 [main] INFO  s.comments.CommentSteps - Comments found for post with ID: 2
  Then the response should contain comments for post with ID 2 # stepDefinitions.comments.CommentSteps.theResponseShouldContainCommentsForPostWithID(int)
]]></system-out>
  </testcase>
  <testcase name="User retrieves comments for a post #3" classname="Social Network - Posts and Comments" time="0.633">
    <system-out><![CDATA[
@RegressionTest
Scenario Outline: User retrieves comments for a post           # src/test/resources/features/social-network-test.feature:66
2024-04-25 19:08:47 [main] INFO  stepDefinitions.utils.TestContext - TestContext initialized with base URL: http://jsonplaceholder.typicode.com
  Given a user is registered on the social network             # stepDefinitions.posts.PostSteps.aUserIsRegisteredOnTheSocialNetwork()
2024-04-25 19:08:47 [main] INFO  s.comments.CommentSteps - Retrieving comments for post with ID: 3
2024-04-25 19:08:47 [main] DEBUG utils.HttpClient - Making GET request to /posts/3/comments
2024-04-25 19:08:47 [main] DEBUG o.a.h.i.c.BasicClientConnectionManager - Get connection for route {}->http://jsonplaceholder.typicode.com:80
2024-04-25 19:08:47 [main] DEBUG o.a.h.i.c.DefaultClientConnectionOperator - Connecting to jsonplaceholder.typicode.com:80
2024-04-25 19:08:47 [main] DEBUG o.a.h.c.protocol.RequestAddCookies - CookieSpec selected: ignoreCookies
2024-04-25 19:08:47 [main] DEBUG o.a.h.c.protocol.RequestAuthCache - Auth cache not set in the context
2024-04-25 19:08:47 [main] DEBUG o.a.h.c.p.RequestTargetAuthentication - Target auth state: UNCHALLENGED
2024-04-25 19:08:47 [main] DEBUG o.a.h.c.p.RequestProxyAuthentication - Proxy auth state: UNCHALLENGED
2024-04-25 19:08:47 [main] DEBUG o.a.h.impl.client.DefaultHttpClient - Attempt 1 to execute request
2024-04-25 19:08:47 [main] DEBUG o.a.h.i.conn.DefaultClientConnection - Sending request: GET /posts/3/comments HTTP/1.1
2024-04-25 19:08:47 [main] DEBUG org.apache.http.wire -  >> "GET /posts/3/comments HTTP/1.1[\r][\n]"
2024-04-25 19:08:47 [main] DEBUG org.apache.http.wire -  >> "Content-Type: application/json[\r][\n]"
2024-04-25 19:08:47 [main] DEBUG org.apache.http.wire -  >> "Accept: */*[\r][\n]"
2024-04-25 19:08:47 [main] DEBUG org.apache.http.wire -  >> "Host: jsonplaceholder.typicode.com[\r][\n]"
2024-04-25 19:08:47 [main] DEBUG org.apache.http.wire -  >> "Connection: Keep-Alive[\r][\n]"
2024-04-25 19:08:47 [main] DEBUG org.apache.http.wire -  >> "User-Agent: Apache-HttpClient/4.5.13 (Java/21.0.1)[\r][\n]"
2024-04-25 19:08:47 [main] DEBUG org.apache.http.wire -  >> "Accept-Encoding: gzip,deflate[\r][\n]"
2024-04-25 19:08:47 [main] DEBUG org.apache.http.wire -  >> "[\r][\n]"
2024-04-25 19:08:47 [main] DEBUG org.apache.http.headers - >> GET /posts/3/comments HTTP/1.1
2024-04-25 19:08:47 [main] DEBUG org.apache.http.headers - >> Content-Type: application/json
2024-04-25 19:08:47 [main] DEBUG org.apache.http.headers - >> Accept: */*
2024-04-25 19:08:47 [main] DEBUG org.apache.http.headers - >> Host: jsonplaceholder.typicode.com
2024-04-25 19:08:47 [main] DEBUG org.apache.http.headers - >> Connection: Keep-Alive
2024-04-25 19:08:47 [main] DEBUG org.apache.http.headers - >> User-Agent: Apache-HttpClient/4.5.13 (Java/21.0.1)
2024-04-25 19:08:47 [main] DEBUG org.apache.http.headers - >> Accept-Encoding: gzip,deflate
2024-04-25 19:08:47 [main] DEBUG org.apache.http.wire -  << "HTTP/1.1 200 OK[\r][\n]"
2024-04-25 19:08:47 [main] DEBUG org.apache.http.wire -  << "Date: Thu, 25 Apr 2024 13:38:47 GMT[\r][\n]"
2024-04-25 19:08:47 [main] DEBUG org.apache.http.wire -  << "Content-Type: application/json; charset=utf-8[\r][\n]"
2024-04-25 19:08:47 [main] DEBUG org.apache.http.wire -  << "Transfer-Encoding: chunked[\r][\n]"
2024-04-25 19:08:47 [main] DEBUG org.apache.http.wire -  << "Connection: keep-alive[\r][\n]"
2024-04-25 19:08:47 [main] DEBUG org.apache.http.wire -  << "Report-To: {"group":"heroku-nel","max_age":3600,"endpoints":[{"url":"https://nel.heroku.com/reports?ts=1714052327&sid=e11707d5-02a7-43ef-b45e-2cf4d2036f7d&s=IpLIDRR44ubuo0mGUN31zhhxwJLcCEw3GEqUU8iKzNA%3D"}]}[\r][\n]"
2024-04-25 19:08:47 [main] DEBUG org.apache.http.wire -  << "Reporting-Endpoints: heroku-nel=https://nel.heroku.com/reports?ts=1714052327&sid=e11707d5-02a7-43ef-b45e-2cf4d2036f7d&s=IpLIDRR44ubuo0mGUN31zhhxwJLcCEw3GEqUU8iKzNA%3D[\r][\n]"
2024-04-25 19:08:47 [main] DEBUG org.apache.http.wire -  << "Nel: {"report_to":"heroku-nel","max_age":3600,"success_fraction":0.005,"failure_fraction":0.05,"response_headers":["Via"]}[\r][\n]"
2024-04-25 19:08:47 [main] DEBUG org.apache.http.wire -  << "X-Powered-By: Express[\r][\n]"
2024-04-25 19:08:47 [main] DEBUG org.apache.http.wire -  << "X-Ratelimit-Limit: 1000[\r][\n]"
2024-04-25 19:08:47 [main] DEBUG org.apache.http.wire -  << "X-Ratelimit-Remaining: 983[\r][\n]"
2024-04-25 19:08:47 [main] DEBUG org.apache.http.wire -  << "X-Ratelimit-Reset: 1714052359[\r][\n]"
2024-04-25 19:08:47 [main] DEBUG org.apache.http.wire -  << "Vary: Origin, Accept-Encoding[\r][\n]"
2024-04-25 19:08:47 [main] DEBUG org.apache.http.wire -  << "Access-Control-Allow-Credentials: true[\r][\n]"
2024-04-25 19:08:47 [main] DEBUG org.apache.http.wire -  << "Cache-Control: max-age=43200[\r][\n]"
2024-04-25 19:08:47 [main] DEBUG org.apache.http.wire -  << "Pragma: no-cache[\r][\n]"
2024-04-25 19:08:47 [main] DEBUG org.apache.http.wire -  << "Expires: -1[\r][\n]"
2024-04-25 19:08:47 [main] DEBUG org.apache.http.wire -  << "X-Content-Type-Options: nosniff[\r][\n]"
2024-04-25 19:08:47 [main] DEBUG org.apache.http.wire -  << "Etag: W/"619-r52x7zZnoP3BvNNciIFKEb8m7IY"[\r][\n]"
2024-04-25 19:08:47 [main] DEBUG org.apache.http.wire -  << "Content-Encoding: gzip[\r][\n]"
2024-04-25 19:08:47 [main] DEBUG org.apache.http.wire -  << "Via: 1.1 vegur[\r][\n]"
2024-04-25 19:08:47 [main] DEBUG org.apache.http.wire -  << "CF-Cache-Status: MISS[\r][\n]"
2024-04-25 19:08:47 [main] DEBUG org.apache.http.wire -  << "Server: cloudflare[\r][\n]"
2024-04-25 19:08:47 [main] DEBUG org.apache.http.wire -  << "CF-RAY: 879ebc44e8487eea-MAA[\r][\n]"
2024-04-25 19:08:47 [main] DEBUG org.apache.http.wire -  << "alt-svc: h3=":443"; ma=86400[\r][\n]"
2024-04-25 19:08:47 [main] DEBUG org.apache.http.wire -  << "[\r][\n]"
2024-04-25 19:08:47 [main] DEBUG o.a.h.i.conn.DefaultClientConnection - Receiving response: HTTP/1.1 200 OK
2024-04-25 19:08:47 [main] DEBUG org.apache.http.headers - << HTTP/1.1 200 OK
2024-04-25 19:08:47 [main] DEBUG org.apache.http.headers - << Date: Thu, 25 Apr 2024 13:38:47 GMT
2024-04-25 19:08:47 [main] DEBUG org.apache.http.headers - << Content-Type: application/json; charset=utf-8
2024-04-25 19:08:47 [main] DEBUG org.apache.http.headers - << Transfer-Encoding: chunked
2024-04-25 19:08:47 [main] DEBUG org.apache.http.headers - << Connection: keep-alive
2024-04-25 19:08:47 [main] DEBUG org.apache.http.headers - << Report-To: {"group":"heroku-nel","max_age":3600,"endpoints":[{"url":"https://nel.heroku.com/reports?ts=1714052327&sid=e11707d5-02a7-43ef-b45e-2cf4d2036f7d&s=IpLIDRR44ubuo0mGUN31zhhxwJLcCEw3GEqUU8iKzNA%3D"}]}
2024-04-25 19:08:47 [main] DEBUG org.apache.http.headers - << Reporting-Endpoints: heroku-nel=https://nel.heroku.com/reports?ts=1714052327&sid=e11707d5-02a7-43ef-b45e-2cf4d2036f7d&s=IpLIDRR44ubuo0mGUN31zhhxwJLcCEw3GEqUU8iKzNA%3D
2024-04-25 19:08:47 [main] DEBUG org.apache.http.headers - << Nel: {"report_to":"heroku-nel","max_age":3600,"success_fraction":0.005,"failure_fraction":0.05,"response_headers":["Via"]}
2024-04-25 19:08:47 [main] DEBUG org.apache.http.headers - << X-Powered-By: Express
2024-04-25 19:08:47 [main] DEBUG org.apache.http.headers - << X-Ratelimit-Limit: 1000
2024-04-25 19:08:47 [main] DEBUG org.apache.http.headers - << X-Ratelimit-Remaining: 983
2024-04-25 19:08:47 [main] DEBUG org.apache.http.headers - << X-Ratelimit-Reset: 1714052359
2024-04-25 19:08:47 [main] DEBUG org.apache.http.headers - << Vary: Origin, Accept-Encoding
2024-04-25 19:08:47 [main] DEBUG org.apache.http.headers - << Access-Control-Allow-Credentials: true
2024-04-25 19:08:47 [main] DEBUG org.apache.http.headers - << Cache-Control: max-age=43200
2024-04-25 19:08:47 [main] DEBUG org.apache.http.headers - << Pragma: no-cache
2024-04-25 19:08:47 [main] DEBUG org.apache.http.headers - << Expires: -1
2024-04-25 19:08:47 [main] DEBUG org.apache.http.headers - << X-Content-Type-Options: nosniff
2024-04-25 19:08:47 [main] DEBUG org.apache.http.headers - << Etag: W/"619-r52x7zZnoP3BvNNciIFKEb8m7IY"
2024-04-25 19:08:47 [main] DEBUG org.apache.http.headers - << Content-Encoding: gzip
2024-04-25 19:08:47 [main] DEBUG org.apache.http.headers - << Via: 1.1 vegur
2024-04-25 19:08:47 [main] DEBUG org.apache.http.headers - << CF-Cache-Status: MISS
2024-04-25 19:08:47 [main] DEBUG org.apache.http.headers - << Server: cloudflare
2024-04-25 19:08:47 [main] DEBUG org.apache.http.headers - << CF-RAY: 879ebc44e8487eea-MAA
2024-04-25 19:08:47 [main] DEBUG org.apache.http.headers - << alt-svc: h3=":443"; ma=86400
2024-04-25 19:08:47 [main] DEBUG o.a.h.impl.client.DefaultHttpClient - Connection can be kept alive indefinitely
2024-04-25 19:08:47 [main] DEBUG i.r.internal.RestAssuredHttpBuilder - Parsing response as: application/json; charset=utf-8
2024-04-25 19:08:47 [main] DEBUG org.apache.http.wire -  << "2b9[\r][\n]"
2024-04-25 19:08:47 [main] DEBUG org.apache.http.wire -  << "[0x1f][0x8b][0x8][0x0][0x0][0x0][0x0][0x0][0x0][0x3][0x8d][0x94][0xcb]nSA[0xc][0x86][0xf7]<[0xc5]([0xeb]*R)lXe[0x7][0x8][0x1][0xbb]n[0x8]B[0xce][0x8c][0x9b][0x1a]f[0xc6][0xa7]sI[0x1b][0x10][0xef][0xce][0xef]sr[0xa9]N[0x16]t[0x91]s[0x8b][0xc7][0x97][0xcf][0xbf][0xfd][0xed][0x95]s[0xf0]sn1hm[0x1f][0xc3][0xe2][0x9d][0xbb][0xb9][0x9a]>[0x88][0xbd]\_[0x1f][0xde]2%[0xc6][0xfb][0xe2][0xae]o[0xa5][0xb9]H[0x1b]-[0xec][0x1e][0xba][0x90]K[0x1a][0xa3]4<<t[0xaa].p[0xe5][0xd2]ss[0x19][0xfe]JO[0xae][0xe2]eqp[0xc2][0x89]$[0x9a][0x97][.[0x9a][0xc5][0xd3][0x8f][0xf7][0xaa][0xe1]Q[0xf2][0xaa]IJ[0xda][0xee][0xf7][0xcb][0xcc]'[0xeb][0x8d][0x86][0xbd][0x19][0xf7][0xe6][0x82]F5gG[0xa7][0x12][0xa6][0xd8][0x84][0xff][0xb8][0xb6]uFZdON[0xf2][0x8e]s[0xb3][0xe4]v[0x1c][0x1d]G[0xd9]r[0xe][0xe2][0xf8]i[0x88][0x88][0xb7]Q;W[0x9d][0xd7]\[0xd9]7n[0xbd][0xac][0xb3]9Q[0xef][0x89]=5q[0x85][0x7][0x8e][0x91][0x9a][0xc5][0xc8][0xd4]z[0xc5][0x9][0x9d][0x82][0xc0]n[0x13][0x9][0xee][0x9a]H[0x9d][0x12][0xc0]'[0x8b][0x83][0x1b]JC[0xd4][0xea][0x98][0x16]H[0xff][0xef][0xd5][0xc9][0xbe][0x9e][0x91]M[0x8a]<[0xad][0x1e][0xad]S[0xbd]p&1Z[0xd5][0x94][0xa6]/[0x17][0x1c][0xbf][0xd6]G[0x8a]ay[0x8b][0xa4][0xb8][0xec][0xb4][0xb4]Ud[0xca][0x99][0x97]Z[0xb6]s[0x8c]@[0xc0]H[0x9d]N[0x99][0x6][0xd9]f[0xa9]U[0x12][0x2][0xde][0x91][0x97](u[0x9d]e[0xa8][0x88]h$[0xb]O[0xf7][0xa9][0xe3][0xa8][0x12][0xd7][0xca][0xa8]z[0x9d][0x19]&[0xc8]VOy[0x8e]w[0xd7][0xb4]QZ[0xe7]g,q[0xd1][0xcc][0x8e][0x5][0x18][0xcd][0xdf][0xe8][0xe5][0x85]|nf|[0xac]M[0xe7][0xee]f[0xcd]n[0xa0]"[0xe8]Pq[0xd5][0x12]Dih[0xba][0xc6]>4j[0x88]Ui[0x10][0x18][0xf3][0x5][0xb4]Ov,[0xf3][0xea]'[0x85]}^[0xb6][0xdd][0x1c][0xd4][0xa4]%[0x1d];|[0xa8][0xac]@[0xd3][0xa8][0xec][0x1c][0xde]k[0x19][0xb4]@[0x5][0xfc][0xc4][0xc5]#[0xf4]X(LN[0xf8]>[0x88][0xe1]n([0xbf][0x9d][0xc7][0xa2][0xb0][0xef][0x15][0xed]B[0xae][0x6][0xb7]r8([0xb2][0xc7][0x81]&[0xb2][0xc7][0xfe][0x9c]c[0xbc][0x14][0xd9][0x9b][0x19]2[0x4][0xd6][0xbb];[0xf1]&W[0xc8]y([0x84]4r[0x13][0x4][0xb9][0x17]?N[0xf][0xfa]M[0x87]6&[0xd3]~[0xf]2fwA[0xed][0xb][0xb5]{[0xca][0xab][\n]"
2024-04-25 19:08:47 [main] DEBUG org.apache.http.wire -  << "[0xd3][0xbc][0x14][0x9d]C[0xb3])[0xc0][0x2]8u`[0xa2]7[0xa7]sl[0x8f]l [0x88][0xe][0xd1][0x1a][0x80]uN[0x92]%[0x91]q[0xb2]C[0x96]RrT[0x7].6[0x80][0x98][0xd0]g[0xd2][0xdd][0xda]0D[0xea][0x81][0xa6]:pf<F[0xc][0xb1][0xd9][0xf8][0x9c][0x9a][0xd6][0xd3][0xb][0xa9][0xbd][0x9d]Q[0xb][0xbc][0xc1][0x84][0xd7]c0#[0x5][0xb1][0xb7][0x11]W[0xc7]j8[0xaf][0xa1][0xc6][0xd9]V[0xc8][0x5][0xab][0xcf][0xb4][0xcf]T[0xc2][0xf2][0x83][0x86]_[0xc2][0x8f][0xe2][0xaf][0x8a]n[0xb8]4ZzMstY[0xee]e\!'[0xf1][0xd6][0xe7]{[0x6]a[0xf9]8n[0xe2][0x1][0xe1] F[0x93][\r][0xea]6[0xa1]ce[0x8d] lI[0xd9][0xbe][0x1d]W[0xb1]8 [0xd7][0xe7][0xac][0x8e]"[0x4]p[0x8d]0[0x16]t[0x9][0xbe]!2[0x1a][0x97][0x9c]m[0xb4][0x91][0xd9][0xab][0xef][0xff][0x0][0xcd]3[0xfa][0xaf][0x19][0x6][0x0][0x0]"
2024-04-25 19:08:47 [main] DEBUG org.apache.http.wire -  << "[\r][\n]"
2024-04-25 19:08:47 [main] DEBUG org.apache.http.wire -  << "0[\r][\n]"
2024-04-25 19:08:47 [main] DEBUG org.apache.http.wire -  << "[\r][\n]"
2024-04-25 19:08:47 [main] DEBUG i.r.internal.RestAssuredHttpBuilder - Parsed data to instance of: class org.apache.http.conn.EofSensorInputStream
2024-04-25 19:08:47 [main] DEBUG o.a.h.i.c.BasicClientConnectionManager - Releasing connection org.apache.http.impl.conn.ManagedClientConnectionImpl@a21c74
2024-04-25 19:08:47 [main] DEBUG o.a.h.i.c.BasicClientConnectionManager - Connection can be kept alive indefinitely
2024-04-25 19:08:47 [main] DEBUG utils.HttpClient - Received response: [
  {
    "postId": 3,
    "id": 11,
    "name": "fugit labore quia mollitia quas deserunt nostrum sunt",
    "email": "Veronica_Goodwin@timmothy.net",
    "body": "ut dolorum nostrum id quia aut est\nfuga est inventore vel eligendi explicabo quis consectetur\naut occaecati repellat id natus quo est\nut blanditiis quia ut vel ut maiores ea"
  },
  {
    "postId": 3,
    "id": 12,
    "name": "modi ut eos dolores illum nam dolor",
    "email": "Oswald.Vandervort@leanne.org",
    "body": "expedita maiores dignissimos facilis\nipsum est rem est fugit velit sequi\neum odio dolores dolor totam\noccaecati ratione eius rem velit"
  },
  {
    "postId": 3,
    "id": 13,
    "name": "aut inventore non pariatur sit vitae voluptatem sapiente",
    "email": "Kariane@jadyn.tv",
    "body": "fuga eos qui dolor rerum\ninventore corporis exercitationem\ncorporis cupiditate et deserunt recusandae est sed quis culpa\neum maiores corporis et"
  },
  {
    "postId": 3,
    "id": 14,
    "name": "et officiis id praesentium hic aut ipsa dolorem repudiandae",
    "email": "Nathan@solon.io",
    "body": "vel quae voluptas qui exercitationem\nvoluptatibus unde sed\nminima et qui ipsam aspernatur\nexpedita magnam laudantium et et quaerat ut qui dolorum"
  },
  {
    "postId": 3,
    "id": 15,
    "name": "debitis magnam hic odit aut ullam nostrum tenetur",
    "email": "Maynard.Hodkiewicz@roberta.com",
    "body": "nihil ut voluptates blanditiis autem odio dicta rerum\nquisquam saepe et est\nsunt quasi nemo laudantium deserunt\nmolestias tempora quo quia"
  }
]
  When the user retrieves comments for post with ID 3          # stepDefinitions.comments.CommentSteps.theUserRetrievesCommentsForPostWithID(int)
2024-04-25 19:08:47 [main] INFO  s.comments.CommentSteps - Comments found for post with ID: 3
  Then the response should contain comments for post with ID 3 # stepDefinitions.comments.CommentSteps.theResponseShouldContainCommentsForPostWithID(int)
]]></system-out>
  </testcase>
  <testcase name="User cannot view a non-existent post" classname="Social Network - Posts and Comments" time="0.622">
    <system-out><![CDATA[
@RegressionTest
Scenario: User cannot view a non-existent post     # src/test/resources/features/social-network-test.feature:69
2024-04-25 19:08:47 [main] INFO  stepDefinitions.utils.TestContext - TestContext initialized with base URL: http://jsonplaceholder.typicode.com
  Given a user is registered on the social network # stepDefinitions.posts.PostSteps.aUserIsRegisteredOnTheSocialNetwork()
2024-04-25 19:08:47 [main] DEBUG utils.HttpClient - Making GET request to /posts/-1
2024-04-25 19:08:47 [main] DEBUG o.a.h.i.c.BasicClientConnectionManager - Get connection for route {}->http://jsonplaceholder.typicode.com:80
2024-04-25 19:08:47 [main] DEBUG o.a.h.i.c.DefaultClientConnectionOperator - Connecting to jsonplaceholder.typicode.com:80
2024-04-25 19:08:47 [main] DEBUG o.a.h.c.protocol.RequestAddCookies - CookieSpec selected: ignoreCookies
2024-04-25 19:08:47 [main] DEBUG o.a.h.c.protocol.RequestAuthCache - Auth cache not set in the context
2024-04-25 19:08:47 [main] DEBUG o.a.h.c.p.RequestTargetAuthentication - Target auth state: UNCHALLENGED
2024-04-25 19:08:47 [main] DEBUG o.a.h.c.p.RequestProxyAuthentication - Proxy auth state: UNCHALLENGED
2024-04-25 19:08:47 [main] DEBUG o.a.h.impl.client.DefaultHttpClient - Attempt 1 to execute request
2024-04-25 19:08:47 [main] DEBUG o.a.h.i.conn.DefaultClientConnection - Sending request: GET /posts/-1 HTTP/1.1
2024-04-25 19:08:47 [main] DEBUG org.apache.http.wire -  >> "GET /posts/-1 HTTP/1.1[\r][\n]"
2024-04-25 19:08:47 [main] DEBUG org.apache.http.wire -  >> "Content-Type: application/json[\r][\n]"
2024-04-25 19:08:47 [main] DEBUG org.apache.http.wire -  >> "Accept: */*[\r][\n]"
2024-04-25 19:08:47 [main] DEBUG org.apache.http.wire -  >> "Host: jsonplaceholder.typicode.com[\r][\n]"
2024-04-25 19:08:47 [main] DEBUG org.apache.http.wire -  >> "Connection: Keep-Alive[\r][\n]"
2024-04-25 19:08:47 [main] DEBUG org.apache.http.wire -  >> "User-Agent: Apache-HttpClient/4.5.13 (Java/21.0.1)[\r][\n]"
2024-04-25 19:08:47 [main] DEBUG org.apache.http.wire -  >> "Accept-Encoding: gzip,deflate[\r][\n]"
2024-04-25 19:08:47 [main] DEBUG org.apache.http.wire -  >> "[\r][\n]"
2024-04-25 19:08:47 [main] DEBUG org.apache.http.headers - >> GET /posts/-1 HTTP/1.1
2024-04-25 19:08:47 [main] DEBUG org.apache.http.headers - >> Content-Type: application/json
2024-04-25 19:08:47 [main] DEBUG org.apache.http.headers - >> Accept: */*
2024-04-25 19:08:47 [main] DEBUG org.apache.http.headers - >> Host: jsonplaceholder.typicode.com
2024-04-25 19:08:47 [main] DEBUG org.apache.http.headers - >> Connection: Keep-Alive
2024-04-25 19:08:47 [main] DEBUG org.apache.http.headers - >> User-Agent: Apache-HttpClient/4.5.13 (Java/21.0.1)
2024-04-25 19:08:47 [main] DEBUG org.apache.http.headers - >> Accept-Encoding: gzip,deflate
2024-04-25 19:08:48 [main] DEBUG org.apache.http.wire -  << "HTTP/1.1 404 Not Found[\r][\n]"
2024-04-25 19:08:48 [main] DEBUG org.apache.http.wire -  << "Date: Thu, 25 Apr 2024 13:38:48 GMT[\r][\n]"
2024-04-25 19:08:48 [main] DEBUG org.apache.http.wire -  << "Content-Type: application/json; charset=utf-8[\r][\n]"
2024-04-25 19:08:48 [main] DEBUG org.apache.http.wire -  << "Content-Length: 2[\r][\n]"
2024-04-25 19:08:48 [main] DEBUG org.apache.http.wire -  << "Connection: keep-alive[\r][\n]"
2024-04-25 19:08:48 [main] DEBUG org.apache.http.wire -  << "Report-To: {"group":"heroku-nel","max_age":3600,"endpoints":[{"url":"https://nel.heroku.com/reports?ts=1714052328&sid=e11707d5-02a7-43ef-b45e-2cf4d2036f7d&s=Banoa6SboCqg7NUcnSQedSaw68jvUBUvTpvfDOj3bdI%3D"}]}[\r][\n]"
2024-04-25 19:08:48 [main] DEBUG org.apache.http.wire -  << "Reporting-Endpoints: heroku-nel=https://nel.heroku.com/reports?ts=1714052328&sid=e11707d5-02a7-43ef-b45e-2cf4d2036f7d&s=Banoa6SboCqg7NUcnSQedSaw68jvUBUvTpvfDOj3bdI%3D[\r][\n]"
2024-04-25 19:08:48 [main] DEBUG org.apache.http.wire -  << "Nel: {"report_to":"heroku-nel","max_age":3600,"success_fraction":0.005,"failure_fraction":0.05,"response_headers":["Via"]}[\r][\n]"
2024-04-25 19:08:48 [main] DEBUG org.apache.http.wire -  << "X-Powered-By: Express[\r][\n]"
2024-04-25 19:08:48 [main] DEBUG org.apache.http.wire -  << "X-Ratelimit-Limit: 1000[\r][\n]"
2024-04-25 19:08:48 [main] DEBUG org.apache.http.wire -  << "X-Ratelimit-Remaining: 982[\r][\n]"
2024-04-25 19:08:48 [main] DEBUG org.apache.http.wire -  << "X-Ratelimit-Reset: 1714052359[\r][\n]"
2024-04-25 19:08:48 [main] DEBUG org.apache.http.wire -  << "Vary: Origin, Accept-Encoding[\r][\n]"
2024-04-25 19:08:48 [main] DEBUG org.apache.http.wire -  << "Access-Control-Allow-Credentials: true[\r][\n]"
2024-04-25 19:08:48 [main] DEBUG org.apache.http.wire -  << "Cache-Control: max-age=43200[\r][\n]"
2024-04-25 19:08:48 [main] DEBUG org.apache.http.wire -  << "Pragma: no-cache[\r][\n]"
2024-04-25 19:08:48 [main] DEBUG org.apache.http.wire -  << "Expires: -1[\r][\n]"
2024-04-25 19:08:48 [main] DEBUG org.apache.http.wire -  << "X-Content-Type-Options: nosniff[\r][\n]"
2024-04-25 19:08:48 [main] DEBUG org.apache.http.wire -  << "Etag: W/"2-vyGp6PvFo4RvsFtPoIWeCReyIC8"[\r][\n]"
2024-04-25 19:08:48 [main] DEBUG org.apache.http.wire -  << "Via: 1.1 vegur[\r][\n]"
2024-04-25 19:08:48 [main] DEBUG org.apache.http.wire -  << "CF-Cache-Status: MISS[\r][\n]"
2024-04-25 19:08:48 [main] DEBUG org.apache.http.wire -  << "Server: cloudflare[\r][\n]"
2024-04-25 19:08:48 [main] DEBUG org.apache.http.wire -  << "CF-RAY: 879ebc48cdfd7ed3-MAA[\r][\n]"
2024-04-25 19:08:48 [main] DEBUG org.apache.http.wire -  << "alt-svc: h3=":443"; ma=86400[\r][\n]"
2024-04-25 19:08:48 [main] DEBUG org.apache.http.wire -  << "[\r][\n]"
2024-04-25 19:08:48 [main] DEBUG o.a.h.i.conn.DefaultClientConnection - Receiving response: HTTP/1.1 404 Not Found
2024-04-25 19:08:48 [main] DEBUG org.apache.http.headers - << HTTP/1.1 404 Not Found
2024-04-25 19:08:48 [main] DEBUG org.apache.http.headers - << Date: Thu, 25 Apr 2024 13:38:48 GMT
2024-04-25 19:08:48 [main] DEBUG org.apache.http.headers - << Content-Type: application/json; charset=utf-8
2024-04-25 19:08:48 [main] DEBUG org.apache.http.headers - << Content-Length: 2
2024-04-25 19:08:48 [main] DEBUG org.apache.http.headers - << Connection: keep-alive
2024-04-25 19:08:48 [main] DEBUG org.apache.http.headers - << Report-To: {"group":"heroku-nel","max_age":3600,"endpoints":[{"url":"https://nel.heroku.com/reports?ts=1714052328&sid=e11707d5-02a7-43ef-b45e-2cf4d2036f7d&s=Banoa6SboCqg7NUcnSQedSaw68jvUBUvTpvfDOj3bdI%3D"}]}
2024-04-25 19:08:48 [main] DEBUG org.apache.http.headers - << Reporting-Endpoints: heroku-nel=https://nel.heroku.com/reports?ts=1714052328&sid=e11707d5-02a7-43ef-b45e-2cf4d2036f7d&s=Banoa6SboCqg7NUcnSQedSaw68jvUBUvTpvfDOj3bdI%3D
2024-04-25 19:08:48 [main] DEBUG org.apache.http.headers - << Nel: {"report_to":"heroku-nel","max_age":3600,"success_fraction":0.005,"failure_fraction":0.05,"response_headers":["Via"]}
2024-04-25 19:08:48 [main] DEBUG org.apache.http.headers - << X-Powered-By: Express
2024-04-25 19:08:48 [main] DEBUG org.apache.http.headers - << X-Ratelimit-Limit: 1000
2024-04-25 19:08:48 [main] DEBUG org.apache.http.headers - << X-Ratelimit-Remaining: 982
2024-04-25 19:08:48 [main] DEBUG org.apache.http.headers - << X-Ratelimit-Reset: 1714052359
2024-04-25 19:08:48 [main] DEBUG org.apache.http.headers - << Vary: Origin, Accept-Encoding
2024-04-25 19:08:48 [main] DEBUG org.apache.http.headers - << Access-Control-Allow-Credentials: true
2024-04-25 19:08:48 [main] DEBUG org.apache.http.headers - << Cache-Control: max-age=43200
2024-04-25 19:08:48 [main] DEBUG org.apache.http.headers - << Pragma: no-cache
2024-04-25 19:08:48 [main] DEBUG org.apache.http.headers - << Expires: -1
2024-04-25 19:08:48 [main] DEBUG org.apache.http.headers - << X-Content-Type-Options: nosniff
2024-04-25 19:08:48 [main] DEBUG org.apache.http.headers - << Etag: W/"2-vyGp6PvFo4RvsFtPoIWeCReyIC8"
2024-04-25 19:08:48 [main] DEBUG org.apache.http.headers - << Via: 1.1 vegur
2024-04-25 19:08:48 [main] DEBUG org.apache.http.headers - << CF-Cache-Status: MISS
2024-04-25 19:08:48 [main] DEBUG org.apache.http.headers - << Server: cloudflare
2024-04-25 19:08:48 [main] DEBUG org.apache.http.headers - << CF-RAY: 879ebc48cdfd7ed3-MAA
2024-04-25 19:08:48 [main] DEBUG org.apache.http.headers - << alt-svc: h3=":443"; ma=86400
2024-04-25 19:08:48 [main] DEBUG o.a.h.impl.client.DefaultHttpClient - Connection can be kept alive indefinitely
2024-04-25 19:08:48 [main] DEBUG i.r.internal.RestAssuredHttpBuilder - Parsing response as: application/json; charset=utf-8
2024-04-25 19:08:48 [main] DEBUG i.r.internal.RestAssuredHttpBuilder - Parsed data to instance of: class org.apache.http.conn.EofSensorInputStream
2024-04-25 19:08:48 [main] DEBUG org.apache.http.wire -  << "{}"
2024-04-25 19:08:48 [main] DEBUG o.a.h.i.c.BasicClientConnectionManager - Releasing connection org.apache.http.impl.conn.ManagedClientConnectionImpl@6cdbe5ec
2024-04-25 19:08:48 [main] DEBUG o.a.h.i.c.BasicClientConnectionManager - Connection can be kept alive indefinitely
2024-04-25 19:08:48 [main] DEBUG utils.HttpClient - Received response: {}
  When the user retrieves a post by post id -1     # stepDefinitions.posts.PostSteps.theUserRetrievesPostByID(int)
  Then the response should contain 404 status code # stepDefinitions.posts.PostSteps.the_post_should_successful(int)
]]></system-out>
  </testcase>
  <testcase name="User cannot delete a non-existent post" classname="Social Network - Posts and Comments" time="0.468">
    <system-out><![CDATA[
@RegressionTest
Scenario: User cannot delete a non-existent post   # src/test/resources/features/social-network-test.feature:74
2024-04-25 19:08:48 [main] INFO  stepDefinitions.utils.TestContext - TestContext initialized with base URL: http://jsonplaceholder.typicode.com
  Given a user is registered on the social network # stepDefinitions.posts.PostSteps.aUserIsRegisteredOnTheSocialNetwork()
2024-04-25 19:08:48 [main] DEBUG o.a.h.i.c.BasicClientConnectionManager - Get connection for route {}->http://jsonplaceholder.typicode.com:80
2024-04-25 19:08:48 [main] DEBUG o.a.h.i.c.DefaultClientConnectionOperator - Connecting to jsonplaceholder.typicode.com:80
2024-04-25 19:08:48 [main] DEBUG o.a.h.c.protocol.RequestAddCookies - CookieSpec selected: ignoreCookies
2024-04-25 19:08:48 [main] DEBUG o.a.h.c.protocol.RequestAuthCache - Auth cache not set in the context
2024-04-25 19:08:48 [main] DEBUG o.a.h.c.p.RequestTargetAuthentication - Target auth state: UNCHALLENGED
2024-04-25 19:08:48 [main] DEBUG o.a.h.c.p.RequestProxyAuthentication - Proxy auth state: UNCHALLENGED
2024-04-25 19:08:48 [main] DEBUG o.a.h.impl.client.DefaultHttpClient - Attempt 1 to execute request
2024-04-25 19:08:48 [main] DEBUG o.a.h.i.conn.DefaultClientConnection - Sending request: DELETE /posts/-100 HTTP/1.1
2024-04-25 19:08:48 [main] DEBUG org.apache.http.wire -  >> "DELETE /posts/-100 HTTP/1.1[\r][\n]"
2024-04-25 19:08:48 [main] DEBUG org.apache.http.wire -  >> "Content-Type: application/json[\r][\n]"
2024-04-25 19:08:48 [main] DEBUG org.apache.http.wire -  >> "Accept: */*[\r][\n]"
2024-04-25 19:08:48 [main] DEBUG org.apache.http.wire -  >> "Host: jsonplaceholder.typicode.com[\r][\n]"
2024-04-25 19:08:48 [main] DEBUG org.apache.http.wire -  >> "Connection: Keep-Alive[\r][\n]"
2024-04-25 19:08:48 [main] DEBUG org.apache.http.wire -  >> "User-Agent: Apache-HttpClient/4.5.13 (Java/21.0.1)[\r][\n]"
2024-04-25 19:08:48 [main] DEBUG org.apache.http.wire -  >> "Accept-Encoding: gzip,deflate[\r][\n]"
2024-04-25 19:08:48 [main] DEBUG org.apache.http.wire -  >> "[\r][\n]"
2024-04-25 19:08:48 [main] DEBUG org.apache.http.headers - >> DELETE /posts/-100 HTTP/1.1
2024-04-25 19:08:48 [main] DEBUG org.apache.http.headers - >> Content-Type: application/json
2024-04-25 19:08:48 [main] DEBUG org.apache.http.headers - >> Accept: */*
2024-04-25 19:08:48 [main] DEBUG org.apache.http.headers - >> Host: jsonplaceholder.typicode.com
2024-04-25 19:08:48 [main] DEBUG org.apache.http.headers - >> Connection: Keep-Alive
2024-04-25 19:08:48 [main] DEBUG org.apache.http.headers - >> User-Agent: Apache-HttpClient/4.5.13 (Java/21.0.1)
2024-04-25 19:08:48 [main] DEBUG org.apache.http.headers - >> Accept-Encoding: gzip,deflate
2024-04-25 19:08:49 [main] DEBUG org.apache.http.wire -  << "HTTP/1.1 200 OK[\r][\n]"
2024-04-25 19:08:49 [main] DEBUG org.apache.http.wire -  << "Date: Thu, 25 Apr 2024 13:38:48 GMT[\r][\n]"
2024-04-25 19:08:49 [main] DEBUG org.apache.http.wire -  << "Content-Type: application/json; charset=utf-8[\r][\n]"
2024-04-25 19:08:49 [main] DEBUG org.apache.http.wire -  << "Content-Length: 2[\r][\n]"
2024-04-25 19:08:49 [main] DEBUG org.apache.http.wire -  << "Connection: keep-alive[\r][\n]"
2024-04-25 19:08:49 [main] DEBUG org.apache.http.wire -  << "Report-To: {"group":"heroku-nel","max_age":3600,"endpoints":[{"url":"https://nel.heroku.com/reports?ts=1714052328&sid=e11707d5-02a7-43ef-b45e-2cf4d2036f7d&s=Banoa6SboCqg7NUcnSQedSaw68jvUBUvTpvfDOj3bdI%3D"}]}[\r][\n]"
2024-04-25 19:08:49 [main] DEBUG org.apache.http.wire -  << "Reporting-Endpoints: heroku-nel=https://nel.heroku.com/reports?ts=1714052328&sid=e11707d5-02a7-43ef-b45e-2cf4d2036f7d&s=Banoa6SboCqg7NUcnSQedSaw68jvUBUvTpvfDOj3bdI%3D[\r][\n]"
2024-04-25 19:08:49 [main] DEBUG org.apache.http.wire -  << "Nel: {"report_to":"heroku-nel","max_age":3600,"success_fraction":0.005,"failure_fraction":0.05,"response_headers":["Via"]}[\r][\n]"
2024-04-25 19:08:49 [main] DEBUG org.apache.http.wire -  << "X-Powered-By: Express[\r][\n]"
2024-04-25 19:08:49 [main] DEBUG org.apache.http.wire -  << "X-Ratelimit-Limit: 1000[\r][\n]"
2024-04-25 19:08:49 [main] DEBUG org.apache.http.wire -  << "X-Ratelimit-Remaining: 981[\r][\n]"
2024-04-25 19:08:49 [main] DEBUG org.apache.http.wire -  << "X-Ratelimit-Reset: 1714052359[\r][\n]"
2024-04-25 19:08:49 [main] DEBUG org.apache.http.wire -  << "Vary: Origin, Accept-Encoding[\r][\n]"
2024-04-25 19:08:49 [main] DEBUG org.apache.http.wire -  << "Access-Control-Allow-Credentials: true[\r][\n]"
2024-04-25 19:08:49 [main] DEBUG org.apache.http.wire -  << "Cache-Control: no-cache[\r][\n]"
2024-04-25 19:08:49 [main] DEBUG org.apache.http.wire -  << "Pragma: no-cache[\r][\n]"
2024-04-25 19:08:49 [main] DEBUG org.apache.http.wire -  << "Expires: -1[\r][\n]"
2024-04-25 19:08:49 [main] DEBUG org.apache.http.wire -  << "X-Content-Type-Options: nosniff[\r][\n]"
2024-04-25 19:08:49 [main] DEBUG org.apache.http.wire -  << "Etag: W/"2-vyGp6PvFo4RvsFtPoIWeCReyIC8"[\r][\n]"
2024-04-25 19:08:49 [main] DEBUG org.apache.http.wire -  << "Via: 1.1 vegur[\r][\n]"
2024-04-25 19:08:49 [main] DEBUG org.apache.http.wire -  << "CF-Cache-Status: DYNAMIC[\r][\n]"
2024-04-25 19:08:49 [main] DEBUG org.apache.http.wire -  << "Server: cloudflare[\r][\n]"
2024-04-25 19:08:49 [main] DEBUG org.apache.http.wire -  << "CF-RAY: 879ebc4cbd0d490d-BOM[\r][\n]"
2024-04-25 19:08:49 [main] DEBUG org.apache.http.wire -  << "alt-svc: h3=":443"; ma=86400[\r][\n]"
2024-04-25 19:08:49 [main] DEBUG org.apache.http.wire -  << "[\r][\n]"
2024-04-25 19:08:49 [main] DEBUG o.a.h.i.conn.DefaultClientConnection - Receiving response: HTTP/1.1 200 OK
2024-04-25 19:08:49 [main] DEBUG org.apache.http.headers - << HTTP/1.1 200 OK
2024-04-25 19:08:49 [main] DEBUG org.apache.http.headers - << Date: Thu, 25 Apr 2024 13:38:48 GMT
2024-04-25 19:08:49 [main] DEBUG org.apache.http.headers - << Content-Type: application/json; charset=utf-8
2024-04-25 19:08:49 [main] DEBUG org.apache.http.headers - << Content-Length: 2
2024-04-25 19:08:49 [main] DEBUG org.apache.http.headers - << Connection: keep-alive
2024-04-25 19:08:49 [main] DEBUG org.apache.http.headers - << Report-To: {"group":"heroku-nel","max_age":3600,"endpoints":[{"url":"https://nel.heroku.com/reports?ts=1714052328&sid=e11707d5-02a7-43ef-b45e-2cf4d2036f7d&s=Banoa6SboCqg7NUcnSQedSaw68jvUBUvTpvfDOj3bdI%3D"}]}
2024-04-25 19:08:49 [main] DEBUG org.apache.http.headers - << Reporting-Endpoints: heroku-nel=https://nel.heroku.com/reports?ts=1714052328&sid=e11707d5-02a7-43ef-b45e-2cf4d2036f7d&s=Banoa6SboCqg7NUcnSQedSaw68jvUBUvTpvfDOj3bdI%3D
2024-04-25 19:08:49 [main] DEBUG org.apache.http.headers - << Nel: {"report_to":"heroku-nel","max_age":3600,"success_fraction":0.005,"failure_fraction":0.05,"response_headers":["Via"]}
2024-04-25 19:08:49 [main] DEBUG org.apache.http.headers - << X-Powered-By: Express
2024-04-25 19:08:49 [main] DEBUG org.apache.http.headers - << X-Ratelimit-Limit: 1000
2024-04-25 19:08:49 [main] DEBUG org.apache.http.headers - << X-Ratelimit-Remaining: 981
2024-04-25 19:08:49 [main] DEBUG org.apache.http.headers - << X-Ratelimit-Reset: 1714052359
2024-04-25 19:08:49 [main] DEBUG org.apache.http.headers - << Vary: Origin, Accept-Encoding
2024-04-25 19:08:49 [main] DEBUG org.apache.http.headers - << Access-Control-Allow-Credentials: true
2024-04-25 19:08:49 [main] DEBUG org.apache.http.headers - << Cache-Control: no-cache
2024-04-25 19:08:49 [main] DEBUG org.apache.http.headers - << Pragma: no-cache
2024-04-25 19:08:49 [main] DEBUG org.apache.http.headers - << Expires: -1
2024-04-25 19:08:49 [main] DEBUG org.apache.http.headers - << X-Content-Type-Options: nosniff
2024-04-25 19:08:49 [main] DEBUG org.apache.http.headers - << Etag: W/"2-vyGp6PvFo4RvsFtPoIWeCReyIC8"
2024-04-25 19:08:49 [main] DEBUG org.apache.http.headers - << Via: 1.1 vegur
2024-04-25 19:08:49 [main] DEBUG org.apache.http.headers - << CF-Cache-Status: DYNAMIC
2024-04-25 19:08:49 [main] DEBUG org.apache.http.headers - << Server: cloudflare
2024-04-25 19:08:49 [main] DEBUG org.apache.http.headers - << CF-RAY: 879ebc4cbd0d490d-BOM
2024-04-25 19:08:49 [main] DEBUG org.apache.http.headers - << alt-svc: h3=":443"; ma=86400
2024-04-25 19:08:49 [main] DEBUG o.a.h.impl.client.DefaultHttpClient - Connection can be kept alive indefinitely
2024-04-25 19:08:49 [main] DEBUG i.r.internal.RestAssuredHttpBuilder - Parsing response as: application/json; charset=utf-8
2024-04-25 19:08:49 [main] DEBUG i.r.internal.RestAssuredHttpBuilder - Parsed data to instance of: class org.apache.http.conn.EofSensorInputStream
  When the user deletes a post by id -100          # stepDefinitions.posts.PostSteps.theUserDeletesPostByID(int)
  Then the response should contain 200 status code # stepDefinitions.posts.PostSteps.the_post_should_successful(int)
]]></system-out>
  </testcase>
  <testcase name="Retrieve All Users" classname="User Management" time="0.841">
    <system-out><![CDATA[
@SmokeTest
Scenario: Retrieve All Users                              # src/test/resources/features/user-management.feature:4
2024-04-25 19:08:49 [main] INFO  stepDefinitions.utils.TestContext - TestContext initialized with base URL: http://jsonplaceholder.typicode.com
2024-04-25 19:08:49 [main] INFO  stepDefinitions.users.UserSteps - Retrieving users via calling /users
2024-04-25 19:08:49 [main] DEBUG utils.HttpClient - Making GET request to /users
2024-04-25 19:08:49 [main] DEBUG o.a.h.i.c.BasicClientConnectionManager - Get connection for route {}->http://jsonplaceholder.typicode.com:80
2024-04-25 19:08:49 [main] DEBUG o.a.h.i.c.DefaultClientConnectionOperator - Connecting to jsonplaceholder.typicode.com:80
2024-04-25 19:08:49 [main] DEBUG o.a.h.c.protocol.RequestAddCookies - CookieSpec selected: ignoreCookies
2024-04-25 19:08:49 [main] DEBUG o.a.h.c.protocol.RequestAuthCache - Auth cache not set in the context
2024-04-25 19:08:49 [main] DEBUG o.a.h.c.p.RequestTargetAuthentication - Target auth state: UNCHALLENGED
2024-04-25 19:08:49 [main] DEBUG o.a.h.c.p.RequestProxyAuthentication - Proxy auth state: UNCHALLENGED
2024-04-25 19:08:49 [main] DEBUG o.a.h.impl.client.DefaultHttpClient - Attempt 1 to execute request
2024-04-25 19:08:49 [main] DEBUG o.a.h.i.conn.DefaultClientConnection - Sending request: GET /users HTTP/1.1
2024-04-25 19:08:49 [main] DEBUG org.apache.http.wire -  >> "GET /users HTTP/1.1[\r][\n]"
2024-04-25 19:08:49 [main] DEBUG org.apache.http.wire -  >> "Content-Type: application/json[\r][\n]"
2024-04-25 19:08:49 [main] DEBUG org.apache.http.wire -  >> "Accept: */*[\r][\n]"
2024-04-25 19:08:49 [main] DEBUG org.apache.http.wire -  >> "Host: jsonplaceholder.typicode.com[\r][\n]"
2024-04-25 19:08:49 [main] DEBUG org.apache.http.wire -  >> "Connection: Keep-Alive[\r][\n]"
2024-04-25 19:08:49 [main] DEBUG org.apache.http.wire -  >> "User-Agent: Apache-HttpClient/4.5.13 (Java/21.0.1)[\r][\n]"
2024-04-25 19:08:49 [main] DEBUG org.apache.http.wire -  >> "Accept-Encoding: gzip,deflate[\r][\n]"
2024-04-25 19:08:49 [main] DEBUG org.apache.http.wire -  >> "[\r][\n]"
2024-04-25 19:08:49 [main] DEBUG org.apache.http.headers - >> GET /users HTTP/1.1
2024-04-25 19:08:49 [main] DEBUG org.apache.http.headers - >> Content-Type: application/json
2024-04-25 19:08:49 [main] DEBUG org.apache.http.headers - >> Accept: */*
2024-04-25 19:08:49 [main] DEBUG org.apache.http.headers - >> Host: jsonplaceholder.typicode.com
2024-04-25 19:08:49 [main] DEBUG org.apache.http.headers - >> Connection: Keep-Alive
2024-04-25 19:08:49 [main] DEBUG org.apache.http.headers - >> User-Agent: Apache-HttpClient/4.5.13 (Java/21.0.1)
2024-04-25 19:08:49 [main] DEBUG org.apache.http.headers - >> Accept-Encoding: gzip,deflate
2024-04-25 19:08:49 [main] DEBUG org.apache.http.wire -  << "HTTP/1.1 200 OK[\r][\n]"
2024-04-25 19:08:49 [main] DEBUG org.apache.http.wire -  << "Date: Thu, 25 Apr 2024 13:38:49 GMT[\r][\n]"
2024-04-25 19:08:49 [main] DEBUG org.apache.http.wire -  << "Content-Type: application/json; charset=utf-8[\r][\n]"
2024-04-25 19:08:49 [main] DEBUG org.apache.http.wire -  << "Transfer-Encoding: chunked[\r][\n]"
2024-04-25 19:08:49 [main] DEBUG org.apache.http.wire -  << "Connection: keep-alive[\r][\n]"
2024-04-25 19:08:49 [main] DEBUG org.apache.http.wire -  << "Report-To: {"group":"heroku-nel","max_age":3600,"endpoints":[{"url":"https://nel.heroku.com/reports?ts=1714021591&sid=e11707d5-02a7-43ef-b45e-2cf4d2036f7d&s=kUfmBj28t89CexmOMUjyK5qR05IosruL5WKYfMAzkUg%3D"}]}[\r][\n]"
2024-04-25 19:08:49 [main] DEBUG org.apache.http.wire -  << "Reporting-Endpoints: heroku-nel=https://nel.heroku.com/reports?ts=1714021591&sid=e11707d5-02a7-43ef-b45e-2cf4d2036f7d&s=kUfmBj28t89CexmOMUjyK5qR05IosruL5WKYfMAzkUg%3D[\r][\n]"
2024-04-25 19:08:49 [main] DEBUG org.apache.http.wire -  << "Nel: {"report_to":"heroku-nel","max_age":3600,"success_fraction":0.005,"failure_fraction":0.05,"response_headers":["Via"]}[\r][\n]"
2024-04-25 19:08:49 [main] DEBUG org.apache.http.wire -  << "X-Powered-By: Express[\r][\n]"
2024-04-25 19:08:49 [main] DEBUG org.apache.http.wire -  << "X-Ratelimit-Limit: 1000[\r][\n]"
2024-04-25 19:08:49 [main] DEBUG org.apache.http.wire -  << "X-Ratelimit-Remaining: 999[\r][\n]"
2024-04-25 19:08:49 [main] DEBUG org.apache.http.wire -  << "X-Ratelimit-Reset: 1714021639[\r][\n]"
2024-04-25 19:08:49 [main] DEBUG org.apache.http.wire -  << "Vary: Origin, Accept-Encoding[\r][\n]"
2024-04-25 19:08:49 [main] DEBUG org.apache.http.wire -  << "Access-Control-Allow-Credentials: true[\r][\n]"
2024-04-25 19:08:49 [main] DEBUG org.apache.http.wire -  << "Cache-Control: max-age=43200[\r][\n]"
2024-04-25 19:08:49 [main] DEBUG org.apache.http.wire -  << "Pragma: no-cache[\r][\n]"
2024-04-25 19:08:49 [main] DEBUG org.apache.http.wire -  << "Expires: -1[\r][\n]"
2024-04-25 19:08:49 [main] DEBUG org.apache.http.wire -  << "X-Content-Type-Options: nosniff[\r][\n]"
2024-04-25 19:08:49 [main] DEBUG org.apache.http.wire -  << "Etag: W/"160d-1eMSsxeJRfnVLRBmYJSbCiJZ1qQ"[\r][\n]"
2024-04-25 19:08:49 [main] DEBUG org.apache.http.wire -  << "Content-Encoding: gzip[\r][\n]"
2024-04-25 19:08:49 [main] DEBUG org.apache.http.wire -  << "Via: 1.1 vegur[\r][\n]"
2024-04-25 19:08:49 [main] DEBUG org.apache.http.wire -  << "CF-Cache-Status: REVALIDATED[\r][\n]"
2024-04-25 19:08:49 [main] DEBUG org.apache.http.wire -  << "Server: cloudflare[\r][\n]"
2024-04-25 19:08:49 [main] DEBUG org.apache.http.wire -  << "CF-RAY: 879ebc4facdf7e97-MAA[\r][\n]"
2024-04-25 19:08:49 [main] DEBUG org.apache.http.wire -  << "alt-svc: h3=":443"; ma=86400[\r][\n]"
2024-04-25 19:08:49 [main] DEBUG org.apache.http.wire -  << "[\r][\n]"
2024-04-25 19:08:49 [main] DEBUG o.a.h.i.conn.DefaultClientConnection - Receiving response: HTTP/1.1 200 OK
2024-04-25 19:08:49 [main] DEBUG org.apache.http.headers - << HTTP/1.1 200 OK
2024-04-25 19:08:49 [main] DEBUG org.apache.http.headers - << Date: Thu, 25 Apr 2024 13:38:49 GMT
2024-04-25 19:08:49 [main] DEBUG org.apache.http.headers - << Content-Type: application/json; charset=utf-8
2024-04-25 19:08:49 [main] DEBUG org.apache.http.headers - << Transfer-Encoding: chunked
2024-04-25 19:08:49 [main] DEBUG org.apache.http.headers - << Connection: keep-alive
2024-04-25 19:08:49 [main] DEBUG org.apache.http.headers - << Report-To: {"group":"heroku-nel","max_age":3600,"endpoints":[{"url":"https://nel.heroku.com/reports?ts=1714021591&sid=e11707d5-02a7-43ef-b45e-2cf4d2036f7d&s=kUfmBj28t89CexmOMUjyK5qR05IosruL5WKYfMAzkUg%3D"}]}
2024-04-25 19:08:49 [main] DEBUG org.apache.http.headers - << Reporting-Endpoints: heroku-nel=https://nel.heroku.com/reports?ts=1714021591&sid=e11707d5-02a7-43ef-b45e-2cf4d2036f7d&s=kUfmBj28t89CexmOMUjyK5qR05IosruL5WKYfMAzkUg%3D
2024-04-25 19:08:49 [main] DEBUG org.apache.http.headers - << Nel: {"report_to":"heroku-nel","max_age":3600,"success_fraction":0.005,"failure_fraction":0.05,"response_headers":["Via"]}
2024-04-25 19:08:49 [main] DEBUG org.apache.http.headers - << X-Powered-By: Express
2024-04-25 19:08:49 [main] DEBUG org.apache.http.headers - << X-Ratelimit-Limit: 1000
2024-04-25 19:08:49 [main] DEBUG org.apache.http.headers - << X-Ratelimit-Remaining: 999
2024-04-25 19:08:49 [main] DEBUG org.apache.http.headers - << X-Ratelimit-Reset: 1714021639
2024-04-25 19:08:49 [main] DEBUG org.apache.http.headers - << Vary: Origin, Accept-Encoding
2024-04-25 19:08:49 [main] DEBUG org.apache.http.headers - << Access-Control-Allow-Credentials: true
2024-04-25 19:08:49 [main] DEBUG org.apache.http.headers - << Cache-Control: max-age=43200
2024-04-25 19:08:49 [main] DEBUG org.apache.http.headers - << Pragma: no-cache
2024-04-25 19:08:49 [main] DEBUG org.apache.http.headers - << Expires: -1
2024-04-25 19:08:49 [main] DEBUG org.apache.http.headers - << X-Content-Type-Options: nosniff
2024-04-25 19:08:49 [main] DEBUG org.apache.http.headers - << Etag: W/"160d-1eMSsxeJRfnVLRBmYJSbCiJZ1qQ"
2024-04-25 19:08:49 [main] DEBUG org.apache.http.headers - << Content-Encoding: gzip
2024-04-25 19:08:49 [main] DEBUG org.apache.http.headers - << Via: 1.1 vegur
2024-04-25 19:08:49 [main] DEBUG org.apache.http.headers - << CF-Cache-Status: REVALIDATED
2024-04-25 19:08:49 [main] DEBUG org.apache.http.headers - << Server: cloudflare
2024-04-25 19:08:49 [main] DEBUG org.apache.http.headers - << CF-RAY: 879ebc4facdf7e97-MAA
2024-04-25 19:08:49 [main] DEBUG org.apache.http.headers - << alt-svc: h3=":443"; ma=86400
2024-04-25 19:08:49 [main] DEBUG o.a.h.impl.client.DefaultHttpClient - Connection can be kept alive indefinitely
2024-04-25 19:08:49 [main] DEBUG i.r.internal.RestAssuredHttpBuilder - Parsing response as: application/json; charset=utf-8
2024-04-25 19:08:49 [main] DEBUG org.apache.http.wire -  << "737[\r][\n]"
2024-04-25 19:08:49 [main] DEBUG org.apache.http.wire -  << "[0x1f][0x8b][0x8][0x0][0x0][0x0][0x0][0x0][0x0][0x3][0x95][0x98][o[0xe3]8[0x12][0x85][0xdf][0xe7]W[0x10]y[0xda][0x1]F[0x82].[0xd4]m[0x9f][0xdc][0x9d]d[0xba][0xb7][0x93][0xf4][0x6]q[0xef]4[0x6][0x83]A@K[0x15][0x89]m[0x8a][0xf4][0x92][0x94][0x1d]e1[0xff]}[0x8b]v.[0x8e]-[0xdb][0x9a][0x7][0xc3][0x92][0xa8]k[0xf1][0xd3]9[0xa7][0xf4][0xc7]O[0x84][0xfc][0xf][0x84][0x9c][0xf1][0xea][0xec][0x9f]$[0xfc]e[0xb3]"Y[0xb][0xb8]zv[\r]LJ [0x9f]4kX{[0xf6]<[0xd8][0x19][0xd0]/;|[0xd4]`_[0xb6]C[0xcb][0xb8]p[0x1b][0xa7]\[0x96][0xa0]a[0xc2][0x16][0x9a][0xb][0xc6][0x9f]^[0xf6]`U[0xa5][0xc1][0x18][0xdc]gsQ[0xdc]d[0xac][0x6]<[0x5][0x1e]u[0xd5][0x9]f[0xc8]5[0xaf][0x9b][0x97]3[0xba][0xe1][0x8e][0xdb][0xf5][0x85]>,[0xac]O[0x92]$}[0x1b]*[0xb9][0xed][0xdd][0xc8][0xa7][0x15][0xc8][0x99][0xd2][0xaa][0xab][0x9b][0xb7][0xc1]'[0xbe](U[0xb5]>[0xb2][0x88][0x8a]"[0xf7][0xe2]<[0xa3]o[0xc3]5[0xa8][0xad][0x9b][0xc0][\r][0x82][0xad][0xef][0xc1][0x8b]3?[0xe][0x93][0xe2]uO7$k7[0x94][0x87]~H[0x8b][0xf4][0xec]y[0xe0][0xaf][0xf5][0xff]_[0xcf][0xf][0xb6]h[0x94]\_,[0xf4][0xb2],[0xf0][0xb2]8[0xf5][0xf2] [0xe][0xc9]c[0x92]R[0x1a][0xbd]<[0xfe][\n]"
2024-04-25 19:08:49 [main] DEBUG org.apache.http.wire -  << "f[0xe6][0xf9]q[0x1a].*[0xa8][0x99][0xae]|[0xa5][0xeb][0x97][0xf1]R[0xb5][0xb]&[0xfb][0xed][0xf2][0xbc][0xd4][0xf9]N[0xb5][0xac][0xee]@3[0xef]\+[0xc9][0xb6][0xaa][0xc0]l[0xd9][0xdc]6[0x9a][0x99][0xf5]~7[0x9d][0xb0][0xdc][0x13][0xac][0xc7][0xfa]W[0xa4][0x14][0x1c][0xa4][0xf5]p[0xbe][0x96][0xa0][0x89][0x84]N3[0xe1]I[0xd8][0xaa][0xef][0xcc][0xac][0xef][0x86]i[0x89][0xf3]B4[0xe0][0xb8][0xe5]-[0x10][0xf0]Z[0xa6][0xe7]`[0xcd][0xe6]y[0xdd][0xd3][0xae][0x9f]u[0x1b][0x96]h[0x7][0x96]K[0xbd][0xe4][0x92]|V+[0x10]b[0x88][0x95][0xf][0xd2]b[0x95],[0x16]`[0xf][0x98][0x6]1c[0x93][0x16][0x4]7[0x86][0xf9]v9[\n]"
2024-04-25 19:08:49 [main] DEBUG org.apache.http.wire -  << "[0x98][0xdf]xi[0x95]&[0xb7][0x82]qi[0x6][0x90][0x99][0xba][0x5][0x92]g[0xc5]>3[0xdf][0xb9]Q[0xf3]~[0xd6][0xe9]C[0xcc][0x4]I[0x9a][0xe2]Tf[0xe1][0x8]fh[0xec][0x17]I0[0xc4][0x8c][0x17]S[0x9f][0xa6]a~[0x2][0x9a] [0xc][0xbc][0xb4][0x88][0xbc]4)b[0xf2][0x18][0x14]a[0x94][0xc] [0xc3]$3[0x96][0x19][0xce][0xfc][0xb7][0x19]<[0x86][0xcc][0x5][0x94]s[0xb5]B^[0xb8][0xb1][0x7]y[0xb9][0xd5][0x8a][0x95][0x96]/[0x81]T[0xbc]rK%)[0x95][0xb4]\[0xd6] [0xcb]~[0x97][0x13][0xd3]K[0xd0]5[0x2]bJ&[0xd8]L[0xe0]B[0xb7]X[0x88][0xde]+[0x9b][0xf5]$[0x1c][0x86]%[0xde][0x81][0xe5]\@[0xb][0xee]B@>[0xb2][0xae]l[0x86][0x80][0x99][0xb2][0x96]I[0xdb][0xb0]=^[0xbe]2[0xdc]*'=[0x18][0x90][0xef][0xeb]q[0x14][0x98][0xb][0xd4][0x8][0xa7]1[0x97][0x8f][0x16][0xa4][0xe1]J[0x1e][0x86][0x86]f[0xfb][0xd0][0xdc][0x94]W [0x9f]84l[0x9]r[0x10][0x9b][0xa4]H[0x8a][0xc0][0xa3]a[0x92][0x8d][0xc0]&[0xcd][0xfd]4[0xc][0xa2]!lh[0xe6][0x7]i[0x12][0x9f][0xd4][0x1a][0x9a][0xc6]^[0x18][0xc5][0x1e][0xa5][0xaf][0xf7][0xbb]M[0x8c]f-[0xd7][0xca][0xe7][0xf2]A[0xfd]-[0x89][0xf9][0xc2]J53[0xdb][0xe5][0xd9][0xa1][0xe6]WV[0x2][0xb1][0x8a]<[0xb8][0xff][0x19][0xe8]4[0xee][0x80]z[0xc3][0xa5][0x5][0xed]6[0xee][0x82][0x3][0x1e][0xc8][\r].V[0xe3][0x9e]5b[0xc6][0x90][0x1b][0x8e][0x87][0xe1]4[0x1c][0xe3][0x86][0xee]ps[0xcb][0xac][0xe6]%g[0xe4][0x1a][0x9f][0x93][0x95][0xf3]!n[0xae][0x98][0xe6][0xce][0xb7][0xf6][0xb8][0xf9][0xd2][0x89][0xf5][0x80][0xff][0xef]s[0x85]z2W[0xba][0xdf]V[0xe0][0xa3][0xf8]|VP[0xa3][0x8c][0xde][0xb0]Wy[0xdb]3(|[0x8b][0xf7][0xb9][0x99][0xaa][0xce]6[0xe4]R,[0xb9][0x19][0xa6]&.[0xc2][0xc2][0xa3][0xd1][0x18]j[0xa2][0xc2][0xa7]I6[0x8]M[0x98]R[0x1f][0xad].8A[\r]-[0x90][0x19][0xf4][0xa8]"[0x8d]Pl[0xc2]WG[0xdd][0x6]g[0xce][0x4]l[0xfb][0xf6]Qjf [0xbc]s[0x85]f[0xa1][0xfb][0x83][0xc0]ll[0xc9][0xf2][0xb5]+=[0x81]VH[0x8f]@[0xd4]0'[0x90][0x85]VU[0xe7]4[0xc8][0x95]k[0x87][0x1b][0xa4][0x5]_T[0xc7][0x8]);[0xeb]d[0xc9][0x83][0xaa][0x6][0x82][0xf7]J[0x9c][0xab][0xf1][0x12][0x8e][0xc1][0x93][0xec][0x8a]N[0x3][0xc2]@O.88[0x8a][0x6]E[0xe7][0x8a][0xb5][0xfa][0xf5][0xf5]~C[0xe7][0xba]+[0xb9][0xba][0xff][0xc][0xeb][0x9b]@r[0x10]#[0xe]~[0xc9]F[0x91]3[0x9d]s[0x1][0x86]|gb~[0xd8][0xa8][0xe2]$[0xdc]g[0xe7]N[0x99]R[0xc1][0x92][0xc3]j[0x10][0x9d]8[0x8e][0xd2]xL[0xac][0x9][0xfd]<[0x8c][0x86],*[0x8d][0xfc]$[0xc6][0x88]r[0x1c][0x9a]D[0x9][0xfd][0xb9]H([0xaa]M^[0xc][0x0]Sa[0x9d]t9Zj[0xae][0x0]P[0xc]4[0xb9][0xbe]>?[0x88][0xcc]pN[0xbc][0x12]-[0x2]'[\n]"
2024-04-25 19:08:49 [main] DEBUG org.apache.http.wire -  << "[0x85][0x6][0x1][0xf2][0x9e][0x99][0xb1][0xc4]([0xd1][0xd9]w[0xfa][0xbd][0xc1]E[0xc3][0xf2]y[0xc4]y[0x14][0xc8][\n]"
2024-04-25 19:08:49 [main] DEBUG org.apache.http.wire -  << "[0xf]A[0xe5][0xa9][0x88][0xe9][0x8d][0x85][0xf6][0x18]*[0xe9][0xe]*7[0xda][0xf8][0xe4][0x2]p[0x96][\r][0x99][0x96][\r][\n]"
2024-04-25 19:08:49 [main] DEBUG org.apache.http.wire -  << "[0xc7][0xab][0x8b][0xbe][0xc3][0xe5][0x1a][0xd4]B[0x89]J[0xdd][0xbf][0x5][0xde][0xc0]A1[0x12][0xd0][0xdf]_[0xb0][0xb2][0x99][0xfc]`f[0x1][0xfa]][0x95][0x8e]r[0xf3]U[0xe9][0x19]h[0x14]Z[0xc]}[0xc6] x[0x87]t[0x7][0xf3][0xc7]![0xdd]9o\[0x0][0xe8][0x7][0xf1][0x89][0xe2]$H[0xbc]0[0x8e][0xc7][0xf8]U[0x16][0xfa]4,[0xb2][0x1][0x86]p$[0xa3][0xd9][0xa9][0x94][0x83]v[0x95]e^[0x11]'[0x1e][0xba]kN[0x1e]S[0x1a][0x7][0x3]()[0xc1]Ffb[0xd4]p[0xc3]+L[0x10][0xde][0xb5]*[0xe7][0x18][0x15][0xe][0xb2]4[0xed]e[0xd9]`n[0xe6][0x6][0xe5]g[0xa6][0xac]U[0xad]'\[0xf4]8mX\J[0xb5]d[0xeb][0x84]4[0xd2][0xb1][0xb2][0x1d][0x92][0xae]:m[0x11][0xa2][0xef][0x80][0xd9]V[0xb2]A[0x88].[0xc5][0xaa][0x97][0xfe]F%[0xf6][0x0][0xfa][0x86]q[0xba][0xf7]7[0xe6]3[0x99]q[0xb7]2[0xb6][0xa5][0xba][0x83]G[0xf2]M[0xbb][0xf3][0x1c][0x12][0x9d]([0x1f][0x0][0xc7]E[0xf8][0xd6][0xc1]3lWy[0x1e][0xa0][0x10][0x4]Eq[0x1a][0x9a][0x88][0xfa]y[0x81][0xf9]w[0x9f][0x99][0x8][0x15][0xa9][0xc8][0xe9][0x9]f[0xa2]0[0xc0]$[0x94]aP[0x8a][0x87][0xba](p[0x9e][0xea][0xf3]1[0x92][0xf3]E5[0xd2]`#[0xab][0xba][0xc5]AL[0x10][0xa8][0x7]^c[0x93][0xe4]&[0xbe]u[0x96][0xd5]B[0x85]Q[0x3]S[0xf7][0xdc]{Pz[0x1f][0x13]L[0xc9][0xe0][0x2][\r]j[\r][0x82][0x84][0xed][0xae]q[0xad][0x93][0xc5][0x8a][0x83]>[0xc6]H[0xbe][0xc3][0xc8]W4#[0xe5][0xa2][0xe9]]'[0x95]x0[0x15]2[0xca]5[0xf9]m[0x8][0x96][0x1b][0xf6][0x88][0xf7]u[0xff][0x15][;[0xb5][0xda][0xa3]e[0xda][0x80]^)UMP1X[0xab]d[0xe5][0xb7]0[0x8a][0x95]K![0xcc]JiT[0x8c]i[0xd7][0xb6]|[0xa8][0x7][0xdf] [0x93]E[0x3][\r][0xd5][0x7][0xc1]{v[0xd0][0xa6]h[0x12][0xa6]#h[0xf1]B[0xea][0xc7].[0xc1][0xc][0xa5][0x9b]([0xf0][0xb3]4[0xcb]N[0x0][0x93][0xe4][0xa9][0x8f][0x9][0xc7]O[0xb][0xea][0xd2][\r][0x1d]R[0x98][0x1f][0xac][0xec][0xb1][0xad]@[0xf7]V[0xed][0x8]r>[0xcc]\[0xed]m[0xd3][0x9f][0xa0][0xe7]_[0xed]b[0xd3][0xd3][0xa0][0xc6][0x18][0xc0].[0xaa]b[0xba]w[0xdd]T[0x9][0x8b][0xbd][0x8e][0xfb]U_`[0xd3][0x8b][0xac][0x17]G[0x80]S[0xec][0x80][0xf3]I[0xa0]E1r[0x7][0x8][0x10]:[0xc5][0x10]/[0x17] [0x16][\r][0x1f]H[0xc3][0xe7][0xd8][0xb3][0xb5][0xf7]7[0xe5][0x5][0xe8][0x16]y[0x9b]T[0xd8]an[0xbd]L[0xc7][)[0xd6][0xe3]eo[0x99][0x9e][0x1f][0xe4][0x84][0xd2][0x1]N>2$L[0x9][0xd5][0x2]6[0xdf][0xc3][0xa6][0x94][0xa5][0xb4]H0[0xb1][0x4][0xe3][0xf4]%[0xa5][[0x9][0xe8]][0x1c][0xce][0xfd]<[0xc7][0xb4]r"[0xd9]dY[0xf2]s[0x91][0xa5]^[0x9a][0x15][0x94]<R[0xe4]l([0x11][0xe3]4jV[0x8d]$[0xe6]we,a[0x18];[0xa6]j[0xfb][0xc3][0xc4][0xae])[0xad]8[0xae][0xaf]!p-7[0x82][0xd0]ag[0xd1]{3[0xe6]\[\n]"
2024-04-25 19:08:49 [main] DEBUG org.apache.http.wire -  << "S[0xf1][0xf]([0xf7][0xb8]au[0xad][0xa1]v[0x8a][0xf3][0xf6][0xad][0xc6]B[0xd9][0xa0]j[0xa8][0x9a][0x1f][\r][0xc3]ap[0xa8][0x5]g[0xe4][0xa2][0xfb][0xd8][0xfd][0xb7][0x83]A[0xb9]Q[0xd8]L5[0xfe][0xd4]2[0xf7][0xf9]f[0xf][0xa2];[0xe8][0xfd][V[0xe1];RO[0xe6][0xd8]w!B[0xa3]?[0xf8]1[0x14]9 [0xdf]:-[0x17]|[0xe][0x7]A[\n]"
2024-04-25 19:08:49 [main] DEBUG org.apache.http.wire -  << "[0x8b]|[0x1f][0xa4][0xe7][0xf6][0xef] EqH[0xa3][0xdc][0x8b][0xa2]t[0xcc][0x17][0x9c]8[0xf7][0xa3]8O[0x7]0J2?[0x8a][0xe2]S[0xf1]8[0x88][0xa8][0x97]R[0xf7][0x91]1[0xa0][0x3][0xf0][0xb0]v[0x86]j[0xc]#[0xbf][0xdb]<[0xb7][0x99][0xc7][0xb2][0xf1][0xb9][0x8b][0xc5]L`[0xc8][0xad][0x8][0xb4][0xb][0xb4]k,|}[0xc4][0xa7],[0xd3]5[0xd8][0xed]D[0xdc]b[0x9d][0xc4]6.?[0xfd][0xf9][0xb5]s%[0xe7][\r][0x16][0x0][0x0]"
2024-04-25 19:08:49 [main] DEBUG org.apache.http.wire -  << "[\r][\n]"
2024-04-25 19:08:49 [main] DEBUG org.apache.http.wire -  << "0[\r][\n]"
2024-04-25 19:08:49 [main] DEBUG org.apache.http.wire -  << "[\r][\n]"
2024-04-25 19:08:49 [main] DEBUG i.r.internal.RestAssuredHttpBuilder - Parsed data to instance of: class org.apache.http.conn.EofSensorInputStream
2024-04-25 19:08:49 [main] DEBUG o.a.h.i.c.BasicClientConnectionManager - Releasing connection org.apache.http.impl.conn.ManagedClientConnectionImpl@7b5ac347
2024-04-25 19:08:49 [main] DEBUG o.a.h.i.c.BasicClientConnectionManager - Connection can be kept alive indefinitely
2024-04-25 19:08:49 [main] DEBUG utils.HttpClient - Received response: [
  {
    "id": 1,
    "name": "Leanne Graham",
    "username": "Bret",
    "email": "Sincere@april.biz",
    "address": {
      "street": "Kulas Light",
      "suite": "Apt. 556",
      "city": "Gwenborough",
      "zipcode": "92998-3874",
      "geo": {
        "lat": "-37.3159",
        "lng": "81.1496"
      }
    },
    "phone": "1-770-736-8031 x56442",
    "website": "hildegard.org",
    "company": {
      "name": "Romaguera-Crona",
      "catchPhrase": "Multi-layered client-server neural-net",
      "bs": "harness real-time e-markets"
    }
  },
  {
    "id": 2,
    "name": "Ervin Howell",
    "username": "Antonette",
    "email": "Shanna@melissa.tv",
    "address": {
      "street": "Victor Plains",
      "suite": "Suite 879",
      "city": "Wisokyburgh",
      "zipcode": "90566-7771",
      "geo": {
        "lat": "-43.9509",
        "lng": "-34.4618"
      }
    },
    "phone": "010-692-6593 x09125",
    "website": "anastasia.net",
    "company": {
      "name": "Deckow-Crist",
      "catchPhrase": "Proactive didactic contingency",
      "bs": "synergize scalable supply-chains"
    }
  },
  {
    "id": 3,
    "name": "Clementine Bauch",
    "username": "Samantha",
    "email": "Nathan@yesenia.net",
    "address": {
      "street": "Douglas Extension",
      "suite": "Suite 847",
      "city": "McKenziehaven",
      "zipcode": "59590-4157",
      "geo": {
        "lat": "-68.6102",
        "lng": "-47.0653"
      }
    },
    "phone": "1-463-123-4447",
    "website": "ramiro.info",
    "company": {
      "name": "Romaguera-Jacobson",
      "catchPhrase": "Face to face bifurcated interface",
      "bs": "e-enable strategic applications"
    }
  },
  {
    "id": 4,
    "name": "Patricia Lebsack",
    "username": "Karianne",
    "email": "Julianne.OConner@kory.org",
    "address": {
      "street": "Hoeger Mall",
      "suite": "Apt. 692",
      "city": "South Elvis",
      "zipcode": "53919-4257",
      "geo": {
        "lat": "29.4572",
        "lng": "-164.2990"
      }
    },
    "phone": "493-170-9623 x156",
    "website": "kale.biz",
    "company": {
      "name": "Robel-Corkery",
      "catchPhrase": "Multi-tiered zero tolerance productivity",
      "bs": "transition cutting-edge web services"
    }
  },
  {
    "id": 5,
    "name": "Chelsey Dietrich",
    "username": "Kamren",
    "email": "Lucio_Hettinger@annie.ca",
    "address": {
      "street": "Skiles Walks",
      "suite": "Suite 351",
      "city": "Roscoeview",
      "zipcode": "33263",
      "geo": {
        "lat": "-31.8129",
        "lng": "62.5342"
      }
    },
    "phone": "(254)954-1289",
    "website": "demarco.info",
    "company": {
      "name": "Keebler LLC",
      "catchPhrase": "User-centric fault-tolerant solution",
      "bs": "revolutionize end-to-end systems"
    }
  },
  {
    "id": 6,
    "name": "Mrs. Dennis Schulist",
    "username": "Leopoldo_Corkery",
    "email": "Karley_Dach@jasper.info",
    "address": {
      "street": "Norberto Crossing",
      "suite": "Apt. 950",
      "city": "South Christy",
      "zipcode": "23505-1337",
      "geo": {
        "lat": "-71.4197",
        "lng": "71.7478"
      }
    },
    "phone": "1-477-935-8478 x6430",
    "website": "ola.org",
    "company": {
      "name": "Considine-Lockman",
      "catchPhrase": "Synchronised bottom-line interface",
      "bs": "e-enable innovative applications"
    }
  },
  {
    "id": 7,
    "name": "Kurtis Weissnat",
    "username": "Elwyn.Skiles",
    "email": "Telly.Hoeger@billy.biz",
    "address": {
      "street": "Rex Trail",
      "suite": "Suite 280",
      "city": "Howemouth",
      "zipcode": "58804-1099",
      "geo": {
        "lat": "24.8918",
        "lng": "21.8984"
      }
    },
    "phone": "210.067.6132",
    "website": "elvis.io",
    "company": {
      "name": "Johns Group",
      "catchPhrase": "Configurable multimedia task-force",
      "bs": "generate enterprise e-tailers"
    }
  },
  {
    "id": 8,
    "name": "Nicholas Runolfsdottir V",
    "username": "Maxime_Nienow",
    "email": "Sherwood@rosamond.me",
    "address": {
      "street": "Ellsworth Summit",
      "suite": "Suite 729",
      "city": "Aliyaview",
      "zipcode": "45169",
      "geo": {
        "lat": "-14.3990",
        "lng": "-120.7677"
      }
    },
    "phone": "586.493.6943 x140",
    "website": "jacynthe.com",
    "company": {
      "name": "Abernathy Group",
      "catchPhrase": "Implemented secondary concept",
      "bs": "e-enable extensible e-tailers"
    }
  },
  {
    "id": 9,
    "name": "Glenna Reichert",
    "username": "Delphine",
    "email": "Chaim_McDermott@dana.io",
    "address": {
      "street": "Dayna Park",
      "suite": "Suite 449",
      "city": "Bartholomebury",
      "zipcode": "76495-3109",
      "geo": {
        "lat": "24.6463",
        "lng": "-168.8889"
      }
    },
    "phone": "(775)976-6794 x41206",
    "website": "conrad.com",
    "company": {
      "name": "Yost and Sons",
      "catchPhrase": "Switchable contextually-based project",
      "bs": "aggregate real-time technologies"
    }
  },
  {
    "id": 10,
    "name": "Clementina DuBuque",
    "username": "Moriah.Stanton",
    "email": "Rey.Padberg@karina.biz",
    "address": {
      "street": "Kattie Turnpike",
      "suite": "Suite 198",
      "city": "Lebsackbury",
      "zipcode": "31428-2261",
      "geo": {
        "lat": "-38.2386",
        "lng": "57.2232"
      }
    },
    "phone": "024-648-3804",
    "website": "ambrose.net",
    "company": {
      "name": "Hoeger LLC",
      "catchPhrase": "Centralized empowering task-force",
      "bs": "target end-to-end models"
    }
  }
]
  When the user sends a GET request to retrieve all users # stepDefinitions.users.UserSteps.theUserSendsGETRequestToUsersEndpoint()
  Then the response should contain 200 status code        # stepDefinitions.posts.PostSteps.the_post_should_successful(int)
2024-04-25 19:08:49 [Finalizer] DEBUG o.a.h.i.conn.DefaultClientConnection - Connection 0.0.0.0:56512<->172.67.167.151:80 closed
2024-04-25 19:08:49 [Finalizer] DEBUG o.a.h.i.conn.DefaultClientConnection - Connection 0.0.0.0:56511<->172.67.167.151:80 closed
2024-04-25 19:08:49 [Finalizer] DEBUG o.a.h.i.conn.DefaultClientConnection - Connection 0.0.0.0:56510<->172.67.167.151:80 closed
2024-04-25 19:08:49 [Finalizer] DEBUG o.a.h.i.conn.DefaultClientConnection - Connection 0.0.0.0:56509<->172.67.167.151:80 closed
2024-04-25 19:08:49 [Finalizer] DEBUG o.a.h.i.conn.DefaultClientConnection - Connection 0.0.0.0:56508<->172.67.167.151:80 closed
2024-04-25 19:08:49 [Finalizer] DEBUG o.a.h.i.conn.DefaultClientConnection - Connection 0.0.0.0:56507<->172.67.167.151:80 closed
2024-04-25 19:08:49 [Finalizer] DEBUG o.a.h.i.conn.DefaultClientConnection - Connection 0.0.0.0:56506<->172.67.167.151:80 closed
2024-04-25 19:08:49 [Finalizer] DEBUG o.a.h.i.conn.DefaultClientConnection - Connection 0.0.0.0:56505<->172.67.167.151:80 closed
2024-04-25 19:08:49 [Finalizer] DEBUG o.a.h.i.conn.DefaultClientConnection - Connection 0.0.0.0:56504<->172.67.167.151:80 closed
2024-04-25 19:08:49 [Finalizer] DEBUG o.a.h.i.conn.DefaultClientConnection - Connection 0.0.0.0:56503<->172.67.167.151:80 closed
2024-04-25 19:08:49 [Finalizer] DEBUG o.a.h.i.conn.DefaultClientConnection - Connection 0.0.0.0:56502<->172.67.167.151:80 closed
2024-04-25 19:08:49 [Finalizer] DEBUG o.a.h.i.conn.DefaultClientConnection - Connection 0.0.0.0:56501<->172.67.167.151:80 closed
2024-04-25 19:08:49 [Finalizer] DEBUG o.a.h.i.conn.DefaultClientConnection - Connection 0.0.0.0:56500<->172.67.167.151:80 closed
2024-04-25 19:08:49 [Finalizer] DEBUG o.a.h.i.conn.DefaultClientConnection - Connection 0.0.0.0:56499<->172.67.167.151:80 closed
2024-04-25 19:08:49 [Finalizer] DEBUG o.a.h.i.conn.DefaultClientConnection - Connection 0.0.0.0:56498<->172.67.167.151:80 closed
2024-04-25 19:08:49 [Finalizer] DEBUG o.a.h.i.conn.DefaultClientConnection - Connection 0.0.0.0:56497<->172.67.167.151:80 closed
2024-04-25 19:08:49 [Finalizer] DEBUG o.a.h.i.conn.DefaultClientConnection - Connection 0.0.0.0:56496<->172.67.167.151:80 closed
2024-04-25 19:08:49 [Finalizer] DEBUG o.a.h.i.conn.DefaultClientConnection - Connection 0.0.0.0:56495<->172.67.167.151:80 closed
2024-04-25 19:08:49 [Finalizer] DEBUG o.a.h.i.conn.DefaultClientConnection - Connection 0.0.0.0:56494<->172.67.167.151:80 closed
2024-04-25 19:08:49 [Finalizer] DEBUG o.a.h.i.conn.DefaultClientConnection - Connection 0.0.0.0:56490<->172.67.167.151:80 closed
2024-04-25 19:08:49 [Finalizer] DEBUG o.a.h.i.conn.DefaultClientConnection - Connection 0.0.0.0:56489<->172.67.167.151:80 closed
  And the response should contain a list of users         # stepDefinitions.users.UserSteps.theResponseStatusCodeShouldBe()
]]></system-out>
  </testcase>
  <testcase name="Retrieve a User by ID #1" classname="User Management" time="0.673">
    <system-out><![CDATA[
@SmokeTest
Scenario Outline: Retrieve a User by ID                          # src/test/resources/features/user-management.feature:17
2024-04-25 19:08:49 [main] INFO  stepDefinitions.utils.TestContext - TestContext initialized with base URL: http://jsonplaceholder.typicode.com
2024-04-25 19:08:49 [main] DEBUG utils.HttpClient - Making GET request to /users/1
2024-04-25 19:08:49 [main] DEBUG o.a.h.i.c.BasicClientConnectionManager - Get connection for route {}->http://jsonplaceholder.typicode.com:80
2024-04-25 19:08:49 [main] DEBUG o.a.h.i.c.DefaultClientConnectionOperator - Connecting to jsonplaceholder.typicode.com:80
2024-04-25 19:08:49 [main] DEBUG o.a.h.c.protocol.RequestAddCookies - CookieSpec selected: ignoreCookies
2024-04-25 19:08:49 [main] DEBUG o.a.h.c.protocol.RequestAuthCache - Auth cache not set in the context
2024-04-25 19:08:49 [main] DEBUG o.a.h.c.p.RequestTargetAuthentication - Target auth state: UNCHALLENGED
2024-04-25 19:08:49 [main] DEBUG o.a.h.c.p.RequestProxyAuthentication - Proxy auth state: UNCHALLENGED
2024-04-25 19:08:49 [main] DEBUG o.a.h.impl.client.DefaultHttpClient - Attempt 1 to execute request
2024-04-25 19:08:49 [main] DEBUG o.a.h.i.conn.DefaultClientConnection - Sending request: GET /users/1 HTTP/1.1
2024-04-25 19:08:49 [main] DEBUG org.apache.http.wire -  >> "GET /users/1 HTTP/1.1[\r][\n]"
2024-04-25 19:08:49 [main] DEBUG org.apache.http.wire -  >> "Content-Type: application/json[\r][\n]"
2024-04-25 19:08:49 [main] DEBUG org.apache.http.wire -  >> "Accept: */*[\r][\n]"
2024-04-25 19:08:49 [main] DEBUG org.apache.http.wire -  >> "Host: jsonplaceholder.typicode.com[\r][\n]"
2024-04-25 19:08:49 [main] DEBUG org.apache.http.wire -  >> "Connection: Keep-Alive[\r][\n]"
2024-04-25 19:08:49 [main] DEBUG org.apache.http.wire -  >> "User-Agent: Apache-HttpClient/4.5.13 (Java/21.0.1)[\r][\n]"
2024-04-25 19:08:49 [main] DEBUG org.apache.http.wire -  >> "Accept-Encoding: gzip,deflate[\r][\n]"
2024-04-25 19:08:49 [main] DEBUG org.apache.http.wire -  >> "[\r][\n]"
2024-04-25 19:08:49 [main] DEBUG org.apache.http.headers - >> GET /users/1 HTTP/1.1
2024-04-25 19:08:49 [main] DEBUG org.apache.http.headers - >> Content-Type: application/json
2024-04-25 19:08:49 [main] DEBUG org.apache.http.headers - >> Accept: */*
2024-04-25 19:08:49 [main] DEBUG org.apache.http.headers - >> Host: jsonplaceholder.typicode.com
2024-04-25 19:08:49 [main] DEBUG org.apache.http.headers - >> Connection: Keep-Alive
2024-04-25 19:08:49 [main] DEBUG org.apache.http.headers - >> User-Agent: Apache-HttpClient/4.5.13 (Java/21.0.1)
2024-04-25 19:08:49 [main] DEBUG org.apache.http.headers - >> Accept-Encoding: gzip,deflate
2024-04-25 19:08:50 [main] DEBUG org.apache.http.wire -  << "HTTP/1.1 200 OK[\r][\n]"
2024-04-25 19:08:50 [main] DEBUG org.apache.http.wire -  << "Date: Thu, 25 Apr 2024 13:38:50 GMT[\r][\n]"
2024-04-25 19:08:50 [main] DEBUG org.apache.http.wire -  << "Content-Type: application/json; charset=utf-8[\r][\n]"
2024-04-25 19:08:50 [main] DEBUG org.apache.http.wire -  << "Transfer-Encoding: chunked[\r][\n]"
2024-04-25 19:08:50 [main] DEBUG org.apache.http.wire -  << "Connection: keep-alive[\r][\n]"
2024-04-25 19:08:50 [main] DEBUG org.apache.http.wire -  << "Report-To: {"group":"heroku-nel","max_age":3600,"endpoints":[{"url":"https://nel.heroku.com/reports?ts=1714052330&sid=e11707d5-02a7-43ef-b45e-2cf4d2036f7d&s=rOy9e7xt1OEksFRCp%2FO8I30G9XP02%2BiFrxDYCBZW7YI%3D"}]}[\r][\n]"
2024-04-25 19:08:50 [main] DEBUG org.apache.http.wire -  << "Reporting-Endpoints: heroku-nel=https://nel.heroku.com/reports?ts=1714052330&sid=e11707d5-02a7-43ef-b45e-2cf4d2036f7d&s=rOy9e7xt1OEksFRCp%2FO8I30G9XP02%2BiFrxDYCBZW7YI%3D[\r][\n]"
2024-04-25 19:08:50 [main] DEBUG org.apache.http.wire -  << "Nel: {"report_to":"heroku-nel","max_age":3600,"success_fraction":0.005,"failure_fraction":0.05,"response_headers":["Via"]}[\r][\n]"
2024-04-25 19:08:50 [main] DEBUG org.apache.http.wire -  << "X-Powered-By: Express[\r][\n]"
2024-04-25 19:08:50 [main] DEBUG org.apache.http.wire -  << "X-Ratelimit-Limit: 1000[\r][\n]"
2024-04-25 19:08:50 [main] DEBUG org.apache.http.wire -  << "X-Ratelimit-Remaining: 979[\r][\n]"
2024-04-25 19:08:50 [main] DEBUG org.apache.http.wire -  << "X-Ratelimit-Reset: 1714052359[\r][\n]"
2024-04-25 19:08:50 [main] DEBUG org.apache.http.wire -  << "Vary: Origin, Accept-Encoding[\r][\n]"
2024-04-25 19:08:50 [main] DEBUG org.apache.http.wire -  << "Access-Control-Allow-Credentials: true[\r][\n]"
2024-04-25 19:08:50 [main] DEBUG org.apache.http.wire -  << "Cache-Control: max-age=43200[\r][\n]"
2024-04-25 19:08:50 [main] DEBUG org.apache.http.wire -  << "Pragma: no-cache[\r][\n]"
2024-04-25 19:08:50 [main] DEBUG org.apache.http.wire -  << "Expires: -1[\r][\n]"
2024-04-25 19:08:50 [main] DEBUG org.apache.http.wire -  << "X-Content-Type-Options: nosniff[\r][\n]"
2024-04-25 19:08:50 [main] DEBUG org.apache.http.wire -  << "Etag: W/"1fd-+2Y3G3w049iSZtw5t1mzSnunngE"[\r][\n]"
2024-04-25 19:08:50 [main] DEBUG org.apache.http.wire -  << "Via: 1.1 vegur[\r][\n]"
2024-04-25 19:08:50 [main] DEBUG org.apache.http.wire -  << "CF-Cache-Status: MISS[\r][\n]"
2024-04-25 19:08:50 [main] DEBUG org.apache.http.wire -  << "Server: cloudflare[\r][\n]"
2024-04-25 19:08:50 [main] DEBUG org.apache.http.wire -  << "CF-RAY: 879ebc54ee527feb-MAA[\r][\n]"
2024-04-25 19:08:50 [main] DEBUG org.apache.http.wire -  << "Content-Encoding: gzip[\r][\n]"
2024-04-25 19:08:50 [main] DEBUG org.apache.http.wire -  << "alt-svc: h3=":443"; ma=86400[\r][\n]"
2024-04-25 19:08:50 [main] DEBUG org.apache.http.wire -  << "[\r][\n]"
2024-04-25 19:08:50 [main] DEBUG o.a.h.i.conn.DefaultClientConnection - Receiving response: HTTP/1.1 200 OK
2024-04-25 19:08:50 [main] DEBUG org.apache.http.headers - << HTTP/1.1 200 OK
2024-04-25 19:08:50 [main] DEBUG org.apache.http.headers - << Date: Thu, 25 Apr 2024 13:38:50 GMT
2024-04-25 19:08:50 [main] DEBUG org.apache.http.headers - << Content-Type: application/json; charset=utf-8
2024-04-25 19:08:50 [main] DEBUG org.apache.http.headers - << Transfer-Encoding: chunked
2024-04-25 19:08:50 [main] DEBUG org.apache.http.headers - << Connection: keep-alive
2024-04-25 19:08:50 [main] DEBUG org.apache.http.headers - << Report-To: {"group":"heroku-nel","max_age":3600,"endpoints":[{"url":"https://nel.heroku.com/reports?ts=1714052330&sid=e11707d5-02a7-43ef-b45e-2cf4d2036f7d&s=rOy9e7xt1OEksFRCp%2FO8I30G9XP02%2BiFrxDYCBZW7YI%3D"}]}
2024-04-25 19:08:50 [main] DEBUG org.apache.http.headers - << Reporting-Endpoints: heroku-nel=https://nel.heroku.com/reports?ts=1714052330&sid=e11707d5-02a7-43ef-b45e-2cf4d2036f7d&s=rOy9e7xt1OEksFRCp%2FO8I30G9XP02%2BiFrxDYCBZW7YI%3D
2024-04-25 19:08:50 [main] DEBUG org.apache.http.headers - << Nel: {"report_to":"heroku-nel","max_age":3600,"success_fraction":0.005,"failure_fraction":0.05,"response_headers":["Via"]}
2024-04-25 19:08:50 [main] DEBUG org.apache.http.headers - << X-Powered-By: Express
2024-04-25 19:08:50 [main] DEBUG org.apache.http.headers - << X-Ratelimit-Limit: 1000
2024-04-25 19:08:50 [main] DEBUG org.apache.http.headers - << X-Ratelimit-Remaining: 979
2024-04-25 19:08:50 [main] DEBUG org.apache.http.headers - << X-Ratelimit-Reset: 1714052359
2024-04-25 19:08:50 [main] DEBUG org.apache.http.headers - << Vary: Origin, Accept-Encoding
2024-04-25 19:08:50 [main] DEBUG org.apache.http.headers - << Access-Control-Allow-Credentials: true
2024-04-25 19:08:50 [main] DEBUG org.apache.http.headers - << Cache-Control: max-age=43200
2024-04-25 19:08:50 [main] DEBUG org.apache.http.headers - << Pragma: no-cache
2024-04-25 19:08:50 [main] DEBUG org.apache.http.headers - << Expires: -1
2024-04-25 19:08:50 [main] DEBUG org.apache.http.headers - << X-Content-Type-Options: nosniff
2024-04-25 19:08:50 [main] DEBUG org.apache.http.headers - << Etag: W/"1fd-+2Y3G3w049iSZtw5t1mzSnunngE"
2024-04-25 19:08:50 [main] DEBUG org.apache.http.headers - << Via: 1.1 vegur
2024-04-25 19:08:50 [main] DEBUG org.apache.http.headers - << CF-Cache-Status: MISS
2024-04-25 19:08:50 [main] DEBUG org.apache.http.headers - << Server: cloudflare
2024-04-25 19:08:50 [main] DEBUG org.apache.http.headers - << CF-RAY: 879ebc54ee527feb-MAA
2024-04-25 19:08:50 [main] DEBUG org.apache.http.headers - << Content-Encoding: gzip
2024-04-25 19:08:50 [main] DEBUG org.apache.http.headers - << alt-svc: h3=":443"; ma=86400
2024-04-25 19:08:50 [main] DEBUG o.a.h.impl.client.DefaultHttpClient - Connection can be kept alive indefinitely
2024-04-25 19:08:50 [main] DEBUG i.r.internal.RestAssuredHttpBuilder - Parsing response as: application/json; charset=utf-8
2024-04-25 19:08:50 [main] DEBUG org.apache.http.wire -  << "149[\r][\n]"
2024-04-25 19:08:50 [main] DEBUG org.apache.http.wire -  << "[0x1f][0x8b][0x8][0x0][0x0][0x0][0x0][0x0][0x0][0x3]E[0x90][0xcd]n[0x83]0[0x10][0x84][0xef]<[0xc5][0xca][0xe7][0x1a][0x95][0x0][0x1]r[0xea][0xcf]![0x87][0xa6]R[0xd5]>[0xc1][0x2]+[0xb0]jl[0xb4]6M[0x93]([0xef]^aBz[0xb3][0xe6][0xdb][0xf5][0xec][0xcc]%[0x2][0x10][0xaa][0x15];H[0x1e][0xe6][0xa7][0xc1][0x81][0xc4][0xe][0xc4][0x81][0xd0][0x18][0x82]=c[0x8f][0x83][0x8]hr[0xc4]+~a[0xf2][0x8b]J[0x3]*=K_[0xca]4[0xc4][0xf4][0x84]#+[0x1d][0xd7][0xea][0xbc]pl[&[0xe7][0xc4][0xe].[0x11][0x0][0x80]p[0x9e][0x89][0xfc][0xbc][0xf1]6itpP][0xbf][0xfc]5[0xc3]I[0xf9]`[0xf0]<[0xfa][0x18][0xf2]|[0xbb][0x82]F[0xf9][0xd3][0xac][0xef][0x8f]dj[0xcb]v[0xea][0xfa][0x15][0x9d][0xd5][0xd8][0xd8]6lU[0x9b][0xaa]*eZ[0x16][0xd9][\n]"
2024-04-25 19:08:50 [main] DEBUG org.apache.http.wire -  << ";[0xb2]wk[0x0][0xa1]18[0xcb][0xb4][0x88][0xd3]$[0xaf]nS30[0xdd][0xc][0xca]$N[0xb2]j+[0x82]|[0x8d][0x0][0xae]![0xc4][0xd8][[0x13][0xc][0x12]Y[0x14][0x8f][0xb2]H[0xb7][0xb2]|L[0x13][0xf8][0xcd][0xb7]Y[0xb6]Y[0x82][0x1e][0xa9]v[0xb7][0xe3]{[0xa5][[0xea][0x90][0xdb][0xd8]r[0xb7][0xd0][0xc6][0xe]#[0x9a][0xd3][\r]k[0x93][0x9f]v[0xc0]n"F[0xf9][0xca][0xd6][0xe0]=/[0xfa][0xa6][0xff][0xe8][0x19]][0x98]z[0x9f][0xb4]WR[0xe3][0x89][0x98]Zh[0xb4]"[0xe3][0xa5]#[0xfe]![0x6]C[0x13][0xa3][0x96][0x86][0xee]-[0xd6].\[0x81]l[0xc8]9`B-[0xbd][0x1a][0x8]H[0xe][0xc8][0xdf][0xe4][0xdd][0x9c][0xef][0x1a]][0xff][0x0]gH[0xce]E[0xfd][0x1][0x0][0x0]"
2024-04-25 19:08:50 [main] DEBUG org.apache.http.wire -  << "[\r][\n]"
2024-04-25 19:08:50 [main] DEBUG org.apache.http.wire -  << "0[\r][\n]"
2024-04-25 19:08:50 [main] DEBUG org.apache.http.wire -  << "[\r][\n]"
2024-04-25 19:08:50 [main] DEBUG i.r.internal.RestAssuredHttpBuilder - Parsed data to instance of: class org.apache.http.conn.EofSensorInputStream
2024-04-25 19:08:50 [main] DEBUG o.a.h.i.c.BasicClientConnectionManager - Releasing connection org.apache.http.impl.conn.ManagedClientConnectionImpl@48368a08
2024-04-25 19:08:50 [main] DEBUG o.a.h.i.c.BasicClientConnectionManager - Connection can be kept alive indefinitely
2024-04-25 19:08:50 [main] DEBUG utils.HttpClient - Received response: {
  "id": 1,
  "name": "Leanne Graham",
  "username": "Bret",
  "email": "Sincere@april.biz",
  "address": {
    "street": "Kulas Light",
    "suite": "Apt. 556",
    "city": "Gwenborough",
    "zipcode": "92998-3874",
    "geo": {
      "lat": "-37.3159",
      "lng": "81.1496"
    }
  },
  "phone": "1-770-736-8031 x56442",
  "website": "hildegard.org",
  "company": {
    "name": "Romaguera-Crona",
    "catchPhrase": "Multi-layered client-server neural-net",
    "bs": "harness real-time e-markets"
  }
}
  When the user sends a GET request to retrieve the user by ID 1 # stepDefinitions.users.UserSteps.theUserSendsGETRequestToUserEndpoint(int)
  Then the response should contain 200 status code               # stepDefinitions.posts.PostSteps.the_post_should_successful(int)
  And the response should contain the user data for ID 1         # stepDefinitions.users.UserSteps.theResponseShouldContainUserDataForID(int)
]]></system-out>
  </testcase>
  <testcase name="Retrieve a User by ID #2" classname="User Management" time="0.639">
    <system-out><![CDATA[
@SmokeTest
Scenario Outline: Retrieve a User by ID                          # src/test/resources/features/user-management.feature:18
2024-04-25 19:08:50 [main] INFO  stepDefinitions.utils.TestContext - TestContext initialized with base URL: http://jsonplaceholder.typicode.com
2024-04-25 19:08:50 [main] DEBUG utils.HttpClient - Making GET request to /users/2
2024-04-25 19:08:50 [main] DEBUG o.a.h.i.c.BasicClientConnectionManager - Get connection for route {}->http://jsonplaceholder.typicode.com:80
2024-04-25 19:08:50 [main] DEBUG o.a.h.i.c.DefaultClientConnectionOperator - Connecting to jsonplaceholder.typicode.com:80
2024-04-25 19:08:50 [main] DEBUG o.a.h.c.protocol.RequestAddCookies - CookieSpec selected: ignoreCookies
2024-04-25 19:08:50 [main] DEBUG o.a.h.c.protocol.RequestAuthCache - Auth cache not set in the context
2024-04-25 19:08:50 [main] DEBUG o.a.h.c.p.RequestTargetAuthentication - Target auth state: UNCHALLENGED
2024-04-25 19:08:50 [main] DEBUG o.a.h.c.p.RequestProxyAuthentication - Proxy auth state: UNCHALLENGED
2024-04-25 19:08:50 [main] DEBUG o.a.h.impl.client.DefaultHttpClient - Attempt 1 to execute request
2024-04-25 19:08:50 [main] DEBUG o.a.h.i.conn.DefaultClientConnection - Sending request: GET /users/2 HTTP/1.1
2024-04-25 19:08:50 [main] DEBUG org.apache.http.wire -  >> "GET /users/2 HTTP/1.1[\r][\n]"
2024-04-25 19:08:50 [main] DEBUG org.apache.http.wire -  >> "Content-Type: application/json[\r][\n]"
2024-04-25 19:08:50 [main] DEBUG org.apache.http.wire -  >> "Accept: */*[\r][\n]"
2024-04-25 19:08:50 [main] DEBUG org.apache.http.wire -  >> "Host: jsonplaceholder.typicode.com[\r][\n]"
2024-04-25 19:08:50 [main] DEBUG org.apache.http.wire -  >> "Connection: Keep-Alive[\r][\n]"
2024-04-25 19:08:50 [main] DEBUG org.apache.http.wire -  >> "User-Agent: Apache-HttpClient/4.5.13 (Java/21.0.1)[\r][\n]"
2024-04-25 19:08:50 [main] DEBUG org.apache.http.wire -  >> "Accept-Encoding: gzip,deflate[\r][\n]"
2024-04-25 19:08:50 [main] DEBUG org.apache.http.wire -  >> "[\r][\n]"
2024-04-25 19:08:50 [main] DEBUG org.apache.http.headers - >> GET /users/2 HTTP/1.1
2024-04-25 19:08:50 [main] DEBUG org.apache.http.headers - >> Content-Type: application/json
2024-04-25 19:08:50 [main] DEBUG org.apache.http.headers - >> Accept: */*
2024-04-25 19:08:50 [main] DEBUG org.apache.http.headers - >> Host: jsonplaceholder.typicode.com
2024-04-25 19:08:50 [main] DEBUG org.apache.http.headers - >> Connection: Keep-Alive
2024-04-25 19:08:50 [main] DEBUG org.apache.http.headers - >> User-Agent: Apache-HttpClient/4.5.13 (Java/21.0.1)
2024-04-25 19:08:50 [main] DEBUG org.apache.http.headers - >> Accept-Encoding: gzip,deflate
2024-04-25 19:08:51 [main] DEBUG org.apache.http.wire -  << "HTTP/1.1 200 OK[\r][\n]"
2024-04-25 19:08:51 [main] DEBUG org.apache.http.wire -  << "Date: Thu, 25 Apr 2024 13:38:50 GMT[\r][\n]"
2024-04-25 19:08:51 [main] DEBUG org.apache.http.wire -  << "Content-Type: application/json; charset=utf-8[\r][\n]"
2024-04-25 19:08:51 [main] DEBUG org.apache.http.wire -  << "Transfer-Encoding: chunked[\r][\n]"
2024-04-25 19:08:51 [main] DEBUG org.apache.http.wire -  << "Connection: keep-alive[\r][\n]"
2024-04-25 19:08:51 [main] DEBUG org.apache.http.wire -  << "Report-To: {"group":"heroku-nel","max_age":3600,"endpoints":[{"url":"https://nel.heroku.com/reports?ts=1714052330&sid=e11707d5-02a7-43ef-b45e-2cf4d2036f7d&s=rOy9e7xt1OEksFRCp%2FO8I30G9XP02%2BiFrxDYCBZW7YI%3D"}]}[\r][\n]"
2024-04-25 19:08:51 [main] DEBUG org.apache.http.wire -  << "Reporting-Endpoints: heroku-nel=https://nel.heroku.com/reports?ts=1714052330&sid=e11707d5-02a7-43ef-b45e-2cf4d2036f7d&s=rOy9e7xt1OEksFRCp%2FO8I30G9XP02%2BiFrxDYCBZW7YI%3D[\r][\n]"
2024-04-25 19:08:51 [main] DEBUG org.apache.http.wire -  << "Nel: {"report_to":"heroku-nel","max_age":3600,"success_fraction":0.005,"failure_fraction":0.05,"response_headers":["Via"]}[\r][\n]"
2024-04-25 19:08:51 [main] DEBUG org.apache.http.wire -  << "X-Powered-By: Express[\r][\n]"
2024-04-25 19:08:51 [main] DEBUG org.apache.http.wire -  << "X-Ratelimit-Limit: 1000[\r][\n]"
2024-04-25 19:08:51 [main] DEBUG org.apache.http.wire -  << "X-Ratelimit-Remaining: 978[\r][\n]"
2024-04-25 19:08:51 [main] DEBUG org.apache.http.wire -  << "X-Ratelimit-Reset: 1714052359[\r][\n]"
2024-04-25 19:08:51 [main] DEBUG org.apache.http.wire -  << "Vary: Origin, Accept-Encoding[\r][\n]"
2024-04-25 19:08:51 [main] DEBUG org.apache.http.wire -  << "Access-Control-Allow-Credentials: true[\r][\n]"
2024-04-25 19:08:51 [main] DEBUG org.apache.http.wire -  << "Cache-Control: max-age=43200[\r][\n]"
2024-04-25 19:08:51 [main] DEBUG org.apache.http.wire -  << "Pragma: no-cache[\r][\n]"
2024-04-25 19:08:51 [main] DEBUG org.apache.http.wire -  << "Expires: -1[\r][\n]"
2024-04-25 19:08:51 [main] DEBUG org.apache.http.wire -  << "X-Content-Type-Options: nosniff[\r][\n]"
2024-04-25 19:08:51 [main] DEBUG org.apache.http.wire -  << "Etag: W/"1fd-XTG63SYhaP/Uo6/vgmARnL3rpBk"[\r][\n]"
2024-04-25 19:08:51 [main] DEBUG org.apache.http.wire -  << "Via: 1.1 vegur[\r][\n]"
2024-04-25 19:08:51 [main] DEBUG org.apache.http.wire -  << "CF-Cache-Status: MISS[\r][\n]"
2024-04-25 19:08:51 [main] DEBUG org.apache.http.wire -  << "Server: cloudflare[\r][\n]"
2024-04-25 19:08:51 [main] DEBUG org.apache.http.wire -  << "CF-RAY: 879ebc591ea87fc1-MAA[\r][\n]"
2024-04-25 19:08:51 [main] DEBUG org.apache.http.wire -  << "Content-Encoding: gzip[\r][\n]"
2024-04-25 19:08:51 [main] DEBUG org.apache.http.wire -  << "alt-svc: h3=":443"; ma=86400[\r][\n]"
2024-04-25 19:08:51 [main] DEBUG org.apache.http.wire -  << "[\r][\n]"
2024-04-25 19:08:51 [main] DEBUG o.a.h.i.conn.DefaultClientConnection - Receiving response: HTTP/1.1 200 OK
2024-04-25 19:08:51 [main] DEBUG org.apache.http.headers - << HTTP/1.1 200 OK
2024-04-25 19:08:51 [main] DEBUG org.apache.http.headers - << Date: Thu, 25 Apr 2024 13:38:50 GMT
2024-04-25 19:08:51 [main] DEBUG org.apache.http.headers - << Content-Type: application/json; charset=utf-8
2024-04-25 19:08:51 [main] DEBUG org.apache.http.headers - << Transfer-Encoding: chunked
2024-04-25 19:08:51 [main] DEBUG org.apache.http.headers - << Connection: keep-alive
2024-04-25 19:08:51 [main] DEBUG org.apache.http.headers - << Report-To: {"group":"heroku-nel","max_age":3600,"endpoints":[{"url":"https://nel.heroku.com/reports?ts=1714052330&sid=e11707d5-02a7-43ef-b45e-2cf4d2036f7d&s=rOy9e7xt1OEksFRCp%2FO8I30G9XP02%2BiFrxDYCBZW7YI%3D"}]}
2024-04-25 19:08:51 [main] DEBUG org.apache.http.headers - << Reporting-Endpoints: heroku-nel=https://nel.heroku.com/reports?ts=1714052330&sid=e11707d5-02a7-43ef-b45e-2cf4d2036f7d&s=rOy9e7xt1OEksFRCp%2FO8I30G9XP02%2BiFrxDYCBZW7YI%3D
2024-04-25 19:08:51 [main] DEBUG org.apache.http.headers - << Nel: {"report_to":"heroku-nel","max_age":3600,"success_fraction":0.005,"failure_fraction":0.05,"response_headers":["Via"]}
2024-04-25 19:08:51 [main] DEBUG org.apache.http.headers - << X-Powered-By: Express
2024-04-25 19:08:51 [main] DEBUG org.apache.http.headers - << X-Ratelimit-Limit: 1000
2024-04-25 19:08:51 [main] DEBUG org.apache.http.headers - << X-Ratelimit-Remaining: 978
2024-04-25 19:08:51 [main] DEBUG org.apache.http.headers - << X-Ratelimit-Reset: 1714052359
2024-04-25 19:08:51 [main] DEBUG org.apache.http.headers - << Vary: Origin, Accept-Encoding
2024-04-25 19:08:51 [main] DEBUG org.apache.http.headers - << Access-Control-Allow-Credentials: true
2024-04-25 19:08:51 [main] DEBUG org.apache.http.headers - << Cache-Control: max-age=43200
2024-04-25 19:08:51 [main] DEBUG org.apache.http.headers - << Pragma: no-cache
2024-04-25 19:08:51 [main] DEBUG org.apache.http.headers - << Expires: -1
2024-04-25 19:08:51 [main] DEBUG org.apache.http.headers - << X-Content-Type-Options: nosniff
2024-04-25 19:08:51 [main] DEBUG org.apache.http.headers - << Etag: W/"1fd-XTG63SYhaP/Uo6/vgmARnL3rpBk"
2024-04-25 19:08:51 [main] DEBUG org.apache.http.headers - << Via: 1.1 vegur
2024-04-25 19:08:51 [main] DEBUG org.apache.http.headers - << CF-Cache-Status: MISS
2024-04-25 19:08:51 [main] DEBUG org.apache.http.headers - << Server: cloudflare
2024-04-25 19:08:51 [main] DEBUG org.apache.http.headers - << CF-RAY: 879ebc591ea87fc1-MAA
2024-04-25 19:08:51 [main] DEBUG org.apache.http.headers - << Content-Encoding: gzip
2024-04-25 19:08:51 [main] DEBUG org.apache.http.headers - << alt-svc: h3=":443"; ma=86400
2024-04-25 19:08:51 [main] DEBUG o.a.h.impl.client.DefaultHttpClient - Connection can be kept alive indefinitely
2024-04-25 19:08:51 [main] DEBUG i.r.internal.RestAssuredHttpBuilder - Parsing response as: application/json; charset=utf-8
2024-04-25 19:08:51 [main] DEBUG org.apache.http.wire -  << "146[\r][\n]"
2024-04-25 19:08:51 [main] DEBUG org.apache.http.wire -  << "[0x1f][0x8b][0x8][0x0][0x0][0x0][0x0][0x0][0x0][0x3]E[0x90][0xc1]n[0x83]0[0x10]D[0xef]|[0xc5][0xca][0xe7][0x12]A[0x12]H[0xc9][0xa9]U[[0xa9][0xc7]H[0x91][0xda][0xf3]bV`[0xc5][0xd8][0xc8]k[0x92][0x92]([0xff]^[0xd9][0x94][0xf4][0xb6][0xda][0xb7][0xe3][0xf1][0xcc]-[0x1][0x10][0xaa][0x11]{X?[0x85][0xd1]`Ob[0xf][0xe2][0xc3][0x9d][0x95][0x81]O{![0xad]E$#[0x93][[0xe8][0xab][0xf1][0xd6][0x90][0xf7]4#[0xea]Q[0xe9][0xb0]?vh[0xc][0xbe][0xf4][0xa4][0x15]3[0xae][0xfc]y[0xe6][0xd8]4[0x8e][0x98][0xc5][0x1e]n[0x9][0x0][0x80]`[0xef][0x88]|P|)[0xe9][0xad][0x83][0x83]Fe8^[0x7]<*[0x1f]}[0x8e]a[0x80][0xe7]][0xb5][0x10][0xa9][0xfc][0x14][0xc0][0xb7]b{[0x9a][0xea][0xd1][0xb5][0xdd][0x82][0xae]j[0x90][0xb6][0x89][0xb2]*+[0xca]2[0xdd][0xed]v[0xf9][0x2][[0xb2][0xf]w[0x0][0xa1]1[0x9a][0xa7][0xdb][0xcd][0xaa]*[0xb2][0xe5][0xf5][0x0]L[0x1b][0xc1]f[0xbb][0xda][0x96][0xf9][0xb3][0x88][0xfb]{[0x2]p[0x8f]A[0x86][0xce][0x9a][0xe8][0x90][0xe5]YZV[0xeb][0xb4],[0xaa][\r][0xfc]dU[0xbe].[0xe6][0xa8][0x17][0xaa][0xf9][0xef][0xf3]h[0x90]=[0xb2][0xc2][0x95]!?Si[0xfb][0x1][0xcd][0xf4]_[0xc4]R[0xe8];[0xc9][0x93][0xbd][0xa4]oN[0xb1]dE/[0xbb]C[0xe7][0x90][0xe3][0xc9][0xc1]Y[0x94]^[0x9d][0x9][0x1a][0xd5][0x84]I[0x82][0xb4][0xc6]+[0xd3][0x92][0x91][0xd3]"[0xaa]C[0xcb][0x82]'C[0xae]UW[0x2][0x96][0xa8][0xb1][0xd6][0x4]<[0xe][0x83][0x9e]R[0xd9][0xc5][0xa2]C[0xa2][0xe4][0xfe][0xb][0x8d][0x8b]qw[0xfd][0x1][0x0][0x0]"
2024-04-25 19:08:51 [main] DEBUG org.apache.http.wire -  << "[\r][\n]"
2024-04-25 19:08:51 [main] DEBUG org.apache.http.wire -  << "0[\r][\n]"
2024-04-25 19:08:51 [main] DEBUG org.apache.http.wire -  << "[\r][\n]"
2024-04-25 19:08:51 [main] DEBUG i.r.internal.RestAssuredHttpBuilder - Parsed data to instance of: class org.apache.http.conn.EofSensorInputStream
2024-04-25 19:08:51 [main] DEBUG o.a.h.i.c.BasicClientConnectionManager - Releasing connection org.apache.http.impl.conn.ManagedClientConnectionImpl@243c4346
2024-04-25 19:08:51 [main] DEBUG o.a.h.i.c.BasicClientConnectionManager - Connection can be kept alive indefinitely
2024-04-25 19:08:51 [main] DEBUG utils.HttpClient - Received response: {
  "id": 2,
  "name": "Ervin Howell",
  "username": "Antonette",
  "email": "Shanna@melissa.tv",
  "address": {
    "street": "Victor Plains",
    "suite": "Suite 879",
    "city": "Wisokyburgh",
    "zipcode": "90566-7771",
    "geo": {
      "lat": "-43.9509",
      "lng": "-34.4618"
    }
  },
  "phone": "010-692-6593 x09125",
  "website": "anastasia.net",
  "company": {
    "name": "Deckow-Crist",
    "catchPhrase": "Proactive didactic contingency",
    "bs": "synergize scalable supply-chains"
  }
}
  When the user sends a GET request to retrieve the user by ID 2 # stepDefinitions.users.UserSteps.theUserSendsGETRequestToUserEndpoint(int)
  Then the response should contain 200 status code               # stepDefinitions.posts.PostSteps.the_post_should_successful(int)
  And the response should contain the user data for ID 2         # stepDefinitions.users.UserSteps.theResponseShouldContainUserDataForID(int)
]]></system-out>
  </testcase>
  <testcase name="Retrieve a User by ID #3" classname="User Management" time="0.633">
    <system-out><![CDATA[
@SmokeTest
Scenario Outline: Retrieve a User by ID                          # src/test/resources/features/user-management.feature:19
2024-04-25 19:08:51 [main] INFO  stepDefinitions.utils.TestContext - TestContext initialized with base URL: http://jsonplaceholder.typicode.com
2024-04-25 19:08:51 [main] DEBUG utils.HttpClient - Making GET request to /users/3
2024-04-25 19:08:51 [main] DEBUG o.a.h.i.c.BasicClientConnectionManager - Get connection for route {}->http://jsonplaceholder.typicode.com:80
2024-04-25 19:08:51 [main] DEBUG o.a.h.i.c.DefaultClientConnectionOperator - Connecting to jsonplaceholder.typicode.com:80
2024-04-25 19:08:51 [main] DEBUG o.a.h.c.protocol.RequestAddCookies - CookieSpec selected: ignoreCookies
2024-04-25 19:08:51 [main] DEBUG o.a.h.c.protocol.RequestAuthCache - Auth cache not set in the context
2024-04-25 19:08:51 [main] DEBUG o.a.h.c.p.RequestTargetAuthentication - Target auth state: UNCHALLENGED
2024-04-25 19:08:51 [main] DEBUG o.a.h.c.p.RequestProxyAuthentication - Proxy auth state: UNCHALLENGED
2024-04-25 19:08:51 [main] DEBUG o.a.h.impl.client.DefaultHttpClient - Attempt 1 to execute request
2024-04-25 19:08:51 [main] DEBUG o.a.h.i.conn.DefaultClientConnection - Sending request: GET /users/3 HTTP/1.1
2024-04-25 19:08:51 [main] DEBUG org.apache.http.wire -  >> "GET /users/3 HTTP/1.1[\r][\n]"
2024-04-25 19:08:51 [main] DEBUG org.apache.http.wire -  >> "Content-Type: application/json[\r][\n]"
2024-04-25 19:08:51 [main] DEBUG org.apache.http.wire -  >> "Accept: */*[\r][\n]"
2024-04-25 19:08:51 [main] DEBUG org.apache.http.wire -  >> "Host: jsonplaceholder.typicode.com[\r][\n]"
2024-04-25 19:08:51 [main] DEBUG org.apache.http.wire -  >> "Connection: Keep-Alive[\r][\n]"
2024-04-25 19:08:51 [main] DEBUG org.apache.http.wire -  >> "User-Agent: Apache-HttpClient/4.5.13 (Java/21.0.1)[\r][\n]"
2024-04-25 19:08:51 [main] DEBUG org.apache.http.wire -  >> "Accept-Encoding: gzip,deflate[\r][\n]"
2024-04-25 19:08:51 [main] DEBUG org.apache.http.wire -  >> "[\r][\n]"
2024-04-25 19:08:51 [main] DEBUG org.apache.http.headers - >> GET /users/3 HTTP/1.1
2024-04-25 19:08:51 [main] DEBUG org.apache.http.headers - >> Content-Type: application/json
2024-04-25 19:08:51 [main] DEBUG org.apache.http.headers - >> Accept: */*
2024-04-25 19:08:51 [main] DEBUG org.apache.http.headers - >> Host: jsonplaceholder.typicode.com
2024-04-25 19:08:51 [main] DEBUG org.apache.http.headers - >> Connection: Keep-Alive
2024-04-25 19:08:51 [main] DEBUG org.apache.http.headers - >> User-Agent: Apache-HttpClient/4.5.13 (Java/21.0.1)
2024-04-25 19:08:51 [main] DEBUG org.apache.http.headers - >> Accept-Encoding: gzip,deflate
2024-04-25 19:08:51 [main] DEBUG org.apache.http.wire -  << "HTTP/1.1 200 OK[\r][\n]"
2024-04-25 19:08:51 [main] DEBUG org.apache.http.wire -  << "Date: Thu, 25 Apr 2024 13:38:51 GMT[\r][\n]"
2024-04-25 19:08:51 [main] DEBUG org.apache.http.wire -  << "Content-Type: application/json; charset=utf-8[\r][\n]"
2024-04-25 19:08:51 [main] DEBUG org.apache.http.wire -  << "Transfer-Encoding: chunked[\r][\n]"
2024-04-25 19:08:51 [main] DEBUG org.apache.http.wire -  << "Connection: keep-alive[\r][\n]"
2024-04-25 19:08:51 [main] DEBUG org.apache.http.wire -  << "Report-To: {"group":"heroku-nel","max_age":3600,"endpoints":[{"url":"https://nel.heroku.com/reports?ts=1714052331&sid=e11707d5-02a7-43ef-b45e-2cf4d2036f7d&s=75O3ap9%2Bg6zGI8GCwEElhrsMcNFGLGd2c%2B8hAJZFK0k%3D"}]}[\r][\n]"
2024-04-25 19:08:51 [main] DEBUG org.apache.http.wire -  << "Reporting-Endpoints: heroku-nel=https://nel.heroku.com/reports?ts=1714052331&sid=e11707d5-02a7-43ef-b45e-2cf4d2036f7d&s=75O3ap9%2Bg6zGI8GCwEElhrsMcNFGLGd2c%2B8hAJZFK0k%3D[\r][\n]"
2024-04-25 19:08:51 [main] DEBUG org.apache.http.wire -  << "Nel: {"report_to":"heroku-nel","max_age":3600,"success_fraction":0.005,"failure_fraction":0.05,"response_headers":["Via"]}[\r][\n]"
2024-04-25 19:08:51 [main] DEBUG org.apache.http.wire -  << "X-Powered-By: Express[\r][\n]"
2024-04-25 19:08:51 [main] DEBUG org.apache.http.wire -  << "X-Ratelimit-Limit: 1000[\r][\n]"
2024-04-25 19:08:51 [main] DEBUG org.apache.http.wire -  << "X-Ratelimit-Remaining: 977[\r][\n]"
2024-04-25 19:08:51 [main] DEBUG org.apache.http.wire -  << "X-Ratelimit-Reset: 1714052359[\r][\n]"
2024-04-25 19:08:51 [main] DEBUG org.apache.http.wire -  << "Vary: Origin, Accept-Encoding[\r][\n]"
2024-04-25 19:08:51 [main] DEBUG org.apache.http.wire -  << "Access-Control-Allow-Credentials: true[\r][\n]"
2024-04-25 19:08:51 [main] DEBUG org.apache.http.wire -  << "Cache-Control: max-age=43200[\r][\n]"
2024-04-25 19:08:51 [main] DEBUG org.apache.http.wire -  << "Pragma: no-cache[\r][\n]"
2024-04-25 19:08:51 [main] DEBUG org.apache.http.wire -  << "Expires: -1[\r][\n]"
2024-04-25 19:08:51 [main] DEBUG org.apache.http.wire -  << "X-Content-Type-Options: nosniff[\r][\n]"
2024-04-25 19:08:51 [main] DEBUG org.apache.http.wire -  << "Etag: W/"208-uuwhfwQMzFzbJr9Pg6DKXae0SXA"[\r][\n]"
2024-04-25 19:08:51 [main] DEBUG org.apache.http.wire -  << "Via: 1.1 vegur[\r][\n]"
2024-04-25 19:08:51 [main] DEBUG org.apache.http.wire -  << "CF-Cache-Status: MISS[\r][\n]"
2024-04-25 19:08:51 [main] DEBUG org.apache.http.wire -  << "Server: cloudflare[\r][\n]"
2024-04-25 19:08:51 [main] DEBUG org.apache.http.wire -  << "CF-RAY: 879ebc5d1a1b7f4c-MAA[\r][\n]"
2024-04-25 19:08:51 [main] DEBUG org.apache.http.wire -  << "Content-Encoding: gzip[\r][\n]"
2024-04-25 19:08:51 [main] DEBUG org.apache.http.wire -  << "alt-svc: h3=":443"; ma=86400[\r][\n]"
2024-04-25 19:08:51 [main] DEBUG org.apache.http.wire -  << "[\r][\n]"
2024-04-25 19:08:51 [main] DEBUG o.a.h.i.conn.DefaultClientConnection - Receiving response: HTTP/1.1 200 OK
2024-04-25 19:08:51 [main] DEBUG org.apache.http.headers - << HTTP/1.1 200 OK
2024-04-25 19:08:51 [main] DEBUG org.apache.http.headers - << Date: Thu, 25 Apr 2024 13:38:51 GMT
2024-04-25 19:08:51 [main] DEBUG org.apache.http.headers - << Content-Type: application/json; charset=utf-8
2024-04-25 19:08:51 [main] DEBUG org.apache.http.headers - << Transfer-Encoding: chunked
2024-04-25 19:08:51 [main] DEBUG org.apache.http.headers - << Connection: keep-alive
2024-04-25 19:08:51 [main] DEBUG org.apache.http.headers - << Report-To: {"group":"heroku-nel","max_age":3600,"endpoints":[{"url":"https://nel.heroku.com/reports?ts=1714052331&sid=e11707d5-02a7-43ef-b45e-2cf4d2036f7d&s=75O3ap9%2Bg6zGI8GCwEElhrsMcNFGLGd2c%2B8hAJZFK0k%3D"}]}
2024-04-25 19:08:51 [main] DEBUG org.apache.http.headers - << Reporting-Endpoints: heroku-nel=https://nel.heroku.com/reports?ts=1714052331&sid=e11707d5-02a7-43ef-b45e-2cf4d2036f7d&s=75O3ap9%2Bg6zGI8GCwEElhrsMcNFGLGd2c%2B8hAJZFK0k%3D
2024-04-25 19:08:51 [main] DEBUG org.apache.http.headers - << Nel: {"report_to":"heroku-nel","max_age":3600,"success_fraction":0.005,"failure_fraction":0.05,"response_headers":["Via"]}
2024-04-25 19:08:51 [main] DEBUG org.apache.http.headers - << X-Powered-By: Express
2024-04-25 19:08:51 [main] DEBUG org.apache.http.headers - << X-Ratelimit-Limit: 1000
2024-04-25 19:08:51 [main] DEBUG org.apache.http.headers - << X-Ratelimit-Remaining: 977
2024-04-25 19:08:51 [main] DEBUG org.apache.http.headers - << X-Ratelimit-Reset: 1714052359
2024-04-25 19:08:51 [main] DEBUG org.apache.http.headers - << Vary: Origin, Accept-Encoding
2024-04-25 19:08:51 [main] DEBUG org.apache.http.headers - << Access-Control-Allow-Credentials: true
2024-04-25 19:08:51 [main] DEBUG org.apache.http.headers - << Cache-Control: max-age=43200
2024-04-25 19:08:51 [main] DEBUG org.apache.http.headers - << Pragma: no-cache
2024-04-25 19:08:51 [main] DEBUG org.apache.http.headers - << Expires: -1
2024-04-25 19:08:51 [main] DEBUG org.apache.http.headers - << X-Content-Type-Options: nosniff
2024-04-25 19:08:51 [main] DEBUG org.apache.http.headers - << Etag: W/"208-uuwhfwQMzFzbJr9Pg6DKXae0SXA"
2024-04-25 19:08:51 [main] DEBUG org.apache.http.headers - << Via: 1.1 vegur
2024-04-25 19:08:51 [main] DEBUG org.apache.http.headers - << CF-Cache-Status: MISS
2024-04-25 19:08:51 [main] DEBUG org.apache.http.headers - << Server: cloudflare
2024-04-25 19:08:51 [main] DEBUG org.apache.http.headers - << CF-RAY: 879ebc5d1a1b7f4c-MAA
2024-04-25 19:08:51 [main] DEBUG org.apache.http.headers - << Content-Encoding: gzip
2024-04-25 19:08:51 [main] DEBUG org.apache.http.headers - << alt-svc: h3=":443"; ma=86400
2024-04-25 19:08:51 [main] DEBUG o.a.h.impl.client.DefaultHttpClient - Connection can be kept alive indefinitely
2024-04-25 19:08:51 [main] DEBUG i.r.internal.RestAssuredHttpBuilder - Parsing response as: application/json; charset=utf-8
2024-04-25 19:08:51 [main] DEBUG org.apache.http.wire -  << "14a[\r][\n]"
2024-04-25 19:08:51 [main] DEBUG org.apache.http.wire -  << "[0x1f][0x8b][0x8][0x0][0x0][0x0][0x0][0x0][0x0][0x3]E[0x90][0xcb]n[0x83]0[0x10]E[0xf7]|[0xc5][0xc8][0xeb][0x82]Bx[0xe4][0xb1][0xaa][0xfa]Z[0xb4]jU[0xb5]_0[0x98][0x9]X[0x82]1[0xb2]M[0xdb]$[0xe2][0xdf]+[0x9b][0x90][0xac]<[0x9a]s[0xaf]|[0xe7][0x9e]#[0x0][0xa1]j[0xb1][0x87][0xec][0xce][0x8f][0x8c]=[0x89]=[0x88][0xc7][0x8e]zb[0xa7][0x98][0xe0][0x1]G[0xd9][0x8a]@GKfQ|c[0x8f][0xec]Z[0x9c][0x9][0xf5][0xa8]:[0xbf][0xfe]@[0xd7]"[0xdf][0x1f][0xc9][0x12]+L[0x98][0xdc],[0xc0][0xba]6d[0xad][0xd8][0xc3]9[0x2][0x0][0x10][0xd6][0x19]"[0xe7]-Ozl:[0xb4][0xf0][0xfc][0xe7][0x88][0xad][0xd2][0x1c][0x1c]^2*7[0xff][0xe5][0x7][0xd8][0xe6][0x9b][0x85]H[0xe5][0x8e][0x1e][0xbc][0xcb]7[0xe2][0x93][0xa2][0x16][0xe8]j;[0xa9]A[0xea]:[0x18][0x8b]][0xb1][[0xc5]yZ\[0x9d][\r][0xe9]k[0x6][0x0][0xd1]a[0x88][0x10][0x97][0xdb][0xa4]LW[0xeb][0x8b][0xca][0x3]n[0x2][0xc8]7[0xc9][0xaa],2[0x11][0xf6]S[0x4]0[0x85]s[0x86]Vs[0xf8]![0x8d][0xf3]2[0x8b][0xd3]u[0x16][0xe7][0xf9]%[0x9f][0xf8][0xa5][0xca]^[0x92][0x1b][0xec][0x95][0xd1][0x89][0xe2][0x83][0x9e][0x99][0xd4][0xfd][0x80]|[0xbc][0xf5][0xb0][0xf4][0xf9][0xa5]{lF2[0x18][0xbf][0xa2][0xd4][0x95][0xbd][0xd5] [0xd1][0xc9][0xf6][0xb3]5h[0x83][0xf0][0x5]%[0x81][0xd3]p[0xf0]o[0xa5][0xe][0xa3][0x91][0xe8][0xa8][0x6][0xc5][0x8e][0x8c]_.[0xbe][0xca][0xb7]-(&[0xc6][0xaa]#[0xb0][0xce][0xa0][0xa3]FI[0xc0]a[0xe8][0x94]D[0xa7]4[[0xd8][0x14]M[0xff][0x19][0xaf][0x8a][0x92][0x8][0x2][0x0][0x0]"
2024-04-25 19:08:51 [main] DEBUG org.apache.http.wire -  << "[\r][\n]"
2024-04-25 19:08:51 [main] DEBUG org.apache.http.wire -  << "0[\r][\n]"
2024-04-25 19:08:51 [main] DEBUG org.apache.http.wire -  << "[\r][\n]"
2024-04-25 19:08:51 [main] DEBUG i.r.internal.RestAssuredHttpBuilder - Parsed data to instance of: class org.apache.http.conn.EofSensorInputStream
2024-04-25 19:08:51 [main] DEBUG o.a.h.i.c.BasicClientConnectionManager - Releasing connection org.apache.http.impl.conn.ManagedClientConnectionImpl@5c839677
2024-04-25 19:08:51 [main] DEBUG o.a.h.i.c.BasicClientConnectionManager - Connection can be kept alive indefinitely
2024-04-25 19:08:51 [main] DEBUG utils.HttpClient - Received response: {
  "id": 3,
  "name": "Clementine Bauch",
  "username": "Samantha",
  "email": "Nathan@yesenia.net",
  "address": {
    "street": "Douglas Extension",
    "suite": "Suite 847",
    "city": "McKenziehaven",
    "zipcode": "59590-4157",
    "geo": {
      "lat": "-68.6102",
      "lng": "-47.0653"
    }
  },
  "phone": "1-463-123-4447",
  "website": "ramiro.info",
  "company": {
    "name": "Romaguera-Jacobson",
    "catchPhrase": "Face to face bifurcated interface",
    "bs": "e-enable strategic applications"
  }
}
  When the user sends a GET request to retrieve the user by ID 3 # stepDefinitions.users.UserSteps.theUserSendsGETRequestToUserEndpoint(int)
  Then the response should contain 200 status code               # stepDefinitions.posts.PostSteps.the_post_should_successful(int)
  And the response should contain the user data for ID 3         # stepDefinitions.users.UserSteps.theResponseShouldContainUserDataForID(int)
]]></system-out>
  </testcase>
  <testcase name="Retrieve a User by non-existent ID" classname="User Management" time="0.636">
    <system-out><![CDATA[
@SmokeTest
Scenario: Retrieve a User by non-existent ID                      # src/test/resources/features/user-management.feature:22
2024-04-25 19:08:51 [main] INFO  stepDefinitions.utils.TestContext - TestContext initialized with base URL: http://jsonplaceholder.typicode.com
2024-04-25 19:08:51 [main] DEBUG utils.HttpClient - Making GET request to /users/-1
2024-04-25 19:08:51 [main] DEBUG o.a.h.i.c.BasicClientConnectionManager - Get connection for route {}->http://jsonplaceholder.typicode.com:80
2024-04-25 19:08:51 [main] DEBUG o.a.h.i.c.DefaultClientConnectionOperator - Connecting to jsonplaceholder.typicode.com:80
2024-04-25 19:08:51 [main] DEBUG o.a.h.c.protocol.RequestAddCookies - CookieSpec selected: ignoreCookies
2024-04-25 19:08:51 [main] DEBUG o.a.h.c.protocol.RequestAuthCache - Auth cache not set in the context
2024-04-25 19:08:51 [main] DEBUG o.a.h.c.p.RequestTargetAuthentication - Target auth state: UNCHALLENGED
2024-04-25 19:08:51 [main] DEBUG o.a.h.c.p.RequestProxyAuthentication - Proxy auth state: UNCHALLENGED
2024-04-25 19:08:51 [main] DEBUG o.a.h.impl.client.DefaultHttpClient - Attempt 1 to execute request
2024-04-25 19:08:51 [main] DEBUG o.a.h.i.conn.DefaultClientConnection - Sending request: GET /users/-1 HTTP/1.1
2024-04-25 19:08:51 [main] DEBUG org.apache.http.wire -  >> "GET /users/-1 HTTP/1.1[\r][\n]"
2024-04-25 19:08:51 [main] DEBUG org.apache.http.wire -  >> "Content-Type: application/json[\r][\n]"
2024-04-25 19:08:51 [main] DEBUG org.apache.http.wire -  >> "Accept: */*[\r][\n]"
2024-04-25 19:08:51 [main] DEBUG org.apache.http.wire -  >> "Host: jsonplaceholder.typicode.com[\r][\n]"
2024-04-25 19:08:51 [main] DEBUG org.apache.http.wire -  >> "Connection: Keep-Alive[\r][\n]"
2024-04-25 19:08:51 [main] DEBUG org.apache.http.wire -  >> "User-Agent: Apache-HttpClient/4.5.13 (Java/21.0.1)[\r][\n]"
2024-04-25 19:08:51 [main] DEBUG org.apache.http.wire -  >> "Accept-Encoding: gzip,deflate[\r][\n]"
2024-04-25 19:08:51 [main] DEBUG org.apache.http.wire -  >> "[\r][\n]"
2024-04-25 19:08:51 [main] DEBUG org.apache.http.headers - >> GET /users/-1 HTTP/1.1
2024-04-25 19:08:51 [main] DEBUG org.apache.http.headers - >> Content-Type: application/json
2024-04-25 19:08:51 [main] DEBUG org.apache.http.headers - >> Accept: */*
2024-04-25 19:08:51 [main] DEBUG org.apache.http.headers - >> Host: jsonplaceholder.typicode.com
2024-04-25 19:08:51 [main] DEBUG org.apache.http.headers - >> Connection: Keep-Alive
2024-04-25 19:08:51 [main] DEBUG org.apache.http.headers - >> User-Agent: Apache-HttpClient/4.5.13 (Java/21.0.1)
2024-04-25 19:08:51 [main] DEBUG org.apache.http.headers - >> Accept-Encoding: gzip,deflate
2024-04-25 19:08:52 [main] DEBUG org.apache.http.wire -  << "HTTP/1.1 404 Not Found[\r][\n]"
2024-04-25 19:08:52 [main] DEBUG org.apache.http.wire -  << "Date: Thu, 25 Apr 2024 13:38:52 GMT[\r][\n]"
2024-04-25 19:08:52 [main] DEBUG org.apache.http.wire -  << "Content-Type: application/json; charset=utf-8[\r][\n]"
2024-04-25 19:08:52 [main] DEBUG org.apache.http.wire -  << "Content-Length: 2[\r][\n]"
2024-04-25 19:08:52 [main] DEBUG org.apache.http.wire -  << "Connection: keep-alive[\r][\n]"
2024-04-25 19:08:52 [main] DEBUG org.apache.http.wire -  << "Report-To: {"group":"heroku-nel","max_age":3600,"endpoints":[{"url":"https://nel.heroku.com/reports?ts=1714052332&sid=e11707d5-02a7-43ef-b45e-2cf4d2036f7d&s=0RZriejMEKIVq7KR%2FPSfOCjROAfe50hO%2Bv8wjDZHhp0%3D"}]}[\r][\n]"
2024-04-25 19:08:52 [main] DEBUG org.apache.http.wire -  << "Reporting-Endpoints: heroku-nel=https://nel.heroku.com/reports?ts=1714052332&sid=e11707d5-02a7-43ef-b45e-2cf4d2036f7d&s=0RZriejMEKIVq7KR%2FPSfOCjROAfe50hO%2Bv8wjDZHhp0%3D[\r][\n]"
2024-04-25 19:08:52 [main] DEBUG org.apache.http.wire -  << "Nel: {"report_to":"heroku-nel","max_age":3600,"success_fraction":0.005,"failure_fraction":0.05,"response_headers":["Via"]}[\r][\n]"
2024-04-25 19:08:52 [main] DEBUG org.apache.http.wire -  << "X-Powered-By: Express[\r][\n]"
2024-04-25 19:08:52 [main] DEBUG org.apache.http.wire -  << "X-Ratelimit-Limit: 1000[\r][\n]"
2024-04-25 19:08:52 [main] DEBUG org.apache.http.wire -  << "X-Ratelimit-Remaining: 976[\r][\n]"
2024-04-25 19:08:52 [main] DEBUG org.apache.http.wire -  << "X-Ratelimit-Reset: 1714052359[\r][\n]"
2024-04-25 19:08:52 [main] DEBUG org.apache.http.wire -  << "Vary: Origin, Accept-Encoding[\r][\n]"
2024-04-25 19:08:52 [main] DEBUG org.apache.http.wire -  << "Access-Control-Allow-Credentials: true[\r][\n]"
2024-04-25 19:08:52 [main] DEBUG org.apache.http.wire -  << "Cache-Control: max-age=43200[\r][\n]"
2024-04-25 19:08:52 [main] DEBUG org.apache.http.wire -  << "Pragma: no-cache[\r][\n]"
2024-04-25 19:08:52 [main] DEBUG org.apache.http.wire -  << "Expires: -1[\r][\n]"
2024-04-25 19:08:52 [main] DEBUG org.apache.http.wire -  << "X-Content-Type-Options: nosniff[\r][\n]"
2024-04-25 19:08:52 [main] DEBUG org.apache.http.wire -  << "Etag: W/"2-vyGp6PvFo4RvsFtPoIWeCReyIC8"[\r][\n]"
2024-04-25 19:08:52 [main] DEBUG org.apache.http.wire -  << "Via: 1.1 vegur[\r][\n]"
2024-04-25 19:08:52 [main] DEBUG org.apache.http.wire -  << "CF-Cache-Status: MISS[\r][\n]"
2024-04-25 19:08:52 [main] DEBUG org.apache.http.wire -  << "Server: cloudflare[\r][\n]"
2024-04-25 19:08:52 [main] DEBUG org.apache.http.wire -  << "CF-RAY: 879ebc6109817ef8-MAA[\r][\n]"
2024-04-25 19:08:52 [main] DEBUG org.apache.http.wire -  << "alt-svc: h3=":443"; ma=86400[\r][\n]"
2024-04-25 19:08:52 [main] DEBUG org.apache.http.wire -  << "[\r][\n]"
2024-04-25 19:08:52 [main] DEBUG o.a.h.i.conn.DefaultClientConnection - Receiving response: HTTP/1.1 404 Not Found
2024-04-25 19:08:52 [main] DEBUG org.apache.http.headers - << HTTP/1.1 404 Not Found
2024-04-25 19:08:52 [main] DEBUG org.apache.http.headers - << Date: Thu, 25 Apr 2024 13:38:52 GMT
2024-04-25 19:08:52 [main] DEBUG org.apache.http.headers - << Content-Type: application/json; charset=utf-8
2024-04-25 19:08:52 [main] DEBUG org.apache.http.headers - << Content-Length: 2
2024-04-25 19:08:52 [main] DEBUG org.apache.http.headers - << Connection: keep-alive
2024-04-25 19:08:52 [main] DEBUG org.apache.http.headers - << Report-To: {"group":"heroku-nel","max_age":3600,"endpoints":[{"url":"https://nel.heroku.com/reports?ts=1714052332&sid=e11707d5-02a7-43ef-b45e-2cf4d2036f7d&s=0RZriejMEKIVq7KR%2FPSfOCjROAfe50hO%2Bv8wjDZHhp0%3D"}]}
2024-04-25 19:08:52 [main] DEBUG org.apache.http.headers - << Reporting-Endpoints: heroku-nel=https://nel.heroku.com/reports?ts=1714052332&sid=e11707d5-02a7-43ef-b45e-2cf4d2036f7d&s=0RZriejMEKIVq7KR%2FPSfOCjROAfe50hO%2Bv8wjDZHhp0%3D
2024-04-25 19:08:52 [main] DEBUG org.apache.http.headers - << Nel: {"report_to":"heroku-nel","max_age":3600,"success_fraction":0.005,"failure_fraction":0.05,"response_headers":["Via"]}
2024-04-25 19:08:52 [main] DEBUG org.apache.http.headers - << X-Powered-By: Express
2024-04-25 19:08:52 [main] DEBUG org.apache.http.headers - << X-Ratelimit-Limit: 1000
2024-04-25 19:08:52 [main] DEBUG org.apache.http.headers - << X-Ratelimit-Remaining: 976
2024-04-25 19:08:52 [main] DEBUG org.apache.http.headers - << X-Ratelimit-Reset: 1714052359
2024-04-25 19:08:52 [main] DEBUG org.apache.http.headers - << Vary: Origin, Accept-Encoding
2024-04-25 19:08:52 [main] DEBUG org.apache.http.headers - << Access-Control-Allow-Credentials: true
2024-04-25 19:08:52 [main] DEBUG org.apache.http.headers - << Cache-Control: max-age=43200
2024-04-25 19:08:52 [main] DEBUG org.apache.http.headers - << Pragma: no-cache
2024-04-25 19:08:52 [main] DEBUG org.apache.http.headers - << Expires: -1
2024-04-25 19:08:52 [main] DEBUG org.apache.http.headers - << X-Content-Type-Options: nosniff
2024-04-25 19:08:52 [main] DEBUG org.apache.http.headers - << Etag: W/"2-vyGp6PvFo4RvsFtPoIWeCReyIC8"
2024-04-25 19:08:52 [main] DEBUG org.apache.http.headers - << Via: 1.1 vegur
2024-04-25 19:08:52 [main] DEBUG org.apache.http.headers - << CF-Cache-Status: MISS
2024-04-25 19:08:52 [main] DEBUG org.apache.http.headers - << Server: cloudflare
2024-04-25 19:08:52 [main] DEBUG org.apache.http.headers - << CF-RAY: 879ebc6109817ef8-MAA
2024-04-25 19:08:52 [main] DEBUG org.apache.http.headers - << alt-svc: h3=":443"; ma=86400
2024-04-25 19:08:52 [main] DEBUG o.a.h.impl.client.DefaultHttpClient - Connection can be kept alive indefinitely
2024-04-25 19:08:52 [main] DEBUG i.r.internal.RestAssuredHttpBuilder - Parsing response as: application/json; charset=utf-8
2024-04-25 19:08:52 [main] DEBUG i.r.internal.RestAssuredHttpBuilder - Parsed data to instance of: class org.apache.http.conn.EofSensorInputStream
2024-04-25 19:08:52 [main] DEBUG org.apache.http.wire -  << "{}"
2024-04-25 19:08:52 [main] DEBUG o.a.h.i.c.BasicClientConnectionManager - Releasing connection org.apache.http.impl.conn.ManagedClientConnectionImpl@2086d469
2024-04-25 19:08:52 [main] DEBUG o.a.h.i.c.BasicClientConnectionManager - Connection can be kept alive indefinitely
2024-04-25 19:08:52 [main] DEBUG utils.HttpClient - Received response: {}
  When the user sends a GET request to retrieve the user by ID -1 # stepDefinitions.users.UserSteps.theUserSendsGETRequestToUserEndpoint(int)
  Then the response should contain 404 status code                # stepDefinitions.posts.PostSteps.the_post_should_successful(int)
]]></system-out>
  </testcase>
  <testcase name="Create a New User #1" classname="User Management" time="0.637">
    <system-out><![CDATA[
@SmokeTest
Scenario Outline: Create a New User                                                                                    # src/test/resources/features/user-management.feature:35
2024-04-25 19:08:52 [main] INFO  stepDefinitions.utils.TestContext - TestContext initialized with base URL: http://jsonplaceholder.typicode.com
  Given the user wants to create a new user with name "John Doe", email "john.doe@example.com", and username "johndoe" # stepDefinitions.users.UserSteps.theUserWantsToCreateNewUser(java.lang.String,java.lang.String,java.lang.String)
2024-04-25 19:08:52 [main] DEBUG utils.HttpClient - Making POST request to /users with body {"id":0,"name":"John Doe","username":"johndoe","email":"john.doe@example.com","address":{"street":"123 Street","suite":"Suite 101","city":"City","zipcode":"12345","geo":{"lat":"40.7128","lng":"-74.0060"}},"phone":"123-456-7890","website":"www.example.com","company":{"name":"Company Name","catchPhrase":"Catch Phrase","bs":"BS"}}
2024-04-25 19:08:52 [main] DEBUG o.a.h.i.c.BasicClientConnectionManager - Get connection for route {}->http://jsonplaceholder.typicode.com:80
2024-04-25 19:08:52 [main] DEBUG o.a.h.i.c.DefaultClientConnectionOperator - Connecting to jsonplaceholder.typicode.com:80
2024-04-25 19:08:52 [main] DEBUG o.a.h.c.protocol.RequestAddCookies - CookieSpec selected: ignoreCookies
2024-04-25 19:08:52 [main] DEBUG o.a.h.c.protocol.RequestAuthCache - Auth cache not set in the context
2024-04-25 19:08:52 [main] DEBUG o.a.h.c.p.RequestTargetAuthentication - Target auth state: UNCHALLENGED
2024-04-25 19:08:52 [main] DEBUG o.a.h.c.p.RequestProxyAuthentication - Proxy auth state: UNCHALLENGED
2024-04-25 19:08:52 [main] DEBUG o.a.h.impl.client.DefaultHttpClient - Attempt 1 to execute request
2024-04-25 19:08:52 [main] DEBUG o.a.h.i.conn.DefaultClientConnection - Sending request: POST /users HTTP/1.1
2024-04-25 19:08:52 [main] DEBUG org.apache.http.wire -  >> "POST /users HTTP/1.1[\r][\n]"
2024-04-25 19:08:52 [main] DEBUG org.apache.http.wire -  >> "Accept: */*[\r][\n]"
2024-04-25 19:08:52 [main] DEBUG org.apache.http.wire -  >> "Content-Type: application/json[\r][\n]"
2024-04-25 19:08:52 [main] DEBUG org.apache.http.wire -  >> "Content-Length: 329[\r][\n]"
2024-04-25 19:08:52 [main] DEBUG org.apache.http.wire -  >> "Host: jsonplaceholder.typicode.com[\r][\n]"
2024-04-25 19:08:52 [main] DEBUG org.apache.http.wire -  >> "Connection: Keep-Alive[\r][\n]"
2024-04-25 19:08:52 [main] DEBUG org.apache.http.wire -  >> "User-Agent: Apache-HttpClient/4.5.13 (Java/21.0.1)[\r][\n]"
2024-04-25 19:08:52 [main] DEBUG org.apache.http.wire -  >> "Accept-Encoding: gzip,deflate[\r][\n]"
2024-04-25 19:08:52 [main] DEBUG org.apache.http.wire -  >> "[\r][\n]"
2024-04-25 19:08:52 [main] DEBUG org.apache.http.headers - >> POST /users HTTP/1.1
2024-04-25 19:08:52 [main] DEBUG org.apache.http.headers - >> Accept: */*
2024-04-25 19:08:52 [main] DEBUG org.apache.http.headers - >> Content-Type: application/json
2024-04-25 19:08:52 [main] DEBUG org.apache.http.headers - >> Content-Length: 329
2024-04-25 19:08:52 [main] DEBUG org.apache.http.headers - >> Host: jsonplaceholder.typicode.com
2024-04-25 19:08:52 [main] DEBUG org.apache.http.headers - >> Connection: Keep-Alive
2024-04-25 19:08:52 [main] DEBUG org.apache.http.headers - >> User-Agent: Apache-HttpClient/4.5.13 (Java/21.0.1)
2024-04-25 19:08:52 [main] DEBUG org.apache.http.headers - >> Accept-Encoding: gzip,deflate
2024-04-25 19:08:52 [main] DEBUG org.apache.http.wire -  >> "{"id":0,"name":"John Doe","username":"johndoe","email":"john.doe@example.com","address":{"street":"123 Street","suite":"Suite 101","city":"City","zipcode":"12345","geo":{"lat":"40.7128","lng":"-74.0060"}},"phone":"123-456-7890","website":"www.example.com","company":{"name":"Company Name","catchPhrase":"Catch Phrase","bs":"BS"}}"
2024-04-25 19:08:53 [main] DEBUG org.apache.http.wire -  << "HTTP/1.1 201 Created[\r][\n]"
2024-04-25 19:08:53 [main] DEBUG org.apache.http.wire -  << "Date: Thu, 25 Apr 2024 13:38:52 GMT[\r][\n]"
2024-04-25 19:08:53 [main] DEBUG org.apache.http.wire -  << "Content-Type: application/json; charset=utf-8[\r][\n]"
2024-04-25 19:08:53 [main] DEBUG org.apache.http.wire -  << "Content-Length: 438[\r][\n]"
2024-04-25 19:08:53 [main] DEBUG org.apache.http.wire -  << "Connection: keep-alive[\r][\n]"
2024-04-25 19:08:53 [main] DEBUG org.apache.http.wire -  << "Report-To: {"group":"heroku-nel","max_age":3600,"endpoints":[{"url":"https://nel.heroku.com/reports?ts=1714052332&sid=e11707d5-02a7-43ef-b45e-2cf4d2036f7d&s=0RZriejMEKIVq7KR%2FPSfOCjROAfe50hO%2Bv8wjDZHhp0%3D"}]}[\r][\n]"
2024-04-25 19:08:53 [main] DEBUG org.apache.http.wire -  << "Reporting-Endpoints: heroku-nel=https://nel.heroku.com/reports?ts=1714052332&sid=e11707d5-02a7-43ef-b45e-2cf4d2036f7d&s=0RZriejMEKIVq7KR%2FPSfOCjROAfe50hO%2Bv8wjDZHhp0%3D[\r][\n]"
2024-04-25 19:08:53 [main] DEBUG org.apache.http.wire -  << "Nel: {"report_to":"heroku-nel","max_age":3600,"success_fraction":0.005,"failure_fraction":0.05,"response_headers":["Via"]}[\r][\n]"
2024-04-25 19:08:53 [main] DEBUG org.apache.http.wire -  << "X-Powered-By: Express[\r][\n]"
2024-04-25 19:08:53 [main] DEBUG org.apache.http.wire -  << "X-Ratelimit-Limit: 1000[\r][\n]"
2024-04-25 19:08:53 [main] DEBUG org.apache.http.wire -  << "X-Ratelimit-Remaining: 975[\r][\n]"
2024-04-25 19:08:53 [main] DEBUG org.apache.http.wire -  << "X-Ratelimit-Reset: 1714052359[\r][\n]"
2024-04-25 19:08:53 [main] DEBUG org.apache.http.wire -  << "Vary: Origin, X-HTTP-Method-Override, Accept-Encoding[\r][\n]"
2024-04-25 19:08:53 [main] DEBUG org.apache.http.wire -  << "Access-Control-Allow-Credentials: true[\r][\n]"
2024-04-25 19:08:53 [main] DEBUG org.apache.http.wire -  << "Cache-Control: no-cache[\r][\n]"
2024-04-25 19:08:53 [main] DEBUG org.apache.http.wire -  << "Pragma: no-cache[\r][\n]"
2024-04-25 19:08:53 [main] DEBUG org.apache.http.wire -  << "Expires: -1[\r][\n]"
2024-04-25 19:08:53 [main] DEBUG org.apache.http.wire -  << "Access-Control-Expose-Headers: Location[\r][\n]"
2024-04-25 19:08:53 [main] DEBUG org.apache.http.wire -  << "Location: http://jsonplaceholder.typicode.com/users/11[\r][\n]"
2024-04-25 19:08:53 [main] DEBUG org.apache.http.wire -  << "X-Content-Type-Options: nosniff[\r][\n]"
2024-04-25 19:08:53 [main] DEBUG org.apache.http.wire -  << "Etag: W/"1b6-ghfuH+0bZk2KwXmXhtAw6ictiYY"[\r][\n]"
2024-04-25 19:08:53 [main] DEBUG org.apache.http.wire -  << "Via: 1.1 vegur[\r][\n]"
2024-04-25 19:08:53 [main] DEBUG org.apache.http.wire -  << "CF-Cache-Status: DYNAMIC[\r][\n]"
2024-04-25 19:08:53 [main] DEBUG org.apache.http.wire -  << "Server: cloudflare[\r][\n]"
2024-04-25 19:08:53 [main] DEBUG org.apache.http.wire -  << "CF-RAY: 879ebc6509e09be1-MAA[\r][\n]"
2024-04-25 19:08:53 [main] DEBUG org.apache.http.wire -  << "alt-svc: h3=":443"; ma=86400[\r][\n]"
2024-04-25 19:08:53 [main] DEBUG org.apache.http.wire -  << "[\r][\n]"
2024-04-25 19:08:53 [main] DEBUG o.a.h.i.conn.DefaultClientConnection - Receiving response: HTTP/1.1 201 Created
2024-04-25 19:08:53 [main] DEBUG org.apache.http.headers - << HTTP/1.1 201 Created
2024-04-25 19:08:53 [main] DEBUG org.apache.http.headers - << Date: Thu, 25 Apr 2024 13:38:52 GMT
2024-04-25 19:08:53 [main] DEBUG org.apache.http.headers - << Content-Type: application/json; charset=utf-8
2024-04-25 19:08:53 [main] DEBUG org.apache.http.headers - << Content-Length: 438
2024-04-25 19:08:53 [main] DEBUG org.apache.http.headers - << Connection: keep-alive
2024-04-25 19:08:53 [main] DEBUG org.apache.http.headers - << Report-To: {"group":"heroku-nel","max_age":3600,"endpoints":[{"url":"https://nel.heroku.com/reports?ts=1714052332&sid=e11707d5-02a7-43ef-b45e-2cf4d2036f7d&s=0RZriejMEKIVq7KR%2FPSfOCjROAfe50hO%2Bv8wjDZHhp0%3D"}]}
2024-04-25 19:08:53 [main] DEBUG org.apache.http.headers - << Reporting-Endpoints: heroku-nel=https://nel.heroku.com/reports?ts=1714052332&sid=e11707d5-02a7-43ef-b45e-2cf4d2036f7d&s=0RZriejMEKIVq7KR%2FPSfOCjROAfe50hO%2Bv8wjDZHhp0%3D
2024-04-25 19:08:53 [main] DEBUG org.apache.http.headers - << Nel: {"report_to":"heroku-nel","max_age":3600,"success_fraction":0.005,"failure_fraction":0.05,"response_headers":["Via"]}
2024-04-25 19:08:53 [main] DEBUG org.apache.http.headers - << X-Powered-By: Express
2024-04-25 19:08:53 [main] DEBUG org.apache.http.headers - << X-Ratelimit-Limit: 1000
2024-04-25 19:08:53 [main] DEBUG org.apache.http.headers - << X-Ratelimit-Remaining: 975
2024-04-25 19:08:53 [main] DEBUG org.apache.http.headers - << X-Ratelimit-Reset: 1714052359
2024-04-25 19:08:53 [main] DEBUG org.apache.http.headers - << Vary: Origin, X-HTTP-Method-Override, Accept-Encoding
2024-04-25 19:08:53 [main] DEBUG org.apache.http.headers - << Access-Control-Allow-Credentials: true
2024-04-25 19:08:53 [main] DEBUG org.apache.http.headers - << Cache-Control: no-cache
2024-04-25 19:08:53 [main] DEBUG org.apache.http.headers - << Pragma: no-cache
2024-04-25 19:08:53 [main] DEBUG org.apache.http.headers - << Expires: -1
2024-04-25 19:08:53 [main] DEBUG org.apache.http.headers - << Access-Control-Expose-Headers: Location
2024-04-25 19:08:53 [main] DEBUG org.apache.http.headers - << Location: http://jsonplaceholder.typicode.com/users/11
2024-04-25 19:08:53 [main] DEBUG org.apache.http.headers - << X-Content-Type-Options: nosniff
2024-04-25 19:08:53 [main] DEBUG org.apache.http.headers - << Etag: W/"1b6-ghfuH+0bZk2KwXmXhtAw6ictiYY"
2024-04-25 19:08:53 [main] DEBUG org.apache.http.headers - << Via: 1.1 vegur
2024-04-25 19:08:53 [main] DEBUG org.apache.http.headers - << CF-Cache-Status: DYNAMIC
2024-04-25 19:08:53 [main] DEBUG org.apache.http.headers - << Server: cloudflare
2024-04-25 19:08:53 [main] DEBUG org.apache.http.headers - << CF-RAY: 879ebc6509e09be1-MAA
2024-04-25 19:08:53 [main] DEBUG org.apache.http.headers - << alt-svc: h3=":443"; ma=86400
2024-04-25 19:08:53 [main] DEBUG o.a.h.impl.client.DefaultHttpClient - Connection can be kept alive indefinitely
2024-04-25 19:08:53 [main] DEBUG i.r.internal.RestAssuredHttpBuilder - Parsing response as: application/json; charset=utf-8
2024-04-25 19:08:53 [main] DEBUG i.r.internal.RestAssuredHttpBuilder - Parsed data to instance of: class org.apache.http.conn.EofSensorInputStream
2024-04-25 19:08:53 [main] DEBUG org.apache.http.wire -  << "{[\n]"
2024-04-25 19:08:53 [main] DEBUG org.apache.http.wire -  << "  "id": 11,[\n]"
2024-04-25 19:08:53 [main] DEBUG org.apache.http.wire -  << "  "name": "John Doe",[\n]"
2024-04-25 19:08:53 [main] DEBUG org.apache.http.wire -  << "  "username": "johndoe",[\n]"
2024-04-25 19:08:53 [main] DEBUG org.apache.http.wire -  << "  "email": "john.doe@example.com",[\n]"
2024-04-25 19:08:53 [main] DEBUG org.apache.http.wire -  << "  "address": {[\n]"
2024-04-25 19:08:53 [main] DEBUG org.apache.http.wire -  << "    "street": "123 Street",[\n]"
2024-04-25 19:08:53 [main] DEBUG org.apache.http.wire -  << "    "suite": "Suite 101",[\n]"
2024-04-25 19:08:53 [main] DEBUG org.apache.http.wire -  << "    "city": "City",[\n]"
2024-04-25 19:08:53 [main] DEBUG org.apache.http.wire -  << "    "zipcode": "12345",[\n]"
2024-04-25 19:08:53 [main] DEBUG org.apache.http.wire -  << "    "geo": {[\n]"
2024-04-25 19:08:53 [main] DEBUG org.apache.http.wire -  << "      "lat": "40.7128",[\n]"
2024-04-25 19:08:53 [main] DEBUG org.apache.http.wire -  << "      "lng": "-74.0060"[\n]"
2024-04-25 19:08:53 [main] DEBUG org.apache.http.wire -  << "    }[\n]"
2024-04-25 19:08:53 [main] DEBUG org.apache.http.wire -  << "  },[\n]"
2024-04-25 19:08:53 [main] DEBUG org.apache.http.wire -  << "  "phone": "123-456-7890",[\n]"
2024-04-25 19:08:53 [main] DEBUG org.apache.http.wire -  << "  "website": "www.example.com",[\n]"
2024-04-25 19:08:53 [main] DEBUG org.apache.http.wire -  << "  "company": {[\n]"
2024-04-25 19:08:53 [main] DEBUG org.apache.http.wire -  << "    "name": "Company Name",[\n]"
2024-04-25 19:08:53 [main] DEBUG org.apache.http.wire -  << "    "catchPhrase": "Catch Phrase",[\n]"
2024-04-25 19:08:53 [main] DEBUG org.apache.http.wire -  << "    "bs": "BS"[\n]"
2024-04-25 19:08:53 [main] DEBUG org.apache.http.wire -  << "  }[\n]"
2024-04-25 19:08:53 [main] DEBUG org.apache.http.wire -  << "}"
2024-04-25 19:08:53 [main] DEBUG o.a.h.i.c.BasicClientConnectionManager - Releasing connection org.apache.http.impl.conn.ManagedClientConnectionImpl@5834198f
2024-04-25 19:08:53 [main] DEBUG o.a.h.i.c.BasicClientConnectionManager - Connection can be kept alive indefinitely
2024-04-25 19:08:53 [main] DEBUG utils.HttpClient - Received response: {
  "id": 11,
  "name": "John Doe",
  "username": "johndoe",
  "email": "john.doe@example.com",
  "address": {
    "street": "123 Street",
    "suite": "Suite 101",
    "city": "City",
    "zipcode": "12345",
    "geo": {
      "lat": "40.7128",
      "lng": "-74.0060"
    }
  },
  "phone": "123-456-7890",
  "website": "www.example.com",
  "company": {
    "name": "Company Name",
    "catchPhrase": "Catch Phrase",
    "bs": "BS"
  }
}
  When the user sends a POST request to create a new user                                                              # stepDefinitions.users.UserSteps.theUserSendsPOSTRequestToUsersEndpoint()
  Then the response should contain 201 status code                                                                     # stepDefinitions.posts.PostSteps.the_post_should_successful(int)
  And the created user data should match the provided input                                                            # stepDefinitions.users.UserSteps.theCreatedUserDataShouldMatchProvidedInput()
]]></system-out>
  </testcase>
  <testcase name="Create a New User #2" classname="User Management" time="0.646">
    <system-out><![CDATA[
@SmokeTest
Scenario Outline: Create a New User                                                                                          # src/test/resources/features/user-management.feature:36
2024-04-25 19:08:53 [main] INFO  stepDefinitions.utils.TestContext - TestContext initialized with base URL: http://jsonplaceholder.typicode.com
  Given the user wants to create a new user with name "Jane Smith", email "jane.smith@example.com", and username "janesmith" # stepDefinitions.users.UserSteps.theUserWantsToCreateNewUser(java.lang.String,java.lang.String,java.lang.String)
2024-04-25 19:08:53 [main] DEBUG utils.HttpClient - Making POST request to /users with body {"id":0,"name":"Jane Smith","username":"janesmith","email":"jane.smith@example.com","address":{"street":"123 Street","suite":"Suite 101","city":"City","zipcode":"12345","geo":{"lat":"40.7128","lng":"-74.0060"}},"phone":"123-456-7890","website":"www.example.com","company":{"name":"Company Name","catchPhrase":"Catch Phrase","bs":"BS"}}
2024-04-25 19:08:53 [main] DEBUG o.a.h.i.c.BasicClientConnectionManager - Get connection for route {}->http://jsonplaceholder.typicode.com:80
2024-04-25 19:08:53 [main] DEBUG o.a.h.i.c.DefaultClientConnectionOperator - Connecting to jsonplaceholder.typicode.com:80
2024-04-25 19:08:53 [main] DEBUG o.a.h.c.protocol.RequestAddCookies - CookieSpec selected: ignoreCookies
2024-04-25 19:08:53 [main] DEBUG o.a.h.c.protocol.RequestAuthCache - Auth cache not set in the context
2024-04-25 19:08:53 [main] DEBUG o.a.h.c.p.RequestTargetAuthentication - Target auth state: UNCHALLENGED
2024-04-25 19:08:53 [main] DEBUG o.a.h.c.p.RequestProxyAuthentication - Proxy auth state: UNCHALLENGED
2024-04-25 19:08:53 [main] DEBUG o.a.h.impl.client.DefaultHttpClient - Attempt 1 to execute request
2024-04-25 19:08:53 [main] DEBUG o.a.h.i.conn.DefaultClientConnection - Sending request: POST /users HTTP/1.1
2024-04-25 19:08:53 [main] DEBUG org.apache.http.wire -  >> "POST /users HTTP/1.1[\r][\n]"
2024-04-25 19:08:53 [main] DEBUG org.apache.http.wire -  >> "Accept: */*[\r][\n]"
2024-04-25 19:08:53 [main] DEBUG org.apache.http.wire -  >> "Content-Type: application/json[\r][\n]"
2024-04-25 19:08:53 [main] DEBUG org.apache.http.wire -  >> "Content-Length: 335[\r][\n]"
2024-04-25 19:08:53 [main] DEBUG org.apache.http.wire -  >> "Host: jsonplaceholder.typicode.com[\r][\n]"
2024-04-25 19:08:53 [main] DEBUG org.apache.http.wire -  >> "Connection: Keep-Alive[\r][\n]"
2024-04-25 19:08:53 [main] DEBUG org.apache.http.wire -  >> "User-Agent: Apache-HttpClient/4.5.13 (Java/21.0.1)[\r][\n]"
2024-04-25 19:08:53 [main] DEBUG org.apache.http.wire -  >> "Accept-Encoding: gzip,deflate[\r][\n]"
2024-04-25 19:08:53 [main] DEBUG org.apache.http.wire -  >> "[\r][\n]"
2024-04-25 19:08:53 [main] DEBUG org.apache.http.headers - >> POST /users HTTP/1.1
2024-04-25 19:08:53 [main] DEBUG org.apache.http.headers - >> Accept: */*
2024-04-25 19:08:53 [main] DEBUG org.apache.http.headers - >> Content-Type: application/json
2024-04-25 19:08:53 [main] DEBUG org.apache.http.headers - >> Content-Length: 335
2024-04-25 19:08:53 [main] DEBUG org.apache.http.headers - >> Host: jsonplaceholder.typicode.com
2024-04-25 19:08:53 [main] DEBUG org.apache.http.headers - >> Connection: Keep-Alive
2024-04-25 19:08:53 [main] DEBUG org.apache.http.headers - >> User-Agent: Apache-HttpClient/4.5.13 (Java/21.0.1)
2024-04-25 19:08:53 [main] DEBUG org.apache.http.headers - >> Accept-Encoding: gzip,deflate
2024-04-25 19:08:53 [main] DEBUG org.apache.http.wire -  >> "{"id":0,"name":"Jane Smith","username":"janesmith","email":"jane.smith@example.com","address":{"street":"123 Street","suite":"Suite 101","city":"City","zipcode":"12345","geo":{"lat":"40.7128","lng":"-74.0060"}},"phone":"123-456-7890","website":"www.example.com","company":{"name":"Company Name","catchPhrase":"Catch Phrase","bs":"BS"}}"
2024-04-25 19:08:53 [main] DEBUG org.apache.http.wire -  << "HTTP/1.1 201 Created[\r][\n]"
2024-04-25 19:08:53 [main] DEBUG org.apache.http.wire -  << "Date: Thu, 25 Apr 2024 13:38:53 GMT[\r][\n]"
2024-04-25 19:08:53 [main] DEBUG org.apache.http.wire -  << "Content-Type: application/json; charset=utf-8[\r][\n]"
2024-04-25 19:08:53 [main] DEBUG org.apache.http.wire -  << "Content-Length: 444[\r][\n]"
2024-04-25 19:08:53 [main] DEBUG org.apache.http.wire -  << "Connection: keep-alive[\r][\n]"
2024-04-25 19:08:53 [main] DEBUG org.apache.http.wire -  << "Report-To: {"group":"heroku-nel","max_age":3600,"endpoints":[{"url":"https://nel.heroku.com/reports?ts=1714052333&sid=e11707d5-02a7-43ef-b45e-2cf4d2036f7d&s=CAqRAFvjIV%2FxBpC4doEKyrZN7GSswI0VY1GHqPvtFAQ%3D"}]}[\r][\n]"
2024-04-25 19:08:53 [main] DEBUG org.apache.http.wire -  << "Reporting-Endpoints: heroku-nel=https://nel.heroku.com/reports?ts=1714052333&sid=e11707d5-02a7-43ef-b45e-2cf4d2036f7d&s=CAqRAFvjIV%2FxBpC4doEKyrZN7GSswI0VY1GHqPvtFAQ%3D[\r][\n]"
2024-04-25 19:08:53 [main] DEBUG org.apache.http.wire -  << "Nel: {"report_to":"heroku-nel","max_age":3600,"success_fraction":0.005,"failure_fraction":0.05,"response_headers":["Via"]}[\r][\n]"
2024-04-25 19:08:53 [main] DEBUG org.apache.http.wire -  << "X-Powered-By: Express[\r][\n]"
2024-04-25 19:08:53 [main] DEBUG org.apache.http.wire -  << "X-Ratelimit-Limit: 1000[\r][\n]"
2024-04-25 19:08:53 [main] DEBUG org.apache.http.wire -  << "X-Ratelimit-Remaining: 974[\r][\n]"
2024-04-25 19:08:53 [main] DEBUG org.apache.http.wire -  << "X-Ratelimit-Reset: 1714052359[\r][\n]"
2024-04-25 19:08:53 [main] DEBUG org.apache.http.wire -  << "Vary: Origin, X-HTTP-Method-Override, Accept-Encoding[\r][\n]"
2024-04-25 19:08:53 [main] DEBUG org.apache.http.wire -  << "Access-Control-Allow-Credentials: true[\r][\n]"
2024-04-25 19:08:53 [main] DEBUG org.apache.http.wire -  << "Cache-Control: no-cache[\r][\n]"
2024-04-25 19:08:53 [main] DEBUG org.apache.http.wire -  << "Pragma: no-cache[\r][\n]"
2024-04-25 19:08:53 [main] DEBUG org.apache.http.wire -  << "Expires: -1[\r][\n]"
2024-04-25 19:08:53 [main] DEBUG org.apache.http.wire -  << "Access-Control-Expose-Headers: Location[\r][\n]"
2024-04-25 19:08:53 [main] DEBUG org.apache.http.wire -  << "Location: http://jsonplaceholder.typicode.com/users/11[\r][\n]"
2024-04-25 19:08:53 [main] DEBUG org.apache.http.wire -  << "X-Content-Type-Options: nosniff[\r][\n]"
2024-04-25 19:08:53 [main] DEBUG org.apache.http.wire -  << "Etag: W/"1bc-JfBrVjl3MwOxIl9cZplC2a8mUx8"[\r][\n]"
2024-04-25 19:08:53 [main] DEBUG org.apache.http.wire -  << "Via: 1.1 vegur[\r][\n]"
2024-04-25 19:08:53 [main] DEBUG org.apache.http.wire -  << "CF-Cache-Status: DYNAMIC[\r][\n]"
2024-04-25 19:08:53 [main] DEBUG org.apache.http.wire -  << "Server: cloudflare[\r][\n]"
2024-04-25 19:08:53 [main] DEBUG org.apache.http.wire -  << "CF-RAY: 879ebc690d037eb5-MAA[\r][\n]"
2024-04-25 19:08:53 [main] DEBUG org.apache.http.wire -  << "alt-svc: h3=":443"; ma=86400[\r][\n]"
2024-04-25 19:08:53 [main] DEBUG org.apache.http.wire -  << "[\r][\n]"
2024-04-25 19:08:53 [main] DEBUG o.a.h.i.conn.DefaultClientConnection - Receiving response: HTTP/1.1 201 Created
2024-04-25 19:08:53 [main] DEBUG org.apache.http.headers - << HTTP/1.1 201 Created
2024-04-25 19:08:53 [main] DEBUG org.apache.http.headers - << Date: Thu, 25 Apr 2024 13:38:53 GMT
2024-04-25 19:08:53 [main] DEBUG org.apache.http.headers - << Content-Type: application/json; charset=utf-8
2024-04-25 19:08:53 [main] DEBUG org.apache.http.headers - << Content-Length: 444
2024-04-25 19:08:53 [main] DEBUG org.apache.http.headers - << Connection: keep-alive
2024-04-25 19:08:53 [main] DEBUG org.apache.http.headers - << Report-To: {"group":"heroku-nel","max_age":3600,"endpoints":[{"url":"https://nel.heroku.com/reports?ts=1714052333&sid=e11707d5-02a7-43ef-b45e-2cf4d2036f7d&s=CAqRAFvjIV%2FxBpC4doEKyrZN7GSswI0VY1GHqPvtFAQ%3D"}]}
2024-04-25 19:08:53 [main] DEBUG org.apache.http.headers - << Reporting-Endpoints: heroku-nel=https://nel.heroku.com/reports?ts=1714052333&sid=e11707d5-02a7-43ef-b45e-2cf4d2036f7d&s=CAqRAFvjIV%2FxBpC4doEKyrZN7GSswI0VY1GHqPvtFAQ%3D
2024-04-25 19:08:53 [main] DEBUG org.apache.http.headers - << Nel: {"report_to":"heroku-nel","max_age":3600,"success_fraction":0.005,"failure_fraction":0.05,"response_headers":["Via"]}
2024-04-25 19:08:53 [main] DEBUG org.apache.http.headers - << X-Powered-By: Express
2024-04-25 19:08:53 [main] DEBUG org.apache.http.headers - << X-Ratelimit-Limit: 1000
2024-04-25 19:08:53 [main] DEBUG org.apache.http.headers - << X-Ratelimit-Remaining: 974
2024-04-25 19:08:53 [main] DEBUG org.apache.http.headers - << X-Ratelimit-Reset: 1714052359
2024-04-25 19:08:53 [main] DEBUG org.apache.http.headers - << Vary: Origin, X-HTTP-Method-Override, Accept-Encoding
2024-04-25 19:08:53 [main] DEBUG org.apache.http.headers - << Access-Control-Allow-Credentials: true
2024-04-25 19:08:53 [main] DEBUG org.apache.http.headers - << Cache-Control: no-cache
2024-04-25 19:08:53 [main] DEBUG org.apache.http.headers - << Pragma: no-cache
2024-04-25 19:08:53 [main] DEBUG org.apache.http.headers - << Expires: -1
2024-04-25 19:08:53 [main] DEBUG org.apache.http.headers - << Access-Control-Expose-Headers: Location
2024-04-25 19:08:53 [main] DEBUG org.apache.http.headers - << Location: http://jsonplaceholder.typicode.com/users/11
2024-04-25 19:08:53 [main] DEBUG org.apache.http.headers - << X-Content-Type-Options: nosniff
2024-04-25 19:08:53 [main] DEBUG org.apache.http.headers - << Etag: W/"1bc-JfBrVjl3MwOxIl9cZplC2a8mUx8"
2024-04-25 19:08:53 [main] DEBUG org.apache.http.headers - << Via: 1.1 vegur
2024-04-25 19:08:53 [main] DEBUG org.apache.http.headers - << CF-Cache-Status: DYNAMIC
2024-04-25 19:08:53 [main] DEBUG org.apache.http.headers - << Server: cloudflare
2024-04-25 19:08:53 [main] DEBUG org.apache.http.headers - << CF-RAY: 879ebc690d037eb5-MAA
2024-04-25 19:08:53 [main] DEBUG org.apache.http.headers - << alt-svc: h3=":443"; ma=86400
2024-04-25 19:08:53 [main] DEBUG o.a.h.impl.client.DefaultHttpClient - Connection can be kept alive indefinitely
2024-04-25 19:08:53 [main] DEBUG i.r.internal.RestAssuredHttpBuilder - Parsing response as: application/json; charset=utf-8
2024-04-25 19:08:53 [main] DEBUG i.r.internal.RestAssuredHttpBuilder - Parsed data to instance of: class org.apache.http.conn.EofSensorInputStream
2024-04-25 19:08:53 [main] DEBUG org.apache.http.wire -  << "{[\n]"
2024-04-25 19:08:53 [main] DEBUG org.apache.http.wire -  << "  "id": 11,[\n]"
2024-04-25 19:08:53 [main] DEBUG org.apache.http.wire -  << "  "name": "Jane Smith",[\n]"
2024-04-25 19:08:53 [main] DEBUG org.apache.http.wire -  << "  "username": "janesmith",[\n]"
2024-04-25 19:08:53 [main] DEBUG org.apache.http.wire -  << "  "email": "jane.smith@example.com",[\n]"
2024-04-25 19:08:53 [main] DEBUG org.apache.http.wire -  << "  "address": {[\n]"
2024-04-25 19:08:53 [main] DEBUG org.apache.http.wire -  << "    "street": "123 Street",[\n]"
2024-04-25 19:08:53 [main] DEBUG org.apache.http.wire -  << "    "suite": "Suite 101",[\n]"
2024-04-25 19:08:53 [main] DEBUG org.apache.http.wire -  << "    "city": "City",[\n]"
2024-04-25 19:08:53 [main] DEBUG org.apache.http.wire -  << "    "zipcode": "12345",[\n]"
2024-04-25 19:08:53 [main] DEBUG org.apache.http.wire -  << "    "geo": {[\n]"
2024-04-25 19:08:53 [main] DEBUG org.apache.http.wire -  << "      "lat": "40.7128",[\n]"
2024-04-25 19:08:53 [main] DEBUG org.apache.http.wire -  << "      "lng": "-74.0060"[\n]"
2024-04-25 19:08:53 [main] DEBUG org.apache.http.wire -  << "    }[\n]"
2024-04-25 19:08:53 [main] DEBUG org.apache.http.wire -  << "  },[\n]"
2024-04-25 19:08:53 [main] DEBUG org.apache.http.wire -  << "  "phone": "123-456-7890",[\n]"
2024-04-25 19:08:53 [main] DEBUG org.apache.http.wire -  << "  "website": "www.example.com",[\n]"
2024-04-25 19:08:53 [main] DEBUG org.apache.http.wire -  << "  "company": {[\n]"
2024-04-25 19:08:53 [main] DEBUG org.apache.http.wire -  << "    "name": "Company Name",[\n]"
2024-04-25 19:08:53 [main] DEBUG org.apache.http.wire -  << "    "catchPhrase": "Catch Phrase",[\n]"
2024-04-25 19:08:53 [main] DEBUG org.apache.http.wire -  << "    "bs": "BS"[\n]"
2024-04-25 19:08:53 [main] DEBUG org.apache.http.wire -  << "  }[\n]"
2024-04-25 19:08:53 [main] DEBUG org.apache.http.wire -  << "}"
2024-04-25 19:08:53 [main] DEBUG o.a.h.i.c.BasicClientConnectionManager - Releasing connection org.apache.http.impl.conn.ManagedClientConnectionImpl@7e8f23ad
2024-04-25 19:08:53 [main] DEBUG o.a.h.i.c.BasicClientConnectionManager - Connection can be kept alive indefinitely
2024-04-25 19:08:53 [main] DEBUG utils.HttpClient - Received response: {
  "id": 11,
  "name": "Jane Smith",
  "username": "janesmith",
  "email": "jane.smith@example.com",
  "address": {
    "street": "123 Street",
    "suite": "Suite 101",
    "city": "City",
    "zipcode": "12345",
    "geo": {
      "lat": "40.7128",
      "lng": "-74.0060"
    }
  },
  "phone": "123-456-7890",
  "website": "www.example.com",
  "company": {
    "name": "Company Name",
    "catchPhrase": "Catch Phrase",
    "bs": "BS"
  }
}
  When the user sends a POST request to create a new user                                                                    # stepDefinitions.users.UserSteps.theUserSendsPOSTRequestToUsersEndpoint()
  Then the response should contain 201 status code                                                                           # stepDefinitions.posts.PostSteps.the_post_should_successful(int)
  And the created user data should match the provided input                                                                  # stepDefinitions.users.UserSteps.theCreatedUserDataShouldMatchProvidedInput()
]]></system-out>
  </testcase>
  <testcase name="Create a New User #3" classname="User Management" time="0.623">
    <system-out><![CDATA[
@SmokeTest
Scenario Outline: Create a New User                                                                                       # src/test/resources/features/user-management.feature:37
2024-04-25 19:08:53 [main] INFO  stepDefinitions.utils.TestContext - TestContext initialized with base URL: http://jsonplaceholder.typicode.com
  Given the user wants to create a new user with name "Alice Lee", email "alice.lee@example.com", and username "alicelee" # stepDefinitions.users.UserSteps.theUserWantsToCreateNewUser(java.lang.String,java.lang.String,java.lang.String)
2024-04-25 19:08:53 [main] DEBUG utils.HttpClient - Making POST request to /users with body {"id":0,"name":"Alice Lee","username":"alicelee","email":"alice.lee@example.com","address":{"street":"123 Street","suite":"Suite 101","city":"City","zipcode":"12345","geo":{"lat":"40.7128","lng":"-74.0060"}},"phone":"123-456-7890","website":"www.example.com","company":{"name":"Company Name","catchPhrase":"Catch Phrase","bs":"BS"}}
2024-04-25 19:08:53 [main] DEBUG o.a.h.i.c.BasicClientConnectionManager - Get connection for route {}->http://jsonplaceholder.typicode.com:80
2024-04-25 19:08:53 [main] DEBUG o.a.h.i.c.DefaultClientConnectionOperator - Connecting to jsonplaceholder.typicode.com:80
2024-04-25 19:08:53 [main] DEBUG o.a.h.c.protocol.RequestAddCookies - CookieSpec selected: ignoreCookies
2024-04-25 19:08:53 [main] DEBUG o.a.h.c.protocol.RequestAuthCache - Auth cache not set in the context
2024-04-25 19:08:53 [main] DEBUG o.a.h.c.p.RequestTargetAuthentication - Target auth state: UNCHALLENGED
2024-04-25 19:08:53 [main] DEBUG o.a.h.c.p.RequestProxyAuthentication - Proxy auth state: UNCHALLENGED
2024-04-25 19:08:53 [main] DEBUG o.a.h.impl.client.DefaultHttpClient - Attempt 1 to execute request
2024-04-25 19:08:53 [main] DEBUG o.a.h.i.conn.DefaultClientConnection - Sending request: POST /users HTTP/1.1
2024-04-25 19:08:53 [main] DEBUG org.apache.http.wire -  >> "POST /users HTTP/1.1[\r][\n]"
2024-04-25 19:08:53 [main] DEBUG org.apache.http.wire -  >> "Accept: */*[\r][\n]"
2024-04-25 19:08:53 [main] DEBUG org.apache.http.wire -  >> "Content-Type: application/json[\r][\n]"
2024-04-25 19:08:53 [main] DEBUG org.apache.http.wire -  >> "Content-Length: 332[\r][\n]"
2024-04-25 19:08:53 [main] DEBUG org.apache.http.wire -  >> "Host: jsonplaceholder.typicode.com[\r][\n]"
2024-04-25 19:08:53 [main] DEBUG org.apache.http.wire -  >> "Connection: Keep-Alive[\r][\n]"
2024-04-25 19:08:53 [main] DEBUG org.apache.http.wire -  >> "User-Agent: Apache-HttpClient/4.5.13 (Java/21.0.1)[\r][\n]"
2024-04-25 19:08:53 [main] DEBUG org.apache.http.wire -  >> "Accept-Encoding: gzip,deflate[\r][\n]"
2024-04-25 19:08:53 [main] DEBUG org.apache.http.wire -  >> "[\r][\n]"
2024-04-25 19:08:53 [main] DEBUG org.apache.http.headers - >> POST /users HTTP/1.1
2024-04-25 19:08:53 [main] DEBUG org.apache.http.headers - >> Accept: */*
2024-04-25 19:08:53 [main] DEBUG org.apache.http.headers - >> Content-Type: application/json
2024-04-25 19:08:53 [main] DEBUG org.apache.http.headers - >> Content-Length: 332
2024-04-25 19:08:53 [main] DEBUG org.apache.http.headers - >> Host: jsonplaceholder.typicode.com
2024-04-25 19:08:53 [main] DEBUG org.apache.http.headers - >> Connection: Keep-Alive
2024-04-25 19:08:53 [main] DEBUG org.apache.http.headers - >> User-Agent: Apache-HttpClient/4.5.13 (Java/21.0.1)
2024-04-25 19:08:53 [main] DEBUG org.apache.http.headers - >> Accept-Encoding: gzip,deflate
2024-04-25 19:08:53 [main] DEBUG org.apache.http.wire -  >> "{"id":0,"name":"Alice Lee","username":"alicelee","email":"alice.lee@example.com","address":{"street":"123 Street","suite":"Suite 101","city":"City","zipcode":"12345","geo":{"lat":"40.7128","lng":"-74.0060"}},"phone":"123-456-7890","website":"www.example.com","company":{"name":"Company Name","catchPhrase":"Catch Phrase","bs":"BS"}}"
2024-04-25 19:08:54 [main] DEBUG org.apache.http.wire -  << "HTTP/1.1 201 Created[\r][\n]"
2024-04-25 19:08:54 [main] DEBUG org.apache.http.wire -  << "Date: Thu, 25 Apr 2024 13:38:54 GMT[\r][\n]"
2024-04-25 19:08:54 [main] DEBUG org.apache.http.wire -  << "Content-Type: application/json; charset=utf-8[\r][\n]"
2024-04-25 19:08:54 [main] DEBUG org.apache.http.wire -  << "Content-Length: 441[\r][\n]"
2024-04-25 19:08:54 [main] DEBUG org.apache.http.wire -  << "Connection: keep-alive[\r][\n]"
2024-04-25 19:08:54 [main] DEBUG org.apache.http.wire -  << "Report-To: {"group":"heroku-nel","max_age":3600,"endpoints":[{"url":"https://nel.heroku.com/reports?ts=1714052334&sid=e11707d5-02a7-43ef-b45e-2cf4d2036f7d&s=F8SgEJodVVviVZhIGHIedGm%2FN%2FBTgkF6wjspCx0V0vE%3D"}]}[\r][\n]"
2024-04-25 19:08:54 [main] DEBUG org.apache.http.wire -  << "Reporting-Endpoints: heroku-nel=https://nel.heroku.com/reports?ts=1714052334&sid=e11707d5-02a7-43ef-b45e-2cf4d2036f7d&s=F8SgEJodVVviVZhIGHIedGm%2FN%2FBTgkF6wjspCx0V0vE%3D[\r][\n]"
2024-04-25 19:08:54 [main] DEBUG org.apache.http.wire -  << "Nel: {"report_to":"heroku-nel","max_age":3600,"success_fraction":0.005,"failure_fraction":0.05,"response_headers":["Via"]}[\r][\n]"
2024-04-25 19:08:54 [main] DEBUG org.apache.http.wire -  << "X-Powered-By: Express[\r][\n]"
2024-04-25 19:08:54 [main] DEBUG org.apache.http.wire -  << "X-Ratelimit-Limit: 1000[\r][\n]"
2024-04-25 19:08:54 [main] DEBUG org.apache.http.wire -  << "X-Ratelimit-Remaining: 973[\r][\n]"
2024-04-25 19:08:54 [main] DEBUG org.apache.http.wire -  << "X-Ratelimit-Reset: 1714052359[\r][\n]"
2024-04-25 19:08:54 [main] DEBUG org.apache.http.wire -  << "Vary: Origin, X-HTTP-Method-Override, Accept-Encoding[\r][\n]"
2024-04-25 19:08:54 [main] DEBUG org.apache.http.wire -  << "Access-Control-Allow-Credentials: true[\r][\n]"
2024-04-25 19:08:54 [main] DEBUG org.apache.http.wire -  << "Cache-Control: no-cache[\r][\n]"
2024-04-25 19:08:54 [main] DEBUG org.apache.http.wire -  << "Pragma: no-cache[\r][\n]"
2024-04-25 19:08:54 [main] DEBUG org.apache.http.wire -  << "Expires: -1[\r][\n]"
2024-04-25 19:08:54 [main] DEBUG org.apache.http.wire -  << "Access-Control-Expose-Headers: Location[\r][\n]"
2024-04-25 19:08:54 [main] DEBUG org.apache.http.wire -  << "Location: http://jsonplaceholder.typicode.com/users/11[\r][\n]"
2024-04-25 19:08:54 [main] DEBUG org.apache.http.wire -  << "X-Content-Type-Options: nosniff[\r][\n]"
2024-04-25 19:08:54 [main] DEBUG org.apache.http.wire -  << "Etag: W/"1b9-sSDqtlE8cWzcTfeJUxDT9tQEjks"[\r][\n]"
2024-04-25 19:08:54 [main] DEBUG org.apache.http.wire -  << "Via: 1.1 vegur[\r][\n]"
2024-04-25 19:08:54 [main] DEBUG org.apache.http.wire -  << "CF-Cache-Status: DYNAMIC[\r][\n]"
2024-04-25 19:08:54 [main] DEBUG org.apache.http.wire -  << "Server: cloudflare[\r][\n]"
2024-04-25 19:08:54 [main] DEBUG org.apache.http.wire -  << "CF-RAY: 879ebc6d0c717ee8-MAA[\r][\n]"
2024-04-25 19:08:54 [main] DEBUG org.apache.http.wire -  << "alt-svc: h3=":443"; ma=86400[\r][\n]"
2024-04-25 19:08:54 [main] DEBUG org.apache.http.wire -  << "[\r][\n]"
2024-04-25 19:08:54 [main] DEBUG o.a.h.i.conn.DefaultClientConnection - Receiving response: HTTP/1.1 201 Created
2024-04-25 19:08:54 [main] DEBUG org.apache.http.headers - << HTTP/1.1 201 Created
2024-04-25 19:08:54 [main] DEBUG org.apache.http.headers - << Date: Thu, 25 Apr 2024 13:38:54 GMT
2024-04-25 19:08:54 [main] DEBUG org.apache.http.headers - << Content-Type: application/json; charset=utf-8
2024-04-25 19:08:54 [main] DEBUG org.apache.http.headers - << Content-Length: 441
2024-04-25 19:08:54 [main] DEBUG org.apache.http.headers - << Connection: keep-alive
2024-04-25 19:08:54 [main] DEBUG org.apache.http.headers - << Report-To: {"group":"heroku-nel","max_age":3600,"endpoints":[{"url":"https://nel.heroku.com/reports?ts=1714052334&sid=e11707d5-02a7-43ef-b45e-2cf4d2036f7d&s=F8SgEJodVVviVZhIGHIedGm%2FN%2FBTgkF6wjspCx0V0vE%3D"}]}
2024-04-25 19:08:54 [main] DEBUG org.apache.http.headers - << Reporting-Endpoints: heroku-nel=https://nel.heroku.com/reports?ts=1714052334&sid=e11707d5-02a7-43ef-b45e-2cf4d2036f7d&s=F8SgEJodVVviVZhIGHIedGm%2FN%2FBTgkF6wjspCx0V0vE%3D
2024-04-25 19:08:54 [main] DEBUG org.apache.http.headers - << Nel: {"report_to":"heroku-nel","max_age":3600,"success_fraction":0.005,"failure_fraction":0.05,"response_headers":["Via"]}
2024-04-25 19:08:54 [main] DEBUG org.apache.http.headers - << X-Powered-By: Express
2024-04-25 19:08:54 [main] DEBUG org.apache.http.headers - << X-Ratelimit-Limit: 1000
2024-04-25 19:08:54 [main] DEBUG org.apache.http.headers - << X-Ratelimit-Remaining: 973
2024-04-25 19:08:54 [main] DEBUG org.apache.http.headers - << X-Ratelimit-Reset: 1714052359
2024-04-25 19:08:54 [main] DEBUG org.apache.http.headers - << Vary: Origin, X-HTTP-Method-Override, Accept-Encoding
2024-04-25 19:08:54 [main] DEBUG org.apache.http.headers - << Access-Control-Allow-Credentials: true
2024-04-25 19:08:54 [main] DEBUG org.apache.http.headers - << Cache-Control: no-cache
2024-04-25 19:08:54 [main] DEBUG org.apache.http.headers - << Pragma: no-cache
2024-04-25 19:08:54 [main] DEBUG org.apache.http.headers - << Expires: -1
2024-04-25 19:08:54 [main] DEBUG org.apache.http.headers - << Access-Control-Expose-Headers: Location
2024-04-25 19:08:54 [main] DEBUG org.apache.http.headers - << Location: http://jsonplaceholder.typicode.com/users/11
2024-04-25 19:08:54 [main] DEBUG org.apache.http.headers - << X-Content-Type-Options: nosniff
2024-04-25 19:08:54 [main] DEBUG org.apache.http.headers - << Etag: W/"1b9-sSDqtlE8cWzcTfeJUxDT9tQEjks"
2024-04-25 19:08:54 [main] DEBUG org.apache.http.headers - << Via: 1.1 vegur
2024-04-25 19:08:54 [main] DEBUG org.apache.http.headers - << CF-Cache-Status: DYNAMIC
2024-04-25 19:08:54 [main] DEBUG org.apache.http.headers - << Server: cloudflare
2024-04-25 19:08:54 [main] DEBUG org.apache.http.headers - << CF-RAY: 879ebc6d0c717ee8-MAA
2024-04-25 19:08:54 [main] DEBUG org.apache.http.headers - << alt-svc: h3=":443"; ma=86400
2024-04-25 19:08:54 [main] DEBUG o.a.h.impl.client.DefaultHttpClient - Connection can be kept alive indefinitely
2024-04-25 19:08:54 [main] DEBUG i.r.internal.RestAssuredHttpBuilder - Parsing response as: application/json; charset=utf-8
2024-04-25 19:08:54 [main] DEBUG i.r.internal.RestAssuredHttpBuilder - Parsed data to instance of: class org.apache.http.conn.EofSensorInputStream
2024-04-25 19:08:54 [main] DEBUG org.apache.http.wire -  << "{[\n]"
2024-04-25 19:08:54 [main] DEBUG org.apache.http.wire -  << "  "id": 11,[\n]"
2024-04-25 19:08:54 [main] DEBUG org.apache.http.wire -  << "  "name": "Alice Lee",[\n]"
2024-04-25 19:08:54 [main] DEBUG org.apache.http.wire -  << "  "username": "alicelee",[\n]"
2024-04-25 19:08:54 [main] DEBUG org.apache.http.wire -  << "  "email": "alice.lee@example.com",[\n]"
2024-04-25 19:08:54 [main] DEBUG org.apache.http.wire -  << "  "address": {[\n]"
2024-04-25 19:08:54 [main] DEBUG org.apache.http.wire -  << "    "street": "123 Street",[\n]"
2024-04-25 19:08:54 [main] DEBUG org.apache.http.wire -  << "    "suite": "Suite 101",[\n]"
2024-04-25 19:08:54 [main] DEBUG org.apache.http.wire -  << "    "city": "City",[\n]"
2024-04-25 19:08:54 [main] DEBUG org.apache.http.wire -  << "    "zipcode": "12345",[\n]"
2024-04-25 19:08:54 [main] DEBUG org.apache.http.wire -  << "    "geo": {[\n]"
2024-04-25 19:08:54 [main] DEBUG org.apache.http.wire -  << "      "lat": "40.7128",[\n]"
2024-04-25 19:08:54 [main] DEBUG org.apache.http.wire -  << "      "lng": "-74.0060"[\n]"
2024-04-25 19:08:54 [main] DEBUG org.apache.http.wire -  << "    }[\n]"
2024-04-25 19:08:54 [main] DEBUG org.apache.http.wire -  << "  },[\n]"
2024-04-25 19:08:54 [main] DEBUG org.apache.http.wire -  << "  "phone": "123-456-7890",[\n]"
2024-04-25 19:08:54 [main] DEBUG org.apache.http.wire -  << "  "website": "www.example.com",[\n]"
2024-04-25 19:08:54 [main] DEBUG org.apache.http.wire -  << "  "company": {[\n]"
2024-04-25 19:08:54 [main] DEBUG org.apache.http.wire -  << "    "name": "Company Name",[\n]"
2024-04-25 19:08:54 [main] DEBUG org.apache.http.wire -  << "    "catchPhrase": "Catch Phrase",[\n]"
2024-04-25 19:08:54 [main] DEBUG org.apache.http.wire -  << "    "bs": "BS"[\n]"
2024-04-25 19:08:54 [main] DEBUG org.apache.http.wire -  << "  }[\n]"
2024-04-25 19:08:54 [main] DEBUG org.apache.http.wire -  << "}"
2024-04-25 19:08:54 [main] DEBUG o.a.h.i.c.BasicClientConnectionManager - Releasing connection org.apache.http.impl.conn.ManagedClientConnectionImpl@a2df0d5
2024-04-25 19:08:54 [main] DEBUG o.a.h.i.c.BasicClientConnectionManager - Connection can be kept alive indefinitely
2024-04-25 19:08:54 [main] DEBUG utils.HttpClient - Received response: {
  "id": 11,
  "name": "Alice Lee",
  "username": "alicelee",
  "email": "alice.lee@example.com",
  "address": {
    "street": "123 Street",
    "suite": "Suite 101",
    "city": "City",
    "zipcode": "12345",
    "geo": {
      "lat": "40.7128",
      "lng": "-74.0060"
    }
  },
  "phone": "123-456-7890",
  "website": "www.example.com",
  "company": {
    "name": "Company Name",
    "catchPhrase": "Catch Phrase",
    "bs": "BS"
  }
}
  When the user sends a POST request to create a new user                                                                 # stepDefinitions.users.UserSteps.theUserSendsPOSTRequestToUsersEndpoint()
  Then the response should contain 201 status code                                                                        # stepDefinitions.posts.PostSteps.the_post_should_successful(int)
  And the created user data should match the provided input                                                               # stepDefinitions.users.UserSteps.theCreatedUserDataShouldMatchProvidedInput()
]]></system-out>
  </testcase>
  <testcase name="Delete a existing User" classname="User Management" time="0.635">
    <system-out><![CDATA[
@SmokeTest
Scenario: Delete a existing User              # src/test/resources/features/user-management.feature:40
2024-04-25 19:08:54 [main] INFO  stepDefinitions.utils.TestContext - TestContext initialized with base URL: http://jsonplaceholder.typicode.com
2024-04-25 19:08:54 [main] DEBUG o.a.h.i.c.BasicClientConnectionManager - Get connection for route {}->http://jsonplaceholder.typicode.com:80
2024-04-25 19:08:54 [main] DEBUG o.a.h.i.c.DefaultClientConnectionOperator - Connecting to jsonplaceholder.typicode.com:80
2024-04-25 19:08:54 [main] DEBUG o.a.h.c.protocol.RequestAddCookies - CookieSpec selected: ignoreCookies
2024-04-25 19:08:54 [main] DEBUG o.a.h.c.protocol.RequestAuthCache - Auth cache not set in the context
2024-04-25 19:08:54 [main] DEBUG o.a.h.c.p.RequestTargetAuthentication - Target auth state: UNCHALLENGED
2024-04-25 19:08:54 [main] DEBUG o.a.h.c.p.RequestProxyAuthentication - Proxy auth state: UNCHALLENGED
2024-04-25 19:08:54 [main] DEBUG o.a.h.impl.client.DefaultHttpClient - Attempt 1 to execute request
2024-04-25 19:08:54 [main] DEBUG o.a.h.i.conn.DefaultClientConnection - Sending request: DELETE /users/1 HTTP/1.1
2024-04-25 19:08:54 [main] DEBUG org.apache.http.wire -  >> "DELETE /users/1 HTTP/1.1[\r][\n]"
2024-04-25 19:08:54 [main] DEBUG org.apache.http.wire -  >> "Content-Type: application/json[\r][\n]"
2024-04-25 19:08:54 [main] DEBUG org.apache.http.wire -  >> "Accept: */*[\r][\n]"
2024-04-25 19:08:54 [main] DEBUG org.apache.http.wire -  >> "Host: jsonplaceholder.typicode.com[\r][\n]"
2024-04-25 19:08:54 [main] DEBUG org.apache.http.wire -  >> "Connection: Keep-Alive[\r][\n]"
2024-04-25 19:08:54 [main] DEBUG org.apache.http.wire -  >> "User-Agent: Apache-HttpClient/4.5.13 (Java/21.0.1)[\r][\n]"
2024-04-25 19:08:54 [main] DEBUG org.apache.http.wire -  >> "Accept-Encoding: gzip,deflate[\r][\n]"
2024-04-25 19:08:54 [main] DEBUG org.apache.http.wire -  >> "[\r][\n]"
2024-04-25 19:08:54 [main] DEBUG org.apache.http.headers - >> DELETE /users/1 HTTP/1.1
2024-04-25 19:08:54 [main] DEBUG org.apache.http.headers - >> Content-Type: application/json
2024-04-25 19:08:54 [main] DEBUG org.apache.http.headers - >> Accept: */*
2024-04-25 19:08:54 [main] DEBUG org.apache.http.headers - >> Host: jsonplaceholder.typicode.com
2024-04-25 19:08:54 [main] DEBUG org.apache.http.headers - >> Connection: Keep-Alive
2024-04-25 19:08:54 [main] DEBUG org.apache.http.headers - >> User-Agent: Apache-HttpClient/4.5.13 (Java/21.0.1)
2024-04-25 19:08:54 [main] DEBUG org.apache.http.headers - >> Accept-Encoding: gzip,deflate
2024-04-25 19:08:54 [main] DEBUG org.apache.http.wire -  << "HTTP/1.1 200 OK[\r][\n]"
2024-04-25 19:08:54 [main] DEBUG org.apache.http.wire -  << "Date: Thu, 25 Apr 2024 13:38:54 GMT[\r][\n]"
2024-04-25 19:08:54 [main] DEBUG org.apache.http.wire -  << "Content-Type: application/json; charset=utf-8[\r][\n]"
2024-04-25 19:08:54 [main] DEBUG org.apache.http.wire -  << "Content-Length: 2[\r][\n]"
2024-04-25 19:08:54 [main] DEBUG org.apache.http.wire -  << "Connection: keep-alive[\r][\n]"
2024-04-25 19:08:54 [main] DEBUG org.apache.http.wire -  << "Report-To: {"group":"heroku-nel","max_age":3600,"endpoints":[{"url":"https://nel.heroku.com/reports?ts=1714052334&sid=e11707d5-02a7-43ef-b45e-2cf4d2036f7d&s=F8SgEJodVVviVZhIGHIedGm%2FN%2FBTgkF6wjspCx0V0vE%3D"}]}[\r][\n]"
2024-04-25 19:08:54 [main] DEBUG org.apache.http.wire -  << "Reporting-Endpoints: heroku-nel=https://nel.heroku.com/reports?ts=1714052334&sid=e11707d5-02a7-43ef-b45e-2cf4d2036f7d&s=F8SgEJodVVviVZhIGHIedGm%2FN%2FBTgkF6wjspCx0V0vE%3D[\r][\n]"
2024-04-25 19:08:54 [main] DEBUG org.apache.http.wire -  << "Nel: {"report_to":"heroku-nel","max_age":3600,"success_fraction":0.005,"failure_fraction":0.05,"response_headers":["Via"]}[\r][\n]"
2024-04-25 19:08:55 [main] DEBUG org.apache.http.wire -  << "X-Powered-By: Express[\r][\n]"
2024-04-25 19:08:55 [main] DEBUG org.apache.http.wire -  << "X-Ratelimit-Limit: 1000[\r][\n]"
2024-04-25 19:08:55 [main] DEBUG org.apache.http.wire -  << "X-Ratelimit-Remaining: 972[\r][\n]"
2024-04-25 19:08:55 [main] DEBUG org.apache.http.wire -  << "X-Ratelimit-Reset: 1714052359[\r][\n]"
2024-04-25 19:08:55 [main] DEBUG org.apache.http.wire -  << "Vary: Origin, Accept-Encoding[\r][\n]"
2024-04-25 19:08:55 [main] DEBUG org.apache.http.wire -  << "Access-Control-Allow-Credentials: true[\r][\n]"
2024-04-25 19:08:55 [main] DEBUG org.apache.http.wire -  << "Cache-Control: no-cache[\r][\n]"
2024-04-25 19:08:55 [main] DEBUG org.apache.http.wire -  << "Pragma: no-cache[\r][\n]"
2024-04-25 19:08:55 [main] DEBUG org.apache.http.wire -  << "Expires: -1[\r][\n]"
2024-04-25 19:08:55 [main] DEBUG org.apache.http.wire -  << "X-Content-Type-Options: nosniff[\r][\n]"
2024-04-25 19:08:55 [main] DEBUG org.apache.http.wire -  << "Etag: W/"2-vyGp6PvFo4RvsFtPoIWeCReyIC8"[\r][\n]"
2024-04-25 19:08:55 [main] DEBUG org.apache.http.wire -  << "Via: 1.1 vegur[\r][\n]"
2024-04-25 19:08:55 [main] DEBUG org.apache.http.wire -  << "CF-Cache-Status: DYNAMIC[\r][\n]"
2024-04-25 19:08:55 [main] DEBUG org.apache.http.wire -  << "Server: cloudflare[\r][\n]"
2024-04-25 19:08:55 [main] DEBUG org.apache.http.wire -  << "CF-RAY: 879ebc70fd377e6f-MAA[\r][\n]"
2024-04-25 19:08:55 [main] DEBUG org.apache.http.wire -  << "alt-svc: h3=":443"; ma=86400[\r][\n]"
2024-04-25 19:08:55 [main] DEBUG org.apache.http.wire -  << "[\r][\n]"
2024-04-25 19:08:55 [main] DEBUG o.a.h.i.conn.DefaultClientConnection - Receiving response: HTTP/1.1 200 OK
2024-04-25 19:08:55 [main] DEBUG org.apache.http.headers - << HTTP/1.1 200 OK
2024-04-25 19:08:55 [main] DEBUG org.apache.http.headers - << Date: Thu, 25 Apr 2024 13:38:54 GMT
2024-04-25 19:08:55 [main] DEBUG org.apache.http.headers - << Content-Type: application/json; charset=utf-8
2024-04-25 19:08:55 [main] DEBUG org.apache.http.headers - << Content-Length: 2
2024-04-25 19:08:55 [main] DEBUG org.apache.http.headers - << Connection: keep-alive
2024-04-25 19:08:55 [main] DEBUG org.apache.http.headers - << Report-To: {"group":"heroku-nel","max_age":3600,"endpoints":[{"url":"https://nel.heroku.com/reports?ts=1714052334&sid=e11707d5-02a7-43ef-b45e-2cf4d2036f7d&s=F8SgEJodVVviVZhIGHIedGm%2FN%2FBTgkF6wjspCx0V0vE%3D"}]}
2024-04-25 19:08:55 [main] DEBUG org.apache.http.headers - << Reporting-Endpoints: heroku-nel=https://nel.heroku.com/reports?ts=1714052334&sid=e11707d5-02a7-43ef-b45e-2cf4d2036f7d&s=F8SgEJodVVviVZhIGHIedGm%2FN%2FBTgkF6wjspCx0V0vE%3D
2024-04-25 19:08:55 [main] DEBUG org.apache.http.headers - << Nel: {"report_to":"heroku-nel","max_age":3600,"success_fraction":0.005,"failure_fraction":0.05,"response_headers":["Via"]}
2024-04-25 19:08:55 [main] DEBUG org.apache.http.headers - << X-Powered-By: Express
2024-04-25 19:08:55 [main] DEBUG org.apache.http.headers - << X-Ratelimit-Limit: 1000
2024-04-25 19:08:55 [main] DEBUG org.apache.http.headers - << X-Ratelimit-Remaining: 972
2024-04-25 19:08:55 [main] DEBUG org.apache.http.headers - << X-Ratelimit-Reset: 1714052359
2024-04-25 19:08:55 [main] DEBUG org.apache.http.headers - << Vary: Origin, Accept-Encoding
2024-04-25 19:08:55 [main] DEBUG org.apache.http.headers - << Access-Control-Allow-Credentials: true
2024-04-25 19:08:55 [main] DEBUG org.apache.http.headers - << Cache-Control: no-cache
2024-04-25 19:08:55 [main] DEBUG org.apache.http.headers - << Pragma: no-cache
2024-04-25 19:08:55 [main] DEBUG org.apache.http.headers - << Expires: -1
2024-04-25 19:08:55 [main] DEBUG org.apache.http.headers - << X-Content-Type-Options: nosniff
2024-04-25 19:08:55 [main] DEBUG org.apache.http.headers - << Etag: W/"2-vyGp6PvFo4RvsFtPoIWeCReyIC8"
2024-04-25 19:08:55 [main] DEBUG org.apache.http.headers - << Via: 1.1 vegur
2024-04-25 19:08:55 [main] DEBUG org.apache.http.headers - << CF-Cache-Status: DYNAMIC
2024-04-25 19:08:55 [main] DEBUG org.apache.http.headers - << Server: cloudflare
2024-04-25 19:08:55 [main] DEBUG org.apache.http.headers - << CF-RAY: 879ebc70fd377e6f-MAA
2024-04-25 19:08:55 [main] DEBUG org.apache.http.headers - << alt-svc: h3=":443"; ma=86400
2024-04-25 19:08:55 [main] DEBUG o.a.h.impl.client.DefaultHttpClient - Connection can be kept alive indefinitely
2024-04-25 19:08:55 [main] DEBUG i.r.internal.RestAssuredHttpBuilder - Parsing response as: application/json; charset=utf-8
2024-04-25 19:08:55 [main] DEBUG i.r.internal.RestAssuredHttpBuilder - Parsed data to instance of: class org.apache.http.conn.EofSensorInputStream
  When the user deletes a user by id 1        # stepDefinitions.users.UserSteps.theUserDeletesByID(int)
  Then the response status code should be 200 # stepDefinitions.users.UserSteps.theResponseStatusCodeShouldBe(int)
]]></system-out>
  </testcase>
</testsuite>